[2025-06-26T05:16:50.870+0000] {processor.py:161} INFO - Started process (PID=182) to work on /opt/airflow/dags/dag_controller.py
[2025-06-26T05:16:50.871+0000] {processor.py:830} INFO - Processing file /opt/airflow/dags/dag_controller.py for tasks to queue
[2025-06-26T05:16:50.872+0000] {logging_mixin.py:188} INFO - [2025-06-26T05:16:50.872+0000] {dagbag.py:538} INFO - Filling up the DagBag from /opt/airflow/dags/dag_controller.py
[2025-06-26T05:16:50.891+0000] {processor.py:840} INFO - DAG(s) 'dag_controller' retrieved from /opt/airflow/dags/dag_controller.py
[2025-06-26T05:16:50.994+0000] {logging_mixin.py:188} INFO - [2025-06-26T05:16:50.994+0000] {override.py:1769} INFO - Created Permission View: can delete on DAG:dag_controller
[2025-06-26T05:16:51.007+0000] {logging_mixin.py:188} INFO - [2025-06-26T05:16:51.007+0000] {override.py:1769} INFO - Created Permission View: can read on DAG:dag_controller
[2025-06-26T05:16:51.016+0000] {logging_mixin.py:188} INFO - [2025-06-26T05:16:51.016+0000] {override.py:1769} INFO - Created Permission View: can edit on DAG:dag_controller
[2025-06-26T05:16:51.017+0000] {logging_mixin.py:188} INFO - [2025-06-26T05:16:51.016+0000] {dag.py:3036} INFO - Sync 1 DAGs
[2025-06-26T05:16:51.025+0000] {logging_mixin.py:188} INFO - [2025-06-26T05:16:51.025+0000] {dag.py:3058} INFO - Creating ORM DAG for dag_controller
[2025-06-26T05:16:51.027+0000] {logging_mixin.py:188} INFO - [2025-06-26T05:16:51.026+0000] {dag.py:3823} INFO - Setting next_dagrun for dag_controller to None, run_after=None
[2025-06-26T05:16:51.048+0000] {processor.py:183} INFO - Processing /opt/airflow/dags/dag_controller.py took 0.180 seconds
[2025-06-26T05:17:21.492+0000] {processor.py:161} INFO - Started process (PID=202) to work on /opt/airflow/dags/dag_controller.py
[2025-06-26T05:17:21.494+0000] {processor.py:830} INFO - Processing file /opt/airflow/dags/dag_controller.py for tasks to queue
[2025-06-26T05:17:21.495+0000] {logging_mixin.py:188} INFO - [2025-06-26T05:17:21.495+0000] {dagbag.py:538} INFO - Filling up the DagBag from /opt/airflow/dags/dag_controller.py
[2025-06-26T05:17:21.507+0000] {processor.py:840} INFO - DAG(s) 'dag_controller' retrieved from /opt/airflow/dags/dag_controller.py
[2025-06-26T05:17:21.531+0000] {logging_mixin.py:188} INFO - [2025-06-26T05:17:21.530+0000] {dag.py:3036} INFO - Sync 1 DAGs
[2025-06-26T05:17:21.546+0000] {logging_mixin.py:188} INFO - [2025-06-26T05:17:21.545+0000] {dag.py:3823} INFO - Setting next_dagrun for dag_controller to None, run_after=None
[2025-06-26T05:17:21.603+0000] {processor.py:183} INFO - Processing /opt/airflow/dags/dag_controller.py took 0.113 seconds
[2025-06-26T05:17:52.090+0000] {processor.py:161} INFO - Started process (PID=222) to work on /opt/airflow/dags/dag_controller.py
[2025-06-26T05:17:52.091+0000] {processor.py:830} INFO - Processing file /opt/airflow/dags/dag_controller.py for tasks to queue
[2025-06-26T05:17:52.092+0000] {logging_mixin.py:188} INFO - [2025-06-26T05:17:52.092+0000] {dagbag.py:538} INFO - Filling up the DagBag from /opt/airflow/dags/dag_controller.py
[2025-06-26T05:17:52.105+0000] {processor.py:840} INFO - DAG(s) 'dag_controller' retrieved from /opt/airflow/dags/dag_controller.py
[2025-06-26T05:17:52.130+0000] {logging_mixin.py:188} INFO - [2025-06-26T05:17:52.130+0000] {dag.py:3036} INFO - Sync 1 DAGs
[2025-06-26T05:17:52.141+0000] {logging_mixin.py:188} INFO - [2025-06-26T05:17:52.141+0000] {dag.py:3823} INFO - Setting next_dagrun for dag_controller to None, run_after=None
[2025-06-26T05:17:52.164+0000] {processor.py:183} INFO - Processing /opt/airflow/dags/dag_controller.py took 0.077 seconds
[2025-06-26T05:18:22.826+0000] {processor.py:161} INFO - Started process (PID=242) to work on /opt/airflow/dags/dag_controller.py
[2025-06-26T05:18:22.828+0000] {processor.py:830} INFO - Processing file /opt/airflow/dags/dag_controller.py for tasks to queue
[2025-06-26T05:18:22.828+0000] {logging_mixin.py:188} INFO - [2025-06-26T05:18:22.828+0000] {dagbag.py:538} INFO - Filling up the DagBag from /opt/airflow/dags/dag_controller.py
[2025-06-26T05:18:22.840+0000] {processor.py:840} INFO - DAG(s) 'dag_controller' retrieved from /opt/airflow/dags/dag_controller.py
[2025-06-26T05:18:22.861+0000] {logging_mixin.py:188} INFO - [2025-06-26T05:18:22.860+0000] {dag.py:3036} INFO - Sync 1 DAGs
[2025-06-26T05:18:22.870+0000] {logging_mixin.py:188} INFO - [2025-06-26T05:18:22.870+0000] {dag.py:3823} INFO - Setting next_dagrun for dag_controller to None, run_after=None
[2025-06-26T05:18:22.892+0000] {processor.py:183} INFO - Processing /opt/airflow/dags/dag_controller.py took 0.068 seconds
[2025-06-26T05:18:53.469+0000] {processor.py:161} INFO - Started process (PID=262) to work on /opt/airflow/dags/dag_controller.py
[2025-06-26T05:18:53.470+0000] {processor.py:830} INFO - Processing file /opt/airflow/dags/dag_controller.py for tasks to queue
[2025-06-26T05:18:53.471+0000] {logging_mixin.py:188} INFO - [2025-06-26T05:18:53.471+0000] {dagbag.py:538} INFO - Filling up the DagBag from /opt/airflow/dags/dag_controller.py
[2025-06-26T05:18:53.489+0000] {processor.py:840} INFO - DAG(s) 'dag_controller' retrieved from /opt/airflow/dags/dag_controller.py
[2025-06-26T05:18:53.516+0000] {logging_mixin.py:188} INFO - [2025-06-26T05:18:53.516+0000] {dag.py:3036} INFO - Sync 1 DAGs
[2025-06-26T05:18:53.532+0000] {logging_mixin.py:188} INFO - [2025-06-26T05:18:53.532+0000] {dag.py:3823} INFO - Setting next_dagrun for dag_controller to None, run_after=None
[2025-06-26T05:18:53.558+0000] {processor.py:183} INFO - Processing /opt/airflow/dags/dag_controller.py took 0.092 seconds
[2025-06-26T05:19:24.232+0000] {processor.py:161} INFO - Started process (PID=282) to work on /opt/airflow/dags/dag_controller.py
[2025-06-26T05:19:24.234+0000] {processor.py:830} INFO - Processing file /opt/airflow/dags/dag_controller.py for tasks to queue
[2025-06-26T05:19:24.235+0000] {logging_mixin.py:188} INFO - [2025-06-26T05:19:24.234+0000] {dagbag.py:538} INFO - Filling up the DagBag from /opt/airflow/dags/dag_controller.py
[2025-06-26T05:19:24.247+0000] {processor.py:840} INFO - DAG(s) 'dag_controller' retrieved from /opt/airflow/dags/dag_controller.py
[2025-06-26T05:19:24.269+0000] {logging_mixin.py:188} INFO - [2025-06-26T05:19:24.269+0000] {dag.py:3036} INFO - Sync 1 DAGs
[2025-06-26T05:19:24.280+0000] {logging_mixin.py:188} INFO - [2025-06-26T05:19:24.280+0000] {dag.py:3823} INFO - Setting next_dagrun for dag_controller to None, run_after=None
[2025-06-26T05:19:24.306+0000] {processor.py:183} INFO - Processing /opt/airflow/dags/dag_controller.py took 0.077 seconds
[2025-06-26T05:19:54.821+0000] {processor.py:161} INFO - Started process (PID=302) to work on /opt/airflow/dags/dag_controller.py
[2025-06-26T05:19:54.823+0000] {processor.py:830} INFO - Processing file /opt/airflow/dags/dag_controller.py for tasks to queue
[2025-06-26T05:19:54.824+0000] {logging_mixin.py:188} INFO - [2025-06-26T05:19:54.824+0000] {dagbag.py:538} INFO - Filling up the DagBag from /opt/airflow/dags/dag_controller.py
[2025-06-26T05:19:54.836+0000] {processor.py:840} INFO - DAG(s) 'dag_controller' retrieved from /opt/airflow/dags/dag_controller.py
[2025-06-26T05:19:54.857+0000] {logging_mixin.py:188} INFO - [2025-06-26T05:19:54.857+0000] {dag.py:3036} INFO - Sync 1 DAGs
[2025-06-26T05:19:54.868+0000] {logging_mixin.py:188} INFO - [2025-06-26T05:19:54.867+0000] {dag.py:3823} INFO - Setting next_dagrun for dag_controller to None, run_after=None
[2025-06-26T05:19:54.887+0000] {processor.py:183} INFO - Processing /opt/airflow/dags/dag_controller.py took 0.069 seconds
[2025-06-26T05:20:25.398+0000] {processor.py:161} INFO - Started process (PID=320) to work on /opt/airflow/dags/dag_controller.py
[2025-06-26T05:20:25.399+0000] {processor.py:830} INFO - Processing file /opt/airflow/dags/dag_controller.py for tasks to queue
[2025-06-26T05:20:25.400+0000] {logging_mixin.py:188} INFO - [2025-06-26T05:20:25.400+0000] {dagbag.py:538} INFO - Filling up the DagBag from /opt/airflow/dags/dag_controller.py
[2025-06-26T05:20:25.415+0000] {processor.py:840} INFO - DAG(s) 'dag_controller' retrieved from /opt/airflow/dags/dag_controller.py
[2025-06-26T05:20:25.438+0000] {logging_mixin.py:188} INFO - [2025-06-26T05:20:25.437+0000] {dag.py:3036} INFO - Sync 1 DAGs
[2025-06-26T05:20:25.449+0000] {logging_mixin.py:188} INFO - [2025-06-26T05:20:25.449+0000] {dag.py:3823} INFO - Setting next_dagrun for dag_controller to None, run_after=None
[2025-06-26T05:20:25.471+0000] {processor.py:183} INFO - Processing /opt/airflow/dags/dag_controller.py took 0.077 seconds
[2025-06-26T05:20:56.048+0000] {processor.py:161} INFO - Started process (PID=342) to work on /opt/airflow/dags/dag_controller.py
[2025-06-26T05:20:56.048+0000] {processor.py:830} INFO - Processing file /opt/airflow/dags/dag_controller.py for tasks to queue
[2025-06-26T05:20:56.050+0000] {logging_mixin.py:188} INFO - [2025-06-26T05:20:56.049+0000] {dagbag.py:538} INFO - Filling up the DagBag from /opt/airflow/dags/dag_controller.py
[2025-06-26T05:20:56.062+0000] {processor.py:840} INFO - DAG(s) 'dag_controller' retrieved from /opt/airflow/dags/dag_controller.py
[2025-06-26T05:20:56.083+0000] {logging_mixin.py:188} INFO - [2025-06-26T05:20:56.083+0000] {dag.py:3036} INFO - Sync 1 DAGs
[2025-06-26T05:20:56.093+0000] {logging_mixin.py:188} INFO - [2025-06-26T05:20:56.093+0000] {dag.py:3823} INFO - Setting next_dagrun for dag_controller to None, run_after=None
[2025-06-26T05:20:56.115+0000] {processor.py:183} INFO - Processing /opt/airflow/dags/dag_controller.py took 0.070 seconds
[2025-06-26T05:21:26.776+0000] {processor.py:161} INFO - Started process (PID=362) to work on /opt/airflow/dags/dag_controller.py
[2025-06-26T05:21:26.777+0000] {processor.py:830} INFO - Processing file /opt/airflow/dags/dag_controller.py for tasks to queue
[2025-06-26T05:21:26.778+0000] {logging_mixin.py:188} INFO - [2025-06-26T05:21:26.777+0000] {dagbag.py:538} INFO - Filling up the DagBag from /opt/airflow/dags/dag_controller.py
[2025-06-26T05:21:26.790+0000] {processor.py:840} INFO - DAG(s) 'dag_controller' retrieved from /opt/airflow/dags/dag_controller.py
[2025-06-26T05:21:26.811+0000] {logging_mixin.py:188} INFO - [2025-06-26T05:21:26.811+0000] {dag.py:3036} INFO - Sync 1 DAGs
[2025-06-26T05:21:26.821+0000] {logging_mixin.py:188} INFO - [2025-06-26T05:21:26.821+0000] {dag.py:3823} INFO - Setting next_dagrun for dag_controller to None, run_after=None
[2025-06-26T05:21:26.842+0000] {processor.py:183} INFO - Processing /opt/airflow/dags/dag_controller.py took 0.069 seconds
[2025-06-26T05:21:57.415+0000] {processor.py:161} INFO - Started process (PID=382) to work on /opt/airflow/dags/dag_controller.py
[2025-06-26T05:21:57.416+0000] {processor.py:830} INFO - Processing file /opt/airflow/dags/dag_controller.py for tasks to queue
[2025-06-26T05:21:57.417+0000] {logging_mixin.py:188} INFO - [2025-06-26T05:21:57.417+0000] {dagbag.py:538} INFO - Filling up the DagBag from /opt/airflow/dags/dag_controller.py
[2025-06-26T05:21:57.429+0000] {processor.py:840} INFO - DAG(s) 'dag_controller' retrieved from /opt/airflow/dags/dag_controller.py
[2025-06-26T05:21:57.450+0000] {logging_mixin.py:188} INFO - [2025-06-26T05:21:57.449+0000] {dag.py:3036} INFO - Sync 1 DAGs
[2025-06-26T05:21:57.460+0000] {logging_mixin.py:188} INFO - [2025-06-26T05:21:57.459+0000] {dag.py:3823} INFO - Setting next_dagrun for dag_controller to None, run_after=None
[2025-06-26T05:21:57.483+0000] {processor.py:183} INFO - Processing /opt/airflow/dags/dag_controller.py took 0.070 seconds
[2025-06-26T05:22:28.080+0000] {processor.py:161} INFO - Started process (PID=402) to work on /opt/airflow/dags/dag_controller.py
[2025-06-26T05:22:28.081+0000] {processor.py:830} INFO - Processing file /opt/airflow/dags/dag_controller.py for tasks to queue
[2025-06-26T05:22:28.082+0000] {logging_mixin.py:188} INFO - [2025-06-26T05:22:28.082+0000] {dagbag.py:538} INFO - Filling up the DagBag from /opt/airflow/dags/dag_controller.py
[2025-06-26T05:22:28.096+0000] {processor.py:840} INFO - DAG(s) 'dag_controller' retrieved from /opt/airflow/dags/dag_controller.py
[2025-06-26T05:22:28.118+0000] {logging_mixin.py:188} INFO - [2025-06-26T05:22:28.118+0000] {dag.py:3036} INFO - Sync 1 DAGs
[2025-06-26T05:22:28.132+0000] {logging_mixin.py:188} INFO - [2025-06-26T05:22:28.131+0000] {dag.py:3823} INFO - Setting next_dagrun for dag_controller to None, run_after=None
[2025-06-26T05:22:28.161+0000] {processor.py:183} INFO - Processing /opt/airflow/dags/dag_controller.py took 0.083 seconds
[2025-06-26T05:22:58.640+0000] {processor.py:161} INFO - Started process (PID=422) to work on /opt/airflow/dags/dag_controller.py
[2025-06-26T05:22:58.641+0000] {processor.py:830} INFO - Processing file /opt/airflow/dags/dag_controller.py for tasks to queue
[2025-06-26T05:22:58.642+0000] {logging_mixin.py:188} INFO - [2025-06-26T05:22:58.642+0000] {dagbag.py:538} INFO - Filling up the DagBag from /opt/airflow/dags/dag_controller.py
[2025-06-26T05:22:58.654+0000] {processor.py:840} INFO - DAG(s) 'dag_controller' retrieved from /opt/airflow/dags/dag_controller.py
[2025-06-26T05:22:58.678+0000] {logging_mixin.py:188} INFO - [2025-06-26T05:22:58.678+0000] {dag.py:3036} INFO - Sync 1 DAGs
[2025-06-26T05:22:58.688+0000] {logging_mixin.py:188} INFO - [2025-06-26T05:22:58.687+0000] {dag.py:3823} INFO - Setting next_dagrun for dag_controller to None, run_after=None
[2025-06-26T05:22:58.711+0000] {processor.py:183} INFO - Processing /opt/airflow/dags/dag_controller.py took 0.074 seconds
[2025-06-26T05:23:29.114+0000] {processor.py:161} INFO - Started process (PID=440) to work on /opt/airflow/dags/dag_controller.py
[2025-06-26T05:23:29.115+0000] {processor.py:830} INFO - Processing file /opt/airflow/dags/dag_controller.py for tasks to queue
[2025-06-26T05:23:29.116+0000] {logging_mixin.py:188} INFO - [2025-06-26T05:23:29.116+0000] {dagbag.py:538} INFO - Filling up the DagBag from /opt/airflow/dags/dag_controller.py
[2025-06-26T05:23:29.129+0000] {processor.py:840} INFO - DAG(s) 'dag_controller' retrieved from /opt/airflow/dags/dag_controller.py
[2025-06-26T05:23:29.149+0000] {logging_mixin.py:188} INFO - [2025-06-26T05:23:29.149+0000] {dag.py:3036} INFO - Sync 1 DAGs
[2025-06-26T05:23:29.160+0000] {logging_mixin.py:188} INFO - [2025-06-26T05:23:29.160+0000] {dag.py:3823} INFO - Setting next_dagrun for dag_controller to None, run_after=None
[2025-06-26T05:23:29.181+0000] {processor.py:183} INFO - Processing /opt/airflow/dags/dag_controller.py took 0.070 seconds
[2025-06-26T05:23:59.720+0000] {processor.py:161} INFO - Started process (PID=462) to work on /opt/airflow/dags/dag_controller.py
[2025-06-26T05:23:59.721+0000] {processor.py:830} INFO - Processing file /opt/airflow/dags/dag_controller.py for tasks to queue
[2025-06-26T05:23:59.722+0000] {logging_mixin.py:188} INFO - [2025-06-26T05:23:59.722+0000] {dagbag.py:538} INFO - Filling up the DagBag from /opt/airflow/dags/dag_controller.py
[2025-06-26T05:23:59.734+0000] {processor.py:840} INFO - DAG(s) 'dag_controller' retrieved from /opt/airflow/dags/dag_controller.py
[2025-06-26T05:23:59.754+0000] {logging_mixin.py:188} INFO - [2025-06-26T05:23:59.754+0000] {dag.py:3036} INFO - Sync 1 DAGs
[2025-06-26T05:23:59.764+0000] {logging_mixin.py:188} INFO - [2025-06-26T05:23:59.764+0000] {dag.py:3823} INFO - Setting next_dagrun for dag_controller to None, run_after=None
[2025-06-26T05:23:59.784+0000] {processor.py:183} INFO - Processing /opt/airflow/dags/dag_controller.py took 0.066 seconds
[2025-06-26T05:24:30.385+0000] {processor.py:161} INFO - Started process (PID=482) to work on /opt/airflow/dags/dag_controller.py
[2025-06-26T05:24:30.386+0000] {processor.py:830} INFO - Processing file /opt/airflow/dags/dag_controller.py for tasks to queue
[2025-06-26T05:24:30.387+0000] {logging_mixin.py:188} INFO - [2025-06-26T05:24:30.387+0000] {dagbag.py:538} INFO - Filling up the DagBag from /opt/airflow/dags/dag_controller.py
[2025-06-26T05:24:30.400+0000] {processor.py:840} INFO - DAG(s) 'dag_controller' retrieved from /opt/airflow/dags/dag_controller.py
[2025-06-26T05:24:30.420+0000] {logging_mixin.py:188} INFO - [2025-06-26T05:24:30.420+0000] {dag.py:3036} INFO - Sync 1 DAGs
[2025-06-26T05:24:30.430+0000] {logging_mixin.py:188} INFO - [2025-06-26T05:24:30.429+0000] {dag.py:3823} INFO - Setting next_dagrun for dag_controller to None, run_after=None
[2025-06-26T05:24:30.451+0000] {processor.py:183} INFO - Processing /opt/airflow/dags/dag_controller.py took 0.068 seconds
[2025-06-26T05:25:01.083+0000] {processor.py:161} INFO - Started process (PID=502) to work on /opt/airflow/dags/dag_controller.py
[2025-06-26T05:25:01.084+0000] {processor.py:830} INFO - Processing file /opt/airflow/dags/dag_controller.py for tasks to queue
[2025-06-26T05:25:01.087+0000] {logging_mixin.py:188} INFO - [2025-06-26T05:25:01.087+0000] {dagbag.py:538} INFO - Filling up the DagBag from /opt/airflow/dags/dag_controller.py
[2025-06-26T05:25:01.100+0000] {processor.py:840} INFO - DAG(s) 'dag_controller' retrieved from /opt/airflow/dags/dag_controller.py
[2025-06-26T05:25:01.120+0000] {logging_mixin.py:188} INFO - [2025-06-26T05:25:01.120+0000] {dag.py:3036} INFO - Sync 1 DAGs
[2025-06-26T05:25:01.130+0000] {logging_mixin.py:188} INFO - [2025-06-26T05:25:01.130+0000] {dag.py:3823} INFO - Setting next_dagrun for dag_controller to None, run_after=None
[2025-06-26T05:25:01.152+0000] {processor.py:183} INFO - Processing /opt/airflow/dags/dag_controller.py took 0.072 seconds
[2025-06-26T05:25:31.778+0000] {processor.py:161} INFO - Started process (PID=522) to work on /opt/airflow/dags/dag_controller.py
[2025-06-26T05:25:31.779+0000] {processor.py:830} INFO - Processing file /opt/airflow/dags/dag_controller.py for tasks to queue
[2025-06-26T05:25:31.780+0000] {logging_mixin.py:188} INFO - [2025-06-26T05:25:31.780+0000] {dagbag.py:538} INFO - Filling up the DagBag from /opt/airflow/dags/dag_controller.py
[2025-06-26T05:25:31.793+0000] {processor.py:840} INFO - DAG(s) 'dag_controller' retrieved from /opt/airflow/dags/dag_controller.py
[2025-06-26T05:25:31.814+0000] {logging_mixin.py:188} INFO - [2025-06-26T05:25:31.814+0000] {dag.py:3036} INFO - Sync 1 DAGs
[2025-06-26T05:25:31.825+0000] {logging_mixin.py:188} INFO - [2025-06-26T05:25:31.824+0000] {dag.py:3823} INFO - Setting next_dagrun for dag_controller to None, run_after=None
[2025-06-26T05:25:31.844+0000] {processor.py:183} INFO - Processing /opt/airflow/dags/dag_controller.py took 0.069 seconds
[2025-06-26T05:26:02.494+0000] {processor.py:161} INFO - Started process (PID=542) to work on /opt/airflow/dags/dag_controller.py
[2025-06-26T05:26:02.495+0000] {processor.py:830} INFO - Processing file /opt/airflow/dags/dag_controller.py for tasks to queue
[2025-06-26T05:26:02.496+0000] {logging_mixin.py:188} INFO - [2025-06-26T05:26:02.495+0000] {dagbag.py:538} INFO - Filling up the DagBag from /opt/airflow/dags/dag_controller.py
[2025-06-26T05:26:02.508+0000] {processor.py:840} INFO - DAG(s) 'dag_controller' retrieved from /opt/airflow/dags/dag_controller.py
[2025-06-26T05:26:02.528+0000] {logging_mixin.py:188} INFO - [2025-06-26T05:26:02.528+0000] {dag.py:3036} INFO - Sync 1 DAGs
[2025-06-26T05:26:02.539+0000] {logging_mixin.py:188} INFO - [2025-06-26T05:26:02.538+0000] {dag.py:3823} INFO - Setting next_dagrun for dag_controller to None, run_after=None
[2025-06-26T05:26:02.558+0000] {processor.py:183} INFO - Processing /opt/airflow/dags/dag_controller.py took 0.067 seconds
[2025-06-26T05:26:33.274+0000] {processor.py:161} INFO - Started process (PID=562) to work on /opt/airflow/dags/dag_controller.py
[2025-06-26T05:26:33.275+0000] {processor.py:830} INFO - Processing file /opt/airflow/dags/dag_controller.py for tasks to queue
[2025-06-26T05:26:33.276+0000] {logging_mixin.py:188} INFO - [2025-06-26T05:26:33.276+0000] {dagbag.py:538} INFO - Filling up the DagBag from /opt/airflow/dags/dag_controller.py
[2025-06-26T05:26:33.290+0000] {processor.py:840} INFO - DAG(s) 'dag_controller' retrieved from /opt/airflow/dags/dag_controller.py
[2025-06-26T05:26:33.313+0000] {logging_mixin.py:188} INFO - [2025-06-26T05:26:33.312+0000] {dag.py:3036} INFO - Sync 1 DAGs
[2025-06-26T05:26:33.324+0000] {logging_mixin.py:188} INFO - [2025-06-26T05:26:33.324+0000] {dag.py:3823} INFO - Setting next_dagrun for dag_controller to None, run_after=None
[2025-06-26T05:26:33.346+0000] {processor.py:183} INFO - Processing /opt/airflow/dags/dag_controller.py took 0.075 seconds
[2025-06-26T05:27:04.012+0000] {processor.py:161} INFO - Started process (PID=582) to work on /opt/airflow/dags/dag_controller.py
[2025-06-26T05:27:04.013+0000] {processor.py:830} INFO - Processing file /opt/airflow/dags/dag_controller.py for tasks to queue
[2025-06-26T05:27:04.014+0000] {logging_mixin.py:188} INFO - [2025-06-26T05:27:04.013+0000] {dagbag.py:538} INFO - Filling up the DagBag from /opt/airflow/dags/dag_controller.py
[2025-06-26T05:27:04.027+0000] {processor.py:840} INFO - DAG(s) 'dag_controller' retrieved from /opt/airflow/dags/dag_controller.py
[2025-06-26T05:27:04.047+0000] {logging_mixin.py:188} INFO - [2025-06-26T05:27:04.047+0000] {dag.py:3036} INFO - Sync 1 DAGs
[2025-06-26T05:27:04.057+0000] {logging_mixin.py:188} INFO - [2025-06-26T05:27:04.057+0000] {dag.py:3823} INFO - Setting next_dagrun for dag_controller to None, run_after=None
[2025-06-26T05:27:04.077+0000] {processor.py:183} INFO - Processing /opt/airflow/dags/dag_controller.py took 0.068 seconds
[2025-06-26T05:27:34.647+0000] {processor.py:161} INFO - Started process (PID=600) to work on /opt/airflow/dags/dag_controller.py
[2025-06-26T05:27:34.648+0000] {processor.py:830} INFO - Processing file /opt/airflow/dags/dag_controller.py for tasks to queue
[2025-06-26T05:27:34.649+0000] {logging_mixin.py:188} INFO - [2025-06-26T05:27:34.649+0000] {dagbag.py:538} INFO - Filling up the DagBag from /opt/airflow/dags/dag_controller.py
[2025-06-26T05:27:34.662+0000] {processor.py:840} INFO - DAG(s) 'dag_controller' retrieved from /opt/airflow/dags/dag_controller.py
[2025-06-26T05:27:34.683+0000] {logging_mixin.py:188} INFO - [2025-06-26T05:27:34.683+0000] {dag.py:3036} INFO - Sync 1 DAGs
[2025-06-26T05:27:34.694+0000] {logging_mixin.py:188} INFO - [2025-06-26T05:27:34.694+0000] {dag.py:3823} INFO - Setting next_dagrun for dag_controller to None, run_after=None
[2025-06-26T05:27:34.717+0000] {processor.py:183} INFO - Processing /opt/airflow/dags/dag_controller.py took 0.072 seconds
[2025-06-26T05:28:05.422+0000] {processor.py:161} INFO - Started process (PID=622) to work on /opt/airflow/dags/dag_controller.py
[2025-06-26T05:28:05.423+0000] {processor.py:830} INFO - Processing file /opt/airflow/dags/dag_controller.py for tasks to queue
[2025-06-26T05:28:05.424+0000] {logging_mixin.py:188} INFO - [2025-06-26T05:28:05.424+0000] {dagbag.py:538} INFO - Filling up the DagBag from /opt/airflow/dags/dag_controller.py
[2025-06-26T05:28:05.436+0000] {processor.py:840} INFO - DAG(s) 'dag_controller' retrieved from /opt/airflow/dags/dag_controller.py
[2025-06-26T05:28:05.457+0000] {logging_mixin.py:188} INFO - [2025-06-26T05:28:05.456+0000] {dag.py:3036} INFO - Sync 1 DAGs
[2025-06-26T05:28:05.468+0000] {logging_mixin.py:188} INFO - [2025-06-26T05:28:05.467+0000] {dag.py:3823} INFO - Setting next_dagrun for dag_controller to None, run_after=None
[2025-06-26T05:28:05.487+0000] {processor.py:183} INFO - Processing /opt/airflow/dags/dag_controller.py took 0.068 seconds
[2025-06-26T05:28:36.059+0000] {processor.py:161} INFO - Started process (PID=640) to work on /opt/airflow/dags/dag_controller.py
[2025-06-26T05:28:36.060+0000] {processor.py:830} INFO - Processing file /opt/airflow/dags/dag_controller.py for tasks to queue
[2025-06-26T05:28:36.061+0000] {logging_mixin.py:188} INFO - [2025-06-26T05:28:36.061+0000] {dagbag.py:538} INFO - Filling up the DagBag from /opt/airflow/dags/dag_controller.py
[2025-06-26T05:28:36.078+0000] {processor.py:840} INFO - DAG(s) 'dag_controller' retrieved from /opt/airflow/dags/dag_controller.py
[2025-06-26T05:28:36.101+0000] {logging_mixin.py:188} INFO - [2025-06-26T05:28:36.101+0000] {dag.py:3036} INFO - Sync 1 DAGs
[2025-06-26T05:28:36.113+0000] {logging_mixin.py:188} INFO - [2025-06-26T05:28:36.113+0000] {dag.py:3823} INFO - Setting next_dagrun for dag_controller to None, run_after=None
[2025-06-26T05:28:36.135+0000] {processor.py:183} INFO - Processing /opt/airflow/dags/dag_controller.py took 0.079 seconds
[2025-06-26T05:29:06.748+0000] {processor.py:161} INFO - Started process (PID=662) to work on /opt/airflow/dags/dag_controller.py
[2025-06-26T05:29:06.749+0000] {processor.py:830} INFO - Processing file /opt/airflow/dags/dag_controller.py for tasks to queue
[2025-06-26T05:29:06.750+0000] {logging_mixin.py:188} INFO - [2025-06-26T05:29:06.750+0000] {dagbag.py:538} INFO - Filling up the DagBag from /opt/airflow/dags/dag_controller.py
[2025-06-26T05:29:06.762+0000] {processor.py:840} INFO - DAG(s) 'dag_controller' retrieved from /opt/airflow/dags/dag_controller.py
[2025-06-26T05:29:06.782+0000] {logging_mixin.py:188} INFO - [2025-06-26T05:29:06.782+0000] {dag.py:3036} INFO - Sync 1 DAGs
[2025-06-26T05:29:06.796+0000] {logging_mixin.py:188} INFO - [2025-06-26T05:29:06.795+0000] {dag.py:3823} INFO - Setting next_dagrun for dag_controller to None, run_after=None
[2025-06-26T05:29:06.819+0000] {processor.py:183} INFO - Processing /opt/airflow/dags/dag_controller.py took 0.074 seconds
[2025-06-26T05:29:37.313+0000] {processor.py:161} INFO - Started process (PID=680) to work on /opt/airflow/dags/dag_controller.py
[2025-06-26T05:29:37.314+0000] {processor.py:830} INFO - Processing file /opt/airflow/dags/dag_controller.py for tasks to queue
[2025-06-26T05:29:37.315+0000] {logging_mixin.py:188} INFO - [2025-06-26T05:29:37.315+0000] {dagbag.py:538} INFO - Filling up the DagBag from /opt/airflow/dags/dag_controller.py
[2025-06-26T05:29:37.329+0000] {processor.py:840} INFO - DAG(s) 'dag_controller' retrieved from /opt/airflow/dags/dag_controller.py
[2025-06-26T05:29:37.350+0000] {logging_mixin.py:188} INFO - [2025-06-26T05:29:37.350+0000] {dag.py:3036} INFO - Sync 1 DAGs
[2025-06-26T05:29:37.361+0000] {logging_mixin.py:188} INFO - [2025-06-26T05:29:37.361+0000] {dag.py:3823} INFO - Setting next_dagrun for dag_controller to None, run_after=None
[2025-06-26T05:29:37.398+0000] {processor.py:183} INFO - Processing /opt/airflow/dags/dag_controller.py took 0.088 seconds
[2025-06-26T05:30:07.947+0000] {processor.py:161} INFO - Started process (PID=700) to work on /opt/airflow/dags/dag_controller.py
[2025-06-26T05:30:07.949+0000] {processor.py:830} INFO - Processing file /opt/airflow/dags/dag_controller.py for tasks to queue
[2025-06-26T05:30:07.950+0000] {logging_mixin.py:188} INFO - [2025-06-26T05:30:07.949+0000] {dagbag.py:538} INFO - Filling up the DagBag from /opt/airflow/dags/dag_controller.py
[2025-06-26T05:30:07.963+0000] {processor.py:840} INFO - DAG(s) 'dag_controller' retrieved from /opt/airflow/dags/dag_controller.py
[2025-06-26T05:30:07.986+0000] {logging_mixin.py:188} INFO - [2025-06-26T05:30:07.985+0000] {dag.py:3036} INFO - Sync 1 DAGs
[2025-06-26T05:30:07.996+0000] {logging_mixin.py:188} INFO - [2025-06-26T05:30:07.996+0000] {dag.py:3823} INFO - Setting next_dagrun for dag_controller to None, run_after=None
[2025-06-26T05:30:08.019+0000] {processor.py:183} INFO - Processing /opt/airflow/dags/dag_controller.py took 0.075 seconds
[2025-06-26T05:30:38.627+0000] {processor.py:161} INFO - Started process (PID=722) to work on /opt/airflow/dags/dag_controller.py
[2025-06-26T05:30:38.629+0000] {processor.py:830} INFO - Processing file /opt/airflow/dags/dag_controller.py for tasks to queue
[2025-06-26T05:30:38.630+0000] {logging_mixin.py:188} INFO - [2025-06-26T05:30:38.630+0000] {dagbag.py:538} INFO - Filling up the DagBag from /opt/airflow/dags/dag_controller.py
[2025-06-26T05:30:38.642+0000] {processor.py:840} INFO - DAG(s) 'dag_controller' retrieved from /opt/airflow/dags/dag_controller.py
[2025-06-26T05:30:38.664+0000] {logging_mixin.py:188} INFO - [2025-06-26T05:30:38.664+0000] {dag.py:3036} INFO - Sync 1 DAGs
[2025-06-26T05:30:38.674+0000] {logging_mixin.py:188} INFO - [2025-06-26T05:30:38.674+0000] {dag.py:3823} INFO - Setting next_dagrun for dag_controller to None, run_after=None
[2025-06-26T05:30:38.696+0000] {processor.py:183} INFO - Processing /opt/airflow/dags/dag_controller.py took 0.072 seconds
[2025-06-26T05:31:09.249+0000] {processor.py:161} INFO - Started process (PID=742) to work on /opt/airflow/dags/dag_controller.py
[2025-06-26T05:31:09.250+0000] {processor.py:830} INFO - Processing file /opt/airflow/dags/dag_controller.py for tasks to queue
[2025-06-26T05:31:09.251+0000] {logging_mixin.py:188} INFO - [2025-06-26T05:31:09.251+0000] {dagbag.py:538} INFO - Filling up the DagBag from /opt/airflow/dags/dag_controller.py
[2025-06-26T05:31:09.264+0000] {processor.py:840} INFO - DAG(s) 'dag_controller' retrieved from /opt/airflow/dags/dag_controller.py
[2025-06-26T05:31:09.285+0000] {logging_mixin.py:188} INFO - [2025-06-26T05:31:09.285+0000] {dag.py:3036} INFO - Sync 1 DAGs
[2025-06-26T05:31:09.295+0000] {logging_mixin.py:188} INFO - [2025-06-26T05:31:09.295+0000] {dag.py:3823} INFO - Setting next_dagrun for dag_controller to None, run_after=None
[2025-06-26T05:31:09.316+0000] {processor.py:183} INFO - Processing /opt/airflow/dags/dag_controller.py took 0.070 seconds
[2025-06-26T05:31:39.890+0000] {processor.py:161} INFO - Started process (PID=762) to work on /opt/airflow/dags/dag_controller.py
[2025-06-26T05:31:39.891+0000] {processor.py:830} INFO - Processing file /opt/airflow/dags/dag_controller.py for tasks to queue
[2025-06-26T05:31:39.892+0000] {logging_mixin.py:188} INFO - [2025-06-26T05:31:39.892+0000] {dagbag.py:538} INFO - Filling up the DagBag from /opt/airflow/dags/dag_controller.py
[2025-06-26T05:31:39.905+0000] {processor.py:840} INFO - DAG(s) 'dag_controller' retrieved from /opt/airflow/dags/dag_controller.py
[2025-06-26T05:31:39.926+0000] {logging_mixin.py:188} INFO - [2025-06-26T05:31:39.925+0000] {dag.py:3036} INFO - Sync 1 DAGs
[2025-06-26T05:31:39.936+0000] {logging_mixin.py:188} INFO - [2025-06-26T05:31:39.936+0000] {dag.py:3823} INFO - Setting next_dagrun for dag_controller to None, run_after=None
[2025-06-26T05:31:39.958+0000] {processor.py:183} INFO - Processing /opt/airflow/dags/dag_controller.py took 0.071 seconds
[2025-06-26T05:32:10.573+0000] {processor.py:161} INFO - Started process (PID=782) to work on /opt/airflow/dags/dag_controller.py
[2025-06-26T05:32:10.574+0000] {processor.py:830} INFO - Processing file /opt/airflow/dags/dag_controller.py for tasks to queue
[2025-06-26T05:32:10.575+0000] {logging_mixin.py:188} INFO - [2025-06-26T05:32:10.575+0000] {dagbag.py:538} INFO - Filling up the DagBag from /opt/airflow/dags/dag_controller.py
[2025-06-26T05:32:10.587+0000] {processor.py:840} INFO - DAG(s) 'dag_controller' retrieved from /opt/airflow/dags/dag_controller.py
[2025-06-26T05:32:10.609+0000] {logging_mixin.py:188} INFO - [2025-06-26T05:32:10.609+0000] {dag.py:3036} INFO - Sync 1 DAGs
[2025-06-26T05:32:10.620+0000] {logging_mixin.py:188} INFO - [2025-06-26T05:32:10.619+0000] {dag.py:3823} INFO - Setting next_dagrun for dag_controller to None, run_after=None
[2025-06-26T05:32:10.643+0000] {processor.py:183} INFO - Processing /opt/airflow/dags/dag_controller.py took 0.073 seconds
[2025-06-26T05:32:41.203+0000] {processor.py:161} INFO - Started process (PID=802) to work on /opt/airflow/dags/dag_controller.py
[2025-06-26T05:32:41.204+0000] {processor.py:830} INFO - Processing file /opt/airflow/dags/dag_controller.py for tasks to queue
[2025-06-26T05:32:41.205+0000] {logging_mixin.py:188} INFO - [2025-06-26T05:32:41.205+0000] {dagbag.py:538} INFO - Filling up the DagBag from /opt/airflow/dags/dag_controller.py
[2025-06-26T05:32:41.218+0000] {processor.py:840} INFO - DAG(s) 'dag_controller' retrieved from /opt/airflow/dags/dag_controller.py
[2025-06-26T05:32:41.240+0000] {logging_mixin.py:188} INFO - [2025-06-26T05:32:41.240+0000] {dag.py:3036} INFO - Sync 1 DAGs
[2025-06-26T05:32:41.250+0000] {logging_mixin.py:188} INFO - [2025-06-26T05:32:41.250+0000] {dag.py:3823} INFO - Setting next_dagrun for dag_controller to None, run_after=None
[2025-06-26T05:32:41.273+0000] {processor.py:183} INFO - Processing /opt/airflow/dags/dag_controller.py took 0.073 seconds
[2025-06-26T05:33:11.825+0000] {processor.py:161} INFO - Started process (PID=822) to work on /opt/airflow/dags/dag_controller.py
[2025-06-26T05:33:11.826+0000] {processor.py:830} INFO - Processing file /opt/airflow/dags/dag_controller.py for tasks to queue
[2025-06-26T05:33:11.827+0000] {logging_mixin.py:188} INFO - [2025-06-26T05:33:11.827+0000] {dagbag.py:538} INFO - Filling up the DagBag from /opt/airflow/dags/dag_controller.py
[2025-06-26T05:33:11.839+0000] {processor.py:840} INFO - DAG(s) 'dag_controller' retrieved from /opt/airflow/dags/dag_controller.py
[2025-06-26T05:33:11.861+0000] {logging_mixin.py:188} INFO - [2025-06-26T05:33:11.860+0000] {dag.py:3036} INFO - Sync 1 DAGs
[2025-06-26T05:33:11.871+0000] {logging_mixin.py:188} INFO - [2025-06-26T05:33:11.870+0000] {dag.py:3823} INFO - Setting next_dagrun for dag_controller to None, run_after=None
[2025-06-26T05:33:11.892+0000] {processor.py:183} INFO - Processing /opt/airflow/dags/dag_controller.py took 0.070 seconds
[2025-06-26T05:33:42.449+0000] {processor.py:161} INFO - Started process (PID=842) to work on /opt/airflow/dags/dag_controller.py
[2025-06-26T05:33:42.451+0000] {processor.py:830} INFO - Processing file /opt/airflow/dags/dag_controller.py for tasks to queue
[2025-06-26T05:33:42.452+0000] {logging_mixin.py:188} INFO - [2025-06-26T05:33:42.451+0000] {dagbag.py:538} INFO - Filling up the DagBag from /opt/airflow/dags/dag_controller.py
[2025-06-26T05:33:42.466+0000] {processor.py:840} INFO - DAG(s) 'dag_controller' retrieved from /opt/airflow/dags/dag_controller.py
[2025-06-26T05:33:42.490+0000] {logging_mixin.py:188} INFO - [2025-06-26T05:33:42.490+0000] {dag.py:3036} INFO - Sync 1 DAGs
[2025-06-26T05:33:42.502+0000] {logging_mixin.py:188} INFO - [2025-06-26T05:33:42.501+0000] {dag.py:3823} INFO - Setting next_dagrun for dag_controller to None, run_after=None
[2025-06-26T05:33:42.524+0000] {processor.py:183} INFO - Processing /opt/airflow/dags/dag_controller.py took 0.078 seconds
[2025-06-26T05:34:13.070+0000] {processor.py:161} INFO - Started process (PID=862) to work on /opt/airflow/dags/dag_controller.py
[2025-06-26T05:34:13.071+0000] {processor.py:830} INFO - Processing file /opt/airflow/dags/dag_controller.py for tasks to queue
[2025-06-26T05:34:13.072+0000] {logging_mixin.py:188} INFO - [2025-06-26T05:34:13.072+0000] {dagbag.py:538} INFO - Filling up the DagBag from /opt/airflow/dags/dag_controller.py
[2025-06-26T05:34:13.085+0000] {processor.py:840} INFO - DAG(s) 'dag_controller' retrieved from /opt/airflow/dags/dag_controller.py
[2025-06-26T05:34:13.108+0000] {logging_mixin.py:188} INFO - [2025-06-26T05:34:13.107+0000] {dag.py:3036} INFO - Sync 1 DAGs
[2025-06-26T05:34:13.118+0000] {logging_mixin.py:188} INFO - [2025-06-26T05:34:13.118+0000] {dag.py:3823} INFO - Setting next_dagrun for dag_controller to None, run_after=None
[2025-06-26T05:34:13.139+0000] {processor.py:183} INFO - Processing /opt/airflow/dags/dag_controller.py took 0.072 seconds
[2025-06-26T05:34:43.719+0000] {processor.py:161} INFO - Started process (PID=882) to work on /opt/airflow/dags/dag_controller.py
[2025-06-26T05:34:43.720+0000] {processor.py:830} INFO - Processing file /opt/airflow/dags/dag_controller.py for tasks to queue
[2025-06-26T05:34:43.721+0000] {logging_mixin.py:188} INFO - [2025-06-26T05:34:43.721+0000] {dagbag.py:538} INFO - Filling up the DagBag from /opt/airflow/dags/dag_controller.py
[2025-06-26T05:34:43.732+0000] {processor.py:840} INFO - DAG(s) 'dag_controller' retrieved from /opt/airflow/dags/dag_controller.py
[2025-06-26T05:34:43.753+0000] {logging_mixin.py:188} INFO - [2025-06-26T05:34:43.752+0000] {dag.py:3036} INFO - Sync 1 DAGs
[2025-06-26T05:34:43.763+0000] {logging_mixin.py:188} INFO - [2025-06-26T05:34:43.763+0000] {dag.py:3823} INFO - Setting next_dagrun for dag_controller to None, run_after=None
[2025-06-26T05:34:43.790+0000] {processor.py:183} INFO - Processing /opt/airflow/dags/dag_controller.py took 0.074 seconds
[2025-06-26T05:35:14.337+0000] {processor.py:161} INFO - Started process (PID=902) to work on /opt/airflow/dags/dag_controller.py
[2025-06-26T05:35:14.339+0000] {processor.py:830} INFO - Processing file /opt/airflow/dags/dag_controller.py for tasks to queue
[2025-06-26T05:35:14.339+0000] {logging_mixin.py:188} INFO - [2025-06-26T05:35:14.339+0000] {dagbag.py:538} INFO - Filling up the DagBag from /opt/airflow/dags/dag_controller.py
[2025-06-26T05:35:14.353+0000] {processor.py:840} INFO - DAG(s) 'dag_controller' retrieved from /opt/airflow/dags/dag_controller.py
[2025-06-26T05:35:14.374+0000] {logging_mixin.py:188} INFO - [2025-06-26T05:35:14.374+0000] {dag.py:3036} INFO - Sync 1 DAGs
[2025-06-26T05:35:14.385+0000] {logging_mixin.py:188} INFO - [2025-06-26T05:35:14.385+0000] {dag.py:3823} INFO - Setting next_dagrun for dag_controller to None, run_after=None
[2025-06-26T05:35:14.405+0000] {processor.py:183} INFO - Processing /opt/airflow/dags/dag_controller.py took 0.071 seconds
[2025-06-26T05:35:44.973+0000] {processor.py:161} INFO - Started process (PID=922) to work on /opt/airflow/dags/dag_controller.py
[2025-06-26T05:35:44.975+0000] {processor.py:830} INFO - Processing file /opt/airflow/dags/dag_controller.py for tasks to queue
[2025-06-26T05:35:44.976+0000] {logging_mixin.py:188} INFO - [2025-06-26T05:35:44.976+0000] {dagbag.py:538} INFO - Filling up the DagBag from /opt/airflow/dags/dag_controller.py
[2025-06-26T05:35:44.988+0000] {processor.py:840} INFO - DAG(s) 'dag_controller' retrieved from /opt/airflow/dags/dag_controller.py
[2025-06-26T05:35:45.013+0000] {logging_mixin.py:188} INFO - [2025-06-26T05:35:45.012+0000] {dag.py:3036} INFO - Sync 1 DAGs
[2025-06-26T05:35:45.024+0000] {logging_mixin.py:188} INFO - [2025-06-26T05:35:45.024+0000] {dag.py:3823} INFO - Setting next_dagrun for dag_controller to None, run_after=None
[2025-06-26T05:35:45.044+0000] {processor.py:183} INFO - Processing /opt/airflow/dags/dag_controller.py took 0.073 seconds
[2025-06-26T05:36:15.635+0000] {processor.py:161} INFO - Started process (PID=942) to work on /opt/airflow/dags/dag_controller.py
[2025-06-26T05:36:15.636+0000] {processor.py:830} INFO - Processing file /opt/airflow/dags/dag_controller.py for tasks to queue
[2025-06-26T05:36:15.637+0000] {logging_mixin.py:188} INFO - [2025-06-26T05:36:15.636+0000] {dagbag.py:538} INFO - Filling up the DagBag from /opt/airflow/dags/dag_controller.py
[2025-06-26T05:36:15.650+0000] {processor.py:840} INFO - DAG(s) 'dag_controller' retrieved from /opt/airflow/dags/dag_controller.py
[2025-06-26T05:36:15.672+0000] {logging_mixin.py:188} INFO - [2025-06-26T05:36:15.672+0000] {dag.py:3036} INFO - Sync 1 DAGs
[2025-06-26T05:36:15.682+0000] {logging_mixin.py:188} INFO - [2025-06-26T05:36:15.682+0000] {dag.py:3823} INFO - Setting next_dagrun for dag_controller to None, run_after=None
[2025-06-26T05:36:15.705+0000] {processor.py:183} INFO - Processing /opt/airflow/dags/dag_controller.py took 0.073 seconds
[2025-06-26T05:36:46.312+0000] {processor.py:161} INFO - Started process (PID=962) to work on /opt/airflow/dags/dag_controller.py
[2025-06-26T05:36:46.313+0000] {processor.py:830} INFO - Processing file /opt/airflow/dags/dag_controller.py for tasks to queue
[2025-06-26T05:36:46.314+0000] {logging_mixin.py:188} INFO - [2025-06-26T05:36:46.313+0000] {dagbag.py:538} INFO - Filling up the DagBag from /opt/airflow/dags/dag_controller.py
[2025-06-26T05:36:46.326+0000] {processor.py:840} INFO - DAG(s) 'dag_controller' retrieved from /opt/airflow/dags/dag_controller.py
[2025-06-26T05:36:46.347+0000] {logging_mixin.py:188} INFO - [2025-06-26T05:36:46.347+0000] {dag.py:3036} INFO - Sync 1 DAGs
[2025-06-26T05:36:46.358+0000] {logging_mixin.py:188} INFO - [2025-06-26T05:36:46.357+0000] {dag.py:3823} INFO - Setting next_dagrun for dag_controller to None, run_after=None
[2025-06-26T05:36:46.379+0000] {processor.py:183} INFO - Processing /opt/airflow/dags/dag_controller.py took 0.070 seconds
[2025-06-26T05:37:16.973+0000] {processor.py:161} INFO - Started process (PID=982) to work on /opt/airflow/dags/dag_controller.py
[2025-06-26T05:37:16.974+0000] {processor.py:830} INFO - Processing file /opt/airflow/dags/dag_controller.py for tasks to queue
[2025-06-26T05:37:16.975+0000] {logging_mixin.py:188} INFO - [2025-06-26T05:37:16.975+0000] {dagbag.py:538} INFO - Filling up the DagBag from /opt/airflow/dags/dag_controller.py
[2025-06-26T05:37:16.988+0000] {processor.py:840} INFO - DAG(s) 'dag_controller' retrieved from /opt/airflow/dags/dag_controller.py
[2025-06-26T05:37:17.008+0000] {logging_mixin.py:188} INFO - [2025-06-26T05:37:17.008+0000] {dag.py:3036} INFO - Sync 1 DAGs
[2025-06-26T05:37:17.018+0000] {logging_mixin.py:188} INFO - [2025-06-26T05:37:17.018+0000] {dag.py:3823} INFO - Setting next_dagrun for dag_controller to None, run_after=None
[2025-06-26T05:37:17.039+0000] {processor.py:183} INFO - Processing /opt/airflow/dags/dag_controller.py took 0.069 seconds
[2025-06-26T05:37:47.677+0000] {processor.py:161} INFO - Started process (PID=1002) to work on /opt/airflow/dags/dag_controller.py
[2025-06-26T05:37:47.678+0000] {processor.py:830} INFO - Processing file /opt/airflow/dags/dag_controller.py for tasks to queue
[2025-06-26T05:37:47.678+0000] {logging_mixin.py:188} INFO - [2025-06-26T05:37:47.678+0000] {dagbag.py:538} INFO - Filling up the DagBag from /opt/airflow/dags/dag_controller.py
[2025-06-26T05:37:47.690+0000] {processor.py:840} INFO - DAG(s) 'dag_controller' retrieved from /opt/airflow/dags/dag_controller.py
[2025-06-26T05:37:47.711+0000] {logging_mixin.py:188} INFO - [2025-06-26T05:37:47.710+0000] {dag.py:3036} INFO - Sync 1 DAGs
[2025-06-26T05:37:47.721+0000] {logging_mixin.py:188} INFO - [2025-06-26T05:37:47.721+0000] {dag.py:3823} INFO - Setting next_dagrun for dag_controller to None, run_after=None
[2025-06-26T05:37:47.744+0000] {processor.py:183} INFO - Processing /opt/airflow/dags/dag_controller.py took 0.070 seconds
[2025-06-26T05:38:18.287+0000] {processor.py:161} INFO - Started process (PID=1022) to work on /opt/airflow/dags/dag_controller.py
[2025-06-26T05:38:18.288+0000] {processor.py:830} INFO - Processing file /opt/airflow/dags/dag_controller.py for tasks to queue
[2025-06-26T05:38:18.289+0000] {logging_mixin.py:188} INFO - [2025-06-26T05:38:18.288+0000] {dagbag.py:538} INFO - Filling up the DagBag from /opt/airflow/dags/dag_controller.py
[2025-06-26T05:38:18.300+0000] {processor.py:840} INFO - DAG(s) 'dag_controller' retrieved from /opt/airflow/dags/dag_controller.py
[2025-06-26T05:38:18.321+0000] {logging_mixin.py:188} INFO - [2025-06-26T05:38:18.321+0000] {dag.py:3036} INFO - Sync 1 DAGs
[2025-06-26T05:38:18.331+0000] {logging_mixin.py:188} INFO - [2025-06-26T05:38:18.331+0000] {dag.py:3823} INFO - Setting next_dagrun for dag_controller to None, run_after=None
[2025-06-26T05:38:18.353+0000] {processor.py:183} INFO - Processing /opt/airflow/dags/dag_controller.py took 0.069 seconds
[2025-06-26T05:38:49.044+0000] {processor.py:161} INFO - Started process (PID=1042) to work on /opt/airflow/dags/dag_controller.py
[2025-06-26T05:38:49.046+0000] {processor.py:830} INFO - Processing file /opt/airflow/dags/dag_controller.py for tasks to queue
[2025-06-26T05:38:49.047+0000] {logging_mixin.py:188} INFO - [2025-06-26T05:38:49.046+0000] {dagbag.py:538} INFO - Filling up the DagBag from /opt/airflow/dags/dag_controller.py
[2025-06-26T05:38:49.061+0000] {processor.py:840} INFO - DAG(s) 'dag_controller' retrieved from /opt/airflow/dags/dag_controller.py
[2025-06-26T05:38:49.083+0000] {logging_mixin.py:188} INFO - [2025-06-26T05:38:49.083+0000] {dag.py:3036} INFO - Sync 1 DAGs
[2025-06-26T05:38:49.094+0000] {logging_mixin.py:188} INFO - [2025-06-26T05:38:49.094+0000] {dag.py:3823} INFO - Setting next_dagrun for dag_controller to None, run_after=None
[2025-06-26T05:38:49.116+0000] {processor.py:183} INFO - Processing /opt/airflow/dags/dag_controller.py took 0.075 seconds
[2025-06-26T05:39:19.670+0000] {processor.py:161} INFO - Started process (PID=1060) to work on /opt/airflow/dags/dag_controller.py
[2025-06-26T05:39:19.672+0000] {processor.py:830} INFO - Processing file /opt/airflow/dags/dag_controller.py for tasks to queue
[2025-06-26T05:39:19.674+0000] {logging_mixin.py:188} INFO - [2025-06-26T05:39:19.674+0000] {dagbag.py:538} INFO - Filling up the DagBag from /opt/airflow/dags/dag_controller.py
[2025-06-26T05:39:19.693+0000] {processor.py:840} INFO - DAG(s) 'dag_controller' retrieved from /opt/airflow/dags/dag_controller.py
[2025-06-26T05:39:19.721+0000] {logging_mixin.py:188} INFO - [2025-06-26T05:39:19.721+0000] {dag.py:3036} INFO - Sync 1 DAGs
[2025-06-26T05:39:19.734+0000] {logging_mixin.py:188} INFO - [2025-06-26T05:39:19.733+0000] {dag.py:3823} INFO - Setting next_dagrun for dag_controller to None, run_after=None
[2025-06-26T05:39:19.761+0000] {processor.py:183} INFO - Processing /opt/airflow/dags/dag_controller.py took 0.094 seconds
[2025-06-26T05:39:50.335+0000] {processor.py:161} INFO - Started process (PID=1080) to work on /opt/airflow/dags/dag_controller.py
[2025-06-26T05:39:50.336+0000] {processor.py:830} INFO - Processing file /opt/airflow/dags/dag_controller.py for tasks to queue
[2025-06-26T05:39:50.336+0000] {logging_mixin.py:188} INFO - [2025-06-26T05:39:50.336+0000] {dagbag.py:538} INFO - Filling up the DagBag from /opt/airflow/dags/dag_controller.py
[2025-06-26T05:39:50.350+0000] {processor.py:840} INFO - DAG(s) 'dag_controller' retrieved from /opt/airflow/dags/dag_controller.py
[2025-06-26T05:39:50.371+0000] {logging_mixin.py:188} INFO - [2025-06-26T05:39:50.371+0000] {dag.py:3036} INFO - Sync 1 DAGs
[2025-06-26T05:39:50.383+0000] {logging_mixin.py:188} INFO - [2025-06-26T05:39:50.383+0000] {dag.py:3823} INFO - Setting next_dagrun for dag_controller to None, run_after=None
[2025-06-26T05:39:50.406+0000] {processor.py:183} INFO - Processing /opt/airflow/dags/dag_controller.py took 0.074 seconds
[2025-06-26T05:40:21.092+0000] {processor.py:161} INFO - Started process (PID=1102) to work on /opt/airflow/dags/dag_controller.py
[2025-06-26T05:40:21.094+0000] {processor.py:830} INFO - Processing file /opt/airflow/dags/dag_controller.py for tasks to queue
[2025-06-26T05:40:21.095+0000] {logging_mixin.py:188} INFO - [2025-06-26T05:40:21.094+0000] {dagbag.py:538} INFO - Filling up the DagBag from /opt/airflow/dags/dag_controller.py
[2025-06-26T05:40:21.109+0000] {processor.py:840} INFO - DAG(s) 'dag_controller' retrieved from /opt/airflow/dags/dag_controller.py
[2025-06-26T05:40:21.132+0000] {logging_mixin.py:188} INFO - [2025-06-26T05:40:21.132+0000] {dag.py:3036} INFO - Sync 1 DAGs
[2025-06-26T05:40:21.144+0000] {logging_mixin.py:188} INFO - [2025-06-26T05:40:21.143+0000] {dag.py:3823} INFO - Setting next_dagrun for dag_controller to None, run_after=None
[2025-06-26T05:40:21.172+0000] {processor.py:183} INFO - Processing /opt/airflow/dags/dag_controller.py took 0.082 seconds
[2025-06-26T05:40:51.745+0000] {processor.py:161} INFO - Started process (PID=1122) to work on /opt/airflow/dags/dag_controller.py
[2025-06-26T05:40:51.746+0000] {processor.py:830} INFO - Processing file /opt/airflow/dags/dag_controller.py for tasks to queue
[2025-06-26T05:40:51.747+0000] {logging_mixin.py:188} INFO - [2025-06-26T05:40:51.747+0000] {dagbag.py:538} INFO - Filling up the DagBag from /opt/airflow/dags/dag_controller.py
[2025-06-26T05:40:51.760+0000] {processor.py:840} INFO - DAG(s) 'dag_controller' retrieved from /opt/airflow/dags/dag_controller.py
[2025-06-26T05:40:51.783+0000] {logging_mixin.py:188} INFO - [2025-06-26T05:40:51.783+0000] {dag.py:3036} INFO - Sync 1 DAGs
[2025-06-26T05:40:51.794+0000] {logging_mixin.py:188} INFO - [2025-06-26T05:40:51.794+0000] {dag.py:3823} INFO - Setting next_dagrun for dag_controller to None, run_after=None
[2025-06-26T05:40:51.814+0000] {processor.py:183} INFO - Processing /opt/airflow/dags/dag_controller.py took 0.072 seconds
[2025-06-26T05:41:22.413+0000] {processor.py:161} INFO - Started process (PID=1142) to work on /opt/airflow/dags/dag_controller.py
[2025-06-26T05:41:22.414+0000] {processor.py:830} INFO - Processing file /opt/airflow/dags/dag_controller.py for tasks to queue
[2025-06-26T05:41:22.415+0000] {logging_mixin.py:188} INFO - [2025-06-26T05:41:22.415+0000] {dagbag.py:538} INFO - Filling up the DagBag from /opt/airflow/dags/dag_controller.py
[2025-06-26T05:41:22.429+0000] {processor.py:840} INFO - DAG(s) 'dag_controller' retrieved from /opt/airflow/dags/dag_controller.py
[2025-06-26T05:41:22.451+0000] {logging_mixin.py:188} INFO - [2025-06-26T05:41:22.451+0000] {dag.py:3036} INFO - Sync 1 DAGs
[2025-06-26T05:41:22.461+0000] {logging_mixin.py:188} INFO - [2025-06-26T05:41:22.461+0000] {dag.py:3823} INFO - Setting next_dagrun for dag_controller to None, run_after=None
[2025-06-26T05:41:22.482+0000] {processor.py:183} INFO - Processing /opt/airflow/dags/dag_controller.py took 0.072 seconds
[2025-06-26T05:41:53.113+0000] {processor.py:161} INFO - Started process (PID=1162) to work on /opt/airflow/dags/dag_controller.py
[2025-06-26T05:41:53.114+0000] {processor.py:830} INFO - Processing file /opt/airflow/dags/dag_controller.py for tasks to queue
[2025-06-26T05:41:53.115+0000] {logging_mixin.py:188} INFO - [2025-06-26T05:41:53.115+0000] {dagbag.py:538} INFO - Filling up the DagBag from /opt/airflow/dags/dag_controller.py
[2025-06-26T05:41:53.127+0000] {processor.py:840} INFO - DAG(s) 'dag_controller' retrieved from /opt/airflow/dags/dag_controller.py
[2025-06-26T05:41:53.148+0000] {logging_mixin.py:188} INFO - [2025-06-26T05:41:53.147+0000] {dag.py:3036} INFO - Sync 1 DAGs
[2025-06-26T05:41:53.157+0000] {logging_mixin.py:188} INFO - [2025-06-26T05:41:53.157+0000] {dag.py:3823} INFO - Setting next_dagrun for dag_controller to None, run_after=None
[2025-06-26T05:41:53.178+0000] {processor.py:183} INFO - Processing /opt/airflow/dags/dag_controller.py took 0.068 seconds
[2025-06-26T05:42:23.809+0000] {processor.py:161} INFO - Started process (PID=1180) to work on /opt/airflow/dags/dag_controller.py
[2025-06-26T05:42:23.810+0000] {processor.py:830} INFO - Processing file /opt/airflow/dags/dag_controller.py for tasks to queue
[2025-06-26T05:42:23.811+0000] {logging_mixin.py:188} INFO - [2025-06-26T05:42:23.810+0000] {dagbag.py:538} INFO - Filling up the DagBag from /opt/airflow/dags/dag_controller.py
[2025-06-26T05:42:23.827+0000] {processor.py:840} INFO - DAG(s) 'dag_controller' retrieved from /opt/airflow/dags/dag_controller.py
[2025-06-26T05:42:23.851+0000] {logging_mixin.py:188} INFO - [2025-06-26T05:42:23.851+0000] {dag.py:3036} INFO - Sync 1 DAGs
[2025-06-26T05:42:23.863+0000] {logging_mixin.py:188} INFO - [2025-06-26T05:42:23.862+0000] {dag.py:3823} INFO - Setting next_dagrun for dag_controller to None, run_after=None
[2025-06-26T05:42:23.886+0000] {processor.py:183} INFO - Processing /opt/airflow/dags/dag_controller.py took 0.080 seconds
[2025-06-26T05:42:54.568+0000] {processor.py:161} INFO - Started process (PID=1202) to work on /opt/airflow/dags/dag_controller.py
[2025-06-26T05:42:54.569+0000] {processor.py:830} INFO - Processing file /opt/airflow/dags/dag_controller.py for tasks to queue
[2025-06-26T05:42:54.570+0000] {logging_mixin.py:188} INFO - [2025-06-26T05:42:54.570+0000] {dagbag.py:538} INFO - Filling up the DagBag from /opt/airflow/dags/dag_controller.py
[2025-06-26T05:42:54.585+0000] {processor.py:840} INFO - DAG(s) 'dag_controller' retrieved from /opt/airflow/dags/dag_controller.py
[2025-06-26T05:42:54.612+0000] {logging_mixin.py:188} INFO - [2025-06-26T05:42:54.612+0000] {dag.py:3036} INFO - Sync 1 DAGs
[2025-06-26T05:42:54.628+0000] {logging_mixin.py:188} INFO - [2025-06-26T05:42:54.627+0000] {dag.py:3823} INFO - Setting next_dagrun for dag_controller to None, run_after=None
[2025-06-26T05:42:54.654+0000] {processor.py:183} INFO - Processing /opt/airflow/dags/dag_controller.py took 0.089 seconds
[2025-06-26T05:43:25.291+0000] {processor.py:161} INFO - Started process (PID=1222) to work on /opt/airflow/dags/dag_controller.py
[2025-06-26T05:43:25.292+0000] {processor.py:830} INFO - Processing file /opt/airflow/dags/dag_controller.py for tasks to queue
[2025-06-26T05:43:25.293+0000] {logging_mixin.py:188} INFO - [2025-06-26T05:43:25.293+0000] {dagbag.py:538} INFO - Filling up the DagBag from /opt/airflow/dags/dag_controller.py
[2025-06-26T05:43:25.311+0000] {processor.py:840} INFO - DAG(s) 'dag_controller' retrieved from /opt/airflow/dags/dag_controller.py
[2025-06-26T05:43:25.339+0000] {logging_mixin.py:188} INFO - [2025-06-26T05:43:25.339+0000] {dag.py:3036} INFO - Sync 1 DAGs
[2025-06-26T05:43:25.357+0000] {logging_mixin.py:188} INFO - [2025-06-26T05:43:25.356+0000] {dag.py:3823} INFO - Setting next_dagrun for dag_controller to None, run_after=None
[2025-06-26T05:43:25.390+0000] {processor.py:183} INFO - Processing /opt/airflow/dags/dag_controller.py took 0.104 seconds
[2025-06-26T05:43:55.950+0000] {processor.py:161} INFO - Started process (PID=1242) to work on /opt/airflow/dags/dag_controller.py
[2025-06-26T05:43:55.951+0000] {processor.py:830} INFO - Processing file /opt/airflow/dags/dag_controller.py for tasks to queue
[2025-06-26T05:43:55.952+0000] {logging_mixin.py:188} INFO - [2025-06-26T05:43:55.951+0000] {dagbag.py:538} INFO - Filling up the DagBag from /opt/airflow/dags/dag_controller.py
[2025-06-26T05:43:55.966+0000] {processor.py:840} INFO - DAG(s) 'dag_controller' retrieved from /opt/airflow/dags/dag_controller.py
[2025-06-26T05:43:55.987+0000] {logging_mixin.py:188} INFO - [2025-06-26T05:43:55.987+0000] {dag.py:3036} INFO - Sync 1 DAGs
[2025-06-26T05:43:56.000+0000] {logging_mixin.py:188} INFO - [2025-06-26T05:43:55.999+0000] {dag.py:3823} INFO - Setting next_dagrun for dag_controller to None, run_after=None
[2025-06-26T05:43:56.019+0000] {processor.py:183} INFO - Processing /opt/airflow/dags/dag_controller.py took 0.072 seconds
[2025-06-26T05:44:26.590+0000] {processor.py:161} INFO - Started process (PID=1262) to work on /opt/airflow/dags/dag_controller.py
[2025-06-26T05:44:26.591+0000] {processor.py:830} INFO - Processing file /opt/airflow/dags/dag_controller.py for tasks to queue
[2025-06-26T05:44:26.591+0000] {logging_mixin.py:188} INFO - [2025-06-26T05:44:26.591+0000] {dagbag.py:538} INFO - Filling up the DagBag from /opt/airflow/dags/dag_controller.py
[2025-06-26T05:44:26.605+0000] {processor.py:840} INFO - DAG(s) 'dag_controller' retrieved from /opt/airflow/dags/dag_controller.py
[2025-06-26T05:44:26.626+0000] {logging_mixin.py:188} INFO - [2025-06-26T05:44:26.626+0000] {dag.py:3036} INFO - Sync 1 DAGs
[2025-06-26T05:44:26.638+0000] {logging_mixin.py:188} INFO - [2025-06-26T05:44:26.637+0000] {dag.py:3823} INFO - Setting next_dagrun for dag_controller to None, run_after=None
[2025-06-26T05:44:26.664+0000] {processor.py:183} INFO - Processing /opt/airflow/dags/dag_controller.py took 0.077 seconds
[2025-06-26T05:44:57.240+0000] {processor.py:161} INFO - Started process (PID=1282) to work on /opt/airflow/dags/dag_controller.py
[2025-06-26T05:44:57.241+0000] {processor.py:830} INFO - Processing file /opt/airflow/dags/dag_controller.py for tasks to queue
[2025-06-26T05:44:57.243+0000] {logging_mixin.py:188} INFO - [2025-06-26T05:44:57.242+0000] {dagbag.py:538} INFO - Filling up the DagBag from /opt/airflow/dags/dag_controller.py
[2025-06-26T05:44:57.255+0000] {processor.py:840} INFO - DAG(s) 'dag_controller' retrieved from /opt/airflow/dags/dag_controller.py
[2025-06-26T05:44:57.275+0000] {logging_mixin.py:188} INFO - [2025-06-26T05:44:57.275+0000] {dag.py:3036} INFO - Sync 1 DAGs
[2025-06-26T05:44:57.289+0000] {logging_mixin.py:188} INFO - [2025-06-26T05:44:57.288+0000] {dag.py:3823} INFO - Setting next_dagrun for dag_controller to None, run_after=None
[2025-06-26T05:44:57.313+0000] {processor.py:183} INFO - Processing /opt/airflow/dags/dag_controller.py took 0.078 seconds
[2025-06-26T05:45:27.873+0000] {processor.py:161} INFO - Started process (PID=1302) to work on /opt/airflow/dags/dag_controller.py
[2025-06-26T05:45:27.874+0000] {processor.py:830} INFO - Processing file /opt/airflow/dags/dag_controller.py for tasks to queue
[2025-06-26T05:45:27.875+0000] {logging_mixin.py:188} INFO - [2025-06-26T05:45:27.874+0000] {dagbag.py:538} INFO - Filling up the DagBag from /opt/airflow/dags/dag_controller.py
[2025-06-26T05:45:27.887+0000] {processor.py:840} INFO - DAG(s) 'dag_controller' retrieved from /opt/airflow/dags/dag_controller.py
[2025-06-26T05:45:27.908+0000] {logging_mixin.py:188} INFO - [2025-06-26T05:45:27.907+0000] {dag.py:3036} INFO - Sync 1 DAGs
[2025-06-26T05:45:27.918+0000] {logging_mixin.py:188} INFO - [2025-06-26T05:45:27.918+0000] {dag.py:3823} INFO - Setting next_dagrun for dag_controller to None, run_after=None
[2025-06-26T05:45:27.937+0000] {processor.py:183} INFO - Processing /opt/airflow/dags/dag_controller.py took 0.067 seconds
[2025-06-26T05:45:58.493+0000] {processor.py:161} INFO - Started process (PID=1322) to work on /opt/airflow/dags/dag_controller.py
[2025-06-26T05:45:58.494+0000] {processor.py:830} INFO - Processing file /opt/airflow/dags/dag_controller.py for tasks to queue
[2025-06-26T05:45:58.495+0000] {logging_mixin.py:188} INFO - [2025-06-26T05:45:58.495+0000] {dagbag.py:538} INFO - Filling up the DagBag from /opt/airflow/dags/dag_controller.py
[2025-06-26T05:45:58.506+0000] {processor.py:840} INFO - DAG(s) 'dag_controller' retrieved from /opt/airflow/dags/dag_controller.py
[2025-06-26T05:45:58.526+0000] {logging_mixin.py:188} INFO - [2025-06-26T05:45:58.526+0000] {dag.py:3036} INFO - Sync 1 DAGs
[2025-06-26T05:45:58.536+0000] {logging_mixin.py:188} INFO - [2025-06-26T05:45:58.535+0000] {dag.py:3823} INFO - Setting next_dagrun for dag_controller to None, run_after=None
[2025-06-26T05:45:58.554+0000] {processor.py:183} INFO - Processing /opt/airflow/dags/dag_controller.py took 0.063 seconds
[2025-06-26T05:46:29.036+0000] {processor.py:161} INFO - Started process (PID=1340) to work on /opt/airflow/dags/dag_controller.py
[2025-06-26T05:46:29.037+0000] {processor.py:830} INFO - Processing file /opt/airflow/dags/dag_controller.py for tasks to queue
[2025-06-26T05:46:29.038+0000] {logging_mixin.py:188} INFO - [2025-06-26T05:46:29.038+0000] {dagbag.py:538} INFO - Filling up the DagBag from /opt/airflow/dags/dag_controller.py
[2025-06-26T05:46:29.051+0000] {processor.py:840} INFO - DAG(s) 'dag_controller' retrieved from /opt/airflow/dags/dag_controller.py
[2025-06-26T05:46:29.074+0000] {logging_mixin.py:188} INFO - [2025-06-26T05:46:29.073+0000] {dag.py:3036} INFO - Sync 1 DAGs
[2025-06-26T05:46:29.087+0000] {logging_mixin.py:188} INFO - [2025-06-26T05:46:29.087+0000] {dag.py:3823} INFO - Setting next_dagrun for dag_controller to None, run_after=None
[2025-06-26T05:46:29.159+0000] {processor.py:183} INFO - Processing /opt/airflow/dags/dag_controller.py took 0.126 seconds
[2025-06-26T05:47:00.023+0000] {processor.py:161} INFO - Started process (PID=1362) to work on /opt/airflow/dags/dag_controller.py
[2025-06-26T05:47:00.024+0000] {processor.py:830} INFO - Processing file /opt/airflow/dags/dag_controller.py for tasks to queue
[2025-06-26T05:47:00.025+0000] {logging_mixin.py:188} INFO - [2025-06-26T05:47:00.025+0000] {dagbag.py:538} INFO - Filling up the DagBag from /opt/airflow/dags/dag_controller.py
[2025-06-26T05:47:00.039+0000] {processor.py:840} INFO - DAG(s) 'dag_controller' retrieved from /opt/airflow/dags/dag_controller.py
[2025-06-26T05:47:00.060+0000] {logging_mixin.py:188} INFO - [2025-06-26T05:47:00.060+0000] {dag.py:3036} INFO - Sync 1 DAGs
[2025-06-26T05:47:00.070+0000] {logging_mixin.py:188} INFO - [2025-06-26T05:47:00.070+0000] {dag.py:3823} INFO - Setting next_dagrun for dag_controller to None, run_after=None
[2025-06-26T05:47:00.090+0000] {processor.py:183} INFO - Processing /opt/airflow/dags/dag_controller.py took 0.070 seconds
[2025-06-26T05:47:30.619+0000] {processor.py:161} INFO - Started process (PID=1382) to work on /opt/airflow/dags/dag_controller.py
[2025-06-26T05:47:30.620+0000] {processor.py:830} INFO - Processing file /opt/airflow/dags/dag_controller.py for tasks to queue
[2025-06-26T05:47:30.621+0000] {logging_mixin.py:188} INFO - [2025-06-26T05:47:30.621+0000] {dagbag.py:538} INFO - Filling up the DagBag from /opt/airflow/dags/dag_controller.py
[2025-06-26T05:47:30.634+0000] {processor.py:840} INFO - DAG(s) 'dag_controller' retrieved from /opt/airflow/dags/dag_controller.py
[2025-06-26T05:47:30.655+0000] {logging_mixin.py:188} INFO - [2025-06-26T05:47:30.655+0000] {dag.py:3036} INFO - Sync 1 DAGs
[2025-06-26T05:47:30.665+0000] {logging_mixin.py:188} INFO - [2025-06-26T05:47:30.665+0000] {dag.py:3823} INFO - Setting next_dagrun for dag_controller to None, run_after=None
[2025-06-26T05:47:30.686+0000] {processor.py:183} INFO - Processing /opt/airflow/dags/dag_controller.py took 0.070 seconds
[2025-06-26T05:48:01.262+0000] {processor.py:161} INFO - Started process (PID=1402) to work on /opt/airflow/dags/dag_controller.py
[2025-06-26T05:48:01.263+0000] {processor.py:830} INFO - Processing file /opt/airflow/dags/dag_controller.py for tasks to queue
[2025-06-26T05:48:01.264+0000] {logging_mixin.py:188} INFO - [2025-06-26T05:48:01.264+0000] {dagbag.py:538} INFO - Filling up the DagBag from /opt/airflow/dags/dag_controller.py
[2025-06-26T05:48:01.277+0000] {processor.py:840} INFO - DAG(s) 'dag_controller' retrieved from /opt/airflow/dags/dag_controller.py
[2025-06-26T05:48:01.299+0000] {logging_mixin.py:188} INFO - [2025-06-26T05:48:01.298+0000] {dag.py:3036} INFO - Sync 1 DAGs
[2025-06-26T05:48:01.310+0000] {logging_mixin.py:188} INFO - [2025-06-26T05:48:01.310+0000] {dag.py:3823} INFO - Setting next_dagrun for dag_controller to None, run_after=None
[2025-06-26T05:48:01.332+0000] {processor.py:183} INFO - Processing /opt/airflow/dags/dag_controller.py took 0.073 seconds
[2025-06-26T05:48:31.899+0000] {processor.py:161} INFO - Started process (PID=1422) to work on /opt/airflow/dags/dag_controller.py
[2025-06-26T05:48:31.900+0000] {processor.py:830} INFO - Processing file /opt/airflow/dags/dag_controller.py for tasks to queue
[2025-06-26T05:48:31.901+0000] {logging_mixin.py:188} INFO - [2025-06-26T05:48:31.900+0000] {dagbag.py:538} INFO - Filling up the DagBag from /opt/airflow/dags/dag_controller.py
[2025-06-26T05:48:31.915+0000] {processor.py:840} INFO - DAG(s) 'dag_controller' retrieved from /opt/airflow/dags/dag_controller.py
[2025-06-26T05:48:31.938+0000] {logging_mixin.py:188} INFO - [2025-06-26T05:48:31.937+0000] {dag.py:3036} INFO - Sync 1 DAGs
[2025-06-26T05:48:31.949+0000] {logging_mixin.py:188} INFO - [2025-06-26T05:48:31.949+0000] {dag.py:3823} INFO - Setting next_dagrun for dag_controller to None, run_after=None
[2025-06-26T05:48:31.972+0000] {processor.py:183} INFO - Processing /opt/airflow/dags/dag_controller.py took 0.076 seconds
[2025-06-26T05:49:02.533+0000] {processor.py:161} INFO - Started process (PID=1442) to work on /opt/airflow/dags/dag_controller.py
[2025-06-26T05:49:02.534+0000] {processor.py:830} INFO - Processing file /opt/airflow/dags/dag_controller.py for tasks to queue
[2025-06-26T05:49:02.535+0000] {logging_mixin.py:188} INFO - [2025-06-26T05:49:02.535+0000] {dagbag.py:538} INFO - Filling up the DagBag from /opt/airflow/dags/dag_controller.py
[2025-06-26T05:49:02.549+0000] {processor.py:840} INFO - DAG(s) 'dag_controller' retrieved from /opt/airflow/dags/dag_controller.py
[2025-06-26T05:49:02.570+0000] {logging_mixin.py:188} INFO - [2025-06-26T05:49:02.570+0000] {dag.py:3036} INFO - Sync 1 DAGs
[2025-06-26T05:49:02.582+0000] {logging_mixin.py:188} INFO - [2025-06-26T05:49:02.582+0000] {dag.py:3823} INFO - Setting next_dagrun for dag_controller to None, run_after=None
[2025-06-26T05:49:02.609+0000] {processor.py:183} INFO - Processing /opt/airflow/dags/dag_controller.py took 0.079 seconds
[2025-06-26T05:49:33.191+0000] {processor.py:161} INFO - Started process (PID=1462) to work on /opt/airflow/dags/dag_controller.py
[2025-06-26T05:49:33.192+0000] {processor.py:830} INFO - Processing file /opt/airflow/dags/dag_controller.py for tasks to queue
[2025-06-26T05:49:33.193+0000] {logging_mixin.py:188} INFO - [2025-06-26T05:49:33.193+0000] {dagbag.py:538} INFO - Filling up the DagBag from /opt/airflow/dags/dag_controller.py
[2025-06-26T05:49:33.206+0000] {processor.py:840} INFO - DAG(s) 'dag_controller' retrieved from /opt/airflow/dags/dag_controller.py
[2025-06-26T05:49:33.229+0000] {logging_mixin.py:188} INFO - [2025-06-26T05:49:33.229+0000] {dag.py:3036} INFO - Sync 1 DAGs
[2025-06-26T05:49:33.240+0000] {logging_mixin.py:188} INFO - [2025-06-26T05:49:33.239+0000] {dag.py:3823} INFO - Setting next_dagrun for dag_controller to None, run_after=None
[2025-06-26T05:49:33.264+0000] {processor.py:183} INFO - Processing /opt/airflow/dags/dag_controller.py took 0.076 seconds
[2025-06-26T05:50:03.796+0000] {processor.py:161} INFO - Started process (PID=1480) to work on /opt/airflow/dags/dag_controller.py
[2025-06-26T05:50:03.797+0000] {processor.py:830} INFO - Processing file /opt/airflow/dags/dag_controller.py for tasks to queue
[2025-06-26T05:50:03.799+0000] {logging_mixin.py:188} INFO - [2025-06-26T05:50:03.798+0000] {dagbag.py:538} INFO - Filling up the DagBag from /opt/airflow/dags/dag_controller.py
[2025-06-26T05:50:03.812+0000] {processor.py:840} INFO - DAG(s) 'dag_controller' retrieved from /opt/airflow/dags/dag_controller.py
[2025-06-26T05:50:03.835+0000] {logging_mixin.py:188} INFO - [2025-06-26T05:50:03.834+0000] {dag.py:3036} INFO - Sync 1 DAGs
[2025-06-26T05:50:03.845+0000] {logging_mixin.py:188} INFO - [2025-06-26T05:50:03.845+0000] {dag.py:3823} INFO - Setting next_dagrun for dag_controller to None, run_after=None
[2025-06-26T05:50:03.868+0000] {processor.py:183} INFO - Processing /opt/airflow/dags/dag_controller.py took 0.075 seconds
[2025-06-26T05:50:34.489+0000] {processor.py:161} INFO - Started process (PID=1502) to work on /opt/airflow/dags/dag_controller.py
[2025-06-26T05:50:34.490+0000] {processor.py:830} INFO - Processing file /opt/airflow/dags/dag_controller.py for tasks to queue
[2025-06-26T05:50:34.491+0000] {logging_mixin.py:188} INFO - [2025-06-26T05:50:34.490+0000] {dagbag.py:538} INFO - Filling up the DagBag from /opt/airflow/dags/dag_controller.py
[2025-06-26T05:50:34.504+0000] {processor.py:840} INFO - DAG(s) 'dag_controller' retrieved from /opt/airflow/dags/dag_controller.py
[2025-06-26T05:50:34.526+0000] {logging_mixin.py:188} INFO - [2025-06-26T05:50:34.526+0000] {dag.py:3036} INFO - Sync 1 DAGs
[2025-06-26T05:50:34.538+0000] {logging_mixin.py:188} INFO - [2025-06-26T05:50:34.538+0000] {dag.py:3823} INFO - Setting next_dagrun for dag_controller to None, run_after=None
[2025-06-26T05:50:34.561+0000] {processor.py:183} INFO - Processing /opt/airflow/dags/dag_controller.py took 0.075 seconds
[2025-06-26T05:51:05.171+0000] {processor.py:161} INFO - Started process (PID=1522) to work on /opt/airflow/dags/dag_controller.py
[2025-06-26T05:51:05.172+0000] {processor.py:830} INFO - Processing file /opt/airflow/dags/dag_controller.py for tasks to queue
[2025-06-26T05:51:05.173+0000] {logging_mixin.py:188} INFO - [2025-06-26T05:51:05.173+0000] {dagbag.py:538} INFO - Filling up the DagBag from /opt/airflow/dags/dag_controller.py
[2025-06-26T05:51:05.187+0000] {processor.py:840} INFO - DAG(s) 'dag_controller' retrieved from /opt/airflow/dags/dag_controller.py
[2025-06-26T05:51:05.209+0000] {logging_mixin.py:188} INFO - [2025-06-26T05:51:05.209+0000] {dag.py:3036} INFO - Sync 1 DAGs
[2025-06-26T05:51:05.220+0000] {logging_mixin.py:188} INFO - [2025-06-26T05:51:05.220+0000] {dag.py:3823} INFO - Setting next_dagrun for dag_controller to None, run_after=None
[2025-06-26T05:51:05.242+0000] {processor.py:183} INFO - Processing /opt/airflow/dags/dag_controller.py took 0.074 seconds
[2025-06-26T05:51:35.848+0000] {processor.py:161} INFO - Started process (PID=1542) to work on /opt/airflow/dags/dag_controller.py
[2025-06-26T05:51:35.849+0000] {processor.py:830} INFO - Processing file /opt/airflow/dags/dag_controller.py for tasks to queue
[2025-06-26T05:51:35.850+0000] {logging_mixin.py:188} INFO - [2025-06-26T05:51:35.850+0000] {dagbag.py:538} INFO - Filling up the DagBag from /opt/airflow/dags/dag_controller.py
[2025-06-26T05:51:35.865+0000] {processor.py:840} INFO - DAG(s) 'dag_controller' retrieved from /opt/airflow/dags/dag_controller.py
[2025-06-26T05:51:35.892+0000] {logging_mixin.py:188} INFO - [2025-06-26T05:51:35.891+0000] {dag.py:3036} INFO - Sync 1 DAGs
[2025-06-26T05:51:35.905+0000] {logging_mixin.py:188} INFO - [2025-06-26T05:51:35.905+0000] {dag.py:3823} INFO - Setting next_dagrun for dag_controller to None, run_after=None
[2025-06-26T05:51:35.933+0000] {processor.py:183} INFO - Processing /opt/airflow/dags/dag_controller.py took 0.088 seconds
[2025-06-26T05:52:06.625+0000] {processor.py:161} INFO - Started process (PID=1562) to work on /opt/airflow/dags/dag_controller.py
[2025-06-26T05:52:06.627+0000] {processor.py:830} INFO - Processing file /opt/airflow/dags/dag_controller.py for tasks to queue
[2025-06-26T05:52:06.628+0000] {logging_mixin.py:188} INFO - [2025-06-26T05:52:06.627+0000] {dagbag.py:538} INFO - Filling up the DagBag from /opt/airflow/dags/dag_controller.py
[2025-06-26T05:52:06.643+0000] {processor.py:840} INFO - DAG(s) 'dag_controller' retrieved from /opt/airflow/dags/dag_controller.py
[2025-06-26T05:52:06.671+0000] {logging_mixin.py:188} INFO - [2025-06-26T05:52:06.670+0000] {dag.py:3036} INFO - Sync 1 DAGs
[2025-06-26T05:52:06.688+0000] {logging_mixin.py:188} INFO - [2025-06-26T05:52:06.688+0000] {dag.py:3823} INFO - Setting next_dagrun for dag_controller to None, run_after=None
[2025-06-26T05:52:06.715+0000] {processor.py:183} INFO - Processing /opt/airflow/dags/dag_controller.py took 0.092 seconds
[2025-06-26T05:52:37.254+0000] {processor.py:161} INFO - Started process (PID=1582) to work on /opt/airflow/dags/dag_controller.py
[2025-06-26T05:52:37.255+0000] {processor.py:830} INFO - Processing file /opt/airflow/dags/dag_controller.py for tasks to queue
[2025-06-26T05:52:37.256+0000] {logging_mixin.py:188} INFO - [2025-06-26T05:52:37.256+0000] {dagbag.py:538} INFO - Filling up the DagBag from /opt/airflow/dags/dag_controller.py
[2025-06-26T05:52:37.269+0000] {processor.py:840} INFO - DAG(s) 'dag_controller' retrieved from /opt/airflow/dags/dag_controller.py
[2025-06-26T05:52:37.290+0000] {logging_mixin.py:188} INFO - [2025-06-26T05:52:37.290+0000] {dag.py:3036} INFO - Sync 1 DAGs
[2025-06-26T05:52:37.300+0000] {logging_mixin.py:188} INFO - [2025-06-26T05:52:37.300+0000] {dag.py:3823} INFO - Setting next_dagrun for dag_controller to None, run_after=None
[2025-06-26T05:52:37.327+0000] {processor.py:183} INFO - Processing /opt/airflow/dags/dag_controller.py took 0.077 seconds
[2025-06-26T05:53:08.086+0000] {processor.py:161} INFO - Started process (PID=1602) to work on /opt/airflow/dags/dag_controller.py
[2025-06-26T05:53:08.087+0000] {processor.py:830} INFO - Processing file /opt/airflow/dags/dag_controller.py for tasks to queue
[2025-06-26T05:53:08.088+0000] {logging_mixin.py:188} INFO - [2025-06-26T05:53:08.088+0000] {dagbag.py:538} INFO - Filling up the DagBag from /opt/airflow/dags/dag_controller.py
[2025-06-26T05:53:08.105+0000] {processor.py:840} INFO - DAG(s) 'dag_controller' retrieved from /opt/airflow/dags/dag_controller.py
[2025-06-26T05:53:08.128+0000] {logging_mixin.py:188} INFO - [2025-06-26T05:53:08.127+0000] {dag.py:3036} INFO - Sync 1 DAGs
[2025-06-26T05:53:08.139+0000] {logging_mixin.py:188} INFO - [2025-06-26T05:53:08.139+0000] {dag.py:3823} INFO - Setting next_dagrun for dag_controller to None, run_after=None
[2025-06-26T05:53:08.171+0000] {processor.py:183} INFO - Processing /opt/airflow/dags/dag_controller.py took 0.088 seconds
[2025-06-26T05:53:38.787+0000] {processor.py:161} INFO - Started process (PID=1622) to work on /opt/airflow/dags/dag_controller.py
[2025-06-26T05:53:38.788+0000] {processor.py:830} INFO - Processing file /opt/airflow/dags/dag_controller.py for tasks to queue
[2025-06-26T05:53:38.789+0000] {logging_mixin.py:188} INFO - [2025-06-26T05:53:38.788+0000] {dagbag.py:538} INFO - Filling up the DagBag from /opt/airflow/dags/dag_controller.py
[2025-06-26T05:53:38.801+0000] {processor.py:840} INFO - DAG(s) 'dag_controller' retrieved from /opt/airflow/dags/dag_controller.py
[2025-06-26T05:53:38.824+0000] {logging_mixin.py:188} INFO - [2025-06-26T05:53:38.824+0000] {dag.py:3036} INFO - Sync 1 DAGs
[2025-06-26T05:53:38.835+0000] {logging_mixin.py:188} INFO - [2025-06-26T05:53:38.834+0000] {dag.py:3823} INFO - Setting next_dagrun for dag_controller to None, run_after=None
[2025-06-26T05:53:38.856+0000] {processor.py:183} INFO - Processing /opt/airflow/dags/dag_controller.py took 0.072 seconds
[2025-06-26T05:54:09.510+0000] {processor.py:161} INFO - Started process (PID=1642) to work on /opt/airflow/dags/dag_controller.py
[2025-06-26T05:54:09.511+0000] {processor.py:830} INFO - Processing file /opt/airflow/dags/dag_controller.py for tasks to queue
[2025-06-26T05:54:09.511+0000] {logging_mixin.py:188} INFO - [2025-06-26T05:54:09.511+0000] {dagbag.py:538} INFO - Filling up the DagBag from /opt/airflow/dags/dag_controller.py
[2025-06-26T05:54:09.524+0000] {processor.py:840} INFO - DAG(s) 'dag_controller' retrieved from /opt/airflow/dags/dag_controller.py
[2025-06-26T05:54:09.545+0000] {logging_mixin.py:188} INFO - [2025-06-26T05:54:09.544+0000] {dag.py:3036} INFO - Sync 1 DAGs
[2025-06-26T05:54:09.557+0000] {logging_mixin.py:188} INFO - [2025-06-26T05:54:09.556+0000] {dag.py:3823} INFO - Setting next_dagrun for dag_controller to None, run_after=None
[2025-06-26T05:54:09.579+0000] {processor.py:183} INFO - Processing /opt/airflow/dags/dag_controller.py took 0.072 seconds
[2025-06-26T05:54:40.182+0000] {processor.py:161} INFO - Started process (PID=1662) to work on /opt/airflow/dags/dag_controller.py
[2025-06-26T05:54:40.183+0000] {processor.py:830} INFO - Processing file /opt/airflow/dags/dag_controller.py for tasks to queue
[2025-06-26T05:54:40.184+0000] {logging_mixin.py:188} INFO - [2025-06-26T05:54:40.183+0000] {dagbag.py:538} INFO - Filling up the DagBag from /opt/airflow/dags/dag_controller.py
[2025-06-26T05:54:40.196+0000] {processor.py:840} INFO - DAG(s) 'dag_controller' retrieved from /opt/airflow/dags/dag_controller.py
[2025-06-26T05:54:40.216+0000] {logging_mixin.py:188} INFO - [2025-06-26T05:54:40.216+0000] {dag.py:3036} INFO - Sync 1 DAGs
[2025-06-26T05:54:40.232+0000] {logging_mixin.py:188} INFO - [2025-06-26T05:54:40.232+0000] {dag.py:3823} INFO - Setting next_dagrun for dag_controller to None, run_after=None
[2025-06-26T05:54:40.264+0000] {processor.py:183} INFO - Processing /opt/airflow/dags/dag_controller.py took 0.085 seconds
[2025-06-26T05:55:10.926+0000] {processor.py:161} INFO - Started process (PID=1682) to work on /opt/airflow/dags/dag_controller.py
[2025-06-26T05:55:10.927+0000] {processor.py:830} INFO - Processing file /opt/airflow/dags/dag_controller.py for tasks to queue
[2025-06-26T05:55:10.928+0000] {logging_mixin.py:188} INFO - [2025-06-26T05:55:10.928+0000] {dagbag.py:538} INFO - Filling up the DagBag from /opt/airflow/dags/dag_controller.py
[2025-06-26T05:55:10.942+0000] {processor.py:840} INFO - DAG(s) 'dag_controller' retrieved from /opt/airflow/dags/dag_controller.py
[2025-06-26T05:55:10.963+0000] {logging_mixin.py:188} INFO - [2025-06-26T05:55:10.963+0000] {dag.py:3036} INFO - Sync 1 DAGs
[2025-06-26T05:55:10.974+0000] {logging_mixin.py:188} INFO - [2025-06-26T05:55:10.973+0000] {dag.py:3823} INFO - Setting next_dagrun for dag_controller to None, run_after=None
[2025-06-26T05:55:10.996+0000] {processor.py:183} INFO - Processing /opt/airflow/dags/dag_controller.py took 0.073 seconds
[2025-06-26T05:55:41.555+0000] {processor.py:161} INFO - Started process (PID=1700) to work on /opt/airflow/dags/dag_controller.py
[2025-06-26T05:55:41.556+0000] {processor.py:830} INFO - Processing file /opt/airflow/dags/dag_controller.py for tasks to queue
[2025-06-26T05:55:41.558+0000] {logging_mixin.py:188} INFO - [2025-06-26T05:55:41.557+0000] {dagbag.py:538} INFO - Filling up the DagBag from /opt/airflow/dags/dag_controller.py
[2025-06-26T05:55:41.571+0000] {processor.py:840} INFO - DAG(s) 'dag_controller' retrieved from /opt/airflow/dags/dag_controller.py
[2025-06-26T05:55:41.596+0000] {logging_mixin.py:188} INFO - [2025-06-26T05:55:41.595+0000] {dag.py:3036} INFO - Sync 1 DAGs
[2025-06-26T05:55:41.609+0000] {logging_mixin.py:188} INFO - [2025-06-26T05:55:41.609+0000] {dag.py:3823} INFO - Setting next_dagrun for dag_controller to None, run_after=None
[2025-06-26T05:55:41.639+0000] {processor.py:183} INFO - Processing /opt/airflow/dags/dag_controller.py took 0.087 seconds
[2025-06-26T05:56:12.336+0000] {processor.py:161} INFO - Started process (PID=1722) to work on /opt/airflow/dags/dag_controller.py
[2025-06-26T05:56:12.337+0000] {processor.py:830} INFO - Processing file /opt/airflow/dags/dag_controller.py for tasks to queue
[2025-06-26T05:56:12.338+0000] {logging_mixin.py:188} INFO - [2025-06-26T05:56:12.338+0000] {dagbag.py:538} INFO - Filling up the DagBag from /opt/airflow/dags/dag_controller.py
[2025-06-26T05:56:12.350+0000] {processor.py:840} INFO - DAG(s) 'dag_controller' retrieved from /opt/airflow/dags/dag_controller.py
[2025-06-26T05:56:12.369+0000] {logging_mixin.py:188} INFO - [2025-06-26T05:56:12.369+0000] {dag.py:3036} INFO - Sync 1 DAGs
[2025-06-26T05:56:12.379+0000] {logging_mixin.py:188} INFO - [2025-06-26T05:56:12.379+0000] {dag.py:3823} INFO - Setting next_dagrun for dag_controller to None, run_after=None
[2025-06-26T05:56:12.401+0000] {processor.py:183} INFO - Processing /opt/airflow/dags/dag_controller.py took 0.067 seconds
[2025-06-26T05:56:42.921+0000] {processor.py:161} INFO - Started process (PID=1740) to work on /opt/airflow/dags/dag_controller.py
[2025-06-26T05:56:42.922+0000] {processor.py:830} INFO - Processing file /opt/airflow/dags/dag_controller.py for tasks to queue
[2025-06-26T05:56:42.922+0000] {logging_mixin.py:188} INFO - [2025-06-26T05:56:42.922+0000] {dagbag.py:538} INFO - Filling up the DagBag from /opt/airflow/dags/dag_controller.py
[2025-06-26T05:56:42.936+0000] {processor.py:840} INFO - DAG(s) 'dag_controller' retrieved from /opt/airflow/dags/dag_controller.py
[2025-06-26T05:56:42.956+0000] {logging_mixin.py:188} INFO - [2025-06-26T05:56:42.956+0000] {dag.py:3036} INFO - Sync 1 DAGs
[2025-06-26T05:56:42.966+0000] {logging_mixin.py:188} INFO - [2025-06-26T05:56:42.966+0000] {dag.py:3823} INFO - Setting next_dagrun for dag_controller to None, run_after=None
[2025-06-26T05:56:42.990+0000] {processor.py:183} INFO - Processing /opt/airflow/dags/dag_controller.py took 0.072 seconds
[2025-06-26T05:57:13.705+0000] {processor.py:161} INFO - Started process (PID=1762) to work on /opt/airflow/dags/dag_controller.py
[2025-06-26T05:57:13.706+0000] {processor.py:830} INFO - Processing file /opt/airflow/dags/dag_controller.py for tasks to queue
[2025-06-26T05:57:13.707+0000] {logging_mixin.py:188} INFO - [2025-06-26T05:57:13.707+0000] {dagbag.py:538} INFO - Filling up the DagBag from /opt/airflow/dags/dag_controller.py
[2025-06-26T05:57:13.720+0000] {processor.py:840} INFO - DAG(s) 'dag_controller' retrieved from /opt/airflow/dags/dag_controller.py
[2025-06-26T05:57:13.748+0000] {logging_mixin.py:188} INFO - [2025-06-26T05:57:13.747+0000] {dag.py:3036} INFO - Sync 1 DAGs
[2025-06-26T05:57:13.758+0000] {logging_mixin.py:188} INFO - [2025-06-26T05:57:13.758+0000] {dag.py:3823} INFO - Setting next_dagrun for dag_controller to None, run_after=None
[2025-06-26T05:57:13.782+0000] {processor.py:183} INFO - Processing /opt/airflow/dags/dag_controller.py took 0.080 seconds
[2025-06-26T05:57:44.319+0000] {processor.py:161} INFO - Started process (PID=1782) to work on /opt/airflow/dags/dag_controller.py
[2025-06-26T05:57:44.320+0000] {processor.py:830} INFO - Processing file /opt/airflow/dags/dag_controller.py for tasks to queue
[2025-06-26T05:57:44.321+0000] {logging_mixin.py:188} INFO - [2025-06-26T05:57:44.321+0000] {dagbag.py:538} INFO - Filling up the DagBag from /opt/airflow/dags/dag_controller.py
[2025-06-26T05:57:44.334+0000] {processor.py:840} INFO - DAG(s) 'dag_controller' retrieved from /opt/airflow/dags/dag_controller.py
[2025-06-26T05:57:44.354+0000] {logging_mixin.py:188} INFO - [2025-06-26T05:57:44.354+0000] {dag.py:3036} INFO - Sync 1 DAGs
[2025-06-26T05:57:44.366+0000] {logging_mixin.py:188} INFO - [2025-06-26T05:57:44.366+0000] {dag.py:3823} INFO - Setting next_dagrun for dag_controller to None, run_after=None
[2025-06-26T05:57:44.388+0000] {processor.py:183} INFO - Processing /opt/airflow/dags/dag_controller.py took 0.072 seconds
[2025-06-26T05:58:15.013+0000] {processor.py:161} INFO - Started process (PID=1802) to work on /opt/airflow/dags/dag_controller.py
[2025-06-26T05:58:15.014+0000] {processor.py:830} INFO - Processing file /opt/airflow/dags/dag_controller.py for tasks to queue
[2025-06-26T05:58:15.015+0000] {logging_mixin.py:188} INFO - [2025-06-26T05:58:15.014+0000] {dagbag.py:538} INFO - Filling up the DagBag from /opt/airflow/dags/dag_controller.py
[2025-06-26T05:58:15.026+0000] {processor.py:840} INFO - DAG(s) 'dag_controller' retrieved from /opt/airflow/dags/dag_controller.py
[2025-06-26T05:58:15.045+0000] {logging_mixin.py:188} INFO - [2025-06-26T05:58:15.045+0000] {dag.py:3036} INFO - Sync 1 DAGs
[2025-06-26T05:58:15.055+0000] {logging_mixin.py:188} INFO - [2025-06-26T05:58:15.055+0000] {dag.py:3823} INFO - Setting next_dagrun for dag_controller to None, run_after=None
[2025-06-26T05:58:15.075+0000] {processor.py:183} INFO - Processing /opt/airflow/dags/dag_controller.py took 0.065 seconds
[2025-06-26T05:58:45.719+0000] {processor.py:161} INFO - Started process (PID=1822) to work on /opt/airflow/dags/dag_controller.py
[2025-06-26T05:58:45.720+0000] {processor.py:830} INFO - Processing file /opt/airflow/dags/dag_controller.py for tasks to queue
[2025-06-26T05:58:45.721+0000] {logging_mixin.py:188} INFO - [2025-06-26T05:58:45.721+0000] {dagbag.py:538} INFO - Filling up the DagBag from /opt/airflow/dags/dag_controller.py
[2025-06-26T05:58:45.743+0000] {processor.py:840} INFO - DAG(s) 'dag_controller' retrieved from /opt/airflow/dags/dag_controller.py
[2025-06-26T05:58:45.777+0000] {logging_mixin.py:188} INFO - [2025-06-26T05:58:45.777+0000] {dag.py:3036} INFO - Sync 1 DAGs
[2025-06-26T05:58:45.806+0000] {logging_mixin.py:188} INFO - [2025-06-26T05:58:45.806+0000] {dag.py:3823} INFO - Setting next_dagrun for dag_controller to None, run_after=None
[2025-06-26T05:58:45.846+0000] {processor.py:183} INFO - Processing /opt/airflow/dags/dag_controller.py took 0.131 seconds
[2025-06-26T05:59:16.454+0000] {processor.py:161} INFO - Started process (PID=1842) to work on /opt/airflow/dags/dag_controller.py
[2025-06-26T05:59:16.456+0000] {processor.py:830} INFO - Processing file /opt/airflow/dags/dag_controller.py for tasks to queue
[2025-06-26T05:59:16.456+0000] {logging_mixin.py:188} INFO - [2025-06-26T05:59:16.456+0000] {dagbag.py:538} INFO - Filling up the DagBag from /opt/airflow/dags/dag_controller.py
[2025-06-26T05:59:16.469+0000] {processor.py:840} INFO - DAG(s) 'dag_controller' retrieved from /opt/airflow/dags/dag_controller.py
[2025-06-26T05:59:16.491+0000] {logging_mixin.py:188} INFO - [2025-06-26T05:59:16.491+0000] {dag.py:3036} INFO - Sync 1 DAGs
[2025-06-26T05:59:16.501+0000] {logging_mixin.py:188} INFO - [2025-06-26T05:59:16.501+0000] {dag.py:3823} INFO - Setting next_dagrun for dag_controller to None, run_after=None
[2025-06-26T05:59:16.522+0000] {processor.py:183} INFO - Processing /opt/airflow/dags/dag_controller.py took 0.070 seconds
[2025-06-26T05:59:47.341+0000] {processor.py:161} INFO - Started process (PID=1862) to work on /opt/airflow/dags/dag_controller.py
[2025-06-26T05:59:47.342+0000] {processor.py:830} INFO - Processing file /opt/airflow/dags/dag_controller.py for tasks to queue
[2025-06-26T05:59:47.343+0000] {logging_mixin.py:188} INFO - [2025-06-26T05:59:47.343+0000] {dagbag.py:538} INFO - Filling up the DagBag from /opt/airflow/dags/dag_controller.py
[2025-06-26T05:59:47.364+0000] {processor.py:840} INFO - DAG(s) 'dag_controller' retrieved from /opt/airflow/dags/dag_controller.py
[2025-06-26T05:59:47.412+0000] {logging_mixin.py:188} INFO - [2025-06-26T05:59:47.411+0000] {dag.py:3036} INFO - Sync 1 DAGs
[2025-06-26T05:59:47.441+0000] {logging_mixin.py:188} INFO - [2025-06-26T05:59:47.441+0000] {dag.py:3823} INFO - Setting next_dagrun for dag_controller to None, run_after=None
[2025-06-26T05:59:47.502+0000] {processor.py:183} INFO - Processing /opt/airflow/dags/dag_controller.py took 0.165 seconds
