[2025-06-26T05:16:50.629+0000] {processor.py:161} INFO - Started process (PID=177) to work on /opt/airflow/dags/daily_customers_dag.py
[2025-06-26T05:16:50.630+0000] {processor.py:830} INFO - Processing file /opt/airflow/dags/daily_customers_dag.py for tasks to queue
[2025-06-26T05:16:50.631+0000] {logging_mixin.py:188} INFO - [2025-06-26T05:16:50.631+0000] {dagbag.py:538} INFO - Filling up the DagBag from /opt/airflow/dags/daily_customers_dag.py
[2025-06-26T05:16:50.656+0000] {processor.py:840} INFO - DAG(s) 'insert_customers_csv_to_postgres' retrieved from /opt/airflow/dags/daily_customers_dag.py
[2025-06-26T05:16:50.774+0000] {logging_mixin.py:188} INFO - [2025-06-26T05:16:50.773+0000] {override.py:1769} INFO - Created Permission View: can delete on DAG:insert_customers_csv_to_postgres
[2025-06-26T05:16:50.788+0000] {logging_mixin.py:188} INFO - [2025-06-26T05:16:50.787+0000] {override.py:1769} INFO - Created Permission View: can read on DAG:insert_customers_csv_to_postgres
[2025-06-26T05:16:50.799+0000] {logging_mixin.py:188} INFO - [2025-06-26T05:16:50.799+0000] {override.py:1769} INFO - Created Permission View: can edit on DAG:insert_customers_csv_to_postgres
[2025-06-26T05:16:50.800+0000] {logging_mixin.py:188} INFO - [2025-06-26T05:16:50.800+0000] {dag.py:3036} INFO - Sync 1 DAGs
[2025-06-26T05:16:50.811+0000] {logging_mixin.py:188} INFO - [2025-06-26T05:16:50.810+0000] {dag.py:3058} INFO - Creating ORM DAG for insert_customers_csv_to_postgres
[2025-06-26T05:16:50.812+0000] {logging_mixin.py:188} INFO - [2025-06-26T05:16:50.811+0000] {dag.py:3823} INFO - Setting next_dagrun for insert_customers_csv_to_postgres to None, run_after=None
[2025-06-26T05:16:50.836+0000] {processor.py:183} INFO - Processing /opt/airflow/dags/daily_customers_dag.py took 0.211 seconds
[2025-06-26T05:17:21.391+0000] {processor.py:161} INFO - Started process (PID=197) to work on /opt/airflow/dags/daily_customers_dag.py
[2025-06-26T05:17:21.392+0000] {processor.py:830} INFO - Processing file /opt/airflow/dags/daily_customers_dag.py for tasks to queue
[2025-06-26T05:17:21.393+0000] {logging_mixin.py:188} INFO - [2025-06-26T05:17:21.393+0000] {dagbag.py:538} INFO - Filling up the DagBag from /opt/airflow/dags/daily_customers_dag.py
[2025-06-26T05:17:21.407+0000] {processor.py:840} INFO - DAG(s) 'insert_customers_csv_to_postgres' retrieved from /opt/airflow/dags/daily_customers_dag.py
[2025-06-26T05:17:21.432+0000] {logging_mixin.py:188} INFO - [2025-06-26T05:17:21.431+0000] {dag.py:3036} INFO - Sync 1 DAGs
[2025-06-26T05:17:21.441+0000] {logging_mixin.py:188} INFO - [2025-06-26T05:17:21.441+0000] {dag.py:3823} INFO - Setting next_dagrun for insert_customers_csv_to_postgres to None, run_after=None
[2025-06-26T05:17:21.465+0000] {processor.py:183} INFO - Processing /opt/airflow/dags/daily_customers_dag.py took 0.077 seconds
[2025-06-26T05:17:51.994+0000] {processor.py:161} INFO - Started process (PID=217) to work on /opt/airflow/dags/daily_customers_dag.py
[2025-06-26T05:17:51.995+0000] {processor.py:830} INFO - Processing file /opt/airflow/dags/daily_customers_dag.py for tasks to queue
[2025-06-26T05:17:51.996+0000] {logging_mixin.py:188} INFO - [2025-06-26T05:17:51.996+0000] {dagbag.py:538} INFO - Filling up the DagBag from /opt/airflow/dags/daily_customers_dag.py
[2025-06-26T05:17:52.009+0000] {processor.py:840} INFO - DAG(s) 'insert_customers_csv_to_postgres' retrieved from /opt/airflow/dags/daily_customers_dag.py
[2025-06-26T05:17:52.029+0000] {logging_mixin.py:188} INFO - [2025-06-26T05:17:52.029+0000] {dag.py:3036} INFO - Sync 1 DAGs
[2025-06-26T05:17:52.039+0000] {logging_mixin.py:188} INFO - [2025-06-26T05:17:52.039+0000] {dag.py:3823} INFO - Setting next_dagrun for insert_customers_csv_to_postgres to None, run_after=None
[2025-06-26T05:17:52.061+0000] {processor.py:183} INFO - Processing /opt/airflow/dags/daily_customers_dag.py took 0.070 seconds
[2025-06-26T05:18:22.732+0000] {processor.py:161} INFO - Started process (PID=237) to work on /opt/airflow/dags/daily_customers_dag.py
[2025-06-26T05:18:22.733+0000] {processor.py:830} INFO - Processing file /opt/airflow/dags/daily_customers_dag.py for tasks to queue
[2025-06-26T05:18:22.734+0000] {logging_mixin.py:188} INFO - [2025-06-26T05:18:22.734+0000] {dagbag.py:538} INFO - Filling up the DagBag from /opt/airflow/dags/daily_customers_dag.py
[2025-06-26T05:18:22.746+0000] {processor.py:840} INFO - DAG(s) 'insert_customers_csv_to_postgres' retrieved from /opt/airflow/dags/daily_customers_dag.py
[2025-06-26T05:18:22.768+0000] {logging_mixin.py:188} INFO - [2025-06-26T05:18:22.768+0000] {dag.py:3036} INFO - Sync 1 DAGs
[2025-06-26T05:18:22.779+0000] {logging_mixin.py:188} INFO - [2025-06-26T05:18:22.778+0000] {dag.py:3823} INFO - Setting next_dagrun for insert_customers_csv_to_postgres to None, run_after=None
[2025-06-26T05:18:22.800+0000] {processor.py:183} INFO - Processing /opt/airflow/dags/daily_customers_dag.py took 0.071 seconds
[2025-06-26T05:18:53.363+0000] {processor.py:161} INFO - Started process (PID=257) to work on /opt/airflow/dags/daily_customers_dag.py
[2025-06-26T05:18:53.364+0000] {processor.py:830} INFO - Processing file /opt/airflow/dags/daily_customers_dag.py for tasks to queue
[2025-06-26T05:18:53.365+0000] {logging_mixin.py:188} INFO - [2025-06-26T05:18:53.365+0000] {dagbag.py:538} INFO - Filling up the DagBag from /opt/airflow/dags/daily_customers_dag.py
[2025-06-26T05:18:53.380+0000] {processor.py:840} INFO - DAG(s) 'insert_customers_csv_to_postgres' retrieved from /opt/airflow/dags/daily_customers_dag.py
[2025-06-26T05:18:53.402+0000] {logging_mixin.py:188} INFO - [2025-06-26T05:18:53.401+0000] {dag.py:3036} INFO - Sync 1 DAGs
[2025-06-26T05:18:53.413+0000] {logging_mixin.py:188} INFO - [2025-06-26T05:18:53.412+0000] {dag.py:3823} INFO - Setting next_dagrun for insert_customers_csv_to_postgres to None, run_after=None
[2025-06-26T05:18:53.435+0000] {processor.py:183} INFO - Processing /opt/airflow/dags/daily_customers_dag.py took 0.074 seconds
[2025-06-26T05:19:24.128+0000] {processor.py:161} INFO - Started process (PID=277) to work on /opt/airflow/dags/daily_customers_dag.py
[2025-06-26T05:19:24.129+0000] {processor.py:830} INFO - Processing file /opt/airflow/dags/daily_customers_dag.py for tasks to queue
[2025-06-26T05:19:24.130+0000] {logging_mixin.py:188} INFO - [2025-06-26T05:19:24.130+0000] {dagbag.py:538} INFO - Filling up the DagBag from /opt/airflow/dags/daily_customers_dag.py
[2025-06-26T05:19:24.143+0000] {processor.py:840} INFO - DAG(s) 'insert_customers_csv_to_postgres' retrieved from /opt/airflow/dags/daily_customers_dag.py
[2025-06-26T05:19:24.164+0000] {logging_mixin.py:188} INFO - [2025-06-26T05:19:24.163+0000] {dag.py:3036} INFO - Sync 1 DAGs
[2025-06-26T05:19:24.174+0000] {logging_mixin.py:188} INFO - [2025-06-26T05:19:24.173+0000] {dag.py:3823} INFO - Setting next_dagrun for insert_customers_csv_to_postgres to None, run_after=None
[2025-06-26T05:19:24.200+0000] {processor.py:183} INFO - Processing /opt/airflow/dags/daily_customers_dag.py took 0.076 seconds
[2025-06-26T05:19:54.725+0000] {processor.py:161} INFO - Started process (PID=297) to work on /opt/airflow/dags/daily_customers_dag.py
[2025-06-26T05:19:54.726+0000] {processor.py:830} INFO - Processing file /opt/airflow/dags/daily_customers_dag.py for tasks to queue
[2025-06-26T05:19:54.727+0000] {logging_mixin.py:188} INFO - [2025-06-26T05:19:54.727+0000] {dagbag.py:538} INFO - Filling up the DagBag from /opt/airflow/dags/daily_customers_dag.py
[2025-06-26T05:19:54.739+0000] {processor.py:840} INFO - DAG(s) 'insert_customers_csv_to_postgres' retrieved from /opt/airflow/dags/daily_customers_dag.py
[2025-06-26T05:19:54.759+0000] {logging_mixin.py:188} INFO - [2025-06-26T05:19:54.759+0000] {dag.py:3036} INFO - Sync 1 DAGs
[2025-06-26T05:19:54.769+0000] {logging_mixin.py:188} INFO - [2025-06-26T05:19:54.769+0000] {dag.py:3823} INFO - Setting next_dagrun for insert_customers_csv_to_postgres to None, run_after=None
[2025-06-26T05:19:54.793+0000] {processor.py:183} INFO - Processing /opt/airflow/dags/daily_customers_dag.py took 0.070 seconds
[2025-06-26T05:20:25.382+0000] {processor.py:161} INFO - Started process (PID=317) to work on /opt/airflow/dags/daily_customers_dag.py
[2025-06-26T05:20:25.383+0000] {processor.py:830} INFO - Processing file /opt/airflow/dags/daily_customers_dag.py for tasks to queue
[2025-06-26T05:20:25.384+0000] {logging_mixin.py:188} INFO - [2025-06-26T05:20:25.384+0000] {dagbag.py:538} INFO - Filling up the DagBag from /opt/airflow/dags/daily_customers_dag.py
[2025-06-26T05:20:25.399+0000] {processor.py:840} INFO - DAG(s) 'insert_customers_csv_to_postgres' retrieved from /opt/airflow/dags/daily_customers_dag.py
[2025-06-26T05:20:25.422+0000] {logging_mixin.py:188} INFO - [2025-06-26T05:20:25.422+0000] {dag.py:3036} INFO - Sync 1 DAGs
[2025-06-26T05:20:25.433+0000] {logging_mixin.py:188} INFO - [2025-06-26T05:20:25.432+0000] {dag.py:3823} INFO - Setting next_dagrun for insert_customers_csv_to_postgres to None, run_after=None
[2025-06-26T05:20:25.456+0000] {processor.py:183} INFO - Processing /opt/airflow/dags/daily_customers_dag.py took 0.077 seconds
[2025-06-26T05:20:55.945+0000] {processor.py:161} INFO - Started process (PID=337) to work on /opt/airflow/dags/daily_customers_dag.py
[2025-06-26T05:20:55.946+0000] {processor.py:830} INFO - Processing file /opt/airflow/dags/daily_customers_dag.py for tasks to queue
[2025-06-26T05:20:55.947+0000] {logging_mixin.py:188} INFO - [2025-06-26T05:20:55.947+0000] {dagbag.py:538} INFO - Filling up the DagBag from /opt/airflow/dags/daily_customers_dag.py
[2025-06-26T05:20:55.961+0000] {processor.py:840} INFO - DAG(s) 'insert_customers_csv_to_postgres' retrieved from /opt/airflow/dags/daily_customers_dag.py
[2025-06-26T05:20:55.982+0000] {logging_mixin.py:188} INFO - [2025-06-26T05:20:55.981+0000] {dag.py:3036} INFO - Sync 1 DAGs
[2025-06-26T05:20:55.992+0000] {logging_mixin.py:188} INFO - [2025-06-26T05:20:55.992+0000] {dag.py:3823} INFO - Setting next_dagrun for insert_customers_csv_to_postgres to None, run_after=None
[2025-06-26T05:20:56.014+0000] {processor.py:183} INFO - Processing /opt/airflow/dags/daily_customers_dag.py took 0.073 seconds
[2025-06-26T05:21:26.671+0000] {processor.py:161} INFO - Started process (PID=357) to work on /opt/airflow/dags/daily_customers_dag.py
[2025-06-26T05:21:26.672+0000] {processor.py:830} INFO - Processing file /opt/airflow/dags/daily_customers_dag.py for tasks to queue
[2025-06-26T05:21:26.674+0000] {logging_mixin.py:188} INFO - [2025-06-26T05:21:26.673+0000] {dagbag.py:538} INFO - Filling up the DagBag from /opt/airflow/dags/daily_customers_dag.py
[2025-06-26T05:21:26.691+0000] {processor.py:840} INFO - DAG(s) 'insert_customers_csv_to_postgres' retrieved from /opt/airflow/dags/daily_customers_dag.py
[2025-06-26T05:21:26.714+0000] {logging_mixin.py:188} INFO - [2025-06-26T05:21:26.714+0000] {dag.py:3036} INFO - Sync 1 DAGs
[2025-06-26T05:21:26.725+0000] {logging_mixin.py:188} INFO - [2025-06-26T05:21:26.725+0000] {dag.py:3823} INFO - Setting next_dagrun for insert_customers_csv_to_postgres to None, run_after=None
[2025-06-26T05:21:26.746+0000] {processor.py:183} INFO - Processing /opt/airflow/dags/daily_customers_dag.py took 0.078 seconds
[2025-06-26T05:21:57.323+0000] {processor.py:161} INFO - Started process (PID=377) to work on /opt/airflow/dags/daily_customers_dag.py
[2025-06-26T05:21:57.324+0000] {processor.py:830} INFO - Processing file /opt/airflow/dags/daily_customers_dag.py for tasks to queue
[2025-06-26T05:21:57.324+0000] {logging_mixin.py:188} INFO - [2025-06-26T05:21:57.324+0000] {dagbag.py:538} INFO - Filling up the DagBag from /opt/airflow/dags/daily_customers_dag.py
[2025-06-26T05:21:57.337+0000] {processor.py:840} INFO - DAG(s) 'insert_customers_csv_to_postgres' retrieved from /opt/airflow/dags/daily_customers_dag.py
[2025-06-26T05:21:57.356+0000] {logging_mixin.py:188} INFO - [2025-06-26T05:21:57.356+0000] {dag.py:3036} INFO - Sync 1 DAGs
[2025-06-26T05:21:57.366+0000] {logging_mixin.py:188} INFO - [2025-06-26T05:21:57.366+0000] {dag.py:3823} INFO - Setting next_dagrun for insert_customers_csv_to_postgres to None, run_after=None
[2025-06-26T05:21:57.387+0000] {processor.py:183} INFO - Processing /opt/airflow/dags/daily_customers_dag.py took 0.067 seconds
[2025-06-26T05:22:27.973+0000] {processor.py:161} INFO - Started process (PID=397) to work on /opt/airflow/dags/daily_customers_dag.py
[2025-06-26T05:22:27.974+0000] {processor.py:830} INFO - Processing file /opt/airflow/dags/daily_customers_dag.py for tasks to queue
[2025-06-26T05:22:27.975+0000] {logging_mixin.py:188} INFO - [2025-06-26T05:22:27.975+0000] {dagbag.py:538} INFO - Filling up the DagBag from /opt/airflow/dags/daily_customers_dag.py
[2025-06-26T05:22:27.988+0000] {processor.py:840} INFO - DAG(s) 'insert_customers_csv_to_postgres' retrieved from /opt/airflow/dags/daily_customers_dag.py
[2025-06-26T05:22:28.009+0000] {logging_mixin.py:188} INFO - [2025-06-26T05:22:28.009+0000] {dag.py:3036} INFO - Sync 1 DAGs
[2025-06-26T05:22:28.022+0000] {logging_mixin.py:188} INFO - [2025-06-26T05:22:28.022+0000] {dag.py:3823} INFO - Setting next_dagrun for insert_customers_csv_to_postgres to None, run_after=None
[2025-06-26T05:22:28.049+0000] {processor.py:183} INFO - Processing /opt/airflow/dags/daily_customers_dag.py took 0.079 seconds
[2025-06-26T05:22:58.543+0000] {processor.py:161} INFO - Started process (PID=417) to work on /opt/airflow/dags/daily_customers_dag.py
[2025-06-26T05:22:58.544+0000] {processor.py:830} INFO - Processing file /opt/airflow/dags/daily_customers_dag.py for tasks to queue
[2025-06-26T05:22:58.545+0000] {logging_mixin.py:188} INFO - [2025-06-26T05:22:58.545+0000] {dagbag.py:538} INFO - Filling up the DagBag from /opt/airflow/dags/daily_customers_dag.py
[2025-06-26T05:22:58.558+0000] {processor.py:840} INFO - DAG(s) 'insert_customers_csv_to_postgres' retrieved from /opt/airflow/dags/daily_customers_dag.py
[2025-06-26T05:22:58.578+0000] {logging_mixin.py:188} INFO - [2025-06-26T05:22:58.578+0000] {dag.py:3036} INFO - Sync 1 DAGs
[2025-06-26T05:22:58.589+0000] {logging_mixin.py:188} INFO - [2025-06-26T05:22:58.589+0000] {dag.py:3823} INFO - Setting next_dagrun for insert_customers_csv_to_postgres to None, run_after=None
[2025-06-26T05:22:58.611+0000] {processor.py:183} INFO - Processing /opt/airflow/dags/daily_customers_dag.py took 0.072 seconds
[2025-06-26T05:23:29.109+0000] {processor.py:161} INFO - Started process (PID=437) to work on /opt/airflow/dags/daily_customers_dag.py
[2025-06-26T05:23:29.110+0000] {processor.py:830} INFO - Processing file /opt/airflow/dags/daily_customers_dag.py for tasks to queue
[2025-06-26T05:23:29.111+0000] {logging_mixin.py:188} INFO - [2025-06-26T05:23:29.110+0000] {dagbag.py:538} INFO - Filling up the DagBag from /opt/airflow/dags/daily_customers_dag.py
[2025-06-26T05:23:29.124+0000] {processor.py:840} INFO - DAG(s) 'insert_customers_csv_to_postgres' retrieved from /opt/airflow/dags/daily_customers_dag.py
[2025-06-26T05:23:29.144+0000] {logging_mixin.py:188} INFO - [2025-06-26T05:23:29.143+0000] {dag.py:3036} INFO - Sync 1 DAGs
[2025-06-26T05:23:29.154+0000] {logging_mixin.py:188} INFO - [2025-06-26T05:23:29.154+0000] {dag.py:3823} INFO - Setting next_dagrun for insert_customers_csv_to_postgres to None, run_after=None
[2025-06-26T05:23:29.177+0000] {processor.py:183} INFO - Processing /opt/airflow/dags/daily_customers_dag.py took 0.071 seconds
[2025-06-26T05:23:59.625+0000] {processor.py:161} INFO - Started process (PID=457) to work on /opt/airflow/dags/daily_customers_dag.py
[2025-06-26T05:23:59.626+0000] {processor.py:830} INFO - Processing file /opt/airflow/dags/daily_customers_dag.py for tasks to queue
[2025-06-26T05:23:59.627+0000] {logging_mixin.py:188} INFO - [2025-06-26T05:23:59.627+0000] {dagbag.py:538} INFO - Filling up the DagBag from /opt/airflow/dags/daily_customers_dag.py
[2025-06-26T05:23:59.639+0000] {processor.py:840} INFO - DAG(s) 'insert_customers_csv_to_postgres' retrieved from /opt/airflow/dags/daily_customers_dag.py
[2025-06-26T05:23:59.659+0000] {logging_mixin.py:188} INFO - [2025-06-26T05:23:59.659+0000] {dag.py:3036} INFO - Sync 1 DAGs
[2025-06-26T05:23:59.670+0000] {logging_mixin.py:188} INFO - [2025-06-26T05:23:59.670+0000] {dag.py:3823} INFO - Setting next_dagrun for insert_customers_csv_to_postgres to None, run_after=None
[2025-06-26T05:23:59.692+0000] {processor.py:183} INFO - Processing /opt/airflow/dags/daily_customers_dag.py took 0.069 seconds
[2025-06-26T05:24:30.290+0000] {processor.py:161} INFO - Started process (PID=477) to work on /opt/airflow/dags/daily_customers_dag.py
[2025-06-26T05:24:30.292+0000] {processor.py:830} INFO - Processing file /opt/airflow/dags/daily_customers_dag.py for tasks to queue
[2025-06-26T05:24:30.293+0000] {logging_mixin.py:188} INFO - [2025-06-26T05:24:30.292+0000] {dagbag.py:538} INFO - Filling up the DagBag from /opt/airflow/dags/daily_customers_dag.py
[2025-06-26T05:24:30.305+0000] {processor.py:840} INFO - DAG(s) 'insert_customers_csv_to_postgres' retrieved from /opt/airflow/dags/daily_customers_dag.py
[2025-06-26T05:24:30.325+0000] {logging_mixin.py:188} INFO - [2025-06-26T05:24:30.324+0000] {dag.py:3036} INFO - Sync 1 DAGs
[2025-06-26T05:24:30.335+0000] {logging_mixin.py:188} INFO - [2025-06-26T05:24:30.334+0000] {dag.py:3823} INFO - Setting next_dagrun for insert_customers_csv_to_postgres to None, run_after=None
[2025-06-26T05:24:30.358+0000] {processor.py:183} INFO - Processing /opt/airflow/dags/daily_customers_dag.py took 0.070 seconds
[2025-06-26T05:25:00.986+0000] {processor.py:161} INFO - Started process (PID=497) to work on /opt/airflow/dags/daily_customers_dag.py
[2025-06-26T05:25:00.987+0000] {processor.py:830} INFO - Processing file /opt/airflow/dags/daily_customers_dag.py for tasks to queue
[2025-06-26T05:25:00.988+0000] {logging_mixin.py:188} INFO - [2025-06-26T05:25:00.988+0000] {dagbag.py:538} INFO - Filling up the DagBag from /opt/airflow/dags/daily_customers_dag.py
[2025-06-26T05:25:01.000+0000] {processor.py:840} INFO - DAG(s) 'insert_customers_csv_to_postgres' retrieved from /opt/airflow/dags/daily_customers_dag.py
[2025-06-26T05:25:01.019+0000] {logging_mixin.py:188} INFO - [2025-06-26T05:25:01.019+0000] {dag.py:3036} INFO - Sync 1 DAGs
[2025-06-26T05:25:01.029+0000] {logging_mixin.py:188} INFO - [2025-06-26T05:25:01.029+0000] {dag.py:3823} INFO - Setting next_dagrun for insert_customers_csv_to_postgres to None, run_after=None
[2025-06-26T05:25:01.050+0000] {processor.py:183} INFO - Processing /opt/airflow/dags/daily_customers_dag.py took 0.067 seconds
[2025-06-26T05:25:31.684+0000] {processor.py:161} INFO - Started process (PID=517) to work on /opt/airflow/dags/daily_customers_dag.py
[2025-06-26T05:25:31.685+0000] {processor.py:830} INFO - Processing file /opt/airflow/dags/daily_customers_dag.py for tasks to queue
[2025-06-26T05:25:31.686+0000] {logging_mixin.py:188} INFO - [2025-06-26T05:25:31.686+0000] {dagbag.py:538} INFO - Filling up the DagBag from /opt/airflow/dags/daily_customers_dag.py
[2025-06-26T05:25:31.697+0000] {processor.py:840} INFO - DAG(s) 'insert_customers_csv_to_postgres' retrieved from /opt/airflow/dags/daily_customers_dag.py
[2025-06-26T05:25:31.717+0000] {logging_mixin.py:188} INFO - [2025-06-26T05:25:31.717+0000] {dag.py:3036} INFO - Sync 1 DAGs
[2025-06-26T05:25:31.727+0000] {logging_mixin.py:188} INFO - [2025-06-26T05:25:31.727+0000] {dag.py:3823} INFO - Setting next_dagrun for insert_customers_csv_to_postgres to None, run_after=None
[2025-06-26T05:25:31.750+0000] {processor.py:183} INFO - Processing /opt/airflow/dags/daily_customers_dag.py took 0.069 seconds
[2025-06-26T05:26:02.401+0000] {processor.py:161} INFO - Started process (PID=537) to work on /opt/airflow/dags/daily_customers_dag.py
[2025-06-26T05:26:02.402+0000] {processor.py:830} INFO - Processing file /opt/airflow/dags/daily_customers_dag.py for tasks to queue
[2025-06-26T05:26:02.403+0000] {logging_mixin.py:188} INFO - [2025-06-26T05:26:02.402+0000] {dagbag.py:538} INFO - Filling up the DagBag from /opt/airflow/dags/daily_customers_dag.py
[2025-06-26T05:26:02.414+0000] {processor.py:840} INFO - DAG(s) 'insert_customers_csv_to_postgres' retrieved from /opt/airflow/dags/daily_customers_dag.py
[2025-06-26T05:26:02.434+0000] {logging_mixin.py:188} INFO - [2025-06-26T05:26:02.434+0000] {dag.py:3036} INFO - Sync 1 DAGs
[2025-06-26T05:26:02.444+0000] {logging_mixin.py:188} INFO - [2025-06-26T05:26:02.444+0000] {dag.py:3823} INFO - Setting next_dagrun for insert_customers_csv_to_postgres to None, run_after=None
[2025-06-26T05:26:02.465+0000] {processor.py:183} INFO - Processing /opt/airflow/dags/daily_customers_dag.py took 0.067 seconds
[2025-06-26T05:26:33.161+0000] {processor.py:161} INFO - Started process (PID=557) to work on /opt/airflow/dags/daily_customers_dag.py
[2025-06-26T05:26:33.162+0000] {processor.py:830} INFO - Processing file /opt/airflow/dags/daily_customers_dag.py for tasks to queue
[2025-06-26T05:26:33.164+0000] {logging_mixin.py:188} INFO - [2025-06-26T05:26:33.163+0000] {dagbag.py:538} INFO - Filling up the DagBag from /opt/airflow/dags/daily_customers_dag.py
[2025-06-26T05:26:33.182+0000] {processor.py:840} INFO - DAG(s) 'insert_customers_csv_to_postgres' retrieved from /opt/airflow/dags/daily_customers_dag.py
[2025-06-26T05:26:33.206+0000] {logging_mixin.py:188} INFO - [2025-06-26T05:26:33.206+0000] {dag.py:3036} INFO - Sync 1 DAGs
[2025-06-26T05:26:33.217+0000] {logging_mixin.py:188} INFO - [2025-06-26T05:26:33.217+0000] {dag.py:3823} INFO - Setting next_dagrun for insert_customers_csv_to_postgres to None, run_after=None
[2025-06-26T05:26:33.239+0000] {processor.py:183} INFO - Processing /opt/airflow/dags/daily_customers_dag.py took 0.082 seconds
[2025-06-26T05:27:03.921+0000] {processor.py:161} INFO - Started process (PID=577) to work on /opt/airflow/dags/daily_customers_dag.py
[2025-06-26T05:27:03.922+0000] {processor.py:830} INFO - Processing file /opt/airflow/dags/daily_customers_dag.py for tasks to queue
[2025-06-26T05:27:03.923+0000] {logging_mixin.py:188} INFO - [2025-06-26T05:27:03.923+0000] {dagbag.py:538} INFO - Filling up the DagBag from /opt/airflow/dags/daily_customers_dag.py
[2025-06-26T05:27:03.934+0000] {processor.py:840} INFO - DAG(s) 'insert_customers_csv_to_postgres' retrieved from /opt/airflow/dags/daily_customers_dag.py
[2025-06-26T05:27:03.953+0000] {logging_mixin.py:188} INFO - [2025-06-26T05:27:03.953+0000] {dag.py:3036} INFO - Sync 1 DAGs
[2025-06-26T05:27:03.963+0000] {logging_mixin.py:188} INFO - [2025-06-26T05:27:03.962+0000] {dag.py:3823} INFO - Setting next_dagrun for insert_customers_csv_to_postgres to None, run_after=None
[2025-06-26T05:27:03.984+0000] {processor.py:183} INFO - Processing /opt/airflow/dags/daily_customers_dag.py took 0.066 seconds
[2025-06-26T05:27:34.636+0000] {processor.py:161} INFO - Started process (PID=597) to work on /opt/airflow/dags/daily_customers_dag.py
[2025-06-26T05:27:34.637+0000] {processor.py:830} INFO - Processing file /opt/airflow/dags/daily_customers_dag.py for tasks to queue
[2025-06-26T05:27:34.638+0000] {logging_mixin.py:188} INFO - [2025-06-26T05:27:34.638+0000] {dagbag.py:538} INFO - Filling up the DagBag from /opt/airflow/dags/daily_customers_dag.py
[2025-06-26T05:27:34.650+0000] {processor.py:840} INFO - DAG(s) 'insert_customers_csv_to_postgres' retrieved from /opt/airflow/dags/daily_customers_dag.py
[2025-06-26T05:27:34.670+0000] {logging_mixin.py:188} INFO - [2025-06-26T05:27:34.670+0000] {dag.py:3036} INFO - Sync 1 DAGs
[2025-06-26T05:27:34.681+0000] {logging_mixin.py:188} INFO - [2025-06-26T05:27:34.681+0000] {dag.py:3823} INFO - Setting next_dagrun for insert_customers_csv_to_postgres to None, run_after=None
[2025-06-26T05:27:34.703+0000] {processor.py:183} INFO - Processing /opt/airflow/dags/daily_customers_dag.py took 0.070 seconds
[2025-06-26T05:28:05.330+0000] {processor.py:161} INFO - Started process (PID=617) to work on /opt/airflow/dags/daily_customers_dag.py
[2025-06-26T05:28:05.331+0000] {processor.py:830} INFO - Processing file /opt/airflow/dags/daily_customers_dag.py for tasks to queue
[2025-06-26T05:28:05.332+0000] {logging_mixin.py:188} INFO - [2025-06-26T05:28:05.331+0000] {dagbag.py:538} INFO - Filling up the DagBag from /opt/airflow/dags/daily_customers_dag.py
[2025-06-26T05:28:05.343+0000] {processor.py:840} INFO - DAG(s) 'insert_customers_csv_to_postgres' retrieved from /opt/airflow/dags/daily_customers_dag.py
[2025-06-26T05:28:05.363+0000] {logging_mixin.py:188} INFO - [2025-06-26T05:28:05.362+0000] {dag.py:3036} INFO - Sync 1 DAGs
[2025-06-26T05:28:05.373+0000] {logging_mixin.py:188} INFO - [2025-06-26T05:28:05.373+0000] {dag.py:3823} INFO - Setting next_dagrun for insert_customers_csv_to_postgres to None, run_after=None
[2025-06-26T05:28:05.394+0000] {processor.py:183} INFO - Processing /opt/airflow/dags/daily_customers_dag.py took 0.067 seconds
[2025-06-26T05:28:36.043+0000] {processor.py:161} INFO - Started process (PID=637) to work on /opt/airflow/dags/daily_customers_dag.py
[2025-06-26T05:28:36.045+0000] {processor.py:830} INFO - Processing file /opt/airflow/dags/daily_customers_dag.py for tasks to queue
[2025-06-26T05:28:36.046+0000] {logging_mixin.py:188} INFO - [2025-06-26T05:28:36.045+0000] {dagbag.py:538} INFO - Filling up the DagBag from /opt/airflow/dags/daily_customers_dag.py
[2025-06-26T05:28:36.062+0000] {processor.py:840} INFO - DAG(s) 'insert_customers_csv_to_postgres' retrieved from /opt/airflow/dags/daily_customers_dag.py
[2025-06-26T05:28:36.086+0000] {logging_mixin.py:188} INFO - [2025-06-26T05:28:36.086+0000] {dag.py:3036} INFO - Sync 1 DAGs
[2025-06-26T05:28:36.096+0000] {logging_mixin.py:188} INFO - [2025-06-26T05:28:36.096+0000] {dag.py:3823} INFO - Setting next_dagrun for insert_customers_csv_to_postgres to None, run_after=None
[2025-06-26T05:28:36.119+0000] {processor.py:183} INFO - Processing /opt/airflow/dags/daily_customers_dag.py took 0.079 seconds
[2025-06-26T05:29:06.652+0000] {processor.py:161} INFO - Started process (PID=657) to work on /opt/airflow/dags/daily_customers_dag.py
[2025-06-26T05:29:06.653+0000] {processor.py:830} INFO - Processing file /opt/airflow/dags/daily_customers_dag.py for tasks to queue
[2025-06-26T05:29:06.654+0000] {logging_mixin.py:188} INFO - [2025-06-26T05:29:06.654+0000] {dagbag.py:538} INFO - Filling up the DagBag from /opt/airflow/dags/daily_customers_dag.py
[2025-06-26T05:29:06.668+0000] {processor.py:840} INFO - DAG(s) 'insert_customers_csv_to_postgres' retrieved from /opt/airflow/dags/daily_customers_dag.py
[2025-06-26T05:29:06.687+0000] {logging_mixin.py:188} INFO - [2025-06-26T05:29:06.687+0000] {dag.py:3036} INFO - Sync 1 DAGs
[2025-06-26T05:29:06.697+0000] {logging_mixin.py:188} INFO - [2025-06-26T05:29:06.697+0000] {dag.py:3823} INFO - Setting next_dagrun for insert_customers_csv_to_postgres to None, run_after=None
[2025-06-26T05:29:06.719+0000] {processor.py:183} INFO - Processing /opt/airflow/dags/daily_customers_dag.py took 0.070 seconds
[2025-06-26T05:29:37.300+0000] {processor.py:161} INFO - Started process (PID=677) to work on /opt/airflow/dags/daily_customers_dag.py
[2025-06-26T05:29:37.302+0000] {processor.py:830} INFO - Processing file /opt/airflow/dags/daily_customers_dag.py for tasks to queue
[2025-06-26T05:29:37.304+0000] {logging_mixin.py:188} INFO - [2025-06-26T05:29:37.303+0000] {dagbag.py:538} INFO - Filling up the DagBag from /opt/airflow/dags/daily_customers_dag.py
[2025-06-26T05:29:37.316+0000] {processor.py:840} INFO - DAG(s) 'insert_customers_csv_to_postgres' retrieved from /opt/airflow/dags/daily_customers_dag.py
[2025-06-26T05:29:37.336+0000] {logging_mixin.py:188} INFO - [2025-06-26T05:29:37.336+0000] {dag.py:3036} INFO - Sync 1 DAGs
[2025-06-26T05:29:37.347+0000] {logging_mixin.py:188} INFO - [2025-06-26T05:29:37.347+0000] {dag.py:3823} INFO - Setting next_dagrun for insert_customers_csv_to_postgres to None, run_after=None
[2025-06-26T05:29:37.371+0000] {processor.py:183} INFO - Processing /opt/airflow/dags/daily_customers_dag.py took 0.074 seconds
[2025-06-26T05:30:07.936+0000] {processor.py:161} INFO - Started process (PID=697) to work on /opt/airflow/dags/daily_customers_dag.py
[2025-06-26T05:30:07.937+0000] {processor.py:830} INFO - Processing file /opt/airflow/dags/daily_customers_dag.py for tasks to queue
[2025-06-26T05:30:07.938+0000] {logging_mixin.py:188} INFO - [2025-06-26T05:30:07.938+0000] {dagbag.py:538} INFO - Filling up the DagBag from /opt/airflow/dags/daily_customers_dag.py
[2025-06-26T05:30:07.951+0000] {processor.py:840} INFO - DAG(s) 'insert_customers_csv_to_postgres' retrieved from /opt/airflow/dags/daily_customers_dag.py
[2025-06-26T05:30:07.971+0000] {logging_mixin.py:188} INFO - [2025-06-26T05:30:07.971+0000] {dag.py:3036} INFO - Sync 1 DAGs
[2025-06-26T05:30:07.983+0000] {logging_mixin.py:188} INFO - [2025-06-26T05:30:07.982+0000] {dag.py:3823} INFO - Setting next_dagrun for insert_customers_csv_to_postgres to None, run_after=None
[2025-06-26T05:30:08.005+0000] {processor.py:183} INFO - Processing /opt/airflow/dags/daily_customers_dag.py took 0.072 seconds
[2025-06-26T05:30:38.528+0000] {processor.py:161} INFO - Started process (PID=717) to work on /opt/airflow/dags/daily_customers_dag.py
[2025-06-26T05:30:38.529+0000] {processor.py:830} INFO - Processing file /opt/airflow/dags/daily_customers_dag.py for tasks to queue
[2025-06-26T05:30:38.530+0000] {logging_mixin.py:188} INFO - [2025-06-26T05:30:38.530+0000] {dagbag.py:538} INFO - Filling up the DagBag from /opt/airflow/dags/daily_customers_dag.py
[2025-06-26T05:30:38.544+0000] {processor.py:840} INFO - DAG(s) 'insert_customers_csv_to_postgres' retrieved from /opt/airflow/dags/daily_customers_dag.py
[2025-06-26T05:30:38.564+0000] {logging_mixin.py:188} INFO - [2025-06-26T05:30:38.564+0000] {dag.py:3036} INFO - Sync 1 DAGs
[2025-06-26T05:30:38.575+0000] {logging_mixin.py:188} INFO - [2025-06-26T05:30:38.575+0000] {dag.py:3823} INFO - Setting next_dagrun for insert_customers_csv_to_postgres to None, run_after=None
[2025-06-26T05:30:38.598+0000] {processor.py:183} INFO - Processing /opt/airflow/dags/daily_customers_dag.py took 0.074 seconds
[2025-06-26T05:31:09.152+0000] {processor.py:161} INFO - Started process (PID=737) to work on /opt/airflow/dags/daily_customers_dag.py
[2025-06-26T05:31:09.153+0000] {processor.py:830} INFO - Processing file /opt/airflow/dags/daily_customers_dag.py for tasks to queue
[2025-06-26T05:31:09.154+0000] {logging_mixin.py:188} INFO - [2025-06-26T05:31:09.154+0000] {dagbag.py:538} INFO - Filling up the DagBag from /opt/airflow/dags/daily_customers_dag.py
[2025-06-26T05:31:09.166+0000] {processor.py:840} INFO - DAG(s) 'insert_customers_csv_to_postgres' retrieved from /opt/airflow/dags/daily_customers_dag.py
[2025-06-26T05:31:09.186+0000] {logging_mixin.py:188} INFO - [2025-06-26T05:31:09.186+0000] {dag.py:3036} INFO - Sync 1 DAGs
[2025-06-26T05:31:09.196+0000] {logging_mixin.py:188} INFO - [2025-06-26T05:31:09.196+0000] {dag.py:3823} INFO - Setting next_dagrun for insert_customers_csv_to_postgres to None, run_after=None
[2025-06-26T05:31:09.220+0000] {processor.py:183} INFO - Processing /opt/airflow/dags/daily_customers_dag.py took 0.072 seconds
[2025-06-26T05:31:39.791+0000] {processor.py:161} INFO - Started process (PID=757) to work on /opt/airflow/dags/daily_customers_dag.py
[2025-06-26T05:31:39.792+0000] {processor.py:830} INFO - Processing file /opt/airflow/dags/daily_customers_dag.py for tasks to queue
[2025-06-26T05:31:39.793+0000] {logging_mixin.py:188} INFO - [2025-06-26T05:31:39.793+0000] {dagbag.py:538} INFO - Filling up the DagBag from /opt/airflow/dags/daily_customers_dag.py
[2025-06-26T05:31:39.805+0000] {processor.py:840} INFO - DAG(s) 'insert_customers_csv_to_postgres' retrieved from /opt/airflow/dags/daily_customers_dag.py
[2025-06-26T05:31:39.827+0000] {logging_mixin.py:188} INFO - [2025-06-26T05:31:39.826+0000] {dag.py:3036} INFO - Sync 1 DAGs
[2025-06-26T05:31:39.839+0000] {logging_mixin.py:188} INFO - [2025-06-26T05:31:39.839+0000] {dag.py:3823} INFO - Setting next_dagrun for insert_customers_csv_to_postgres to None, run_after=None
[2025-06-26T05:31:39.860+0000] {processor.py:183} INFO - Processing /opt/airflow/dags/daily_customers_dag.py took 0.072 seconds
[2025-06-26T05:32:10.475+0000] {processor.py:161} INFO - Started process (PID=777) to work on /opt/airflow/dags/daily_customers_dag.py
[2025-06-26T05:32:10.476+0000] {processor.py:830} INFO - Processing file /opt/airflow/dags/daily_customers_dag.py for tasks to queue
[2025-06-26T05:32:10.477+0000] {logging_mixin.py:188} INFO - [2025-06-26T05:32:10.476+0000] {dagbag.py:538} INFO - Filling up the DagBag from /opt/airflow/dags/daily_customers_dag.py
[2025-06-26T05:32:10.489+0000] {processor.py:840} INFO - DAG(s) 'insert_customers_csv_to_postgres' retrieved from /opt/airflow/dags/daily_customers_dag.py
[2025-06-26T05:32:10.509+0000] {logging_mixin.py:188} INFO - [2025-06-26T05:32:10.509+0000] {dag.py:3036} INFO - Sync 1 DAGs
[2025-06-26T05:32:10.519+0000] {logging_mixin.py:188} INFO - [2025-06-26T05:32:10.519+0000] {dag.py:3823} INFO - Setting next_dagrun for insert_customers_csv_to_postgres to None, run_after=None
[2025-06-26T05:32:10.544+0000] {processor.py:183} INFO - Processing /opt/airflow/dags/daily_customers_dag.py took 0.072 seconds
[2025-06-26T05:32:41.106+0000] {processor.py:161} INFO - Started process (PID=797) to work on /opt/airflow/dags/daily_customers_dag.py
[2025-06-26T05:32:41.107+0000] {processor.py:830} INFO - Processing file /opt/airflow/dags/daily_customers_dag.py for tasks to queue
[2025-06-26T05:32:41.108+0000] {logging_mixin.py:188} INFO - [2025-06-26T05:32:41.108+0000] {dagbag.py:538} INFO - Filling up the DagBag from /opt/airflow/dags/daily_customers_dag.py
[2025-06-26T05:32:41.121+0000] {processor.py:840} INFO - DAG(s) 'insert_customers_csv_to_postgres' retrieved from /opt/airflow/dags/daily_customers_dag.py
[2025-06-26T05:32:41.141+0000] {logging_mixin.py:188} INFO - [2025-06-26T05:32:41.141+0000] {dag.py:3036} INFO - Sync 1 DAGs
[2025-06-26T05:32:41.152+0000] {logging_mixin.py:188} INFO - [2025-06-26T05:32:41.152+0000] {dag.py:3823} INFO - Setting next_dagrun for insert_customers_csv_to_postgres to None, run_after=None
[2025-06-26T05:32:41.175+0000] {processor.py:183} INFO - Processing /opt/airflow/dags/daily_customers_dag.py took 0.073 seconds
[2025-06-26T05:33:11.728+0000] {processor.py:161} INFO - Started process (PID=817) to work on /opt/airflow/dags/daily_customers_dag.py
[2025-06-26T05:33:11.730+0000] {processor.py:830} INFO - Processing file /opt/airflow/dags/daily_customers_dag.py for tasks to queue
[2025-06-26T05:33:11.731+0000] {logging_mixin.py:188} INFO - [2025-06-26T05:33:11.730+0000] {dagbag.py:538} INFO - Filling up the DagBag from /opt/airflow/dags/daily_customers_dag.py
[2025-06-26T05:33:11.742+0000] {processor.py:840} INFO - DAG(s) 'insert_customers_csv_to_postgres' retrieved from /opt/airflow/dags/daily_customers_dag.py
[2025-06-26T05:33:11.762+0000] {logging_mixin.py:188} INFO - [2025-06-26T05:33:11.762+0000] {dag.py:3036} INFO - Sync 1 DAGs
[2025-06-26T05:33:11.772+0000] {logging_mixin.py:188} INFO - [2025-06-26T05:33:11.772+0000] {dag.py:3823} INFO - Setting next_dagrun for insert_customers_csv_to_postgres to None, run_after=None
[2025-06-26T05:33:11.794+0000] {processor.py:183} INFO - Processing /opt/airflow/dags/daily_customers_dag.py took 0.069 seconds
[2025-06-26T05:33:42.353+0000] {processor.py:161} INFO - Started process (PID=837) to work on /opt/airflow/dags/daily_customers_dag.py
[2025-06-26T05:33:42.354+0000] {processor.py:830} INFO - Processing file /opt/airflow/dags/daily_customers_dag.py for tasks to queue
[2025-06-26T05:33:42.355+0000] {logging_mixin.py:188} INFO - [2025-06-26T05:33:42.355+0000] {dagbag.py:538} INFO - Filling up the DagBag from /opt/airflow/dags/daily_customers_dag.py
[2025-06-26T05:33:42.367+0000] {processor.py:840} INFO - DAG(s) 'insert_customers_csv_to_postgres' retrieved from /opt/airflow/dags/daily_customers_dag.py
[2025-06-26T05:33:42.387+0000] {logging_mixin.py:188} INFO - [2025-06-26T05:33:42.387+0000] {dag.py:3036} INFO - Sync 1 DAGs
[2025-06-26T05:33:42.398+0000] {logging_mixin.py:188} INFO - [2025-06-26T05:33:42.398+0000] {dag.py:3823} INFO - Setting next_dagrun for insert_customers_csv_to_postgres to None, run_after=None
[2025-06-26T05:33:42.420+0000] {processor.py:183} INFO - Processing /opt/airflow/dags/daily_customers_dag.py took 0.070 seconds
[2025-06-26T05:34:12.976+0000] {processor.py:161} INFO - Started process (PID=857) to work on /opt/airflow/dags/daily_customers_dag.py
[2025-06-26T05:34:12.977+0000] {processor.py:830} INFO - Processing file /opt/airflow/dags/daily_customers_dag.py for tasks to queue
[2025-06-26T05:34:12.978+0000] {logging_mixin.py:188} INFO - [2025-06-26T05:34:12.978+0000] {dagbag.py:538} INFO - Filling up the DagBag from /opt/airflow/dags/daily_customers_dag.py
[2025-06-26T05:34:12.990+0000] {processor.py:840} INFO - DAG(s) 'insert_customers_csv_to_postgres' retrieved from /opt/airflow/dags/daily_customers_dag.py
[2025-06-26T05:34:13.010+0000] {logging_mixin.py:188} INFO - [2025-06-26T05:34:13.010+0000] {dag.py:3036} INFO - Sync 1 DAGs
[2025-06-26T05:34:13.020+0000] {logging_mixin.py:188} INFO - [2025-06-26T05:34:13.020+0000] {dag.py:3823} INFO - Setting next_dagrun for insert_customers_csv_to_postgres to None, run_after=None
[2025-06-26T05:34:13.040+0000] {processor.py:183} INFO - Processing /opt/airflow/dags/daily_customers_dag.py took 0.067 seconds
[2025-06-26T05:34:43.620+0000] {processor.py:161} INFO - Started process (PID=877) to work on /opt/airflow/dags/daily_customers_dag.py
[2025-06-26T05:34:43.621+0000] {processor.py:830} INFO - Processing file /opt/airflow/dags/daily_customers_dag.py for tasks to queue
[2025-06-26T05:34:43.622+0000] {logging_mixin.py:188} INFO - [2025-06-26T05:34:43.621+0000] {dagbag.py:538} INFO - Filling up the DagBag from /opt/airflow/dags/daily_customers_dag.py
[2025-06-26T05:34:43.633+0000] {processor.py:840} INFO - DAG(s) 'insert_customers_csv_to_postgres' retrieved from /opt/airflow/dags/daily_customers_dag.py
[2025-06-26T05:34:43.657+0000] {logging_mixin.py:188} INFO - [2025-06-26T05:34:43.656+0000] {dag.py:3036} INFO - Sync 1 DAGs
[2025-06-26T05:34:43.667+0000] {logging_mixin.py:188} INFO - [2025-06-26T05:34:43.666+0000] {dag.py:3823} INFO - Setting next_dagrun for insert_customers_csv_to_postgres to None, run_after=None
[2025-06-26T05:34:43.687+0000] {processor.py:183} INFO - Processing /opt/airflow/dags/daily_customers_dag.py took 0.071 seconds
[2025-06-26T05:35:14.240+0000] {processor.py:161} INFO - Started process (PID=897) to work on /opt/airflow/dags/daily_customers_dag.py
[2025-06-26T05:35:14.241+0000] {processor.py:830} INFO - Processing file /opt/airflow/dags/daily_customers_dag.py for tasks to queue
[2025-06-26T05:35:14.242+0000] {logging_mixin.py:188} INFO - [2025-06-26T05:35:14.241+0000] {dagbag.py:538} INFO - Filling up the DagBag from /opt/airflow/dags/daily_customers_dag.py
[2025-06-26T05:35:14.254+0000] {processor.py:840} INFO - DAG(s) 'insert_customers_csv_to_postgres' retrieved from /opt/airflow/dags/daily_customers_dag.py
[2025-06-26T05:35:14.275+0000] {logging_mixin.py:188} INFO - [2025-06-26T05:35:14.275+0000] {dag.py:3036} INFO - Sync 1 DAGs
[2025-06-26T05:35:14.285+0000] {logging_mixin.py:188} INFO - [2025-06-26T05:35:14.285+0000] {dag.py:3823} INFO - Setting next_dagrun for insert_customers_csv_to_postgres to None, run_after=None
[2025-06-26T05:35:14.307+0000] {processor.py:183} INFO - Processing /opt/airflow/dags/daily_customers_dag.py took 0.070 seconds
[2025-06-26T05:35:44.879+0000] {processor.py:161} INFO - Started process (PID=917) to work on /opt/airflow/dags/daily_customers_dag.py
[2025-06-26T05:35:44.880+0000] {processor.py:830} INFO - Processing file /opt/airflow/dags/daily_customers_dag.py for tasks to queue
[2025-06-26T05:35:44.881+0000] {logging_mixin.py:188} INFO - [2025-06-26T05:35:44.880+0000] {dagbag.py:538} INFO - Filling up the DagBag from /opt/airflow/dags/daily_customers_dag.py
[2025-06-26T05:35:44.893+0000] {processor.py:840} INFO - DAG(s) 'insert_customers_csv_to_postgres' retrieved from /opt/airflow/dags/daily_customers_dag.py
[2025-06-26T05:35:44.913+0000] {logging_mixin.py:188} INFO - [2025-06-26T05:35:44.913+0000] {dag.py:3036} INFO - Sync 1 DAGs
[2025-06-26T05:35:44.923+0000] {logging_mixin.py:188} INFO - [2025-06-26T05:35:44.923+0000] {dag.py:3823} INFO - Setting next_dagrun for insert_customers_csv_to_postgres to None, run_after=None
[2025-06-26T05:35:44.942+0000] {processor.py:183} INFO - Processing /opt/airflow/dags/daily_customers_dag.py took 0.066 seconds
[2025-06-26T05:36:15.537+0000] {processor.py:161} INFO - Started process (PID=937) to work on /opt/airflow/dags/daily_customers_dag.py
[2025-06-26T05:36:15.538+0000] {processor.py:830} INFO - Processing file /opt/airflow/dags/daily_customers_dag.py for tasks to queue
[2025-06-26T05:36:15.539+0000] {logging_mixin.py:188} INFO - [2025-06-26T05:36:15.538+0000] {dagbag.py:538} INFO - Filling up the DagBag from /opt/airflow/dags/daily_customers_dag.py
[2025-06-26T05:36:15.550+0000] {processor.py:840} INFO - DAG(s) 'insert_customers_csv_to_postgres' retrieved from /opt/airflow/dags/daily_customers_dag.py
[2025-06-26T05:36:15.569+0000] {logging_mixin.py:188} INFO - [2025-06-26T05:36:15.569+0000] {dag.py:3036} INFO - Sync 1 DAGs
[2025-06-26T05:36:15.579+0000] {logging_mixin.py:188} INFO - [2025-06-26T05:36:15.579+0000] {dag.py:3823} INFO - Setting next_dagrun for insert_customers_csv_to_postgres to None, run_after=None
[2025-06-26T05:36:15.604+0000] {processor.py:183} INFO - Processing /opt/airflow/dags/daily_customers_dag.py took 0.071 seconds
[2025-06-26T05:36:46.215+0000] {processor.py:161} INFO - Started process (PID=957) to work on /opt/airflow/dags/daily_customers_dag.py
[2025-06-26T05:36:46.216+0000] {processor.py:830} INFO - Processing file /opt/airflow/dags/daily_customers_dag.py for tasks to queue
[2025-06-26T05:36:46.217+0000] {logging_mixin.py:188} INFO - [2025-06-26T05:36:46.216+0000] {dagbag.py:538} INFO - Filling up the DagBag from /opt/airflow/dags/daily_customers_dag.py
[2025-06-26T05:36:46.230+0000] {processor.py:840} INFO - DAG(s) 'insert_customers_csv_to_postgres' retrieved from /opt/airflow/dags/daily_customers_dag.py
[2025-06-26T05:36:46.249+0000] {logging_mixin.py:188} INFO - [2025-06-26T05:36:46.249+0000] {dag.py:3036} INFO - Sync 1 DAGs
[2025-06-26T05:36:46.259+0000] {logging_mixin.py:188} INFO - [2025-06-26T05:36:46.259+0000] {dag.py:3823} INFO - Setting next_dagrun for insert_customers_csv_to_postgres to None, run_after=None
[2025-06-26T05:36:46.282+0000] {processor.py:183} INFO - Processing /opt/airflow/dags/daily_customers_dag.py took 0.070 seconds
[2025-06-26T05:37:16.879+0000] {processor.py:161} INFO - Started process (PID=977) to work on /opt/airflow/dags/daily_customers_dag.py
[2025-06-26T05:37:16.880+0000] {processor.py:830} INFO - Processing file /opt/airflow/dags/daily_customers_dag.py for tasks to queue
[2025-06-26T05:37:16.881+0000] {logging_mixin.py:188} INFO - [2025-06-26T05:37:16.881+0000] {dagbag.py:538} INFO - Filling up the DagBag from /opt/airflow/dags/daily_customers_dag.py
[2025-06-26T05:37:16.893+0000] {processor.py:840} INFO - DAG(s) 'insert_customers_csv_to_postgres' retrieved from /opt/airflow/dags/daily_customers_dag.py
[2025-06-26T05:37:16.912+0000] {logging_mixin.py:188} INFO - [2025-06-26T05:37:16.912+0000] {dag.py:3036} INFO - Sync 1 DAGs
[2025-06-26T05:37:16.922+0000] {logging_mixin.py:188} INFO - [2025-06-26T05:37:16.922+0000] {dag.py:3823} INFO - Setting next_dagrun for insert_customers_csv_to_postgres to None, run_after=None
[2025-06-26T05:37:16.945+0000] {processor.py:183} INFO - Processing /opt/airflow/dags/daily_customers_dag.py took 0.068 seconds
[2025-06-26T05:37:47.583+0000] {processor.py:161} INFO - Started process (PID=997) to work on /opt/airflow/dags/daily_customers_dag.py
[2025-06-26T05:37:47.584+0000] {processor.py:830} INFO - Processing file /opt/airflow/dags/daily_customers_dag.py for tasks to queue
[2025-06-26T05:37:47.585+0000] {logging_mixin.py:188} INFO - [2025-06-26T05:37:47.584+0000] {dagbag.py:538} INFO - Filling up the DagBag from /opt/airflow/dags/daily_customers_dag.py
[2025-06-26T05:37:47.596+0000] {processor.py:840} INFO - DAG(s) 'insert_customers_csv_to_postgres' retrieved from /opt/airflow/dags/daily_customers_dag.py
[2025-06-26T05:37:47.615+0000] {logging_mixin.py:188} INFO - [2025-06-26T05:37:47.615+0000] {dag.py:3036} INFO - Sync 1 DAGs
[2025-06-26T05:37:47.626+0000] {logging_mixin.py:188} INFO - [2025-06-26T05:37:47.625+0000] {dag.py:3823} INFO - Setting next_dagrun for insert_customers_csv_to_postgres to None, run_after=None
[2025-06-26T05:37:47.647+0000] {processor.py:183} INFO - Processing /opt/airflow/dags/daily_customers_dag.py took 0.067 seconds
[2025-06-26T05:38:18.192+0000] {processor.py:161} INFO - Started process (PID=1017) to work on /opt/airflow/dags/daily_customers_dag.py
[2025-06-26T05:38:18.193+0000] {processor.py:830} INFO - Processing file /opt/airflow/dags/daily_customers_dag.py for tasks to queue
[2025-06-26T05:38:18.194+0000] {logging_mixin.py:188} INFO - [2025-06-26T05:38:18.194+0000] {dagbag.py:538} INFO - Filling up the DagBag from /opt/airflow/dags/daily_customers_dag.py
[2025-06-26T05:38:18.205+0000] {processor.py:840} INFO - DAG(s) 'insert_customers_csv_to_postgres' retrieved from /opt/airflow/dags/daily_customers_dag.py
[2025-06-26T05:38:18.226+0000] {logging_mixin.py:188} INFO - [2025-06-26T05:38:18.225+0000] {dag.py:3036} INFO - Sync 1 DAGs
[2025-06-26T05:38:18.235+0000] {logging_mixin.py:188} INFO - [2025-06-26T05:38:18.235+0000] {dag.py:3823} INFO - Setting next_dagrun for insert_customers_csv_to_postgres to None, run_after=None
[2025-06-26T05:38:18.259+0000] {processor.py:183} INFO - Processing /opt/airflow/dags/daily_customers_dag.py took 0.069 seconds
[2025-06-26T05:38:48.946+0000] {processor.py:161} INFO - Started process (PID=1037) to work on /opt/airflow/dags/daily_customers_dag.py
[2025-06-26T05:38:48.947+0000] {processor.py:830} INFO - Processing file /opt/airflow/dags/daily_customers_dag.py for tasks to queue
[2025-06-26T05:38:48.948+0000] {logging_mixin.py:188} INFO - [2025-06-26T05:38:48.948+0000] {dagbag.py:538} INFO - Filling up the DagBag from /opt/airflow/dags/daily_customers_dag.py
[2025-06-26T05:38:48.960+0000] {processor.py:840} INFO - DAG(s) 'insert_customers_csv_to_postgres' retrieved from /opt/airflow/dags/daily_customers_dag.py
[2025-06-26T05:38:48.980+0000] {logging_mixin.py:188} INFO - [2025-06-26T05:38:48.980+0000] {dag.py:3036} INFO - Sync 1 DAGs
[2025-06-26T05:38:48.991+0000] {logging_mixin.py:188} INFO - [2025-06-26T05:38:48.991+0000] {dag.py:3823} INFO - Setting next_dagrun for insert_customers_csv_to_postgres to None, run_after=None
[2025-06-26T05:38:49.013+0000] {processor.py:183} INFO - Processing /opt/airflow/dags/daily_customers_dag.py took 0.070 seconds
[2025-06-26T05:39:19.656+0000] {processor.py:161} INFO - Started process (PID=1057) to work on /opt/airflow/dags/daily_customers_dag.py
[2025-06-26T05:39:19.657+0000] {processor.py:830} INFO - Processing file /opt/airflow/dags/daily_customers_dag.py for tasks to queue
[2025-06-26T05:39:19.659+0000] {logging_mixin.py:188} INFO - [2025-06-26T05:39:19.658+0000] {dagbag.py:538} INFO - Filling up the DagBag from /opt/airflow/dags/daily_customers_dag.py
[2025-06-26T05:39:19.680+0000] {processor.py:840} INFO - DAG(s) 'insert_customers_csv_to_postgres' retrieved from /opt/airflow/dags/daily_customers_dag.py
[2025-06-26T05:39:19.707+0000] {logging_mixin.py:188} INFO - [2025-06-26T05:39:19.707+0000] {dag.py:3036} INFO - Sync 1 DAGs
[2025-06-26T05:39:19.721+0000] {logging_mixin.py:188} INFO - [2025-06-26T05:39:19.720+0000] {dag.py:3823} INFO - Setting next_dagrun for insert_customers_csv_to_postgres to None, run_after=None
[2025-06-26T05:39:19.747+0000] {processor.py:183} INFO - Processing /opt/airflow/dags/daily_customers_dag.py took 0.095 seconds
[2025-06-26T05:39:50.322+0000] {processor.py:161} INFO - Started process (PID=1077) to work on /opt/airflow/dags/daily_customers_dag.py
[2025-06-26T05:39:50.324+0000] {processor.py:830} INFO - Processing file /opt/airflow/dags/daily_customers_dag.py for tasks to queue
[2025-06-26T05:39:50.325+0000] {logging_mixin.py:188} INFO - [2025-06-26T05:39:50.324+0000] {dagbag.py:538} INFO - Filling up the DagBag from /opt/airflow/dags/daily_customers_dag.py
[2025-06-26T05:39:50.339+0000] {processor.py:840} INFO - DAG(s) 'insert_customers_csv_to_postgres' retrieved from /opt/airflow/dags/daily_customers_dag.py
[2025-06-26T05:39:50.359+0000] {logging_mixin.py:188} INFO - [2025-06-26T05:39:50.358+0000] {dag.py:3036} INFO - Sync 1 DAGs
[2025-06-26T05:39:50.369+0000] {logging_mixin.py:188} INFO - [2025-06-26T05:39:50.369+0000] {dag.py:3823} INFO - Setting next_dagrun for insert_customers_csv_to_postgres to None, run_after=None
[2025-06-26T05:39:50.395+0000] {processor.py:183} INFO - Processing /opt/airflow/dags/daily_customers_dag.py took 0.075 seconds
[2025-06-26T05:40:20.977+0000] {processor.py:161} INFO - Started process (PID=1097) to work on /opt/airflow/dags/daily_customers_dag.py
[2025-06-26T05:40:20.978+0000] {processor.py:830} INFO - Processing file /opt/airflow/dags/daily_customers_dag.py for tasks to queue
[2025-06-26T05:40:20.979+0000] {logging_mixin.py:188} INFO - [2025-06-26T05:40:20.979+0000] {dagbag.py:538} INFO - Filling up the DagBag from /opt/airflow/dags/daily_customers_dag.py
[2025-06-26T05:40:20.994+0000] {processor.py:840} INFO - DAG(s) 'insert_customers_csv_to_postgres' retrieved from /opt/airflow/dags/daily_customers_dag.py
[2025-06-26T05:40:21.018+0000] {logging_mixin.py:188} INFO - [2025-06-26T05:40:21.018+0000] {dag.py:3036} INFO - Sync 1 DAGs
[2025-06-26T05:40:21.030+0000] {logging_mixin.py:188} INFO - [2025-06-26T05:40:21.030+0000] {dag.py:3823} INFO - Setting next_dagrun for insert_customers_csv_to_postgres to None, run_after=None
[2025-06-26T05:40:21.055+0000] {processor.py:183} INFO - Processing /opt/airflow/dags/daily_customers_dag.py took 0.081 seconds
[2025-06-26T05:40:51.647+0000] {processor.py:161} INFO - Started process (PID=1117) to work on /opt/airflow/dags/daily_customers_dag.py
[2025-06-26T05:40:51.648+0000] {processor.py:830} INFO - Processing file /opt/airflow/dags/daily_customers_dag.py for tasks to queue
[2025-06-26T05:40:51.649+0000] {logging_mixin.py:188} INFO - [2025-06-26T05:40:51.649+0000] {dagbag.py:538} INFO - Filling up the DagBag from /opt/airflow/dags/daily_customers_dag.py
[2025-06-26T05:40:51.662+0000] {processor.py:840} INFO - DAG(s) 'insert_customers_csv_to_postgres' retrieved from /opt/airflow/dags/daily_customers_dag.py
[2025-06-26T05:40:51.684+0000] {logging_mixin.py:188} INFO - [2025-06-26T05:40:51.683+0000] {dag.py:3036} INFO - Sync 1 DAGs
[2025-06-26T05:40:51.695+0000] {logging_mixin.py:188} INFO - [2025-06-26T05:40:51.694+0000] {dag.py:3823} INFO - Setting next_dagrun for insert_customers_csv_to_postgres to None, run_after=None
[2025-06-26T05:40:51.715+0000] {processor.py:183} INFO - Processing /opt/airflow/dags/daily_customers_dag.py took 0.071 seconds
[2025-06-26T05:41:22.313+0000] {processor.py:161} INFO - Started process (PID=1137) to work on /opt/airflow/dags/daily_customers_dag.py
[2025-06-26T05:41:22.314+0000] {processor.py:830} INFO - Processing file /opt/airflow/dags/daily_customers_dag.py for tasks to queue
[2025-06-26T05:41:22.315+0000] {logging_mixin.py:188} INFO - [2025-06-26T05:41:22.315+0000] {dagbag.py:538} INFO - Filling up the DagBag from /opt/airflow/dags/daily_customers_dag.py
[2025-06-26T05:41:22.327+0000] {processor.py:840} INFO - DAG(s) 'insert_customers_csv_to_postgres' retrieved from /opt/airflow/dags/daily_customers_dag.py
[2025-06-26T05:41:22.347+0000] {logging_mixin.py:188} INFO - [2025-06-26T05:41:22.347+0000] {dag.py:3036} INFO - Sync 1 DAGs
[2025-06-26T05:41:22.358+0000] {logging_mixin.py:188} INFO - [2025-06-26T05:41:22.357+0000] {dag.py:3823} INFO - Setting next_dagrun for insert_customers_csv_to_postgres to None, run_after=None
[2025-06-26T05:41:22.381+0000] {processor.py:183} INFO - Processing /opt/airflow/dags/daily_customers_dag.py took 0.070 seconds
[2025-06-26T05:41:53.017+0000] {processor.py:161} INFO - Started process (PID=1157) to work on /opt/airflow/dags/daily_customers_dag.py
[2025-06-26T05:41:53.018+0000] {processor.py:830} INFO - Processing file /opt/airflow/dags/daily_customers_dag.py for tasks to queue
[2025-06-26T05:41:53.019+0000] {logging_mixin.py:188} INFO - [2025-06-26T05:41:53.019+0000] {dagbag.py:538} INFO - Filling up the DagBag from /opt/airflow/dags/daily_customers_dag.py
[2025-06-26T05:41:53.031+0000] {processor.py:840} INFO - DAG(s) 'insert_customers_csv_to_postgres' retrieved from /opt/airflow/dags/daily_customers_dag.py
[2025-06-26T05:41:53.051+0000] {logging_mixin.py:188} INFO - [2025-06-26T05:41:53.051+0000] {dag.py:3036} INFO - Sync 1 DAGs
[2025-06-26T05:41:53.061+0000] {logging_mixin.py:188} INFO - [2025-06-26T05:41:53.061+0000] {dag.py:3823} INFO - Setting next_dagrun for insert_customers_csv_to_postgres to None, run_after=None
[2025-06-26T05:41:53.085+0000] {processor.py:183} INFO - Processing /opt/airflow/dags/daily_customers_dag.py took 0.071 seconds
[2025-06-26T05:42:23.794+0000] {processor.py:161} INFO - Started process (PID=1177) to work on /opt/airflow/dags/daily_customers_dag.py
[2025-06-26T05:42:23.795+0000] {processor.py:830} INFO - Processing file /opt/airflow/dags/daily_customers_dag.py for tasks to queue
[2025-06-26T05:42:23.796+0000] {logging_mixin.py:188} INFO - [2025-06-26T05:42:23.796+0000] {dagbag.py:538} INFO - Filling up the DagBag from /opt/airflow/dags/daily_customers_dag.py
[2025-06-26T05:42:23.812+0000] {processor.py:840} INFO - DAG(s) 'insert_customers_csv_to_postgres' retrieved from /opt/airflow/dags/daily_customers_dag.py
[2025-06-26T05:42:23.835+0000] {logging_mixin.py:188} INFO - [2025-06-26T05:42:23.835+0000] {dag.py:3036} INFO - Sync 1 DAGs
[2025-06-26T05:42:23.847+0000] {logging_mixin.py:188} INFO - [2025-06-26T05:42:23.846+0000] {dag.py:3823} INFO - Setting next_dagrun for insert_customers_csv_to_postgres to None, run_after=None
[2025-06-26T05:42:23.868+0000] {processor.py:183} INFO - Processing /opt/airflow/dags/daily_customers_dag.py took 0.077 seconds
[2025-06-26T05:42:54.450+0000] {processor.py:161} INFO - Started process (PID=1197) to work on /opt/airflow/dags/daily_customers_dag.py
[2025-06-26T05:42:54.452+0000] {processor.py:830} INFO - Processing file /opt/airflow/dags/daily_customers_dag.py for tasks to queue
[2025-06-26T05:42:54.453+0000] {logging_mixin.py:188} INFO - [2025-06-26T05:42:54.453+0000] {dagbag.py:538} INFO - Filling up the DagBag from /opt/airflow/dags/daily_customers_dag.py
[2025-06-26T05:42:54.466+0000] {processor.py:840} INFO - DAG(s) 'insert_customers_csv_to_postgres' retrieved from /opt/airflow/dags/daily_customers_dag.py
[2025-06-26T05:42:54.489+0000] {logging_mixin.py:188} INFO - [2025-06-26T05:42:54.489+0000] {dag.py:3036} INFO - Sync 1 DAGs
[2025-06-26T05:42:54.506+0000] {logging_mixin.py:188} INFO - [2025-06-26T05:42:54.505+0000] {dag.py:3823} INFO - Setting next_dagrun for insert_customers_csv_to_postgres to None, run_after=None
[2025-06-26T05:42:54.535+0000] {processor.py:183} INFO - Processing /opt/airflow/dags/daily_customers_dag.py took 0.088 seconds
[2025-06-26T05:43:25.156+0000] {processor.py:161} INFO - Started process (PID=1217) to work on /opt/airflow/dags/daily_customers_dag.py
[2025-06-26T05:43:25.157+0000] {processor.py:830} INFO - Processing file /opt/airflow/dags/daily_customers_dag.py for tasks to queue
[2025-06-26T05:43:25.159+0000] {logging_mixin.py:188} INFO - [2025-06-26T05:43:25.159+0000] {dagbag.py:538} INFO - Filling up the DagBag from /opt/airflow/dags/daily_customers_dag.py
[2025-06-26T05:43:25.176+0000] {processor.py:840} INFO - DAG(s) 'insert_customers_csv_to_postgres' retrieved from /opt/airflow/dags/daily_customers_dag.py
[2025-06-26T05:43:25.202+0000] {logging_mixin.py:188} INFO - [2025-06-26T05:43:25.202+0000] {dag.py:3036} INFO - Sync 1 DAGs
[2025-06-26T05:43:25.219+0000] {logging_mixin.py:188} INFO - [2025-06-26T05:43:25.218+0000] {dag.py:3823} INFO - Setting next_dagrun for insert_customers_csv_to_postgres to None, run_after=None
[2025-06-26T05:43:25.249+0000] {processor.py:183} INFO - Processing /opt/airflow/dags/daily_customers_dag.py took 0.097 seconds
[2025-06-26T05:43:55.851+0000] {processor.py:161} INFO - Started process (PID=1237) to work on /opt/airflow/dags/daily_customers_dag.py
[2025-06-26T05:43:55.852+0000] {processor.py:830} INFO - Processing file /opt/airflow/dags/daily_customers_dag.py for tasks to queue
[2025-06-26T05:43:55.853+0000] {logging_mixin.py:188} INFO - [2025-06-26T05:43:55.852+0000] {dagbag.py:538} INFO - Filling up the DagBag from /opt/airflow/dags/daily_customers_dag.py
[2025-06-26T05:43:55.867+0000] {processor.py:840} INFO - DAG(s) 'insert_customers_csv_to_postgres' retrieved from /opt/airflow/dags/daily_customers_dag.py
[2025-06-26T05:43:55.888+0000] {logging_mixin.py:188} INFO - [2025-06-26T05:43:55.887+0000] {dag.py:3036} INFO - Sync 1 DAGs
[2025-06-26T05:43:55.897+0000] {logging_mixin.py:188} INFO - [2025-06-26T05:43:55.897+0000] {dag.py:3823} INFO - Setting next_dagrun for insert_customers_csv_to_postgres to None, run_after=None
[2025-06-26T05:43:55.919+0000] {processor.py:183} INFO - Processing /opt/airflow/dags/daily_customers_dag.py took 0.072 seconds
[2025-06-26T05:44:26.491+0000] {processor.py:161} INFO - Started process (PID=1257) to work on /opt/airflow/dags/daily_customers_dag.py
[2025-06-26T05:44:26.492+0000] {processor.py:830} INFO - Processing file /opt/airflow/dags/daily_customers_dag.py for tasks to queue
[2025-06-26T05:44:26.493+0000] {logging_mixin.py:188} INFO - [2025-06-26T05:44:26.493+0000] {dagbag.py:538} INFO - Filling up the DagBag from /opt/airflow/dags/daily_customers_dag.py
[2025-06-26T05:44:26.506+0000] {processor.py:840} INFO - DAG(s) 'insert_customers_csv_to_postgres' retrieved from /opt/airflow/dags/daily_customers_dag.py
[2025-06-26T05:44:26.527+0000] {logging_mixin.py:188} INFO - [2025-06-26T05:44:26.526+0000] {dag.py:3036} INFO - Sync 1 DAGs
[2025-06-26T05:44:26.540+0000] {logging_mixin.py:188} INFO - [2025-06-26T05:44:26.539+0000] {dag.py:3823} INFO - Setting next_dagrun for insert_customers_csv_to_postgres to None, run_after=None
[2025-06-26T05:44:26.562+0000] {processor.py:183} INFO - Processing /opt/airflow/dags/daily_customers_dag.py took 0.075 seconds
[2025-06-26T05:44:57.139+0000] {processor.py:161} INFO - Started process (PID=1277) to work on /opt/airflow/dags/daily_customers_dag.py
[2025-06-26T05:44:57.139+0000] {processor.py:830} INFO - Processing file /opt/airflow/dags/daily_customers_dag.py for tasks to queue
[2025-06-26T05:44:57.140+0000] {logging_mixin.py:188} INFO - [2025-06-26T05:44:57.140+0000] {dagbag.py:538} INFO - Filling up the DagBag from /opt/airflow/dags/daily_customers_dag.py
[2025-06-26T05:44:57.151+0000] {processor.py:840} INFO - DAG(s) 'insert_customers_csv_to_postgres' retrieved from /opt/airflow/dags/daily_customers_dag.py
[2025-06-26T05:44:57.175+0000] {logging_mixin.py:188} INFO - [2025-06-26T05:44:57.174+0000] {dag.py:3036} INFO - Sync 1 DAGs
[2025-06-26T05:44:57.185+0000] {logging_mixin.py:188} INFO - [2025-06-26T05:44:57.185+0000] {dag.py:3823} INFO - Setting next_dagrun for insert_customers_csv_to_postgres to None, run_after=None
[2025-06-26T05:44:57.209+0000] {processor.py:183} INFO - Processing /opt/airflow/dags/daily_customers_dag.py took 0.073 seconds
[2025-06-26T05:45:27.771+0000] {processor.py:161} INFO - Started process (PID=1297) to work on /opt/airflow/dags/daily_customers_dag.py
[2025-06-26T05:45:27.772+0000] {processor.py:830} INFO - Processing file /opt/airflow/dags/daily_customers_dag.py for tasks to queue
[2025-06-26T05:45:27.773+0000] {logging_mixin.py:188} INFO - [2025-06-26T05:45:27.773+0000] {dagbag.py:538} INFO - Filling up the DagBag from /opt/airflow/dags/daily_customers_dag.py
[2025-06-26T05:45:27.788+0000] {processor.py:840} INFO - DAG(s) 'insert_customers_csv_to_postgres' retrieved from /opt/airflow/dags/daily_customers_dag.py
[2025-06-26T05:45:27.810+0000] {logging_mixin.py:188} INFO - [2025-06-26T05:45:27.809+0000] {dag.py:3036} INFO - Sync 1 DAGs
[2025-06-26T05:45:27.825+0000] {logging_mixin.py:188} INFO - [2025-06-26T05:45:27.824+0000] {dag.py:3823} INFO - Setting next_dagrun for insert_customers_csv_to_postgres to None, run_after=None
[2025-06-26T05:45:27.844+0000] {processor.py:183} INFO - Processing /opt/airflow/dags/daily_customers_dag.py took 0.076 seconds
[2025-06-26T05:45:58.400+0000] {processor.py:161} INFO - Started process (PID=1317) to work on /opt/airflow/dags/daily_customers_dag.py
[2025-06-26T05:45:58.401+0000] {processor.py:830} INFO - Processing file /opt/airflow/dags/daily_customers_dag.py for tasks to queue
[2025-06-26T05:45:58.402+0000] {logging_mixin.py:188} INFO - [2025-06-26T05:45:58.402+0000] {dagbag.py:538} INFO - Filling up the DagBag from /opt/airflow/dags/daily_customers_dag.py
[2025-06-26T05:45:58.415+0000] {processor.py:840} INFO - DAG(s) 'insert_customers_csv_to_postgres' retrieved from /opt/airflow/dags/daily_customers_dag.py
[2025-06-26T05:45:58.434+0000] {logging_mixin.py:188} INFO - [2025-06-26T05:45:58.433+0000] {dag.py:3036} INFO - Sync 1 DAGs
[2025-06-26T05:45:58.444+0000] {logging_mixin.py:188} INFO - [2025-06-26T05:45:58.443+0000] {dag.py:3823} INFO - Setting next_dagrun for insert_customers_csv_to_postgres to None, run_after=None
[2025-06-26T05:45:58.465+0000] {processor.py:183} INFO - Processing /opt/airflow/dags/daily_customers_dag.py took 0.068 seconds
[2025-06-26T05:46:29.025+0000] {processor.py:161} INFO - Started process (PID=1337) to work on /opt/airflow/dags/daily_customers_dag.py
[2025-06-26T05:46:29.027+0000] {processor.py:830} INFO - Processing file /opt/airflow/dags/daily_customers_dag.py for tasks to queue
[2025-06-26T05:46:29.028+0000] {logging_mixin.py:188} INFO - [2025-06-26T05:46:29.027+0000] {dagbag.py:538} INFO - Filling up the DagBag from /opt/airflow/dags/daily_customers_dag.py
[2025-06-26T05:46:29.039+0000] {processor.py:840} INFO - DAG(s) 'insert_customers_csv_to_postgres' retrieved from /opt/airflow/dags/daily_customers_dag.py
[2025-06-26T05:46:29.059+0000] {logging_mixin.py:188} INFO - [2025-06-26T05:46:29.059+0000] {dag.py:3036} INFO - Sync 1 DAGs
[2025-06-26T05:46:29.069+0000] {logging_mixin.py:188} INFO - [2025-06-26T05:46:29.069+0000] {dag.py:3823} INFO - Setting next_dagrun for insert_customers_csv_to_postgres to None, run_after=None
[2025-06-26T05:46:29.101+0000] {processor.py:183} INFO - Processing /opt/airflow/dags/daily_customers_dag.py took 0.078 seconds
[2025-06-26T05:46:59.925+0000] {processor.py:161} INFO - Started process (PID=1357) to work on /opt/airflow/dags/daily_customers_dag.py
[2025-06-26T05:46:59.926+0000] {processor.py:830} INFO - Processing file /opt/airflow/dags/daily_customers_dag.py for tasks to queue
[2025-06-26T05:46:59.927+0000] {logging_mixin.py:188} INFO - [2025-06-26T05:46:59.927+0000] {dagbag.py:538} INFO - Filling up the DagBag from /opt/airflow/dags/daily_customers_dag.py
[2025-06-26T05:46:59.940+0000] {processor.py:840} INFO - DAG(s) 'insert_customers_csv_to_postgres' retrieved from /opt/airflow/dags/daily_customers_dag.py
[2025-06-26T05:46:59.960+0000] {logging_mixin.py:188} INFO - [2025-06-26T05:46:59.960+0000] {dag.py:3036} INFO - Sync 1 DAGs
[2025-06-26T05:46:59.970+0000] {logging_mixin.py:188} INFO - [2025-06-26T05:46:59.970+0000] {dag.py:3823} INFO - Setting next_dagrun for insert_customers_csv_to_postgres to None, run_after=None
[2025-06-26T05:46:59.992+0000] {processor.py:183} INFO - Processing /opt/airflow/dags/daily_customers_dag.py took 0.069 seconds
[2025-06-26T05:47:30.526+0000] {processor.py:161} INFO - Started process (PID=1377) to work on /opt/airflow/dags/daily_customers_dag.py
[2025-06-26T05:47:30.528+0000] {processor.py:830} INFO - Processing file /opt/airflow/dags/daily_customers_dag.py for tasks to queue
[2025-06-26T05:47:30.529+0000] {logging_mixin.py:188} INFO - [2025-06-26T05:47:30.528+0000] {dagbag.py:538} INFO - Filling up the DagBag from /opt/airflow/dags/daily_customers_dag.py
[2025-06-26T05:47:30.540+0000] {processor.py:840} INFO - DAG(s) 'insert_customers_csv_to_postgres' retrieved from /opt/airflow/dags/daily_customers_dag.py
[2025-06-26T05:47:30.560+0000] {logging_mixin.py:188} INFO - [2025-06-26T05:47:30.560+0000] {dag.py:3036} INFO - Sync 1 DAGs
[2025-06-26T05:47:30.570+0000] {logging_mixin.py:188} INFO - [2025-06-26T05:47:30.570+0000] {dag.py:3823} INFO - Setting next_dagrun for insert_customers_csv_to_postgres to None, run_after=None
[2025-06-26T05:47:30.591+0000] {processor.py:183} INFO - Processing /opt/airflow/dags/daily_customers_dag.py took 0.068 seconds
[2025-06-26T05:48:01.159+0000] {processor.py:161} INFO - Started process (PID=1397) to work on /opt/airflow/dags/daily_customers_dag.py
[2025-06-26T05:48:01.160+0000] {processor.py:830} INFO - Processing file /opt/airflow/dags/daily_customers_dag.py for tasks to queue
[2025-06-26T05:48:01.161+0000] {logging_mixin.py:188} INFO - [2025-06-26T05:48:01.161+0000] {dagbag.py:538} INFO - Filling up the DagBag from /opt/airflow/dags/daily_customers_dag.py
[2025-06-26T05:48:01.175+0000] {processor.py:840} INFO - DAG(s) 'insert_customers_csv_to_postgres' retrieved from /opt/airflow/dags/daily_customers_dag.py
[2025-06-26T05:48:01.198+0000] {logging_mixin.py:188} INFO - [2025-06-26T05:48:01.198+0000] {dag.py:3036} INFO - Sync 1 DAGs
[2025-06-26T05:48:01.209+0000] {logging_mixin.py:188} INFO - [2025-06-26T05:48:01.209+0000] {dag.py:3823} INFO - Setting next_dagrun for insert_customers_csv_to_postgres to None, run_after=None
[2025-06-26T05:48:01.230+0000] {processor.py:183} INFO - Processing /opt/airflow/dags/daily_customers_dag.py took 0.074 seconds
[2025-06-26T05:48:31.796+0000] {processor.py:161} INFO - Started process (PID=1417) to work on /opt/airflow/dags/daily_customers_dag.py
[2025-06-26T05:48:31.797+0000] {processor.py:830} INFO - Processing file /opt/airflow/dags/daily_customers_dag.py for tasks to queue
[2025-06-26T05:48:31.798+0000] {logging_mixin.py:188} INFO - [2025-06-26T05:48:31.797+0000] {dagbag.py:538} INFO - Filling up the DagBag from /opt/airflow/dags/daily_customers_dag.py
[2025-06-26T05:48:31.811+0000] {processor.py:840} INFO - DAG(s) 'insert_customers_csv_to_postgres' retrieved from /opt/airflow/dags/daily_customers_dag.py
[2025-06-26T05:48:31.832+0000] {logging_mixin.py:188} INFO - [2025-06-26T05:48:31.832+0000] {dag.py:3036} INFO - Sync 1 DAGs
[2025-06-26T05:48:31.844+0000] {logging_mixin.py:188} INFO - [2025-06-26T05:48:31.844+0000] {dag.py:3823} INFO - Setting next_dagrun for insert_customers_csv_to_postgres to None, run_after=None
[2025-06-26T05:48:31.866+0000] {processor.py:183} INFO - Processing /opt/airflow/dags/daily_customers_dag.py took 0.074 seconds
[2025-06-26T05:49:02.433+0000] {processor.py:161} INFO - Started process (PID=1437) to work on /opt/airflow/dags/daily_customers_dag.py
[2025-06-26T05:49:02.434+0000] {processor.py:830} INFO - Processing file /opt/airflow/dags/daily_customers_dag.py for tasks to queue
[2025-06-26T05:49:02.435+0000] {logging_mixin.py:188} INFO - [2025-06-26T05:49:02.435+0000] {dagbag.py:538} INFO - Filling up the DagBag from /opt/airflow/dags/daily_customers_dag.py
[2025-06-26T05:49:02.447+0000] {processor.py:840} INFO - DAG(s) 'insert_customers_csv_to_postgres' retrieved from /opt/airflow/dags/daily_customers_dag.py
[2025-06-26T05:49:02.468+0000] {logging_mixin.py:188} INFO - [2025-06-26T05:49:02.467+0000] {dag.py:3036} INFO - Sync 1 DAGs
[2025-06-26T05:49:02.478+0000] {logging_mixin.py:188} INFO - [2025-06-26T05:49:02.478+0000] {dag.py:3823} INFO - Setting next_dagrun for insert_customers_csv_to_postgres to None, run_after=None
[2025-06-26T05:49:02.501+0000] {processor.py:183} INFO - Processing /opt/airflow/dags/daily_customers_dag.py took 0.071 seconds
[2025-06-26T05:49:33.092+0000] {processor.py:161} INFO - Started process (PID=1457) to work on /opt/airflow/dags/daily_customers_dag.py
[2025-06-26T05:49:33.093+0000] {processor.py:830} INFO - Processing file /opt/airflow/dags/daily_customers_dag.py for tasks to queue
[2025-06-26T05:49:33.094+0000] {logging_mixin.py:188} INFO - [2025-06-26T05:49:33.094+0000] {dagbag.py:538} INFO - Filling up the DagBag from /opt/airflow/dags/daily_customers_dag.py
[2025-06-26T05:49:33.106+0000] {processor.py:840} INFO - DAG(s) 'insert_customers_csv_to_postgres' retrieved from /opt/airflow/dags/daily_customers_dag.py
[2025-06-26T05:49:33.127+0000] {logging_mixin.py:188} INFO - [2025-06-26T05:49:33.126+0000] {dag.py:3036} INFO - Sync 1 DAGs
[2025-06-26T05:49:33.138+0000] {logging_mixin.py:188} INFO - [2025-06-26T05:49:33.138+0000] {dag.py:3823} INFO - Setting next_dagrun for insert_customers_csv_to_postgres to None, run_after=None
[2025-06-26T05:49:33.161+0000] {processor.py:183} INFO - Processing /opt/airflow/dags/daily_customers_dag.py took 0.072 seconds
[2025-06-26T05:50:03.784+0000] {processor.py:161} INFO - Started process (PID=1477) to work on /opt/airflow/dags/daily_customers_dag.py
[2025-06-26T05:50:03.785+0000] {processor.py:830} INFO - Processing file /opt/airflow/dags/daily_customers_dag.py for tasks to queue
[2025-06-26T05:50:03.786+0000] {logging_mixin.py:188} INFO - [2025-06-26T05:50:03.786+0000] {dagbag.py:538} INFO - Filling up the DagBag from /opt/airflow/dags/daily_customers_dag.py
[2025-06-26T05:50:03.800+0000] {processor.py:840} INFO - DAG(s) 'insert_customers_csv_to_postgres' retrieved from /opt/airflow/dags/daily_customers_dag.py
[2025-06-26T05:50:03.821+0000] {logging_mixin.py:188} INFO - [2025-06-26T05:50:03.821+0000] {dag.py:3036} INFO - Sync 1 DAGs
[2025-06-26T05:50:03.831+0000] {logging_mixin.py:188} INFO - [2025-06-26T05:50:03.831+0000] {dag.py:3823} INFO - Setting next_dagrun for insert_customers_csv_to_postgres to None, run_after=None
[2025-06-26T05:50:03.853+0000] {processor.py:183} INFO - Processing /opt/airflow/dags/daily_customers_dag.py took 0.073 seconds
[2025-06-26T05:50:34.386+0000] {processor.py:161} INFO - Started process (PID=1497) to work on /opt/airflow/dags/daily_customers_dag.py
[2025-06-26T05:50:34.387+0000] {processor.py:830} INFO - Processing file /opt/airflow/dags/daily_customers_dag.py for tasks to queue
[2025-06-26T05:50:34.388+0000] {logging_mixin.py:188} INFO - [2025-06-26T05:50:34.387+0000] {dagbag.py:538} INFO - Filling up the DagBag from /opt/airflow/dags/daily_customers_dag.py
[2025-06-26T05:50:34.401+0000] {processor.py:840} INFO - DAG(s) 'insert_customers_csv_to_postgres' retrieved from /opt/airflow/dags/daily_customers_dag.py
[2025-06-26T05:50:34.422+0000] {logging_mixin.py:188} INFO - [2025-06-26T05:50:34.422+0000] {dag.py:3036} INFO - Sync 1 DAGs
[2025-06-26T05:50:34.435+0000] {logging_mixin.py:188} INFO - [2025-06-26T05:50:34.434+0000] {dag.py:3823} INFO - Setting next_dagrun for insert_customers_csv_to_postgres to None, run_after=None
[2025-06-26T05:50:34.458+0000] {processor.py:183} INFO - Processing /opt/airflow/dags/daily_customers_dag.py took 0.075 seconds
[2025-06-26T05:51:05.068+0000] {processor.py:161} INFO - Started process (PID=1517) to work on /opt/airflow/dags/daily_customers_dag.py
[2025-06-26T05:51:05.070+0000] {processor.py:830} INFO - Processing file /opt/airflow/dags/daily_customers_dag.py for tasks to queue
[2025-06-26T05:51:05.071+0000] {logging_mixin.py:188} INFO - [2025-06-26T05:51:05.070+0000] {dagbag.py:538} INFO - Filling up the DagBag from /opt/airflow/dags/daily_customers_dag.py
[2025-06-26T05:51:05.084+0000] {processor.py:840} INFO - DAG(s) 'insert_customers_csv_to_postgres' retrieved from /opt/airflow/dags/daily_customers_dag.py
[2025-06-26T05:51:05.106+0000] {logging_mixin.py:188} INFO - [2025-06-26T05:51:05.105+0000] {dag.py:3036} INFO - Sync 1 DAGs
[2025-06-26T05:51:05.117+0000] {logging_mixin.py:188} INFO - [2025-06-26T05:51:05.117+0000] {dag.py:3823} INFO - Setting next_dagrun for insert_customers_csv_to_postgres to None, run_after=None
[2025-06-26T05:51:05.141+0000] {processor.py:183} INFO - Processing /opt/airflow/dags/daily_customers_dag.py took 0.075 seconds
[2025-06-26T05:51:35.733+0000] {processor.py:161} INFO - Started process (PID=1537) to work on /opt/airflow/dags/daily_customers_dag.py
[2025-06-26T05:51:35.735+0000] {processor.py:830} INFO - Processing file /opt/airflow/dags/daily_customers_dag.py for tasks to queue
[2025-06-26T05:51:35.737+0000] {logging_mixin.py:188} INFO - [2025-06-26T05:51:35.736+0000] {dagbag.py:538} INFO - Filling up the DagBag from /opt/airflow/dags/daily_customers_dag.py
[2025-06-26T05:51:35.753+0000] {processor.py:840} INFO - DAG(s) 'insert_customers_csv_to_postgres' retrieved from /opt/airflow/dags/daily_customers_dag.py
[2025-06-26T05:51:35.782+0000] {logging_mixin.py:188} INFO - [2025-06-26T05:51:35.781+0000] {dag.py:3036} INFO - Sync 1 DAGs
[2025-06-26T05:51:35.795+0000] {logging_mixin.py:188} INFO - [2025-06-26T05:51:35.794+0000] {dag.py:3823} INFO - Setting next_dagrun for insert_customers_csv_to_postgres to None, run_after=None
[2025-06-26T05:51:35.816+0000] {processor.py:183} INFO - Processing /opt/airflow/dags/daily_customers_dag.py took 0.086 seconds
[2025-06-26T05:52:06.422+0000] {processor.py:161} INFO - Started process (PID=1557) to work on /opt/airflow/dags/daily_customers_dag.py
[2025-06-26T05:52:06.423+0000] {processor.py:830} INFO - Processing file /opt/airflow/dags/daily_customers_dag.py for tasks to queue
[2025-06-26T05:52:06.424+0000] {logging_mixin.py:188} INFO - [2025-06-26T05:52:06.424+0000] {dagbag.py:538} INFO - Filling up the DagBag from /opt/airflow/dags/daily_customers_dag.py
[2025-06-26T05:52:06.441+0000] {processor.py:840} INFO - DAG(s) 'insert_customers_csv_to_postgres' retrieved from /opt/airflow/dags/daily_customers_dag.py
[2025-06-26T05:52:06.476+0000] {logging_mixin.py:188} INFO - [2025-06-26T05:52:06.475+0000] {dag.py:3036} INFO - Sync 1 DAGs
[2025-06-26T05:52:06.546+0000] {logging_mixin.py:188} INFO - [2025-06-26T05:52:06.545+0000] {dag.py:3823} INFO - Setting next_dagrun for insert_customers_csv_to_postgres to None, run_after=None
[2025-06-26T05:52:06.588+0000] {processor.py:183} INFO - Processing /opt/airflow/dags/daily_customers_dag.py took 0.169 seconds
[2025-06-26T05:52:37.158+0000] {processor.py:161} INFO - Started process (PID=1577) to work on /opt/airflow/dags/daily_customers_dag.py
[2025-06-26T05:52:37.159+0000] {processor.py:830} INFO - Processing file /opt/airflow/dags/daily_customers_dag.py for tasks to queue
[2025-06-26T05:52:37.160+0000] {logging_mixin.py:188} INFO - [2025-06-26T05:52:37.160+0000] {dagbag.py:538} INFO - Filling up the DagBag from /opt/airflow/dags/daily_customers_dag.py
[2025-06-26T05:52:37.172+0000] {processor.py:840} INFO - DAG(s) 'insert_customers_csv_to_postgres' retrieved from /opt/airflow/dags/daily_customers_dag.py
[2025-06-26T05:52:37.192+0000] {logging_mixin.py:188} INFO - [2025-06-26T05:52:37.192+0000] {dag.py:3036} INFO - Sync 1 DAGs
[2025-06-26T05:52:37.202+0000] {logging_mixin.py:188} INFO - [2025-06-26T05:52:37.202+0000] {dag.py:3823} INFO - Setting next_dagrun for insert_customers_csv_to_postgres to None, run_after=None
[2025-06-26T05:52:37.223+0000] {processor.py:183} INFO - Processing /opt/airflow/dags/daily_customers_dag.py took 0.068 seconds
[2025-06-26T05:53:07.966+0000] {processor.py:161} INFO - Started process (PID=1597) to work on /opt/airflow/dags/daily_customers_dag.py
[2025-06-26T05:53:07.967+0000] {processor.py:830} INFO - Processing file /opt/airflow/dags/daily_customers_dag.py for tasks to queue
[2025-06-26T05:53:07.969+0000] {logging_mixin.py:188} INFO - [2025-06-26T05:53:07.968+0000] {dagbag.py:538} INFO - Filling up the DagBag from /opt/airflow/dags/daily_customers_dag.py
[2025-06-26T05:53:07.991+0000] {processor.py:840} INFO - DAG(s) 'insert_customers_csv_to_postgres' retrieved from /opt/airflow/dags/daily_customers_dag.py
[2025-06-26T05:53:08.017+0000] {logging_mixin.py:188} INFO - [2025-06-26T05:53:08.016+0000] {dag.py:3036} INFO - Sync 1 DAGs
[2025-06-26T05:53:08.029+0000] {logging_mixin.py:188} INFO - [2025-06-26T05:53:08.028+0000] {dag.py:3823} INFO - Setting next_dagrun for insert_customers_csv_to_postgres to None, run_after=None
[2025-06-26T05:53:08.052+0000] {processor.py:183} INFO - Processing /opt/airflow/dags/daily_customers_dag.py took 0.089 seconds
[2025-06-26T05:53:38.690+0000] {processor.py:161} INFO - Started process (PID=1617) to work on /opt/airflow/dags/daily_customers_dag.py
[2025-06-26T05:53:38.691+0000] {processor.py:830} INFO - Processing file /opt/airflow/dags/daily_customers_dag.py for tasks to queue
[2025-06-26T05:53:38.692+0000] {logging_mixin.py:188} INFO - [2025-06-26T05:53:38.692+0000] {dagbag.py:538} INFO - Filling up the DagBag from /opt/airflow/dags/daily_customers_dag.py
[2025-06-26T05:53:38.705+0000] {processor.py:840} INFO - DAG(s) 'insert_customers_csv_to_postgres' retrieved from /opt/airflow/dags/daily_customers_dag.py
[2025-06-26T05:53:38.726+0000] {logging_mixin.py:188} INFO - [2025-06-26T05:53:38.725+0000] {dag.py:3036} INFO - Sync 1 DAGs
[2025-06-26T05:53:38.737+0000] {logging_mixin.py:188} INFO - [2025-06-26T05:53:38.736+0000] {dag.py:3823} INFO - Setting next_dagrun for insert_customers_csv_to_postgres to None, run_after=None
[2025-06-26T05:53:38.758+0000] {processor.py:183} INFO - Processing /opt/airflow/dags/daily_customers_dag.py took 0.071 seconds
[2025-06-26T05:54:09.415+0000] {processor.py:161} INFO - Started process (PID=1637) to work on /opt/airflow/dags/daily_customers_dag.py
[2025-06-26T05:54:09.416+0000] {processor.py:830} INFO - Processing file /opt/airflow/dags/daily_customers_dag.py for tasks to queue
[2025-06-26T05:54:09.417+0000] {logging_mixin.py:188} INFO - [2025-06-26T05:54:09.417+0000] {dagbag.py:538} INFO - Filling up the DagBag from /opt/airflow/dags/daily_customers_dag.py
[2025-06-26T05:54:09.429+0000] {processor.py:840} INFO - DAG(s) 'insert_customers_csv_to_postgres' retrieved from /opt/airflow/dags/daily_customers_dag.py
[2025-06-26T05:54:09.448+0000] {logging_mixin.py:188} INFO - [2025-06-26T05:54:09.448+0000] {dag.py:3036} INFO - Sync 1 DAGs
[2025-06-26T05:54:09.458+0000] {logging_mixin.py:188} INFO - [2025-06-26T05:54:09.458+0000] {dag.py:3823} INFO - Setting next_dagrun for insert_customers_csv_to_postgres to None, run_after=None
[2025-06-26T05:54:09.480+0000] {processor.py:183} INFO - Processing /opt/airflow/dags/daily_customers_dag.py took 0.068 seconds
[2025-06-26T05:54:40.082+0000] {processor.py:161} INFO - Started process (PID=1657) to work on /opt/airflow/dags/daily_customers_dag.py
[2025-06-26T05:54:40.084+0000] {processor.py:830} INFO - Processing file /opt/airflow/dags/daily_customers_dag.py for tasks to queue
[2025-06-26T05:54:40.085+0000] {logging_mixin.py:188} INFO - [2025-06-26T05:54:40.084+0000] {dagbag.py:538} INFO - Filling up the DagBag from /opt/airflow/dags/daily_customers_dag.py
[2025-06-26T05:54:40.096+0000] {processor.py:840} INFO - DAG(s) 'insert_customers_csv_to_postgres' retrieved from /opt/airflow/dags/daily_customers_dag.py
[2025-06-26T05:54:40.115+0000] {logging_mixin.py:188} INFO - [2025-06-26T05:54:40.114+0000] {dag.py:3036} INFO - Sync 1 DAGs
[2025-06-26T05:54:40.124+0000] {logging_mixin.py:188} INFO - [2025-06-26T05:54:40.124+0000] {dag.py:3823} INFO - Setting next_dagrun for insert_customers_csv_to_postgres to None, run_after=None
[2025-06-26T05:54:40.148+0000] {processor.py:183} INFO - Processing /opt/airflow/dags/daily_customers_dag.py took 0.068 seconds
[2025-06-26T05:55:10.830+0000] {processor.py:161} INFO - Started process (PID=1677) to work on /opt/airflow/dags/daily_customers_dag.py
[2025-06-26T05:55:10.831+0000] {processor.py:830} INFO - Processing file /opt/airflow/dags/daily_customers_dag.py for tasks to queue
[2025-06-26T05:55:10.832+0000] {logging_mixin.py:188} INFO - [2025-06-26T05:55:10.831+0000] {dagbag.py:538} INFO - Filling up the DagBag from /opt/airflow/dags/daily_customers_dag.py
[2025-06-26T05:55:10.842+0000] {processor.py:840} INFO - DAG(s) 'insert_customers_csv_to_postgres' retrieved from /opt/airflow/dags/daily_customers_dag.py
[2025-06-26T05:55:10.862+0000] {logging_mixin.py:188} INFO - [2025-06-26T05:55:10.862+0000] {dag.py:3036} INFO - Sync 1 DAGs
[2025-06-26T05:55:10.872+0000] {logging_mixin.py:188} INFO - [2025-06-26T05:55:10.872+0000] {dag.py:3823} INFO - Setting next_dagrun for insert_customers_csv_to_postgres to None, run_after=None
[2025-06-26T05:55:10.895+0000] {processor.py:183} INFO - Processing /opt/airflow/dags/daily_customers_dag.py took 0.068 seconds
[2025-06-26T05:55:41.539+0000] {processor.py:161} INFO - Started process (PID=1697) to work on /opt/airflow/dags/daily_customers_dag.py
[2025-06-26T05:55:41.542+0000] {processor.py:830} INFO - Processing file /opt/airflow/dags/daily_customers_dag.py for tasks to queue
[2025-06-26T05:55:41.544+0000] {logging_mixin.py:188} INFO - [2025-06-26T05:55:41.543+0000] {dagbag.py:538} INFO - Filling up the DagBag from /opt/airflow/dags/daily_customers_dag.py
[2025-06-26T05:55:41.558+0000] {processor.py:840} INFO - DAG(s) 'insert_customers_csv_to_postgres' retrieved from /opt/airflow/dags/daily_customers_dag.py
[2025-06-26T05:55:41.579+0000] {logging_mixin.py:188} INFO - [2025-06-26T05:55:41.579+0000] {dag.py:3036} INFO - Sync 1 DAGs
[2025-06-26T05:55:41.591+0000] {logging_mixin.py:188} INFO - [2025-06-26T05:55:41.591+0000] {dag.py:3823} INFO - Setting next_dagrun for insert_customers_csv_to_postgres to None, run_after=None
[2025-06-26T05:55:41.618+0000] {processor.py:183} INFO - Processing /opt/airflow/dags/daily_customers_dag.py took 0.082 seconds
[2025-06-26T05:56:12.242+0000] {processor.py:161} INFO - Started process (PID=1717) to work on /opt/airflow/dags/daily_customers_dag.py
[2025-06-26T05:56:12.243+0000] {processor.py:830} INFO - Processing file /opt/airflow/dags/daily_customers_dag.py for tasks to queue
[2025-06-26T05:56:12.244+0000] {logging_mixin.py:188} INFO - [2025-06-26T05:56:12.244+0000] {dagbag.py:538} INFO - Filling up the DagBag from /opt/airflow/dags/daily_customers_dag.py
[2025-06-26T05:56:12.257+0000] {processor.py:840} INFO - DAG(s) 'insert_customers_csv_to_postgres' retrieved from /opt/airflow/dags/daily_customers_dag.py
[2025-06-26T05:56:12.276+0000] {logging_mixin.py:188} INFO - [2025-06-26T05:56:12.275+0000] {dag.py:3036} INFO - Sync 1 DAGs
[2025-06-26T05:56:12.286+0000] {logging_mixin.py:188} INFO - [2025-06-26T05:56:12.285+0000] {dag.py:3823} INFO - Setting next_dagrun for insert_customers_csv_to_postgres to None, run_after=None
[2025-06-26T05:56:12.309+0000] {processor.py:183} INFO - Processing /opt/airflow/dags/daily_customers_dag.py took 0.070 seconds
[2025-06-26T05:56:42.910+0000] {processor.py:161} INFO - Started process (PID=1737) to work on /opt/airflow/dags/daily_customers_dag.py
[2025-06-26T05:56:42.911+0000] {processor.py:830} INFO - Processing file /opt/airflow/dags/daily_customers_dag.py for tasks to queue
[2025-06-26T05:56:42.912+0000] {logging_mixin.py:188} INFO - [2025-06-26T05:56:42.912+0000] {dagbag.py:538} INFO - Filling up the DagBag from /opt/airflow/dags/daily_customers_dag.py
[2025-06-26T05:56:42.924+0000] {processor.py:840} INFO - DAG(s) 'insert_customers_csv_to_postgres' retrieved from /opt/airflow/dags/daily_customers_dag.py
[2025-06-26T05:56:42.944+0000] {logging_mixin.py:188} INFO - [2025-06-26T05:56:42.944+0000] {dag.py:3036} INFO - Sync 1 DAGs
[2025-06-26T05:56:42.955+0000] {logging_mixin.py:188} INFO - [2025-06-26T05:56:42.954+0000] {dag.py:3823} INFO - Setting next_dagrun for insert_customers_csv_to_postgres to None, run_after=None
[2025-06-26T05:56:42.976+0000] {processor.py:183} INFO - Processing /opt/airflow/dags/daily_customers_dag.py took 0.069 seconds
[2025-06-26T05:57:13.611+0000] {processor.py:161} INFO - Started process (PID=1757) to work on /opt/airflow/dags/daily_customers_dag.py
[2025-06-26T05:57:13.612+0000] {processor.py:830} INFO - Processing file /opt/airflow/dags/daily_customers_dag.py for tasks to queue
[2025-06-26T05:57:13.613+0000] {logging_mixin.py:188} INFO - [2025-06-26T05:57:13.613+0000] {dagbag.py:538} INFO - Filling up the DagBag from /opt/airflow/dags/daily_customers_dag.py
[2025-06-26T05:57:13.625+0000] {processor.py:840} INFO - DAG(s) 'insert_customers_csv_to_postgres' retrieved from /opt/airflow/dags/daily_customers_dag.py
[2025-06-26T05:57:13.644+0000] {logging_mixin.py:188} INFO - [2025-06-26T05:57:13.644+0000] {dag.py:3036} INFO - Sync 1 DAGs
[2025-06-26T05:57:13.654+0000] {logging_mixin.py:188} INFO - [2025-06-26T05:57:13.654+0000] {dag.py:3823} INFO - Setting next_dagrun for insert_customers_csv_to_postgres to None, run_after=None
[2025-06-26T05:57:13.676+0000] {processor.py:183} INFO - Processing /opt/airflow/dags/daily_customers_dag.py took 0.068 seconds
[2025-06-26T05:57:44.226+0000] {processor.py:161} INFO - Started process (PID=1777) to work on /opt/airflow/dags/daily_customers_dag.py
[2025-06-26T05:57:44.227+0000] {processor.py:830} INFO - Processing file /opt/airflow/dags/daily_customers_dag.py for tasks to queue
[2025-06-26T05:57:44.228+0000] {logging_mixin.py:188} INFO - [2025-06-26T05:57:44.228+0000] {dagbag.py:538} INFO - Filling up the DagBag from /opt/airflow/dags/daily_customers_dag.py
[2025-06-26T05:57:44.240+0000] {processor.py:840} INFO - DAG(s) 'insert_customers_csv_to_postgres' retrieved from /opt/airflow/dags/daily_customers_dag.py
[2025-06-26T05:57:44.259+0000] {logging_mixin.py:188} INFO - [2025-06-26T05:57:44.259+0000] {dag.py:3036} INFO - Sync 1 DAGs
[2025-06-26T05:57:44.269+0000] {logging_mixin.py:188} INFO - [2025-06-26T05:57:44.269+0000] {dag.py:3823} INFO - Setting next_dagrun for insert_customers_csv_to_postgres to None, run_after=None
[2025-06-26T05:57:44.292+0000] {processor.py:183} INFO - Processing /opt/airflow/dags/daily_customers_dag.py took 0.069 seconds
[2025-06-26T05:58:14.913+0000] {processor.py:161} INFO - Started process (PID=1797) to work on /opt/airflow/dags/daily_customers_dag.py
[2025-06-26T05:58:14.914+0000] {processor.py:830} INFO - Processing file /opt/airflow/dags/daily_customers_dag.py for tasks to queue
[2025-06-26T05:58:14.915+0000] {logging_mixin.py:188} INFO - [2025-06-26T05:58:14.915+0000] {dagbag.py:538} INFO - Filling up the DagBag from /opt/airflow/dags/daily_customers_dag.py
[2025-06-26T05:58:14.929+0000] {processor.py:840} INFO - DAG(s) 'insert_customers_csv_to_postgres' retrieved from /opt/airflow/dags/daily_customers_dag.py
[2025-06-26T05:58:14.950+0000] {logging_mixin.py:188} INFO - [2025-06-26T05:58:14.949+0000] {dag.py:3036} INFO - Sync 1 DAGs
[2025-06-26T05:58:14.961+0000] {logging_mixin.py:188} INFO - [2025-06-26T05:58:14.961+0000] {dag.py:3823} INFO - Setting next_dagrun for insert_customers_csv_to_postgres to None, run_after=None
[2025-06-26T05:58:14.985+0000] {processor.py:183} INFO - Processing /opt/airflow/dags/daily_customers_dag.py took 0.075 seconds
[2025-06-26T05:58:45.592+0000] {processor.py:161} INFO - Started process (PID=1817) to work on /opt/airflow/dags/daily_customers_dag.py
[2025-06-26T05:58:45.593+0000] {processor.py:830} INFO - Processing file /opt/airflow/dags/daily_customers_dag.py for tasks to queue
[2025-06-26T05:58:45.593+0000] {logging_mixin.py:188} INFO - [2025-06-26T05:58:45.593+0000] {dagbag.py:538} INFO - Filling up the DagBag from /opt/airflow/dags/daily_customers_dag.py
[2025-06-26T05:58:45.605+0000] {processor.py:840} INFO - DAG(s) 'insert_customers_csv_to_postgres' retrieved from /opt/airflow/dags/daily_customers_dag.py
[2025-06-26T05:58:45.624+0000] {logging_mixin.py:188} INFO - [2025-06-26T05:58:45.623+0000] {dag.py:3036} INFO - Sync 1 DAGs
[2025-06-26T05:58:45.636+0000] {logging_mixin.py:188} INFO - [2025-06-26T05:58:45.636+0000] {dag.py:3823} INFO - Setting next_dagrun for insert_customers_csv_to_postgres to None, run_after=None
[2025-06-26T05:58:45.670+0000] {processor.py:183} INFO - Processing /opt/airflow/dags/daily_customers_dag.py took 0.081 seconds
[2025-06-26T05:59:16.359+0000] {processor.py:161} INFO - Started process (PID=1837) to work on /opt/airflow/dags/daily_customers_dag.py
[2025-06-26T05:59:16.360+0000] {processor.py:830} INFO - Processing file /opt/airflow/dags/daily_customers_dag.py for tasks to queue
[2025-06-26T05:59:16.361+0000] {logging_mixin.py:188} INFO - [2025-06-26T05:59:16.361+0000] {dagbag.py:538} INFO - Filling up the DagBag from /opt/airflow/dags/daily_customers_dag.py
[2025-06-26T05:59:16.372+0000] {processor.py:840} INFO - DAG(s) 'insert_customers_csv_to_postgres' retrieved from /opt/airflow/dags/daily_customers_dag.py
[2025-06-26T05:59:16.392+0000] {logging_mixin.py:188} INFO - [2025-06-26T05:59:16.392+0000] {dag.py:3036} INFO - Sync 1 DAGs
[2025-06-26T05:59:16.403+0000] {logging_mixin.py:188} INFO - [2025-06-26T05:59:16.402+0000] {dag.py:3823} INFO - Setting next_dagrun for insert_customers_csv_to_postgres to None, run_after=None
[2025-06-26T05:59:16.426+0000] {processor.py:183} INFO - Processing /opt/airflow/dags/daily_customers_dag.py took 0.070 seconds
[2025-06-26T05:59:47.167+0000] {processor.py:161} INFO - Started process (PID=1857) to work on /opt/airflow/dags/daily_customers_dag.py
[2025-06-26T05:59:47.169+0000] {processor.py:830} INFO - Processing file /opt/airflow/dags/daily_customers_dag.py for tasks to queue
[2025-06-26T05:59:47.170+0000] {logging_mixin.py:188} INFO - [2025-06-26T05:59:47.169+0000] {dagbag.py:538} INFO - Filling up the DagBag from /opt/airflow/dags/daily_customers_dag.py
[2025-06-26T05:59:47.196+0000] {processor.py:840} INFO - DAG(s) 'insert_customers_csv_to_postgres' retrieved from /opt/airflow/dags/daily_customers_dag.py
[2025-06-26T05:59:47.227+0000] {logging_mixin.py:188} INFO - [2025-06-26T05:59:47.227+0000] {dag.py:3036} INFO - Sync 1 DAGs
[2025-06-26T05:59:47.250+0000] {logging_mixin.py:188} INFO - [2025-06-26T05:59:47.250+0000] {dag.py:3823} INFO - Setting next_dagrun for insert_customers_csv_to_postgres to None, run_after=None
[2025-06-26T05:59:47.291+0000] {processor.py:183} INFO - Processing /opt/airflow/dags/daily_customers_dag.py took 0.129 seconds
