[2025-06-26T05:16:50.307+0000] {processor.py:161} INFO - Started process (PID=170) to work on /opt/airflow/dags/daily_payments_dag.py
[2025-06-26T05:16:50.309+0000] {processor.py:830} INFO - Processing file /opt/airflow/dags/daily_payments_dag.py for tasks to queue
[2025-06-26T05:16:50.310+0000] {logging_mixin.py:188} INFO - [2025-06-26T05:16:50.310+0000] {dagbag.py:538} INFO - Filling up the DagBag from /opt/airflow/dags/daily_payments_dag.py
[2025-06-26T05:16:50.336+0000] {processor.py:840} INFO - DAG(s) 'insert_payments_csv_to_postgres' retrieved from /opt/airflow/dags/daily_payments_dag.py
[2025-06-26T05:16:50.523+0000] {logging_mixin.py:188} INFO - [2025-06-26T05:16:50.522+0000] {override.py:1769} INFO - Created Permission View: can delete on DAG:insert_payments_csv_to_postgres
[2025-06-26T05:16:50.538+0000] {logging_mixin.py:188} INFO - [2025-06-26T05:16:50.538+0000] {override.py:1769} INFO - Created Permission View: can read on DAG:insert_payments_csv_to_postgres
[2025-06-26T05:16:50.548+0000] {logging_mixin.py:188} INFO - [2025-06-26T05:16:50.547+0000] {override.py:1769} INFO - Created Permission View: can edit on DAG:insert_payments_csv_to_postgres
[2025-06-26T05:16:50.549+0000] {logging_mixin.py:188} INFO - [2025-06-26T05:16:50.548+0000] {dag.py:3036} INFO - Sync 1 DAGs
[2025-06-26T05:16:50.562+0000] {logging_mixin.py:188} INFO - [2025-06-26T05:16:50.562+0000] {dag.py:3058} INFO - Creating ORM DAG for insert_payments_csv_to_postgres
[2025-06-26T05:16:50.563+0000] {logging_mixin.py:188} INFO - [2025-06-26T05:16:50.563+0000] {dag.py:3823} INFO - Setting next_dagrun for insert_payments_csv_to_postgres to None, run_after=None
[2025-06-26T05:16:50.588+0000] {processor.py:183} INFO - Processing /opt/airflow/dags/daily_payments_dag.py took 0.286 seconds
[2025-06-26T05:17:21.274+0000] {processor.py:161} INFO - Started process (PID=190) to work on /opt/airflow/dags/daily_payments_dag.py
[2025-06-26T05:17:21.275+0000] {processor.py:830} INFO - Processing file /opt/airflow/dags/daily_payments_dag.py for tasks to queue
[2025-06-26T05:17:21.276+0000] {logging_mixin.py:188} INFO - [2025-06-26T05:17:21.275+0000] {dagbag.py:538} INFO - Filling up the DagBag from /opt/airflow/dags/daily_payments_dag.py
[2025-06-26T05:17:21.293+0000] {processor.py:840} INFO - DAG(s) 'insert_payments_csv_to_postgres' retrieved from /opt/airflow/dags/daily_payments_dag.py
[2025-06-26T05:17:21.322+0000] {logging_mixin.py:188} INFO - [2025-06-26T05:17:21.322+0000] {dag.py:3036} INFO - Sync 1 DAGs
[2025-06-26T05:17:21.336+0000] {logging_mixin.py:188} INFO - [2025-06-26T05:17:21.336+0000] {dag.py:3823} INFO - Setting next_dagrun for insert_payments_csv_to_postgres to None, run_after=None
[2025-06-26T05:17:21.360+0000] {processor.py:183} INFO - Processing /opt/airflow/dags/daily_payments_dag.py took 0.090 seconds
[2025-06-26T05:17:51.877+0000] {processor.py:161} INFO - Started process (PID=210) to work on /opt/airflow/dags/daily_payments_dag.py
[2025-06-26T05:17:51.878+0000] {processor.py:830} INFO - Processing file /opt/airflow/dags/daily_payments_dag.py for tasks to queue
[2025-06-26T05:17:51.879+0000] {logging_mixin.py:188} INFO - [2025-06-26T05:17:51.879+0000] {dagbag.py:538} INFO - Filling up the DagBag from /opt/airflow/dags/daily_payments_dag.py
[2025-06-26T05:17:51.896+0000] {processor.py:840} INFO - DAG(s) 'insert_payments_csv_to_postgres' retrieved from /opt/airflow/dags/daily_payments_dag.py
[2025-06-26T05:17:51.922+0000] {logging_mixin.py:188} INFO - [2025-06-26T05:17:51.921+0000] {dag.py:3036} INFO - Sync 1 DAGs
[2025-06-26T05:17:51.933+0000] {logging_mixin.py:188} INFO - [2025-06-26T05:17:51.933+0000] {dag.py:3823} INFO - Setting next_dagrun for insert_payments_csv_to_postgres to None, run_after=None
[2025-06-26T05:17:51.962+0000] {processor.py:183} INFO - Processing /opt/airflow/dags/daily_payments_dag.py took 0.088 seconds
[2025-06-26T05:18:22.622+0000] {processor.py:161} INFO - Started process (PID=230) to work on /opt/airflow/dags/daily_payments_dag.py
[2025-06-26T05:18:22.623+0000] {processor.py:830} INFO - Processing file /opt/airflow/dags/daily_payments_dag.py for tasks to queue
[2025-06-26T05:18:22.625+0000] {logging_mixin.py:188} INFO - [2025-06-26T05:18:22.624+0000] {dagbag.py:538} INFO - Filling up the DagBag from /opt/airflow/dags/daily_payments_dag.py
[2025-06-26T05:18:22.649+0000] {processor.py:840} INFO - DAG(s) 'insert_payments_csv_to_postgres' retrieved from /opt/airflow/dags/daily_payments_dag.py
[2025-06-26T05:18:22.670+0000] {logging_mixin.py:188} INFO - [2025-06-26T05:18:22.670+0000] {dag.py:3036} INFO - Sync 1 DAGs
[2025-06-26T05:18:22.681+0000] {logging_mixin.py:188} INFO - [2025-06-26T05:18:22.680+0000] {dag.py:3823} INFO - Setting next_dagrun for insert_payments_csv_to_postgres to None, run_after=None
[2025-06-26T05:18:22.704+0000] {processor.py:183} INFO - Processing /opt/airflow/dags/daily_payments_dag.py took 0.086 seconds
[2025-06-26T05:18:53.252+0000] {processor.py:161} INFO - Started process (PID=250) to work on /opt/airflow/dags/daily_payments_dag.py
[2025-06-26T05:18:53.253+0000] {processor.py:830} INFO - Processing file /opt/airflow/dags/daily_payments_dag.py for tasks to queue
[2025-06-26T05:18:53.254+0000] {logging_mixin.py:188} INFO - [2025-06-26T05:18:53.254+0000] {dagbag.py:538} INFO - Filling up the DagBag from /opt/airflow/dags/daily_payments_dag.py
[2025-06-26T05:18:53.268+0000] {processor.py:840} INFO - DAG(s) 'insert_payments_csv_to_postgres' retrieved from /opt/airflow/dags/daily_payments_dag.py
[2025-06-26T05:18:53.290+0000] {logging_mixin.py:188} INFO - [2025-06-26T05:18:53.289+0000] {dag.py:3036} INFO - Sync 1 DAGs
[2025-06-26T05:18:53.301+0000] {logging_mixin.py:188} INFO - [2025-06-26T05:18:53.301+0000] {dag.py:3823} INFO - Setting next_dagrun for insert_payments_csv_to_postgres to None, run_after=None
[2025-06-26T05:18:53.331+0000] {processor.py:183} INFO - Processing /opt/airflow/dags/daily_payments_dag.py took 0.082 seconds
[2025-06-26T05:19:24.020+0000] {processor.py:161} INFO - Started process (PID=270) to work on /opt/airflow/dags/daily_payments_dag.py
[2025-06-26T05:19:24.021+0000] {processor.py:830} INFO - Processing file /opt/airflow/dags/daily_payments_dag.py for tasks to queue
[2025-06-26T05:19:24.022+0000] {logging_mixin.py:188} INFO - [2025-06-26T05:19:24.022+0000] {dagbag.py:538} INFO - Filling up the DagBag from /opt/airflow/dags/daily_payments_dag.py
[2025-06-26T05:19:24.036+0000] {processor.py:840} INFO - DAG(s) 'insert_payments_csv_to_postgres' retrieved from /opt/airflow/dags/daily_payments_dag.py
[2025-06-26T05:19:24.059+0000] {logging_mixin.py:188} INFO - [2025-06-26T05:19:24.059+0000] {dag.py:3036} INFO - Sync 1 DAGs
[2025-06-26T05:19:24.071+0000] {logging_mixin.py:188} INFO - [2025-06-26T05:19:24.071+0000] {dag.py:3823} INFO - Setting next_dagrun for insert_payments_csv_to_postgres to None, run_after=None
[2025-06-26T05:19:24.097+0000] {processor.py:183} INFO - Processing /opt/airflow/dags/daily_payments_dag.py took 0.080 seconds
[2025-06-26T05:19:54.624+0000] {processor.py:161} INFO - Started process (PID=290) to work on /opt/airflow/dags/daily_payments_dag.py
[2025-06-26T05:19:54.625+0000] {processor.py:830} INFO - Processing file /opt/airflow/dags/daily_payments_dag.py for tasks to queue
[2025-06-26T05:19:54.626+0000] {logging_mixin.py:188} INFO - [2025-06-26T05:19:54.625+0000] {dagbag.py:538} INFO - Filling up the DagBag from /opt/airflow/dags/daily_payments_dag.py
[2025-06-26T05:19:54.638+0000] {processor.py:840} INFO - DAG(s) 'insert_payments_csv_to_postgres' retrieved from /opt/airflow/dags/daily_payments_dag.py
[2025-06-26T05:19:54.659+0000] {logging_mixin.py:188} INFO - [2025-06-26T05:19:54.658+0000] {dag.py:3036} INFO - Sync 1 DAGs
[2025-06-26T05:19:54.671+0000] {logging_mixin.py:188} INFO - [2025-06-26T05:19:54.670+0000] {dag.py:3823} INFO - Setting next_dagrun for insert_payments_csv_to_postgres to None, run_after=None
[2025-06-26T05:19:54.695+0000] {processor.py:183} INFO - Processing /opt/airflow/dags/daily_payments_dag.py took 0.075 seconds
[2025-06-26T05:20:25.263+0000] {processor.py:161} INFO - Started process (PID=310) to work on /opt/airflow/dags/daily_payments_dag.py
[2025-06-26T05:20:25.264+0000] {processor.py:830} INFO - Processing file /opt/airflow/dags/daily_payments_dag.py for tasks to queue
[2025-06-26T05:20:25.265+0000] {logging_mixin.py:188} INFO - [2025-06-26T05:20:25.264+0000] {dagbag.py:538} INFO - Filling up the DagBag from /opt/airflow/dags/daily_payments_dag.py
[2025-06-26T05:20:25.280+0000] {processor.py:840} INFO - DAG(s) 'insert_payments_csv_to_postgres' retrieved from /opt/airflow/dags/daily_payments_dag.py
[2025-06-26T05:20:25.303+0000] {logging_mixin.py:188} INFO - [2025-06-26T05:20:25.303+0000] {dag.py:3036} INFO - Sync 1 DAGs
[2025-06-26T05:20:25.316+0000] {logging_mixin.py:188} INFO - [2025-06-26T05:20:25.315+0000] {dag.py:3823} INFO - Setting next_dagrun for insert_payments_csv_to_postgres to None, run_after=None
[2025-06-26T05:20:25.342+0000] {processor.py:183} INFO - Processing /opt/airflow/dags/daily_payments_dag.py took 0.083 seconds
[2025-06-26T05:20:55.846+0000] {processor.py:161} INFO - Started process (PID=330) to work on /opt/airflow/dags/daily_payments_dag.py
[2025-06-26T05:20:55.847+0000] {processor.py:830} INFO - Processing file /opt/airflow/dags/daily_payments_dag.py for tasks to queue
[2025-06-26T05:20:55.847+0000] {logging_mixin.py:188} INFO - [2025-06-26T05:20:55.847+0000] {dagbag.py:538} INFO - Filling up the DagBag from /opt/airflow/dags/daily_payments_dag.py
[2025-06-26T05:20:55.858+0000] {processor.py:840} INFO - DAG(s) 'insert_payments_csv_to_postgres' retrieved from /opt/airflow/dags/daily_payments_dag.py
[2025-06-26T05:20:55.877+0000] {logging_mixin.py:188} INFO - [2025-06-26T05:20:55.876+0000] {dag.py:3036} INFO - Sync 1 DAGs
[2025-06-26T05:20:55.888+0000] {logging_mixin.py:188} INFO - [2025-06-26T05:20:55.887+0000] {dag.py:3823} INFO - Setting next_dagrun for insert_payments_csv_to_postgres to None, run_after=None
[2025-06-26T05:20:55.913+0000] {processor.py:183} INFO - Processing /opt/airflow/dags/daily_payments_dag.py took 0.070 seconds
[2025-06-26T05:21:26.529+0000] {processor.py:161} INFO - Started process (PID=350) to work on /opt/airflow/dags/daily_payments_dag.py
[2025-06-26T05:21:26.530+0000] {processor.py:830} INFO - Processing file /opt/airflow/dags/daily_payments_dag.py for tasks to queue
[2025-06-26T05:21:26.531+0000] {logging_mixin.py:188} INFO - [2025-06-26T05:21:26.531+0000] {dagbag.py:538} INFO - Filling up the DagBag from /opt/airflow/dags/daily_payments_dag.py
[2025-06-26T05:21:26.547+0000] {processor.py:840} INFO - DAG(s) 'insert_payments_csv_to_postgres' retrieved from /opt/airflow/dags/daily_payments_dag.py
[2025-06-26T05:21:26.568+0000] {logging_mixin.py:188} INFO - [2025-06-26T05:21:26.567+0000] {dag.py:3036} INFO - Sync 1 DAGs
[2025-06-26T05:21:26.583+0000] {logging_mixin.py:188} INFO - [2025-06-26T05:21:26.582+0000] {dag.py:3823} INFO - Setting next_dagrun for insert_payments_csv_to_postgres to None, run_after=None
[2025-06-26T05:21:26.612+0000] {processor.py:183} INFO - Processing /opt/airflow/dags/daily_payments_dag.py took 0.085 seconds
[2025-06-26T05:21:57.223+0000] {processor.py:161} INFO - Started process (PID=370) to work on /opt/airflow/dags/daily_payments_dag.py
[2025-06-26T05:21:57.223+0000] {processor.py:830} INFO - Processing file /opt/airflow/dags/daily_payments_dag.py for tasks to queue
[2025-06-26T05:21:57.224+0000] {logging_mixin.py:188} INFO - [2025-06-26T05:21:57.224+0000] {dagbag.py:538} INFO - Filling up the DagBag from /opt/airflow/dags/daily_payments_dag.py
[2025-06-26T05:21:57.235+0000] {processor.py:840} INFO - DAG(s) 'insert_payments_csv_to_postgres' retrieved from /opt/airflow/dags/daily_payments_dag.py
[2025-06-26T05:21:57.254+0000] {logging_mixin.py:188} INFO - [2025-06-26T05:21:57.254+0000] {dag.py:3036} INFO - Sync 1 DAGs
[2025-06-26T05:21:57.265+0000] {logging_mixin.py:188} INFO - [2025-06-26T05:21:57.265+0000] {dag.py:3823} INFO - Setting next_dagrun for insert_payments_csv_to_postgres to None, run_after=None
[2025-06-26T05:21:57.292+0000] {processor.py:183} INFO - Processing /opt/airflow/dags/daily_payments_dag.py took 0.072 seconds
[2025-06-26T05:22:27.804+0000] {processor.py:161} INFO - Started process (PID=390) to work on /opt/airflow/dags/daily_payments_dag.py
[2025-06-26T05:22:27.805+0000] {processor.py:830} INFO - Processing file /opt/airflow/dags/daily_payments_dag.py for tasks to queue
[2025-06-26T05:22:27.805+0000] {logging_mixin.py:188} INFO - [2025-06-26T05:22:27.805+0000] {dagbag.py:538} INFO - Filling up the DagBag from /opt/airflow/dags/daily_payments_dag.py
[2025-06-26T05:22:27.819+0000] {processor.py:840} INFO - DAG(s) 'insert_payments_csv_to_postgres' retrieved from /opt/airflow/dags/daily_payments_dag.py
[2025-06-26T05:22:27.844+0000] {logging_mixin.py:188} INFO - [2025-06-26T05:22:27.843+0000] {dag.py:3036} INFO - Sync 1 DAGs
[2025-06-26T05:22:27.899+0000] {logging_mixin.py:188} INFO - [2025-06-26T05:22:27.899+0000] {dag.py:3823} INFO - Setting next_dagrun for insert_payments_csv_to_postgres to None, run_after=None
[2025-06-26T05:22:27.941+0000] {processor.py:183} INFO - Processing /opt/airflow/dags/daily_payments_dag.py took 0.140 seconds
[2025-06-26T05:22:58.428+0000] {processor.py:161} INFO - Started process (PID=410) to work on /opt/airflow/dags/daily_payments_dag.py
[2025-06-26T05:22:58.429+0000] {processor.py:830} INFO - Processing file /opt/airflow/dags/daily_payments_dag.py for tasks to queue
[2025-06-26T05:22:58.430+0000] {logging_mixin.py:188} INFO - [2025-06-26T05:22:58.429+0000] {dagbag.py:538} INFO - Filling up the DagBag from /opt/airflow/dags/daily_payments_dag.py
[2025-06-26T05:22:58.445+0000] {processor.py:840} INFO - DAG(s) 'insert_payments_csv_to_postgres' retrieved from /opt/airflow/dags/daily_payments_dag.py
[2025-06-26T05:22:58.470+0000] {logging_mixin.py:188} INFO - [2025-06-26T05:22:58.470+0000] {dag.py:3036} INFO - Sync 1 DAGs
[2025-06-26T05:22:58.483+0000] {logging_mixin.py:188} INFO - [2025-06-26T05:22:58.483+0000] {dag.py:3823} INFO - Setting next_dagrun for insert_payments_csv_to_postgres to None, run_after=None
[2025-06-26T05:22:58.509+0000] {processor.py:183} INFO - Processing /opt/airflow/dags/daily_payments_dag.py took 0.085 seconds
[2025-06-26T05:23:29.005+0000] {processor.py:161} INFO - Started process (PID=430) to work on /opt/airflow/dags/daily_payments_dag.py
[2025-06-26T05:23:29.006+0000] {processor.py:830} INFO - Processing file /opt/airflow/dags/daily_payments_dag.py for tasks to queue
[2025-06-26T05:23:29.007+0000] {logging_mixin.py:188} INFO - [2025-06-26T05:23:29.006+0000] {dagbag.py:538} INFO - Filling up the DagBag from /opt/airflow/dags/daily_payments_dag.py
[2025-06-26T05:23:29.019+0000] {processor.py:840} INFO - DAG(s) 'insert_payments_csv_to_postgres' retrieved from /opt/airflow/dags/daily_payments_dag.py
[2025-06-26T05:23:29.040+0000] {logging_mixin.py:188} INFO - [2025-06-26T05:23:29.039+0000] {dag.py:3036} INFO - Sync 1 DAGs
[2025-06-26T05:23:29.052+0000] {logging_mixin.py:188} INFO - [2025-06-26T05:23:29.051+0000] {dag.py:3823} INFO - Setting next_dagrun for insert_payments_csv_to_postgres to None, run_after=None
[2025-06-26T05:23:29.074+0000] {processor.py:183} INFO - Processing /opt/airflow/dags/daily_payments_dag.py took 0.073 seconds
[2025-06-26T05:23:59.527+0000] {processor.py:161} INFO - Started process (PID=450) to work on /opt/airflow/dags/daily_payments_dag.py
[2025-06-26T05:23:59.527+0000] {processor.py:830} INFO - Processing file /opt/airflow/dags/daily_payments_dag.py for tasks to queue
[2025-06-26T05:23:59.528+0000] {logging_mixin.py:188} INFO - [2025-06-26T05:23:59.528+0000] {dagbag.py:538} INFO - Filling up the DagBag from /opt/airflow/dags/daily_payments_dag.py
[2025-06-26T05:23:59.541+0000] {processor.py:840} INFO - DAG(s) 'insert_payments_csv_to_postgres' retrieved from /opt/airflow/dags/daily_payments_dag.py
[2025-06-26T05:23:59.560+0000] {logging_mixin.py:188} INFO - [2025-06-26T05:23:59.560+0000] {dag.py:3036} INFO - Sync 1 DAGs
[2025-06-26T05:23:59.571+0000] {logging_mixin.py:188} INFO - [2025-06-26T05:23:59.571+0000] {dag.py:3823} INFO - Setting next_dagrun for insert_payments_csv_to_postgres to None, run_after=None
[2025-06-26T05:23:59.595+0000] {processor.py:183} INFO - Processing /opt/airflow/dags/daily_payments_dag.py took 0.070 seconds
[2025-06-26T05:24:30.196+0000] {processor.py:161} INFO - Started process (PID=470) to work on /opt/airflow/dags/daily_payments_dag.py
[2025-06-26T05:24:30.196+0000] {processor.py:830} INFO - Processing file /opt/airflow/dags/daily_payments_dag.py for tasks to queue
[2025-06-26T05:24:30.197+0000] {logging_mixin.py:188} INFO - [2025-06-26T05:24:30.197+0000] {dagbag.py:538} INFO - Filling up the DagBag from /opt/airflow/dags/daily_payments_dag.py
[2025-06-26T05:24:30.208+0000] {processor.py:840} INFO - DAG(s) 'insert_payments_csv_to_postgres' retrieved from /opt/airflow/dags/daily_payments_dag.py
[2025-06-26T05:24:30.226+0000] {logging_mixin.py:188} INFO - [2025-06-26T05:24:30.225+0000] {dag.py:3036} INFO - Sync 1 DAGs
[2025-06-26T05:24:30.237+0000] {logging_mixin.py:188} INFO - [2025-06-26T05:24:30.237+0000] {dag.py:3823} INFO - Setting next_dagrun for insert_payments_csv_to_postgres to None, run_after=None
[2025-06-26T05:24:30.262+0000] {processor.py:183} INFO - Processing /opt/airflow/dags/daily_payments_dag.py took 0.069 seconds
[2025-06-26T05:25:00.884+0000] {processor.py:161} INFO - Started process (PID=490) to work on /opt/airflow/dags/daily_payments_dag.py
[2025-06-26T05:25:00.885+0000] {processor.py:830} INFO - Processing file /opt/airflow/dags/daily_payments_dag.py for tasks to queue
[2025-06-26T05:25:00.886+0000] {logging_mixin.py:188} INFO - [2025-06-26T05:25:00.885+0000] {dagbag.py:538} INFO - Filling up the DagBag from /opt/airflow/dags/daily_payments_dag.py
[2025-06-26T05:25:00.898+0000] {processor.py:840} INFO - DAG(s) 'insert_payments_csv_to_postgres' retrieved from /opt/airflow/dags/daily_payments_dag.py
[2025-06-26T05:25:00.918+0000] {logging_mixin.py:188} INFO - [2025-06-26T05:25:00.918+0000] {dag.py:3036} INFO - Sync 1 DAGs
[2025-06-26T05:25:00.930+0000] {logging_mixin.py:188} INFO - [2025-06-26T05:25:00.930+0000] {dag.py:3823} INFO - Setting next_dagrun for insert_payments_csv_to_postgres to None, run_after=None
[2025-06-26T05:25:00.954+0000] {processor.py:183} INFO - Processing /opt/airflow/dags/daily_payments_dag.py took 0.074 seconds
[2025-06-26T05:25:31.562+0000] {processor.py:161} INFO - Started process (PID=510) to work on /opt/airflow/dags/daily_payments_dag.py
[2025-06-26T05:25:31.563+0000] {processor.py:830} INFO - Processing file /opt/airflow/dags/daily_payments_dag.py for tasks to queue
[2025-06-26T05:25:31.565+0000] {logging_mixin.py:188} INFO - [2025-06-26T05:25:31.565+0000] {dagbag.py:538} INFO - Filling up the DagBag from /opt/airflow/dags/daily_payments_dag.py
[2025-06-26T05:25:31.585+0000] {processor.py:840} INFO - DAG(s) 'insert_payments_csv_to_postgres' retrieved from /opt/airflow/dags/daily_payments_dag.py
[2025-06-26T05:25:31.616+0000] {logging_mixin.py:188} INFO - [2025-06-26T05:25:31.616+0000] {dag.py:3036} INFO - Sync 1 DAGs
[2025-06-26T05:25:31.631+0000] {logging_mixin.py:188} INFO - [2025-06-26T05:25:31.631+0000] {dag.py:3823} INFO - Setting next_dagrun for insert_payments_csv_to_postgres to None, run_after=None
[2025-06-26T05:25:31.658+0000] {processor.py:183} INFO - Processing /opt/airflow/dags/daily_payments_dag.py took 0.100 seconds
[2025-06-26T05:26:02.304+0000] {processor.py:161} INFO - Started process (PID=530) to work on /opt/airflow/dags/daily_payments_dag.py
[2025-06-26T05:26:02.305+0000] {processor.py:830} INFO - Processing file /opt/airflow/dags/daily_payments_dag.py for tasks to queue
[2025-06-26T05:26:02.306+0000] {logging_mixin.py:188} INFO - [2025-06-26T05:26:02.305+0000] {dagbag.py:538} INFO - Filling up the DagBag from /opt/airflow/dags/daily_payments_dag.py
[2025-06-26T05:26:02.318+0000] {processor.py:840} INFO - DAG(s) 'insert_payments_csv_to_postgres' retrieved from /opt/airflow/dags/daily_payments_dag.py
[2025-06-26T05:26:02.338+0000] {logging_mixin.py:188} INFO - [2025-06-26T05:26:02.337+0000] {dag.py:3036} INFO - Sync 1 DAGs
[2025-06-26T05:26:02.348+0000] {logging_mixin.py:188} INFO - [2025-06-26T05:26:02.348+0000] {dag.py:3823} INFO - Setting next_dagrun for insert_payments_csv_to_postgres to None, run_after=None
[2025-06-26T05:26:02.373+0000] {processor.py:183} INFO - Processing /opt/airflow/dags/daily_payments_dag.py took 0.072 seconds
[2025-06-26T05:26:33.009+0000] {processor.py:161} INFO - Started process (PID=550) to work on /opt/airflow/dags/daily_payments_dag.py
[2025-06-26T05:26:33.010+0000] {processor.py:830} INFO - Processing file /opt/airflow/dags/daily_payments_dag.py for tasks to queue
[2025-06-26T05:26:33.012+0000] {logging_mixin.py:188} INFO - [2025-06-26T05:26:33.012+0000] {dagbag.py:538} INFO - Filling up the DagBag from /opt/airflow/dags/daily_payments_dag.py
[2025-06-26T05:26:33.027+0000] {processor.py:840} INFO - DAG(s) 'insert_payments_csv_to_postgres' retrieved from /opt/airflow/dags/daily_payments_dag.py
[2025-06-26T05:26:33.053+0000] {logging_mixin.py:188} INFO - [2025-06-26T05:26:33.052+0000] {dag.py:3036} INFO - Sync 1 DAGs
[2025-06-26T05:26:33.071+0000] {logging_mixin.py:188} INFO - [2025-06-26T05:26:33.070+0000] {dag.py:3823} INFO - Setting next_dagrun for insert_payments_csv_to_postgres to None, run_after=None
[2025-06-26T05:26:33.108+0000] {processor.py:183} INFO - Processing /opt/airflow/dags/daily_payments_dag.py took 0.103 seconds
[2025-06-26T05:27:03.824+0000] {processor.py:161} INFO - Started process (PID=570) to work on /opt/airflow/dags/daily_payments_dag.py
[2025-06-26T05:27:03.824+0000] {processor.py:830} INFO - Processing file /opt/airflow/dags/daily_payments_dag.py for tasks to queue
[2025-06-26T05:27:03.825+0000] {logging_mixin.py:188} INFO - [2025-06-26T05:27:03.825+0000] {dagbag.py:538} INFO - Filling up the DagBag from /opt/airflow/dags/daily_payments_dag.py
[2025-06-26T05:27:03.839+0000] {processor.py:840} INFO - DAG(s) 'insert_payments_csv_to_postgres' retrieved from /opt/airflow/dags/daily_payments_dag.py
[2025-06-26T05:27:03.858+0000] {logging_mixin.py:188} INFO - [2025-06-26T05:27:03.857+0000] {dag.py:3036} INFO - Sync 1 DAGs
[2025-06-26T05:27:03.869+0000] {logging_mixin.py:188} INFO - [2025-06-26T05:27:03.868+0000] {dag.py:3823} INFO - Setting next_dagrun for insert_payments_csv_to_postgres to None, run_after=None
[2025-06-26T05:27:03.892+0000] {processor.py:183} INFO - Processing /opt/airflow/dags/daily_payments_dag.py took 0.072 seconds
[2025-06-26T05:27:34.542+0000] {processor.py:161} INFO - Started process (PID=590) to work on /opt/airflow/dags/daily_payments_dag.py
[2025-06-26T05:27:34.543+0000] {processor.py:830} INFO - Processing file /opt/airflow/dags/daily_payments_dag.py for tasks to queue
[2025-06-26T05:27:34.544+0000] {logging_mixin.py:188} INFO - [2025-06-26T05:27:34.543+0000] {dagbag.py:538} INFO - Filling up the DagBag from /opt/airflow/dags/daily_payments_dag.py
[2025-06-26T05:27:34.554+0000] {processor.py:840} INFO - DAG(s) 'insert_payments_csv_to_postgres' retrieved from /opt/airflow/dags/daily_payments_dag.py
[2025-06-26T05:27:34.573+0000] {logging_mixin.py:188} INFO - [2025-06-26T05:27:34.573+0000] {dag.py:3036} INFO - Sync 1 DAGs
[2025-06-26T05:27:34.583+0000] {logging_mixin.py:188} INFO - [2025-06-26T05:27:34.583+0000] {dag.py:3823} INFO - Setting next_dagrun for insert_payments_csv_to_postgres to None, run_after=None
[2025-06-26T05:27:34.606+0000] {processor.py:183} INFO - Processing /opt/airflow/dags/daily_payments_dag.py took 0.067 seconds
[2025-06-26T05:28:05.231+0000] {processor.py:161} INFO - Started process (PID=610) to work on /opt/airflow/dags/daily_payments_dag.py
[2025-06-26T05:28:05.231+0000] {processor.py:830} INFO - Processing file /opt/airflow/dags/daily_payments_dag.py for tasks to queue
[2025-06-26T05:28:05.232+0000] {logging_mixin.py:188} INFO - [2025-06-26T05:28:05.232+0000] {dagbag.py:538} INFO - Filling up the DagBag from /opt/airflow/dags/daily_payments_dag.py
[2025-06-26T05:28:05.246+0000] {processor.py:840} INFO - DAG(s) 'insert_payments_csv_to_postgres' retrieved from /opt/airflow/dags/daily_payments_dag.py
[2025-06-26T05:28:05.266+0000] {logging_mixin.py:188} INFO - [2025-06-26T05:28:05.266+0000] {dag.py:3036} INFO - Sync 1 DAGs
[2025-06-26T05:28:05.277+0000] {logging_mixin.py:188} INFO - [2025-06-26T05:28:05.277+0000] {dag.py:3823} INFO - Setting next_dagrun for insert_payments_csv_to_postgres to None, run_after=None
[2025-06-26T05:28:05.301+0000] {processor.py:183} INFO - Processing /opt/airflow/dags/daily_payments_dag.py took 0.073 seconds
[2025-06-26T05:28:35.933+0000] {processor.py:161} INFO - Started process (PID=630) to work on /opt/airflow/dags/daily_payments_dag.py
[2025-06-26T05:28:35.933+0000] {processor.py:830} INFO - Processing file /opt/airflow/dags/daily_payments_dag.py for tasks to queue
[2025-06-26T05:28:35.934+0000] {logging_mixin.py:188} INFO - [2025-06-26T05:28:35.934+0000] {dagbag.py:538} INFO - Filling up the DagBag from /opt/airflow/dags/daily_payments_dag.py
[2025-06-26T05:28:35.948+0000] {processor.py:840} INFO - DAG(s) 'insert_payments_csv_to_postgres' retrieved from /opt/airflow/dags/daily_payments_dag.py
[2025-06-26T05:28:35.972+0000] {logging_mixin.py:188} INFO - [2025-06-26T05:28:35.971+0000] {dag.py:3036} INFO - Sync 1 DAGs
[2025-06-26T05:28:35.982+0000] {logging_mixin.py:188} INFO - [2025-06-26T05:28:35.982+0000] {dag.py:3823} INFO - Setting next_dagrun for insert_payments_csv_to_postgres to None, run_after=None
[2025-06-26T05:28:36.005+0000] {processor.py:183} INFO - Processing /opt/airflow/dags/daily_payments_dag.py took 0.076 seconds
[2025-06-26T05:29:06.556+0000] {processor.py:161} INFO - Started process (PID=650) to work on /opt/airflow/dags/daily_payments_dag.py
[2025-06-26T05:29:06.556+0000] {processor.py:830} INFO - Processing file /opt/airflow/dags/daily_payments_dag.py for tasks to queue
[2025-06-26T05:29:06.557+0000] {logging_mixin.py:188} INFO - [2025-06-26T05:29:06.557+0000] {dagbag.py:538} INFO - Filling up the DagBag from /opt/airflow/dags/daily_payments_dag.py
[2025-06-26T05:29:06.569+0000] {processor.py:840} INFO - DAG(s) 'insert_payments_csv_to_postgres' retrieved from /opt/airflow/dags/daily_payments_dag.py
[2025-06-26T05:29:06.589+0000] {logging_mixin.py:188} INFO - [2025-06-26T05:29:06.588+0000] {dag.py:3036} INFO - Sync 1 DAGs
[2025-06-26T05:29:06.599+0000] {logging_mixin.py:188} INFO - [2025-06-26T05:29:06.598+0000] {dag.py:3823} INFO - Setting next_dagrun for insert_payments_csv_to_postgres to None, run_after=None
[2025-06-26T05:29:06.621+0000] {processor.py:183} INFO - Processing /opt/airflow/dags/daily_payments_dag.py took 0.068 seconds
[2025-06-26T05:29:37.194+0000] {processor.py:161} INFO - Started process (PID=670) to work on /opt/airflow/dags/daily_payments_dag.py
[2025-06-26T05:29:37.195+0000] {processor.py:830} INFO - Processing file /opt/airflow/dags/daily_payments_dag.py for tasks to queue
[2025-06-26T05:29:37.196+0000] {logging_mixin.py:188} INFO - [2025-06-26T05:29:37.195+0000] {dagbag.py:538} INFO - Filling up the DagBag from /opt/airflow/dags/daily_payments_dag.py
[2025-06-26T05:29:37.210+0000] {processor.py:840} INFO - DAG(s) 'insert_payments_csv_to_postgres' retrieved from /opt/airflow/dags/daily_payments_dag.py
[2025-06-26T05:29:37.232+0000] {logging_mixin.py:188} INFO - [2025-06-26T05:29:37.231+0000] {dag.py:3036} INFO - Sync 1 DAGs
[2025-06-26T05:29:37.243+0000] {logging_mixin.py:188} INFO - [2025-06-26T05:29:37.243+0000] {dag.py:3823} INFO - Setting next_dagrun for insert_payments_csv_to_postgres to None, run_after=None
[2025-06-26T05:29:37.265+0000] {processor.py:183} INFO - Processing /opt/airflow/dags/daily_payments_dag.py took 0.075 seconds
[2025-06-26T05:30:07.836+0000] {processor.py:161} INFO - Started process (PID=690) to work on /opt/airflow/dags/daily_payments_dag.py
[2025-06-26T05:30:07.837+0000] {processor.py:830} INFO - Processing file /opt/airflow/dags/daily_payments_dag.py for tasks to queue
[2025-06-26T05:30:07.838+0000] {logging_mixin.py:188} INFO - [2025-06-26T05:30:07.837+0000] {dagbag.py:538} INFO - Filling up the DagBag from /opt/airflow/dags/daily_payments_dag.py
[2025-06-26T05:30:07.849+0000] {processor.py:840} INFO - DAG(s) 'insert_payments_csv_to_postgres' retrieved from /opt/airflow/dags/daily_payments_dag.py
[2025-06-26T05:30:07.870+0000] {logging_mixin.py:188} INFO - [2025-06-26T05:30:07.870+0000] {dag.py:3036} INFO - Sync 1 DAGs
[2025-06-26T05:30:07.881+0000] {logging_mixin.py:188} INFO - [2025-06-26T05:30:07.881+0000] {dag.py:3823} INFO - Setting next_dagrun for insert_payments_csv_to_postgres to None, run_after=None
[2025-06-26T05:30:07.905+0000] {processor.py:183} INFO - Processing /opt/airflow/dags/daily_payments_dag.py took 0.071 seconds
[2025-06-26T05:30:38.427+0000] {processor.py:161} INFO - Started process (PID=710) to work on /opt/airflow/dags/daily_payments_dag.py
[2025-06-26T05:30:38.428+0000] {processor.py:830} INFO - Processing file /opt/airflow/dags/daily_payments_dag.py for tasks to queue
[2025-06-26T05:30:38.429+0000] {logging_mixin.py:188} INFO - [2025-06-26T05:30:38.428+0000] {dagbag.py:538} INFO - Filling up the DagBag from /opt/airflow/dags/daily_payments_dag.py
[2025-06-26T05:30:38.440+0000] {processor.py:840} INFO - DAG(s) 'insert_payments_csv_to_postgres' retrieved from /opt/airflow/dags/daily_payments_dag.py
[2025-06-26T05:30:38.464+0000] {logging_mixin.py:188} INFO - [2025-06-26T05:30:38.463+0000] {dag.py:3036} INFO - Sync 1 DAGs
[2025-06-26T05:30:38.474+0000] {logging_mixin.py:188} INFO - [2025-06-26T05:30:38.473+0000] {dag.py:3823} INFO - Setting next_dagrun for insert_payments_csv_to_postgres to None, run_after=None
[2025-06-26T05:30:38.498+0000] {processor.py:183} INFO - Processing /opt/airflow/dags/daily_payments_dag.py took 0.074 seconds
[2025-06-26T05:31:09.051+0000] {processor.py:161} INFO - Started process (PID=730) to work on /opt/airflow/dags/daily_payments_dag.py
[2025-06-26T05:31:09.052+0000] {processor.py:830} INFO - Processing file /opt/airflow/dags/daily_payments_dag.py for tasks to queue
[2025-06-26T05:31:09.053+0000] {logging_mixin.py:188} INFO - [2025-06-26T05:31:09.053+0000] {dagbag.py:538} INFO - Filling up the DagBag from /opt/airflow/dags/daily_payments_dag.py
[2025-06-26T05:31:09.065+0000] {processor.py:840} INFO - DAG(s) 'insert_payments_csv_to_postgres' retrieved from /opt/airflow/dags/daily_payments_dag.py
[2025-06-26T05:31:09.085+0000] {logging_mixin.py:188} INFO - [2025-06-26T05:31:09.085+0000] {dag.py:3036} INFO - Sync 1 DAGs
[2025-06-26T05:31:09.096+0000] {logging_mixin.py:188} INFO - [2025-06-26T05:31:09.096+0000] {dag.py:3823} INFO - Setting next_dagrun for insert_payments_csv_to_postgres to None, run_after=None
[2025-06-26T05:31:09.120+0000] {processor.py:183} INFO - Processing /opt/airflow/dags/daily_payments_dag.py took 0.074 seconds
[2025-06-26T05:31:39.687+0000] {processor.py:161} INFO - Started process (PID=750) to work on /opt/airflow/dags/daily_payments_dag.py
[2025-06-26T05:31:39.688+0000] {processor.py:830} INFO - Processing file /opt/airflow/dags/daily_payments_dag.py for tasks to queue
[2025-06-26T05:31:39.689+0000] {logging_mixin.py:188} INFO - [2025-06-26T05:31:39.689+0000] {dagbag.py:538} INFO - Filling up the DagBag from /opt/airflow/dags/daily_payments_dag.py
[2025-06-26T05:31:39.703+0000] {processor.py:840} INFO - DAG(s) 'insert_payments_csv_to_postgres' retrieved from /opt/airflow/dags/daily_payments_dag.py
[2025-06-26T05:31:39.724+0000] {logging_mixin.py:188} INFO - [2025-06-26T05:31:39.724+0000] {dag.py:3036} INFO - Sync 1 DAGs
[2025-06-26T05:31:39.734+0000] {logging_mixin.py:188} INFO - [2025-06-26T05:31:39.734+0000] {dag.py:3823} INFO - Setting next_dagrun for insert_payments_csv_to_postgres to None, run_after=None
[2025-06-26T05:31:39.759+0000] {processor.py:183} INFO - Processing /opt/airflow/dags/daily_payments_dag.py took 0.076 seconds
[2025-06-26T05:32:10.375+0000] {processor.py:161} INFO - Started process (PID=770) to work on /opt/airflow/dags/daily_payments_dag.py
[2025-06-26T05:32:10.376+0000] {processor.py:830} INFO - Processing file /opt/airflow/dags/daily_payments_dag.py for tasks to queue
[2025-06-26T05:32:10.377+0000] {logging_mixin.py:188} INFO - [2025-06-26T05:32:10.376+0000] {dagbag.py:538} INFO - Filling up the DagBag from /opt/airflow/dags/daily_payments_dag.py
[2025-06-26T05:32:10.387+0000] {processor.py:840} INFO - DAG(s) 'insert_payments_csv_to_postgres' retrieved from /opt/airflow/dags/daily_payments_dag.py
[2025-06-26T05:32:10.408+0000] {logging_mixin.py:188} INFO - [2025-06-26T05:32:10.408+0000] {dag.py:3036} INFO - Sync 1 DAGs
[2025-06-26T05:32:10.419+0000] {logging_mixin.py:188} INFO - [2025-06-26T05:32:10.419+0000] {dag.py:3823} INFO - Setting next_dagrun for insert_payments_csv_to_postgres to None, run_after=None
[2025-06-26T05:32:10.444+0000] {processor.py:183} INFO - Processing /opt/airflow/dags/daily_payments_dag.py took 0.072 seconds
[2025-06-26T05:32:41.002+0000] {processor.py:161} INFO - Started process (PID=790) to work on /opt/airflow/dags/daily_payments_dag.py
[2025-06-26T05:32:41.003+0000] {processor.py:830} INFO - Processing file /opt/airflow/dags/daily_payments_dag.py for tasks to queue
[2025-06-26T05:32:41.004+0000] {logging_mixin.py:188} INFO - [2025-06-26T05:32:41.003+0000] {dagbag.py:538} INFO - Filling up the DagBag from /opt/airflow/dags/daily_payments_dag.py
[2025-06-26T05:32:41.017+0000] {processor.py:840} INFO - DAG(s) 'insert_payments_csv_to_postgres' retrieved from /opt/airflow/dags/daily_payments_dag.py
[2025-06-26T05:32:41.039+0000] {logging_mixin.py:188} INFO - [2025-06-26T05:32:41.039+0000] {dag.py:3036} INFO - Sync 1 DAGs
[2025-06-26T05:32:41.050+0000] {logging_mixin.py:188} INFO - [2025-06-26T05:32:41.050+0000] {dag.py:3823} INFO - Setting next_dagrun for insert_payments_csv_to_postgres to None, run_after=None
[2025-06-26T05:32:41.076+0000] {processor.py:183} INFO - Processing /opt/airflow/dags/daily_payments_dag.py took 0.076 seconds
[2025-06-26T05:33:11.628+0000] {processor.py:161} INFO - Started process (PID=810) to work on /opt/airflow/dags/daily_payments_dag.py
[2025-06-26T05:33:11.629+0000] {processor.py:830} INFO - Processing file /opt/airflow/dags/daily_payments_dag.py for tasks to queue
[2025-06-26T05:33:11.630+0000] {logging_mixin.py:188} INFO - [2025-06-26T05:33:11.630+0000] {dagbag.py:538} INFO - Filling up the DagBag from /opt/airflow/dags/daily_payments_dag.py
[2025-06-26T05:33:11.644+0000] {processor.py:840} INFO - DAG(s) 'insert_payments_csv_to_postgres' retrieved from /opt/airflow/dags/daily_payments_dag.py
[2025-06-26T05:33:11.665+0000] {logging_mixin.py:188} INFO - [2025-06-26T05:33:11.665+0000] {dag.py:3036} INFO - Sync 1 DAGs
[2025-06-26T05:33:11.676+0000] {logging_mixin.py:188} INFO - [2025-06-26T05:33:11.675+0000] {dag.py:3823} INFO - Setting next_dagrun for insert_payments_csv_to_postgres to None, run_after=None
[2025-06-26T05:33:11.699+0000] {processor.py:183} INFO - Processing /opt/airflow/dags/daily_payments_dag.py took 0.073 seconds
[2025-06-26T05:33:42.252+0000] {processor.py:161} INFO - Started process (PID=830) to work on /opt/airflow/dags/daily_payments_dag.py
[2025-06-26T05:33:42.253+0000] {processor.py:830} INFO - Processing file /opt/airflow/dags/daily_payments_dag.py for tasks to queue
[2025-06-26T05:33:42.254+0000] {logging_mixin.py:188} INFO - [2025-06-26T05:33:42.253+0000] {dagbag.py:538} INFO - Filling up the DagBag from /opt/airflow/dags/daily_payments_dag.py
[2025-06-26T05:33:42.266+0000] {processor.py:840} INFO - DAG(s) 'insert_payments_csv_to_postgres' retrieved from /opt/airflow/dags/daily_payments_dag.py
[2025-06-26T05:33:42.286+0000] {logging_mixin.py:188} INFO - [2025-06-26T05:33:42.286+0000] {dag.py:3036} INFO - Sync 1 DAGs
[2025-06-26T05:33:42.297+0000] {logging_mixin.py:188} INFO - [2025-06-26T05:33:42.296+0000] {dag.py:3823} INFO - Setting next_dagrun for insert_payments_csv_to_postgres to None, run_after=None
[2025-06-26T05:33:42.321+0000] {processor.py:183} INFO - Processing /opt/airflow/dags/daily_payments_dag.py took 0.074 seconds
[2025-06-26T05:34:12.875+0000] {processor.py:161} INFO - Started process (PID=850) to work on /opt/airflow/dags/daily_payments_dag.py
[2025-06-26T05:34:12.876+0000] {processor.py:830} INFO - Processing file /opt/airflow/dags/daily_payments_dag.py for tasks to queue
[2025-06-26T05:34:12.877+0000] {logging_mixin.py:188} INFO - [2025-06-26T05:34:12.877+0000] {dagbag.py:538} INFO - Filling up the DagBag from /opt/airflow/dags/daily_payments_dag.py
[2025-06-26T05:34:12.889+0000] {processor.py:840} INFO - DAG(s) 'insert_payments_csv_to_postgres' retrieved from /opt/airflow/dags/daily_payments_dag.py
[2025-06-26T05:34:12.909+0000] {logging_mixin.py:188} INFO - [2025-06-26T05:34:12.909+0000] {dag.py:3036} INFO - Sync 1 DAGs
[2025-06-26T05:34:12.921+0000] {logging_mixin.py:188} INFO - [2025-06-26T05:34:12.921+0000] {dag.py:3823} INFO - Setting next_dagrun for insert_payments_csv_to_postgres to None, run_after=None
[2025-06-26T05:34:12.945+0000] {processor.py:183} INFO - Processing /opt/airflow/dags/daily_payments_dag.py took 0.072 seconds
[2025-06-26T05:34:43.502+0000] {processor.py:161} INFO - Started process (PID=870) to work on /opt/airflow/dags/daily_payments_dag.py
[2025-06-26T05:34:43.503+0000] {processor.py:830} INFO - Processing file /opt/airflow/dags/daily_payments_dag.py for tasks to queue
[2025-06-26T05:34:43.504+0000] {logging_mixin.py:188} INFO - [2025-06-26T05:34:43.503+0000] {dagbag.py:538} INFO - Filling up the DagBag from /opt/airflow/dags/daily_payments_dag.py
[2025-06-26T05:34:43.518+0000] {processor.py:840} INFO - DAG(s) 'insert_payments_csv_to_postgres' retrieved from /opt/airflow/dags/daily_payments_dag.py
[2025-06-26T05:34:43.540+0000] {logging_mixin.py:188} INFO - [2025-06-26T05:34:43.539+0000] {dag.py:3036} INFO - Sync 1 DAGs
[2025-06-26T05:34:43.555+0000] {logging_mixin.py:188} INFO - [2025-06-26T05:34:43.555+0000] {dag.py:3823} INFO - Setting next_dagrun for insert_payments_csv_to_postgres to None, run_after=None
[2025-06-26T05:34:43.580+0000] {processor.py:183} INFO - Processing /opt/airflow/dags/daily_payments_dag.py took 0.082 seconds
[2025-06-26T05:35:14.137+0000] {processor.py:161} INFO - Started process (PID=890) to work on /opt/airflow/dags/daily_payments_dag.py
[2025-06-26T05:35:14.138+0000] {processor.py:830} INFO - Processing file /opt/airflow/dags/daily_payments_dag.py for tasks to queue
[2025-06-26T05:35:14.139+0000] {logging_mixin.py:188} INFO - [2025-06-26T05:35:14.139+0000] {dagbag.py:538} INFO - Filling up the DagBag from /opt/airflow/dags/daily_payments_dag.py
[2025-06-26T05:35:14.152+0000] {processor.py:840} INFO - DAG(s) 'insert_payments_csv_to_postgres' retrieved from /opt/airflow/dags/daily_payments_dag.py
[2025-06-26T05:35:14.174+0000] {logging_mixin.py:188} INFO - [2025-06-26T05:35:14.174+0000] {dag.py:3036} INFO - Sync 1 DAGs
[2025-06-26T05:35:14.185+0000] {logging_mixin.py:188} INFO - [2025-06-26T05:35:14.185+0000] {dag.py:3823} INFO - Setting next_dagrun for insert_payments_csv_to_postgres to None, run_after=None
[2025-06-26T05:35:14.210+0000] {processor.py:183} INFO - Processing /opt/airflow/dags/daily_payments_dag.py took 0.076 seconds
[2025-06-26T05:35:44.771+0000] {processor.py:161} INFO - Started process (PID=910) to work on /opt/airflow/dags/daily_payments_dag.py
[2025-06-26T05:35:44.773+0000] {processor.py:830} INFO - Processing file /opt/airflow/dags/daily_payments_dag.py for tasks to queue
[2025-06-26T05:35:44.774+0000] {logging_mixin.py:188} INFO - [2025-06-26T05:35:44.773+0000] {dagbag.py:538} INFO - Filling up the DagBag from /opt/airflow/dags/daily_payments_dag.py
[2025-06-26T05:35:44.787+0000] {processor.py:840} INFO - DAG(s) 'insert_payments_csv_to_postgres' retrieved from /opt/airflow/dags/daily_payments_dag.py
[2025-06-26T05:35:44.813+0000] {logging_mixin.py:188} INFO - [2025-06-26T05:35:44.812+0000] {dag.py:3036} INFO - Sync 1 DAGs
[2025-06-26T05:35:44.826+0000] {logging_mixin.py:188} INFO - [2025-06-26T05:35:44.826+0000] {dag.py:3823} INFO - Setting next_dagrun for insert_payments_csv_to_postgres to None, run_after=None
[2025-06-26T05:35:44.849+0000] {processor.py:183} INFO - Processing /opt/airflow/dags/daily_payments_dag.py took 0.081 seconds
[2025-06-26T05:36:15.436+0000] {processor.py:161} INFO - Started process (PID=930) to work on /opt/airflow/dags/daily_payments_dag.py
[2025-06-26T05:36:15.436+0000] {processor.py:830} INFO - Processing file /opt/airflow/dags/daily_payments_dag.py for tasks to queue
[2025-06-26T05:36:15.437+0000] {logging_mixin.py:188} INFO - [2025-06-26T05:36:15.437+0000] {dagbag.py:538} INFO - Filling up the DagBag from /opt/airflow/dags/daily_payments_dag.py
[2025-06-26T05:36:15.450+0000] {processor.py:840} INFO - DAG(s) 'insert_payments_csv_to_postgres' retrieved from /opt/airflow/dags/daily_payments_dag.py
[2025-06-26T05:36:15.469+0000] {logging_mixin.py:188} INFO - [2025-06-26T05:36:15.469+0000] {dag.py:3036} INFO - Sync 1 DAGs
[2025-06-26T05:36:15.481+0000] {logging_mixin.py:188} INFO - [2025-06-26T05:36:15.481+0000] {dag.py:3823} INFO - Setting next_dagrun for insert_payments_csv_to_postgres to None, run_after=None
[2025-06-26T05:36:15.507+0000] {processor.py:183} INFO - Processing /opt/airflow/dags/daily_payments_dag.py took 0.074 seconds
[2025-06-26T05:36:46.115+0000] {processor.py:161} INFO - Started process (PID=950) to work on /opt/airflow/dags/daily_payments_dag.py
[2025-06-26T05:36:46.116+0000] {processor.py:830} INFO - Processing file /opt/airflow/dags/daily_payments_dag.py for tasks to queue
[2025-06-26T05:36:46.117+0000] {logging_mixin.py:188} INFO - [2025-06-26T05:36:46.117+0000] {dagbag.py:538} INFO - Filling up the DagBag from /opt/airflow/dags/daily_payments_dag.py
[2025-06-26T05:36:46.129+0000] {processor.py:840} INFO - DAG(s) 'insert_payments_csv_to_postgres' retrieved from /opt/airflow/dags/daily_payments_dag.py
[2025-06-26T05:36:46.149+0000] {logging_mixin.py:188} INFO - [2025-06-26T05:36:46.148+0000] {dag.py:3036} INFO - Sync 1 DAGs
[2025-06-26T05:36:46.160+0000] {logging_mixin.py:188} INFO - [2025-06-26T05:36:46.160+0000] {dag.py:3823} INFO - Setting next_dagrun for insert_payments_csv_to_postgres to None, run_after=None
[2025-06-26T05:36:46.184+0000] {processor.py:183} INFO - Processing /opt/airflow/dags/daily_payments_dag.py took 0.072 seconds
[2025-06-26T05:37:16.783+0000] {processor.py:161} INFO - Started process (PID=970) to work on /opt/airflow/dags/daily_payments_dag.py
[2025-06-26T05:37:16.783+0000] {processor.py:830} INFO - Processing file /opt/airflow/dags/daily_payments_dag.py for tasks to queue
[2025-06-26T05:37:16.784+0000] {logging_mixin.py:188} INFO - [2025-06-26T05:37:16.784+0000] {dagbag.py:538} INFO - Filling up the DagBag from /opt/airflow/dags/daily_payments_dag.py
[2025-06-26T05:37:16.796+0000] {processor.py:840} INFO - DAG(s) 'insert_payments_csv_to_postgres' retrieved from /opt/airflow/dags/daily_payments_dag.py
[2025-06-26T05:37:16.814+0000] {logging_mixin.py:188} INFO - [2025-06-26T05:37:16.814+0000] {dag.py:3036} INFO - Sync 1 DAGs
[2025-06-26T05:37:16.825+0000] {logging_mixin.py:188} INFO - [2025-06-26T05:37:16.825+0000] {dag.py:3823} INFO - Setting next_dagrun for insert_payments_csv_to_postgres to None, run_after=None
[2025-06-26T05:37:16.849+0000] {processor.py:183} INFO - Processing /opt/airflow/dags/daily_payments_dag.py took 0.069 seconds
[2025-06-26T05:37:47.472+0000] {processor.py:161} INFO - Started process (PID=990) to work on /opt/airflow/dags/daily_payments_dag.py
[2025-06-26T05:37:47.473+0000] {processor.py:830} INFO - Processing file /opt/airflow/dags/daily_payments_dag.py for tasks to queue
[2025-06-26T05:37:47.474+0000] {logging_mixin.py:188} INFO - [2025-06-26T05:37:47.473+0000] {dagbag.py:538} INFO - Filling up the DagBag from /opt/airflow/dags/daily_payments_dag.py
[2025-06-26T05:37:47.490+0000] {processor.py:840} INFO - DAG(s) 'insert_payments_csv_to_postgres' retrieved from /opt/airflow/dags/daily_payments_dag.py
[2025-06-26T05:37:47.515+0000] {logging_mixin.py:188} INFO - [2025-06-26T05:37:47.515+0000] {dag.py:3036} INFO - Sync 1 DAGs
[2025-06-26T05:37:47.527+0000] {logging_mixin.py:188} INFO - [2025-06-26T05:37:47.527+0000] {dag.py:3823} INFO - Setting next_dagrun for insert_payments_csv_to_postgres to None, run_after=None
[2025-06-26T05:37:47.555+0000] {processor.py:183} INFO - Processing /opt/airflow/dags/daily_payments_dag.py took 0.087 seconds
[2025-06-26T05:38:18.087+0000] {processor.py:161} INFO - Started process (PID=1010) to work on /opt/airflow/dags/daily_payments_dag.py
[2025-06-26T05:38:18.089+0000] {processor.py:830} INFO - Processing file /opt/airflow/dags/daily_payments_dag.py for tasks to queue
[2025-06-26T05:38:18.090+0000] {logging_mixin.py:188} INFO - [2025-06-26T05:38:18.089+0000] {dagbag.py:538} INFO - Filling up the DagBag from /opt/airflow/dags/daily_payments_dag.py
[2025-06-26T05:38:18.103+0000] {processor.py:840} INFO - DAG(s) 'insert_payments_csv_to_postgres' retrieved from /opt/airflow/dags/daily_payments_dag.py
[2025-06-26T05:38:18.126+0000] {logging_mixin.py:188} INFO - [2025-06-26T05:38:18.125+0000] {dag.py:3036} INFO - Sync 1 DAGs
[2025-06-26T05:38:18.138+0000] {logging_mixin.py:188} INFO - [2025-06-26T05:38:18.138+0000] {dag.py:3823} INFO - Setting next_dagrun for insert_payments_csv_to_postgres to None, run_after=None
[2025-06-26T05:38:18.162+0000] {processor.py:183} INFO - Processing /opt/airflow/dags/daily_payments_dag.py took 0.079 seconds
[2025-06-26T05:38:48.845+0000] {processor.py:161} INFO - Started process (PID=1030) to work on /opt/airflow/dags/daily_payments_dag.py
[2025-06-26T05:38:48.845+0000] {processor.py:830} INFO - Processing file /opt/airflow/dags/daily_payments_dag.py for tasks to queue
[2025-06-26T05:38:48.846+0000] {logging_mixin.py:188} INFO - [2025-06-26T05:38:48.846+0000] {dagbag.py:538} INFO - Filling up the DagBag from /opt/airflow/dags/daily_payments_dag.py
[2025-06-26T05:38:48.858+0000] {processor.py:840} INFO - DAG(s) 'insert_payments_csv_to_postgres' retrieved from /opt/airflow/dags/daily_payments_dag.py
[2025-06-26T05:38:48.877+0000] {logging_mixin.py:188} INFO - [2025-06-26T05:38:48.877+0000] {dag.py:3036} INFO - Sync 1 DAGs
[2025-06-26T05:38:48.887+0000] {logging_mixin.py:188} INFO - [2025-06-26T05:38:48.887+0000] {dag.py:3823} INFO - Setting next_dagrun for insert_payments_csv_to_postgres to None, run_after=None
[2025-06-26T05:38:48.914+0000] {processor.py:183} INFO - Processing /opt/airflow/dags/daily_payments_dag.py took 0.073 seconds
[2025-06-26T05:39:19.521+0000] {processor.py:161} INFO - Started process (PID=1050) to work on /opt/airflow/dags/daily_payments_dag.py
[2025-06-26T05:39:19.522+0000] {processor.py:830} INFO - Processing file /opt/airflow/dags/daily_payments_dag.py for tasks to queue
[2025-06-26T05:39:19.523+0000] {logging_mixin.py:188} INFO - [2025-06-26T05:39:19.522+0000] {dagbag.py:538} INFO - Filling up the DagBag from /opt/airflow/dags/daily_payments_dag.py
[2025-06-26T05:39:19.541+0000] {processor.py:840} INFO - DAG(s) 'insert_payments_csv_to_postgres' retrieved from /opt/airflow/dags/daily_payments_dag.py
[2025-06-26T05:39:19.567+0000] {logging_mixin.py:188} INFO - [2025-06-26T05:39:19.566+0000] {dag.py:3036} INFO - Sync 1 DAGs
[2025-06-26T05:39:19.579+0000] {logging_mixin.py:188} INFO - [2025-06-26T05:39:19.579+0000] {dag.py:3823} INFO - Setting next_dagrun for insert_payments_csv_to_postgres to None, run_after=None
[2025-06-26T05:39:19.609+0000] {processor.py:183} INFO - Processing /opt/airflow/dags/daily_payments_dag.py took 0.091 seconds
[2025-06-26T05:39:50.216+0000] {processor.py:161} INFO - Started process (PID=1070) to work on /opt/airflow/dags/daily_payments_dag.py
[2025-06-26T05:39:50.217+0000] {processor.py:830} INFO - Processing file /opt/airflow/dags/daily_payments_dag.py for tasks to queue
[2025-06-26T05:39:50.218+0000] {logging_mixin.py:188} INFO - [2025-06-26T05:39:50.218+0000] {dagbag.py:538} INFO - Filling up the DagBag from /opt/airflow/dags/daily_payments_dag.py
[2025-06-26T05:39:50.231+0000] {processor.py:840} INFO - DAG(s) 'insert_payments_csv_to_postgres' retrieved from /opt/airflow/dags/daily_payments_dag.py
[2025-06-26T05:39:50.255+0000] {logging_mixin.py:188} INFO - [2025-06-26T05:39:50.254+0000] {dag.py:3036} INFO - Sync 1 DAGs
[2025-06-26T05:39:50.266+0000] {logging_mixin.py:188} INFO - [2025-06-26T05:39:50.266+0000] {dag.py:3823} INFO - Setting next_dagrun for insert_payments_csv_to_postgres to None, run_after=None
[2025-06-26T05:39:50.293+0000] {processor.py:183} INFO - Processing /opt/airflow/dags/daily_payments_dag.py took 0.079 seconds
[2025-06-26T05:40:20.853+0000] {processor.py:161} INFO - Started process (PID=1090) to work on /opt/airflow/dags/daily_payments_dag.py
[2025-06-26T05:40:20.854+0000] {processor.py:830} INFO - Processing file /opt/airflow/dags/daily_payments_dag.py for tasks to queue
[2025-06-26T05:40:20.854+0000] {logging_mixin.py:188} INFO - [2025-06-26T05:40:20.854+0000] {dagbag.py:538} INFO - Filling up the DagBag from /opt/airflow/dags/daily_payments_dag.py
[2025-06-26T05:40:20.869+0000] {processor.py:840} INFO - DAG(s) 'insert_payments_csv_to_postgres' retrieved from /opt/airflow/dags/daily_payments_dag.py
[2025-06-26T05:40:20.890+0000] {logging_mixin.py:188} INFO - [2025-06-26T05:40:20.889+0000] {dag.py:3036} INFO - Sync 1 DAGs
[2025-06-26T05:40:20.905+0000] {logging_mixin.py:188} INFO - [2025-06-26T05:40:20.904+0000] {dag.py:3823} INFO - Setting next_dagrun for insert_payments_csv_to_postgres to None, run_after=None
[2025-06-26T05:40:20.935+0000] {processor.py:183} INFO - Processing /opt/airflow/dags/daily_payments_dag.py took 0.085 seconds
[2025-06-26T05:40:51.543+0000] {processor.py:161} INFO - Started process (PID=1110) to work on /opt/airflow/dags/daily_payments_dag.py
[2025-06-26T05:40:51.543+0000] {processor.py:830} INFO - Processing file /opt/airflow/dags/daily_payments_dag.py for tasks to queue
[2025-06-26T05:40:51.544+0000] {logging_mixin.py:188} INFO - [2025-06-26T05:40:51.544+0000] {dagbag.py:538} INFO - Filling up the DagBag from /opt/airflow/dags/daily_payments_dag.py
[2025-06-26T05:40:51.556+0000] {processor.py:840} INFO - DAG(s) 'insert_payments_csv_to_postgres' retrieved from /opt/airflow/dags/daily_payments_dag.py
[2025-06-26T05:40:51.577+0000] {logging_mixin.py:188} INFO - [2025-06-26T05:40:51.577+0000] {dag.py:3036} INFO - Sync 1 DAGs
[2025-06-26T05:40:51.587+0000] {logging_mixin.py:188} INFO - [2025-06-26T05:40:51.587+0000] {dag.py:3823} INFO - Setting next_dagrun for insert_payments_csv_to_postgres to None, run_after=None
[2025-06-26T05:40:51.614+0000] {processor.py:183} INFO - Processing /opt/airflow/dags/daily_payments_dag.py took 0.075 seconds
[2025-06-26T05:41:22.214+0000] {processor.py:161} INFO - Started process (PID=1130) to work on /opt/airflow/dags/daily_payments_dag.py
[2025-06-26T05:41:22.215+0000] {processor.py:830} INFO - Processing file /opt/airflow/dags/daily_payments_dag.py for tasks to queue
[2025-06-26T05:41:22.215+0000] {logging_mixin.py:188} INFO - [2025-06-26T05:41:22.215+0000] {dagbag.py:538} INFO - Filling up the DagBag from /opt/airflow/dags/daily_payments_dag.py
[2025-06-26T05:41:22.228+0000] {processor.py:840} INFO - DAG(s) 'insert_payments_csv_to_postgres' retrieved from /opt/airflow/dags/daily_payments_dag.py
[2025-06-26T05:41:22.247+0000] {logging_mixin.py:188} INFO - [2025-06-26T05:41:22.246+0000] {dag.py:3036} INFO - Sync 1 DAGs
[2025-06-26T05:41:22.258+0000] {logging_mixin.py:188} INFO - [2025-06-26T05:41:22.257+0000] {dag.py:3823} INFO - Setting next_dagrun for insert_payments_csv_to_postgres to None, run_after=None
[2025-06-26T05:41:22.283+0000] {processor.py:183} INFO - Processing /opt/airflow/dags/daily_payments_dag.py took 0.072 seconds
[2025-06-26T05:41:52.913+0000] {processor.py:161} INFO - Started process (PID=1150) to work on /opt/airflow/dags/daily_payments_dag.py
[2025-06-26T05:41:52.914+0000] {processor.py:830} INFO - Processing file /opt/airflow/dags/daily_payments_dag.py for tasks to queue
[2025-06-26T05:41:52.915+0000] {logging_mixin.py:188} INFO - [2025-06-26T05:41:52.915+0000] {dagbag.py:538} INFO - Filling up the DagBag from /opt/airflow/dags/daily_payments_dag.py
[2025-06-26T05:41:52.927+0000] {processor.py:840} INFO - DAG(s) 'insert_payments_csv_to_postgres' retrieved from /opt/airflow/dags/daily_payments_dag.py
[2025-06-26T05:41:52.946+0000] {logging_mixin.py:188} INFO - [2025-06-26T05:41:52.946+0000] {dag.py:3036} INFO - Sync 1 DAGs
[2025-06-26T05:41:52.957+0000] {logging_mixin.py:188} INFO - [2025-06-26T05:41:52.957+0000] {dag.py:3823} INFO - Setting next_dagrun for insert_payments_csv_to_postgres to None, run_after=None
[2025-06-26T05:41:52.984+0000] {processor.py:183} INFO - Processing /opt/airflow/dags/daily_payments_dag.py took 0.073 seconds
[2025-06-26T05:42:23.610+0000] {processor.py:161} INFO - Started process (PID=1170) to work on /opt/airflow/dags/daily_payments_dag.py
[2025-06-26T05:42:23.612+0000] {processor.py:830} INFO - Processing file /opt/airflow/dags/daily_payments_dag.py for tasks to queue
[2025-06-26T05:42:23.613+0000] {logging_mixin.py:188} INFO - [2025-06-26T05:42:23.612+0000] {dagbag.py:538} INFO - Filling up the DagBag from /opt/airflow/dags/daily_payments_dag.py
[2025-06-26T05:42:23.628+0000] {processor.py:840} INFO - DAG(s) 'insert_payments_csv_to_postgres' retrieved from /opt/airflow/dags/daily_payments_dag.py
[2025-06-26T05:42:23.659+0000] {logging_mixin.py:188} INFO - [2025-06-26T05:42:23.659+0000] {dag.py:3036} INFO - Sync 1 DAGs
[2025-06-26T05:42:23.677+0000] {logging_mixin.py:188} INFO - [2025-06-26T05:42:23.676+0000] {dag.py:3823} INFO - Setting next_dagrun for insert_payments_csv_to_postgres to None, run_after=None
[2025-06-26T05:42:23.729+0000] {processor.py:183} INFO - Processing /opt/airflow/dags/daily_payments_dag.py took 0.122 seconds
[2025-06-26T05:42:54.335+0000] {processor.py:161} INFO - Started process (PID=1190) to work on /opt/airflow/dags/daily_payments_dag.py
[2025-06-26T05:42:54.336+0000] {processor.py:830} INFO - Processing file /opt/airflow/dags/daily_payments_dag.py for tasks to queue
[2025-06-26T05:42:54.337+0000] {logging_mixin.py:188} INFO - [2025-06-26T05:42:54.337+0000] {dagbag.py:538} INFO - Filling up the DagBag from /opt/airflow/dags/daily_payments_dag.py
[2025-06-26T05:42:54.351+0000] {processor.py:840} INFO - DAG(s) 'insert_payments_csv_to_postgres' retrieved from /opt/airflow/dags/daily_payments_dag.py
[2025-06-26T05:42:54.374+0000] {logging_mixin.py:188} INFO - [2025-06-26T05:42:54.374+0000] {dag.py:3036} INFO - Sync 1 DAGs
[2025-06-26T05:42:54.387+0000] {logging_mixin.py:188} INFO - [2025-06-26T05:42:54.387+0000] {dag.py:3823} INFO - Setting next_dagrun for insert_payments_csv_to_postgres to None, run_after=None
[2025-06-26T05:42:54.417+0000] {processor.py:183} INFO - Processing /opt/airflow/dags/daily_payments_dag.py took 0.085 seconds
[2025-06-26T05:43:25.013+0000] {processor.py:161} INFO - Started process (PID=1210) to work on /opt/airflow/dags/daily_payments_dag.py
[2025-06-26T05:43:25.014+0000] {processor.py:830} INFO - Processing file /opt/airflow/dags/daily_payments_dag.py for tasks to queue
[2025-06-26T05:43:25.015+0000] {logging_mixin.py:188} INFO - [2025-06-26T05:43:25.014+0000] {dagbag.py:538} INFO - Filling up the DagBag from /opt/airflow/dags/daily_payments_dag.py
[2025-06-26T05:43:25.034+0000] {processor.py:840} INFO - DAG(s) 'insert_payments_csv_to_postgres' retrieved from /opt/airflow/dags/daily_payments_dag.py
[2025-06-26T05:43:25.059+0000] {logging_mixin.py:188} INFO - [2025-06-26T05:43:25.059+0000] {dag.py:3036} INFO - Sync 1 DAGs
[2025-06-26T05:43:25.078+0000] {logging_mixin.py:188} INFO - [2025-06-26T05:43:25.077+0000] {dag.py:3823} INFO - Setting next_dagrun for insert_payments_csv_to_postgres to None, run_after=None
[2025-06-26T05:43:25.111+0000] {processor.py:183} INFO - Processing /opt/airflow/dags/daily_payments_dag.py took 0.102 seconds
[2025-06-26T05:43:55.734+0000] {processor.py:161} INFO - Started process (PID=1230) to work on /opt/airflow/dags/daily_payments_dag.py
[2025-06-26T05:43:55.735+0000] {processor.py:830} INFO - Processing file /opt/airflow/dags/daily_payments_dag.py for tasks to queue
[2025-06-26T05:43:55.736+0000] {logging_mixin.py:188} INFO - [2025-06-26T05:43:55.736+0000] {dagbag.py:538} INFO - Filling up the DagBag from /opt/airflow/dags/daily_payments_dag.py
[2025-06-26T05:43:55.754+0000] {processor.py:840} INFO - DAG(s) 'insert_payments_csv_to_postgres' retrieved from /opt/airflow/dags/daily_payments_dag.py
[2025-06-26T05:43:55.779+0000] {logging_mixin.py:188} INFO - [2025-06-26T05:43:55.779+0000] {dag.py:3036} INFO - Sync 1 DAGs
[2025-06-26T05:43:55.792+0000] {logging_mixin.py:188} INFO - [2025-06-26T05:43:55.791+0000] {dag.py:3823} INFO - Setting next_dagrun for insert_payments_csv_to_postgres to None, run_after=None
[2025-06-26T05:43:55.820+0000] {processor.py:183} INFO - Processing /opt/airflow/dags/daily_payments_dag.py took 0.093 seconds
[2025-06-26T05:44:26.371+0000] {processor.py:161} INFO - Started process (PID=1250) to work on /opt/airflow/dags/daily_payments_dag.py
[2025-06-26T05:44:26.372+0000] {processor.py:830} INFO - Processing file /opt/airflow/dags/daily_payments_dag.py for tasks to queue
[2025-06-26T05:44:26.373+0000] {logging_mixin.py:188} INFO - [2025-06-26T05:44:26.372+0000] {dagbag.py:538} INFO - Filling up the DagBag from /opt/airflow/dags/daily_payments_dag.py
[2025-06-26T05:44:26.386+0000] {processor.py:840} INFO - DAG(s) 'insert_payments_csv_to_postgres' retrieved from /opt/airflow/dags/daily_payments_dag.py
[2025-06-26T05:44:26.407+0000] {logging_mixin.py:188} INFO - [2025-06-26T05:44:26.407+0000] {dag.py:3036} INFO - Sync 1 DAGs
[2025-06-26T05:44:26.424+0000] {logging_mixin.py:188} INFO - [2025-06-26T05:44:26.424+0000] {dag.py:3823} INFO - Setting next_dagrun for insert_payments_csv_to_postgres to None, run_after=None
[2025-06-26T05:44:26.458+0000] {processor.py:183} INFO - Processing /opt/airflow/dags/daily_payments_dag.py took 0.090 seconds
[2025-06-26T05:44:57.017+0000] {processor.py:161} INFO - Started process (PID=1270) to work on /opt/airflow/dags/daily_payments_dag.py
[2025-06-26T05:44:57.018+0000] {processor.py:830} INFO - Processing file /opt/airflow/dags/daily_payments_dag.py for tasks to queue
[2025-06-26T05:44:57.019+0000] {logging_mixin.py:188} INFO - [2025-06-26T05:44:57.019+0000] {dagbag.py:538} INFO - Filling up the DagBag from /opt/airflow/dags/daily_payments_dag.py
[2025-06-26T05:44:57.036+0000] {processor.py:840} INFO - DAG(s) 'insert_payments_csv_to_postgres' retrieved from /opt/airflow/dags/daily_payments_dag.py
[2025-06-26T05:44:57.064+0000] {logging_mixin.py:188} INFO - [2025-06-26T05:44:57.064+0000] {dag.py:3036} INFO - Sync 1 DAGs
[2025-06-26T05:44:57.076+0000] {logging_mixin.py:188} INFO - [2025-06-26T05:44:57.076+0000] {dag.py:3823} INFO - Setting next_dagrun for insert_payments_csv_to_postgres to None, run_after=None
[2025-06-26T05:44:57.103+0000] {processor.py:183} INFO - Processing /opt/airflow/dags/daily_payments_dag.py took 0.090 seconds
[2025-06-26T05:45:27.646+0000] {processor.py:161} INFO - Started process (PID=1290) to work on /opt/airflow/dags/daily_payments_dag.py
[2025-06-26T05:45:27.646+0000] {processor.py:830} INFO - Processing file /opt/airflow/dags/daily_payments_dag.py for tasks to queue
[2025-06-26T05:45:27.647+0000] {logging_mixin.py:188} INFO - [2025-06-26T05:45:27.647+0000] {dagbag.py:538} INFO - Filling up the DagBag from /opt/airflow/dags/daily_payments_dag.py
[2025-06-26T05:45:27.664+0000] {processor.py:840} INFO - DAG(s) 'insert_payments_csv_to_postgres' retrieved from /opt/airflow/dags/daily_payments_dag.py
[2025-06-26T05:45:27.687+0000] {logging_mixin.py:188} INFO - [2025-06-26T05:45:27.687+0000] {dag.py:3036} INFO - Sync 1 DAGs
[2025-06-26T05:45:27.700+0000] {logging_mixin.py:188} INFO - [2025-06-26T05:45:27.700+0000] {dag.py:3823} INFO - Setting next_dagrun for insert_payments_csv_to_postgres to None, run_after=None
[2025-06-26T05:45:27.729+0000] {processor.py:183} INFO - Processing /opt/airflow/dags/daily_payments_dag.py took 0.086 seconds
[2025-06-26T05:45:58.306+0000] {processor.py:161} INFO - Started process (PID=1310) to work on /opt/airflow/dags/daily_payments_dag.py
[2025-06-26T05:45:58.307+0000] {processor.py:830} INFO - Processing file /opt/airflow/dags/daily_payments_dag.py for tasks to queue
[2025-06-26T05:45:58.308+0000] {logging_mixin.py:188} INFO - [2025-06-26T05:45:58.308+0000] {dagbag.py:538} INFO - Filling up the DagBag from /opt/airflow/dags/daily_payments_dag.py
[2025-06-26T05:45:58.319+0000] {processor.py:840} INFO - DAG(s) 'insert_payments_csv_to_postgres' retrieved from /opt/airflow/dags/daily_payments_dag.py
[2025-06-26T05:45:58.339+0000] {logging_mixin.py:188} INFO - [2025-06-26T05:45:58.339+0000] {dag.py:3036} INFO - Sync 1 DAGs
[2025-06-26T05:45:58.349+0000] {logging_mixin.py:188} INFO - [2025-06-26T05:45:58.349+0000] {dag.py:3823} INFO - Setting next_dagrun for insert_payments_csv_to_postgres to None, run_after=None
[2025-06-26T05:45:58.371+0000] {processor.py:183} INFO - Processing /opt/airflow/dags/daily_payments_dag.py took 0.068 seconds
[2025-06-26T05:46:28.918+0000] {processor.py:161} INFO - Started process (PID=1330) to work on /opt/airflow/dags/daily_payments_dag.py
[2025-06-26T05:46:28.919+0000] {processor.py:830} INFO - Processing file /opt/airflow/dags/daily_payments_dag.py for tasks to queue
[2025-06-26T05:46:28.920+0000] {logging_mixin.py:188} INFO - [2025-06-26T05:46:28.920+0000] {dagbag.py:538} INFO - Filling up the DagBag from /opt/airflow/dags/daily_payments_dag.py
[2025-06-26T05:46:28.936+0000] {processor.py:840} INFO - DAG(s) 'insert_payments_csv_to_postgres' retrieved from /opt/airflow/dags/daily_payments_dag.py
[2025-06-26T05:46:28.958+0000] {logging_mixin.py:188} INFO - [2025-06-26T05:46:28.957+0000] {dag.py:3036} INFO - Sync 1 DAGs
[2025-06-26T05:46:28.969+0000] {logging_mixin.py:188} INFO - [2025-06-26T05:46:28.969+0000] {dag.py:3823} INFO - Setting next_dagrun for insert_payments_csv_to_postgres to None, run_after=None
[2025-06-26T05:46:28.992+0000] {processor.py:183} INFO - Processing /opt/airflow/dags/daily_payments_dag.py took 0.078 seconds
[2025-06-26T05:46:59.688+0000] {processor.py:161} INFO - Started process (PID=1350) to work on /opt/airflow/dags/daily_payments_dag.py
[2025-06-26T05:46:59.689+0000] {processor.py:830} INFO - Processing file /opt/airflow/dags/daily_payments_dag.py for tasks to queue
[2025-06-26T05:46:59.690+0000] {logging_mixin.py:188} INFO - [2025-06-26T05:46:59.690+0000] {dagbag.py:538} INFO - Filling up the DagBag from /opt/airflow/dags/daily_payments_dag.py
[2025-06-26T05:46:59.703+0000] {processor.py:840} INFO - DAG(s) 'insert_payments_csv_to_postgres' retrieved from /opt/airflow/dags/daily_payments_dag.py
[2025-06-26T05:46:59.722+0000] {logging_mixin.py:188} INFO - [2025-06-26T05:46:59.722+0000] {dag.py:3036} INFO - Sync 1 DAGs
[2025-06-26T05:46:59.734+0000] {logging_mixin.py:188} INFO - [2025-06-26T05:46:59.733+0000] {dag.py:3823} INFO - Setting next_dagrun for insert_payments_csv_to_postgres to None, run_after=None
[2025-06-26T05:46:59.755+0000] {processor.py:183} INFO - Processing /opt/airflow/dags/daily_payments_dag.py took 0.070 seconds
[2025-06-26T05:47:30.410+0000] {processor.py:161} INFO - Started process (PID=1370) to work on /opt/airflow/dags/daily_payments_dag.py
[2025-06-26T05:47:30.411+0000] {processor.py:830} INFO - Processing file /opt/airflow/dags/daily_payments_dag.py for tasks to queue
[2025-06-26T05:47:30.412+0000] {logging_mixin.py:188} INFO - [2025-06-26T05:47:30.411+0000] {dagbag.py:538} INFO - Filling up the DagBag from /opt/airflow/dags/daily_payments_dag.py
[2025-06-26T05:47:30.423+0000] {processor.py:840} INFO - DAG(s) 'insert_payments_csv_to_postgres' retrieved from /opt/airflow/dags/daily_payments_dag.py
[2025-06-26T05:47:30.446+0000] {logging_mixin.py:188} INFO - [2025-06-26T05:47:30.445+0000] {dag.py:3036} INFO - Sync 1 DAGs
[2025-06-26T05:47:30.460+0000] {logging_mixin.py:188} INFO - [2025-06-26T05:47:30.459+0000] {dag.py:3823} INFO - Setting next_dagrun for insert_payments_csv_to_postgres to None, run_after=None
[2025-06-26T05:47:30.489+0000] {processor.py:183} INFO - Processing /opt/airflow/dags/daily_payments_dag.py took 0.083 seconds
[2025-06-26T05:48:01.047+0000] {processor.py:161} INFO - Started process (PID=1390) to work on /opt/airflow/dags/daily_payments_dag.py
[2025-06-26T05:48:01.048+0000] {processor.py:830} INFO - Processing file /opt/airflow/dags/daily_payments_dag.py for tasks to queue
[2025-06-26T05:48:01.050+0000] {logging_mixin.py:188} INFO - [2025-06-26T05:48:01.049+0000] {dagbag.py:538} INFO - Filling up the DagBag from /opt/airflow/dags/daily_payments_dag.py
[2025-06-26T05:48:01.065+0000] {processor.py:840} INFO - DAG(s) 'insert_payments_csv_to_postgres' retrieved from /opt/airflow/dags/daily_payments_dag.py
[2025-06-26T05:48:01.089+0000] {logging_mixin.py:188} INFO - [2025-06-26T05:48:01.089+0000] {dag.py:3036} INFO - Sync 1 DAGs
[2025-06-26T05:48:01.103+0000] {logging_mixin.py:188} INFO - [2025-06-26T05:48:01.103+0000] {dag.py:3823} INFO - Setting next_dagrun for insert_payments_csv_to_postgres to None, run_after=None
[2025-06-26T05:48:01.128+0000] {processor.py:183} INFO - Processing /opt/airflow/dags/daily_payments_dag.py took 0.085 seconds
[2025-06-26T05:48:31.680+0000] {processor.py:161} INFO - Started process (PID=1410) to work on /opt/airflow/dags/daily_payments_dag.py
[2025-06-26T05:48:31.681+0000] {processor.py:830} INFO - Processing file /opt/airflow/dags/daily_payments_dag.py for tasks to queue
[2025-06-26T05:48:31.682+0000] {logging_mixin.py:188} INFO - [2025-06-26T05:48:31.682+0000] {dagbag.py:538} INFO - Filling up the DagBag from /opt/airflow/dags/daily_payments_dag.py
[2025-06-26T05:48:31.695+0000] {processor.py:840} INFO - DAG(s) 'insert_payments_csv_to_postgres' retrieved from /opt/airflow/dags/daily_payments_dag.py
[2025-06-26T05:48:31.717+0000] {logging_mixin.py:188} INFO - [2025-06-26T05:48:31.716+0000] {dag.py:3036} INFO - Sync 1 DAGs
[2025-06-26T05:48:31.730+0000] {logging_mixin.py:188} INFO - [2025-06-26T05:48:31.729+0000] {dag.py:3823} INFO - Setting next_dagrun for insert_payments_csv_to_postgres to None, run_after=None
[2025-06-26T05:48:31.760+0000] {processor.py:183} INFO - Processing /opt/airflow/dags/daily_payments_dag.py took 0.082 seconds
[2025-06-26T05:49:02.318+0000] {processor.py:161} INFO - Started process (PID=1430) to work on /opt/airflow/dags/daily_payments_dag.py
[2025-06-26T05:49:02.319+0000] {processor.py:830} INFO - Processing file /opt/airflow/dags/daily_payments_dag.py for tasks to queue
[2025-06-26T05:49:02.320+0000] {logging_mixin.py:188} INFO - [2025-06-26T05:49:02.320+0000] {dagbag.py:538} INFO - Filling up the DagBag from /opt/airflow/dags/daily_payments_dag.py
[2025-06-26T05:49:02.333+0000] {processor.py:840} INFO - DAG(s) 'insert_payments_csv_to_postgres' retrieved from /opt/airflow/dags/daily_payments_dag.py
[2025-06-26T05:49:02.357+0000] {logging_mixin.py:188} INFO - [2025-06-26T05:49:02.357+0000] {dag.py:3036} INFO - Sync 1 DAGs
[2025-06-26T05:49:02.371+0000] {logging_mixin.py:188} INFO - [2025-06-26T05:49:02.370+0000] {dag.py:3823} INFO - Setting next_dagrun for insert_payments_csv_to_postgres to None, run_after=None
[2025-06-26T05:49:02.400+0000] {processor.py:183} INFO - Processing /opt/airflow/dags/daily_payments_dag.py took 0.086 seconds
[2025-06-26T05:49:32.988+0000] {processor.py:161} INFO - Started process (PID=1450) to work on /opt/airflow/dags/daily_payments_dag.py
[2025-06-26T05:49:32.989+0000] {processor.py:830} INFO - Processing file /opt/airflow/dags/daily_payments_dag.py for tasks to queue
[2025-06-26T05:49:32.990+0000] {logging_mixin.py:188} INFO - [2025-06-26T05:49:32.990+0000] {dagbag.py:538} INFO - Filling up the DagBag from /opt/airflow/dags/daily_payments_dag.py
[2025-06-26T05:49:33.002+0000] {processor.py:840} INFO - DAG(s) 'insert_payments_csv_to_postgres' retrieved from /opt/airflow/dags/daily_payments_dag.py
[2025-06-26T05:49:33.023+0000] {logging_mixin.py:188} INFO - [2025-06-26T05:49:33.022+0000] {dag.py:3036} INFO - Sync 1 DAGs
[2025-06-26T05:49:33.035+0000] {logging_mixin.py:188} INFO - [2025-06-26T05:49:33.034+0000] {dag.py:3823} INFO - Setting next_dagrun for insert_payments_csv_to_postgres to None, run_after=None
[2025-06-26T05:49:33.061+0000] {processor.py:183} INFO - Processing /opt/airflow/dags/daily_payments_dag.py took 0.076 seconds
[2025-06-26T05:50:03.677+0000] {processor.py:161} INFO - Started process (PID=1470) to work on /opt/airflow/dags/daily_payments_dag.py
[2025-06-26T05:50:03.678+0000] {processor.py:830} INFO - Processing file /opt/airflow/dags/daily_payments_dag.py for tasks to queue
[2025-06-26T05:50:03.680+0000] {logging_mixin.py:188} INFO - [2025-06-26T05:50:03.679+0000] {dagbag.py:538} INFO - Filling up the DagBag from /opt/airflow/dags/daily_payments_dag.py
[2025-06-26T05:50:03.692+0000] {processor.py:840} INFO - DAG(s) 'insert_payments_csv_to_postgres' retrieved from /opt/airflow/dags/daily_payments_dag.py
[2025-06-26T05:50:03.716+0000] {logging_mixin.py:188} INFO - [2025-06-26T05:50:03.715+0000] {dag.py:3036} INFO - Sync 1 DAGs
[2025-06-26T05:50:03.726+0000] {logging_mixin.py:188} INFO - [2025-06-26T05:50:03.726+0000] {dag.py:3823} INFO - Setting next_dagrun for insert_payments_csv_to_postgres to None, run_after=None
[2025-06-26T05:50:03.751+0000] {processor.py:183} INFO - Processing /opt/airflow/dags/daily_payments_dag.py took 0.078 seconds
[2025-06-26T05:50:34.280+0000] {processor.py:161} INFO - Started process (PID=1490) to work on /opt/airflow/dags/daily_payments_dag.py
[2025-06-26T05:50:34.280+0000] {processor.py:830} INFO - Processing file /opt/airflow/dags/daily_payments_dag.py for tasks to queue
[2025-06-26T05:50:34.282+0000] {logging_mixin.py:188} INFO - [2025-06-26T05:50:34.281+0000] {dagbag.py:538} INFO - Filling up the DagBag from /opt/airflow/dags/daily_payments_dag.py
[2025-06-26T05:50:34.294+0000] {processor.py:840} INFO - DAG(s) 'insert_payments_csv_to_postgres' retrieved from /opt/airflow/dags/daily_payments_dag.py
[2025-06-26T05:50:34.314+0000] {logging_mixin.py:188} INFO - [2025-06-26T05:50:34.313+0000] {dag.py:3036} INFO - Sync 1 DAGs
[2025-06-26T05:50:34.326+0000] {logging_mixin.py:188} INFO - [2025-06-26T05:50:34.326+0000] {dag.py:3823} INFO - Setting next_dagrun for insert_payments_csv_to_postgres to None, run_after=None
[2025-06-26T05:50:34.354+0000] {processor.py:183} INFO - Processing /opt/airflow/dags/daily_payments_dag.py took 0.077 seconds
[2025-06-26T05:51:04.954+0000] {processor.py:161} INFO - Started process (PID=1510) to work on /opt/airflow/dags/daily_payments_dag.py
[2025-06-26T05:51:04.955+0000] {processor.py:830} INFO - Processing file /opt/airflow/dags/daily_payments_dag.py for tasks to queue
[2025-06-26T05:51:04.956+0000] {logging_mixin.py:188} INFO - [2025-06-26T05:51:04.956+0000] {dagbag.py:538} INFO - Filling up the DagBag from /opt/airflow/dags/daily_payments_dag.py
[2025-06-26T05:51:04.970+0000] {processor.py:840} INFO - DAG(s) 'insert_payments_csv_to_postgres' retrieved from /opt/airflow/dags/daily_payments_dag.py
[2025-06-26T05:51:04.995+0000] {logging_mixin.py:188} INFO - [2025-06-26T05:51:04.995+0000] {dag.py:3036} INFO - Sync 1 DAGs
[2025-06-26T05:51:05.007+0000] {logging_mixin.py:188} INFO - [2025-06-26T05:51:05.007+0000] {dag.py:3823} INFO - Setting next_dagrun for insert_payments_csv_to_postgres to None, run_after=None
[2025-06-26T05:51:05.035+0000] {processor.py:183} INFO - Processing /opt/airflow/dags/daily_payments_dag.py took 0.084 seconds
[2025-06-26T05:51:35.599+0000] {processor.py:161} INFO - Started process (PID=1530) to work on /opt/airflow/dags/daily_payments_dag.py
[2025-06-26T05:51:35.600+0000] {processor.py:830} INFO - Processing file /opt/airflow/dags/daily_payments_dag.py for tasks to queue
[2025-06-26T05:51:35.601+0000] {logging_mixin.py:188} INFO - [2025-06-26T05:51:35.601+0000] {dagbag.py:538} INFO - Filling up the DagBag from /opt/airflow/dags/daily_payments_dag.py
[2025-06-26T05:51:35.618+0000] {processor.py:840} INFO - DAG(s) 'insert_payments_csv_to_postgres' retrieved from /opt/airflow/dags/daily_payments_dag.py
[2025-06-26T05:51:35.646+0000] {logging_mixin.py:188} INFO - [2025-06-26T05:51:35.646+0000] {dag.py:3036} INFO - Sync 1 DAGs
[2025-06-26T05:51:35.665+0000] {logging_mixin.py:188} INFO - [2025-06-26T05:51:35.664+0000] {dag.py:3823} INFO - Setting next_dagrun for insert_payments_csv_to_postgres to None, run_after=None
[2025-06-26T05:51:35.694+0000] {processor.py:183} INFO - Processing /opt/airflow/dags/daily_payments_dag.py took 0.099 seconds
[2025-06-26T05:52:06.267+0000] {processor.py:161} INFO - Started process (PID=1550) to work on /opt/airflow/dags/daily_payments_dag.py
[2025-06-26T05:52:06.268+0000] {processor.py:830} INFO - Processing file /opt/airflow/dags/daily_payments_dag.py for tasks to queue
[2025-06-26T05:52:06.269+0000] {logging_mixin.py:188} INFO - [2025-06-26T05:52:06.269+0000] {dagbag.py:538} INFO - Filling up the DagBag from /opt/airflow/dags/daily_payments_dag.py
[2025-06-26T05:52:06.294+0000] {processor.py:840} INFO - DAG(s) 'insert_payments_csv_to_postgres' retrieved from /opt/airflow/dags/daily_payments_dag.py
[2025-06-26T05:52:06.325+0000] {logging_mixin.py:188} INFO - [2025-06-26T05:52:06.325+0000] {dag.py:3036} INFO - Sync 1 DAGs
[2025-06-26T05:52:06.342+0000] {logging_mixin.py:188} INFO - [2025-06-26T05:52:06.342+0000] {dag.py:3823} INFO - Setting next_dagrun for insert_payments_csv_to_postgres to None, run_after=None
[2025-06-26T05:52:06.374+0000] {processor.py:183} INFO - Processing /opt/airflow/dags/daily_payments_dag.py took 0.111 seconds
[2025-06-26T05:52:37.058+0000] {processor.py:161} INFO - Started process (PID=1570) to work on /opt/airflow/dags/daily_payments_dag.py
[2025-06-26T05:52:37.059+0000] {processor.py:830} INFO - Processing file /opt/airflow/dags/daily_payments_dag.py for tasks to queue
[2025-06-26T05:52:37.060+0000] {logging_mixin.py:188} INFO - [2025-06-26T05:52:37.060+0000] {dagbag.py:538} INFO - Filling up the DagBag from /opt/airflow/dags/daily_payments_dag.py
[2025-06-26T05:52:37.072+0000] {processor.py:840} INFO - DAG(s) 'insert_payments_csv_to_postgres' retrieved from /opt/airflow/dags/daily_payments_dag.py
[2025-06-26T05:52:37.093+0000] {logging_mixin.py:188} INFO - [2025-06-26T05:52:37.093+0000] {dag.py:3036} INFO - Sync 1 DAGs
[2025-06-26T05:52:37.105+0000] {logging_mixin.py:188} INFO - [2025-06-26T05:52:37.105+0000] {dag.py:3823} INFO - Setting next_dagrun for insert_payments_csv_to_postgres to None, run_after=None
[2025-06-26T05:52:37.128+0000] {processor.py:183} INFO - Processing /opt/airflow/dags/daily_payments_dag.py took 0.072 seconds
[2025-06-26T05:53:07.834+0000] {processor.py:161} INFO - Started process (PID=1590) to work on /opt/airflow/dags/daily_payments_dag.py
[2025-06-26T05:53:07.835+0000] {processor.py:830} INFO - Processing file /opt/airflow/dags/daily_payments_dag.py for tasks to queue
[2025-06-26T05:53:07.835+0000] {logging_mixin.py:188} INFO - [2025-06-26T05:53:07.835+0000] {dagbag.py:538} INFO - Filling up the DagBag from /opt/airflow/dags/daily_payments_dag.py
[2025-06-26T05:53:07.847+0000] {processor.py:840} INFO - DAG(s) 'insert_payments_csv_to_postgres' retrieved from /opt/airflow/dags/daily_payments_dag.py
[2025-06-26T05:53:07.875+0000] {logging_mixin.py:188} INFO - [2025-06-26T05:53:07.874+0000] {dag.py:3036} INFO - Sync 1 DAGs
[2025-06-26T05:53:07.888+0000] {logging_mixin.py:188} INFO - [2025-06-26T05:53:07.888+0000] {dag.py:3823} INFO - Setting next_dagrun for insert_payments_csv_to_postgres to None, run_after=None
[2025-06-26T05:53:07.920+0000] {processor.py:183} INFO - Processing /opt/airflow/dags/daily_payments_dag.py took 0.089 seconds
[2025-06-26T05:53:38.582+0000] {processor.py:161} INFO - Started process (PID=1610) to work on /opt/airflow/dags/daily_payments_dag.py
[2025-06-26T05:53:38.583+0000] {processor.py:830} INFO - Processing file /opt/airflow/dags/daily_payments_dag.py for tasks to queue
[2025-06-26T05:53:38.584+0000] {logging_mixin.py:188} INFO - [2025-06-26T05:53:38.584+0000] {dagbag.py:538} INFO - Filling up the DagBag from /opt/airflow/dags/daily_payments_dag.py
[2025-06-26T05:53:38.598+0000] {processor.py:840} INFO - DAG(s) 'insert_payments_csv_to_postgres' retrieved from /opt/airflow/dags/daily_payments_dag.py
[2025-06-26T05:53:38.621+0000] {logging_mixin.py:188} INFO - [2025-06-26T05:53:38.620+0000] {dag.py:3036} INFO - Sync 1 DAGs
[2025-06-26T05:53:38.633+0000] {logging_mixin.py:188} INFO - [2025-06-26T05:53:38.633+0000] {dag.py:3823} INFO - Setting next_dagrun for insert_payments_csv_to_postgres to None, run_after=None
[2025-06-26T05:53:38.658+0000] {processor.py:183} INFO - Processing /opt/airflow/dags/daily_payments_dag.py took 0.080 seconds
[2025-06-26T05:54:09.315+0000] {processor.py:161} INFO - Started process (PID=1630) to work on /opt/airflow/dags/daily_payments_dag.py
[2025-06-26T05:54:09.316+0000] {processor.py:830} INFO - Processing file /opt/airflow/dags/daily_payments_dag.py for tasks to queue
[2025-06-26T05:54:09.317+0000] {logging_mixin.py:188} INFO - [2025-06-26T05:54:09.316+0000] {dagbag.py:538} INFO - Filling up the DagBag from /opt/airflow/dags/daily_payments_dag.py
[2025-06-26T05:54:09.328+0000] {processor.py:840} INFO - DAG(s) 'insert_payments_csv_to_postgres' retrieved from /opt/airflow/dags/daily_payments_dag.py
[2025-06-26T05:54:09.350+0000] {logging_mixin.py:188} INFO - [2025-06-26T05:54:09.350+0000] {dag.py:3036} INFO - Sync 1 DAGs
[2025-06-26T05:54:09.361+0000] {logging_mixin.py:188} INFO - [2025-06-26T05:54:09.361+0000] {dag.py:3823} INFO - Setting next_dagrun for insert_payments_csv_to_postgres to None, run_after=None
[2025-06-26T05:54:09.388+0000] {processor.py:183} INFO - Processing /opt/airflow/dags/daily_payments_dag.py took 0.079 seconds
[2025-06-26T05:54:39.987+0000] {processor.py:161} INFO - Started process (PID=1650) to work on /opt/airflow/dags/daily_payments_dag.py
[2025-06-26T05:54:39.987+0000] {processor.py:830} INFO - Processing file /opt/airflow/dags/daily_payments_dag.py for tasks to queue
[2025-06-26T05:54:39.988+0000] {logging_mixin.py:188} INFO - [2025-06-26T05:54:39.988+0000] {dagbag.py:538} INFO - Filling up the DagBag from /opt/airflow/dags/daily_payments_dag.py
[2025-06-26T05:54:39.999+0000] {processor.py:840} INFO - DAG(s) 'insert_payments_csv_to_postgres' retrieved from /opt/airflow/dags/daily_payments_dag.py
[2025-06-26T05:54:40.018+0000] {logging_mixin.py:188} INFO - [2025-06-26T05:54:40.017+0000] {dag.py:3036} INFO - Sync 1 DAGs
[2025-06-26T05:54:40.029+0000] {logging_mixin.py:188} INFO - [2025-06-26T05:54:40.028+0000] {dag.py:3823} INFO - Setting next_dagrun for insert_payments_csv_to_postgres to None, run_after=None
[2025-06-26T05:54:40.053+0000] {processor.py:183} INFO - Processing /opt/airflow/dags/daily_payments_dag.py took 0.069 seconds
[2025-06-26T05:55:10.733+0000] {processor.py:161} INFO - Started process (PID=1670) to work on /opt/airflow/dags/daily_payments_dag.py
[2025-06-26T05:55:10.734+0000] {processor.py:830} INFO - Processing file /opt/airflow/dags/daily_payments_dag.py for tasks to queue
[2025-06-26T05:55:10.735+0000] {logging_mixin.py:188} INFO - [2025-06-26T05:55:10.734+0000] {dagbag.py:538} INFO - Filling up the DagBag from /opt/airflow/dags/daily_payments_dag.py
[2025-06-26T05:55:10.746+0000] {processor.py:840} INFO - DAG(s) 'insert_payments_csv_to_postgres' retrieved from /opt/airflow/dags/daily_payments_dag.py
[2025-06-26T05:55:10.765+0000] {logging_mixin.py:188} INFO - [2025-06-26T05:55:10.765+0000] {dag.py:3036} INFO - Sync 1 DAGs
[2025-06-26T05:55:10.775+0000] {logging_mixin.py:188} INFO - [2025-06-26T05:55:10.775+0000] {dag.py:3823} INFO - Setting next_dagrun for insert_payments_csv_to_postgres to None, run_after=None
[2025-06-26T05:55:10.799+0000] {processor.py:183} INFO - Processing /opt/airflow/dags/daily_payments_dag.py took 0.070 seconds
[2025-06-26T05:55:41.422+0000] {processor.py:161} INFO - Started process (PID=1690) to work on /opt/airflow/dags/daily_payments_dag.py
[2025-06-26T05:55:41.423+0000] {processor.py:830} INFO - Processing file /opt/airflow/dags/daily_payments_dag.py for tasks to queue
[2025-06-26T05:55:41.424+0000] {logging_mixin.py:188} INFO - [2025-06-26T05:55:41.424+0000] {dagbag.py:538} INFO - Filling up the DagBag from /opt/airflow/dags/daily_payments_dag.py
[2025-06-26T05:55:41.441+0000] {processor.py:840} INFO - DAG(s) 'insert_payments_csv_to_postgres' retrieved from /opt/airflow/dags/daily_payments_dag.py
[2025-06-26T05:55:41.465+0000] {logging_mixin.py:188} INFO - [2025-06-26T05:55:41.465+0000] {dag.py:3036} INFO - Sync 1 DAGs
[2025-06-26T05:55:41.478+0000] {logging_mixin.py:188} INFO - [2025-06-26T05:55:41.478+0000] {dag.py:3823} INFO - Setting next_dagrun for insert_payments_csv_to_postgres to None, run_after=None
[2025-06-26T05:55:41.506+0000] {processor.py:183} INFO - Processing /opt/airflow/dags/daily_payments_dag.py took 0.087 seconds
[2025-06-26T05:56:12.115+0000] {processor.py:161} INFO - Started process (PID=1710) to work on /opt/airflow/dags/daily_payments_dag.py
[2025-06-26T05:56:12.116+0000] {processor.py:830} INFO - Processing file /opt/airflow/dags/daily_payments_dag.py for tasks to queue
[2025-06-26T05:56:12.117+0000] {logging_mixin.py:188} INFO - [2025-06-26T05:56:12.116+0000] {dagbag.py:538} INFO - Filling up the DagBag from /opt/airflow/dags/daily_payments_dag.py
[2025-06-26T05:56:12.128+0000] {processor.py:840} INFO - DAG(s) 'insert_payments_csv_to_postgres' retrieved from /opt/airflow/dags/daily_payments_dag.py
[2025-06-26T05:56:12.155+0000] {logging_mixin.py:188} INFO - [2025-06-26T05:56:12.154+0000] {dag.py:3036} INFO - Sync 1 DAGs
[2025-06-26T05:56:12.171+0000] {logging_mixin.py:188} INFO - [2025-06-26T05:56:12.171+0000] {dag.py:3823} INFO - Setting next_dagrun for insert_payments_csv_to_postgres to None, run_after=None
[2025-06-26T05:56:12.206+0000] {processor.py:183} INFO - Processing /opt/airflow/dags/daily_payments_dag.py took 0.093 seconds
[2025-06-26T05:56:42.811+0000] {processor.py:161} INFO - Started process (PID=1730) to work on /opt/airflow/dags/daily_payments_dag.py
[2025-06-26T05:56:42.811+0000] {processor.py:830} INFO - Processing file /opt/airflow/dags/daily_payments_dag.py for tasks to queue
[2025-06-26T05:56:42.812+0000] {logging_mixin.py:188} INFO - [2025-06-26T05:56:42.812+0000] {dagbag.py:538} INFO - Filling up the DagBag from /opt/airflow/dags/daily_payments_dag.py
[2025-06-26T05:56:42.826+0000] {processor.py:840} INFO - DAG(s) 'insert_payments_csv_to_postgres' retrieved from /opt/airflow/dags/daily_payments_dag.py
[2025-06-26T05:56:42.848+0000] {logging_mixin.py:188} INFO - [2025-06-26T05:56:42.847+0000] {dag.py:3036} INFO - Sync 1 DAGs
[2025-06-26T05:56:42.859+0000] {logging_mixin.py:188} INFO - [2025-06-26T05:56:42.858+0000] {dag.py:3823} INFO - Setting next_dagrun for insert_payments_csv_to_postgres to None, run_after=None
[2025-06-26T05:56:42.882+0000] {processor.py:183} INFO - Processing /opt/airflow/dags/daily_payments_dag.py took 0.074 seconds
[2025-06-26T05:57:13.493+0000] {processor.py:161} INFO - Started process (PID=1750) to work on /opt/airflow/dags/daily_payments_dag.py
[2025-06-26T05:57:13.494+0000] {processor.py:830} INFO - Processing file /opt/airflow/dags/daily_payments_dag.py for tasks to queue
[2025-06-26T05:57:13.495+0000] {logging_mixin.py:188} INFO - [2025-06-26T05:57:13.494+0000] {dagbag.py:538} INFO - Filling up the DagBag from /opt/airflow/dags/daily_payments_dag.py
[2025-06-26T05:57:13.508+0000] {processor.py:840} INFO - DAG(s) 'insert_payments_csv_to_postgres' retrieved from /opt/airflow/dags/daily_payments_dag.py
[2025-06-26T05:57:13.535+0000] {logging_mixin.py:188} INFO - [2025-06-26T05:57:13.534+0000] {dag.py:3036} INFO - Sync 1 DAGs
[2025-06-26T05:57:13.549+0000] {logging_mixin.py:188} INFO - [2025-06-26T05:57:13.548+0000] {dag.py:3823} INFO - Setting next_dagrun for insert_payments_csv_to_postgres to None, run_after=None
[2025-06-26T05:57:13.580+0000] {processor.py:183} INFO - Processing /opt/airflow/dags/daily_payments_dag.py took 0.090 seconds
[2025-06-26T05:57:44.118+0000] {processor.py:161} INFO - Started process (PID=1770) to work on /opt/airflow/dags/daily_payments_dag.py
[2025-06-26T05:57:44.120+0000] {processor.py:830} INFO - Processing file /opt/airflow/dags/daily_payments_dag.py for tasks to queue
[2025-06-26T05:57:44.121+0000] {logging_mixin.py:188} INFO - [2025-06-26T05:57:44.120+0000] {dagbag.py:538} INFO - Filling up the DagBag from /opt/airflow/dags/daily_payments_dag.py
[2025-06-26T05:57:44.134+0000] {processor.py:840} INFO - DAG(s) 'insert_payments_csv_to_postgres' retrieved from /opt/airflow/dags/daily_payments_dag.py
[2025-06-26T05:57:44.157+0000] {logging_mixin.py:188} INFO - [2025-06-26T05:57:44.157+0000] {dag.py:3036} INFO - Sync 1 DAGs
[2025-06-26T05:57:44.170+0000] {logging_mixin.py:188} INFO - [2025-06-26T05:57:44.169+0000] {dag.py:3823} INFO - Setting next_dagrun for insert_payments_csv_to_postgres to None, run_after=None
[2025-06-26T05:57:44.195+0000] {processor.py:183} INFO - Processing /opt/airflow/dags/daily_payments_dag.py took 0.080 seconds
[2025-06-26T05:58:14.810+0000] {processor.py:161} INFO - Started process (PID=1790) to work on /opt/airflow/dags/daily_payments_dag.py
[2025-06-26T05:58:14.811+0000] {processor.py:830} INFO - Processing file /opt/airflow/dags/daily_payments_dag.py for tasks to queue
[2025-06-26T05:58:14.812+0000] {logging_mixin.py:188} INFO - [2025-06-26T05:58:14.811+0000] {dagbag.py:538} INFO - Filling up the DagBag from /opt/airflow/dags/daily_payments_dag.py
[2025-06-26T05:58:14.824+0000] {processor.py:840} INFO - DAG(s) 'insert_payments_csv_to_postgres' retrieved from /opt/airflow/dags/daily_payments_dag.py
[2025-06-26T05:58:14.847+0000] {logging_mixin.py:188} INFO - [2025-06-26T05:58:14.846+0000] {dag.py:3036} INFO - Sync 1 DAGs
[2025-06-26T05:58:14.859+0000] {logging_mixin.py:188} INFO - [2025-06-26T05:58:14.859+0000] {dag.py:3823} INFO - Setting next_dagrun for insert_payments_csv_to_postgres to None, run_after=None
[2025-06-26T05:58:14.884+0000] {processor.py:183} INFO - Processing /opt/airflow/dags/daily_payments_dag.py took 0.077 seconds
[2025-06-26T05:58:45.496+0000] {processor.py:161} INFO - Started process (PID=1810) to work on /opt/airflow/dags/daily_payments_dag.py
[2025-06-26T05:58:45.497+0000] {processor.py:830} INFO - Processing file /opt/airflow/dags/daily_payments_dag.py for tasks to queue
[2025-06-26T05:58:45.498+0000] {logging_mixin.py:188} INFO - [2025-06-26T05:58:45.497+0000] {dagbag.py:538} INFO - Filling up the DagBag from /opt/airflow/dags/daily_payments_dag.py
[2025-06-26T05:58:45.509+0000] {processor.py:840} INFO - DAG(s) 'insert_payments_csv_to_postgres' retrieved from /opt/airflow/dags/daily_payments_dag.py
[2025-06-26T05:58:45.530+0000] {logging_mixin.py:188} INFO - [2025-06-26T05:58:45.530+0000] {dag.py:3036} INFO - Sync 1 DAGs
[2025-06-26T05:58:45.542+0000] {logging_mixin.py:188} INFO - [2025-06-26T05:58:45.541+0000] {dag.py:3823} INFO - Setting next_dagrun for insert_payments_csv_to_postgres to None, run_after=None
[2025-06-26T05:58:45.564+0000] {processor.py:183} INFO - Processing /opt/airflow/dags/daily_payments_dag.py took 0.072 seconds
[2025-06-26T05:59:16.256+0000] {processor.py:161} INFO - Started process (PID=1830) to work on /opt/airflow/dags/daily_payments_dag.py
[2025-06-26T05:59:16.257+0000] {processor.py:830} INFO - Processing file /opt/airflow/dags/daily_payments_dag.py for tasks to queue
[2025-06-26T05:59:16.258+0000] {logging_mixin.py:188} INFO - [2025-06-26T05:59:16.258+0000] {dagbag.py:538} INFO - Filling up the DagBag from /opt/airflow/dags/daily_payments_dag.py
[2025-06-26T05:59:16.273+0000] {processor.py:840} INFO - DAG(s) 'insert_payments_csv_to_postgres' retrieved from /opt/airflow/dags/daily_payments_dag.py
[2025-06-26T05:59:16.295+0000] {logging_mixin.py:188} INFO - [2025-06-26T05:59:16.295+0000] {dag.py:3036} INFO - Sync 1 DAGs
[2025-06-26T05:59:16.306+0000] {logging_mixin.py:188} INFO - [2025-06-26T05:59:16.306+0000] {dag.py:3823} INFO - Setting next_dagrun for insert_payments_csv_to_postgres to None, run_after=None
[2025-06-26T05:59:16.328+0000] {processor.py:183} INFO - Processing /opt/airflow/dags/daily_payments_dag.py took 0.077 seconds
[2025-06-26T05:59:46.910+0000] {processor.py:161} INFO - Started process (PID=1850) to work on /opt/airflow/dags/daily_payments_dag.py
[2025-06-26T05:59:46.912+0000] {processor.py:830} INFO - Processing file /opt/airflow/dags/daily_payments_dag.py for tasks to queue
[2025-06-26T05:59:46.916+0000] {logging_mixin.py:188} INFO - [2025-06-26T05:59:46.915+0000] {dagbag.py:538} INFO - Filling up the DagBag from /opt/airflow/dags/daily_payments_dag.py
[2025-06-26T05:59:46.942+0000] {processor.py:840} INFO - DAG(s) 'insert_payments_csv_to_postgres' retrieved from /opt/airflow/dags/daily_payments_dag.py
[2025-06-26T05:59:46.975+0000] {logging_mixin.py:188} INFO - [2025-06-26T05:59:46.974+0000] {dag.py:3036} INFO - Sync 1 DAGs
[2025-06-26T05:59:46.994+0000] {logging_mixin.py:188} INFO - [2025-06-26T05:59:46.994+0000] {dag.py:3823} INFO - Setting next_dagrun for insert_payments_csv_to_postgres to None, run_after=None
[2025-06-26T05:59:47.073+0000] {processor.py:183} INFO - Processing /opt/airflow/dags/daily_payments_dag.py took 0.167 seconds
