[2025-06-26T05:16:50.253+0000] {processor.py:161} INFO - Started process (PID=167) to work on /opt/airflow/dags/example_dag.py
[2025-06-26T05:16:50.255+0000] {processor.py:830} INFO - Processing file /opt/airflow/dags/example_dag.py for tasks to queue
[2025-06-26T05:16:50.256+0000] {logging_mixin.py:188} INFO - [2025-06-26T05:16:50.255+0000] {dagbag.py:538} INFO - Filling up the DagBag from /opt/airflow/dags/example_dag.py
[2025-06-26T05:16:50.295+0000] {processor.py:840} INFO - DAG(s) 'example_dag' retrieved from /opt/airflow/dags/example_dag.py
[2025-06-26T05:16:50.523+0000] {logging_mixin.py:188} INFO - [2025-06-26T05:16:50.522+0000] {override.py:1769} INFO - Created Permission View: can delete on DAG:example_dag
[2025-06-26T05:16:50.535+0000] {logging_mixin.py:188} INFO - [2025-06-26T05:16:50.535+0000] {override.py:1769} INFO - Created Permission View: can read on DAG:example_dag
[2025-06-26T05:16:50.544+0000] {logging_mixin.py:188} INFO - [2025-06-26T05:16:50.544+0000] {override.py:1769} INFO - Created Permission View: can edit on DAG:example_dag
[2025-06-26T05:16:50.545+0000] {logging_mixin.py:188} INFO - [2025-06-26T05:16:50.545+0000] {dag.py:3036} INFO - Sync 1 DAGs
[2025-06-26T05:16:50.559+0000] {logging_mixin.py:188} INFO - [2025-06-26T05:16:50.559+0000] {dag.py:3058} INFO - Creating ORM DAG for example_dag
[2025-06-26T05:16:50.572+0000] {logging_mixin.py:188} INFO - [2025-06-26T05:16:50.572+0000] {dag.py:3823} INFO - Setting next_dagrun for example_dag to 2025-06-25 00:00:00+00:00, run_after=2025-06-26 00:00:00+00:00
[2025-06-26T05:16:50.594+0000] {processor.py:183} INFO - Processing /opt/airflow/dags/example_dag.py took 0.345 seconds
[2025-06-26T05:17:21.262+0000] {processor.py:161} INFO - Started process (PID=187) to work on /opt/airflow/dags/example_dag.py
[2025-06-26T05:17:21.265+0000] {processor.py:830} INFO - Processing file /opt/airflow/dags/example_dag.py for tasks to queue
[2025-06-26T05:17:21.266+0000] {logging_mixin.py:188} INFO - [2025-06-26T05:17:21.266+0000] {dagbag.py:538} INFO - Filling up the DagBag from /opt/airflow/dags/example_dag.py
[2025-06-26T05:17:21.287+0000] {processor.py:840} INFO - DAG(s) 'example_dag' retrieved from /opt/airflow/dags/example_dag.py
[2025-06-26T05:17:21.313+0000] {logging_mixin.py:188} INFO - [2025-06-26T05:17:21.313+0000] {dag.py:3036} INFO - Sync 1 DAGs
[2025-06-26T05:17:21.341+0000] {logging_mixin.py:188} INFO - [2025-06-26T05:17:21.341+0000] {dag.py:3823} INFO - Setting next_dagrun for example_dag to 2025-06-25 00:00:00+00:00, run_after=2025-06-26 00:00:00+00:00
[2025-06-26T05:17:21.365+0000] {processor.py:183} INFO - Processing /opt/airflow/dags/example_dag.py took 0.107 seconds
[2025-06-26T05:17:51.869+0000] {processor.py:161} INFO - Started process (PID=207) to work on /opt/airflow/dags/example_dag.py
[2025-06-26T05:17:51.870+0000] {processor.py:830} INFO - Processing file /opt/airflow/dags/example_dag.py for tasks to queue
[2025-06-26T05:17:51.871+0000] {logging_mixin.py:188} INFO - [2025-06-26T05:17:51.871+0000] {dagbag.py:538} INFO - Filling up the DagBag from /opt/airflow/dags/example_dag.py
[2025-06-26T05:17:51.891+0000] {processor.py:840} INFO - DAG(s) 'example_dag' retrieved from /opt/airflow/dags/example_dag.py
[2025-06-26T05:17:51.919+0000] {logging_mixin.py:188} INFO - [2025-06-26T05:17:51.918+0000] {dag.py:3036} INFO - Sync 1 DAGs
[2025-06-26T05:17:51.944+0000] {logging_mixin.py:188} INFO - [2025-06-26T05:17:51.944+0000] {dag.py:3823} INFO - Setting next_dagrun for example_dag to 2025-06-25 00:00:00+00:00, run_after=2025-06-26 00:00:00+00:00
[2025-06-26T05:17:51.968+0000] {processor.py:183} INFO - Processing /opt/airflow/dags/example_dag.py took 0.103 seconds
[2025-06-26T05:18:22.614+0000] {processor.py:161} INFO - Started process (PID=227) to work on /opt/airflow/dags/example_dag.py
[2025-06-26T05:18:22.615+0000] {processor.py:830} INFO - Processing file /opt/airflow/dags/example_dag.py for tasks to queue
[2025-06-26T05:18:22.617+0000] {logging_mixin.py:188} INFO - [2025-06-26T05:18:22.616+0000] {dagbag.py:538} INFO - Filling up the DagBag from /opt/airflow/dags/example_dag.py
[2025-06-26T05:18:22.644+0000] {processor.py:840} INFO - DAG(s) 'example_dag' retrieved from /opt/airflow/dags/example_dag.py
[2025-06-26T05:18:22.667+0000] {logging_mixin.py:188} INFO - [2025-06-26T05:18:22.667+0000] {dag.py:3036} INFO - Sync 1 DAGs
[2025-06-26T05:18:22.689+0000] {logging_mixin.py:188} INFO - [2025-06-26T05:18:22.689+0000] {dag.py:3823} INFO - Setting next_dagrun for example_dag to 2025-06-25 00:00:00+00:00, run_after=2025-06-26 00:00:00+00:00
[2025-06-26T05:18:22.711+0000] {processor.py:183} INFO - Processing /opt/airflow/dags/example_dag.py took 0.102 seconds
[2025-06-26T05:18:53.245+0000] {processor.py:161} INFO - Started process (PID=247) to work on /opt/airflow/dags/example_dag.py
[2025-06-26T05:18:53.246+0000] {processor.py:830} INFO - Processing file /opt/airflow/dags/example_dag.py for tasks to queue
[2025-06-26T05:18:53.247+0000] {logging_mixin.py:188} INFO - [2025-06-26T05:18:53.247+0000] {dagbag.py:538} INFO - Filling up the DagBag from /opt/airflow/dags/example_dag.py
[2025-06-26T05:18:53.263+0000] {processor.py:840} INFO - DAG(s) 'example_dag' retrieved from /opt/airflow/dags/example_dag.py
[2025-06-26T05:18:53.284+0000] {logging_mixin.py:188} INFO - [2025-06-26T05:18:53.284+0000] {dag.py:3036} INFO - Sync 1 DAGs
[2025-06-26T05:18:53.310+0000] {logging_mixin.py:188} INFO - [2025-06-26T05:18:53.310+0000] {dag.py:3823} INFO - Setting next_dagrun for example_dag to 2025-06-25 00:00:00+00:00, run_after=2025-06-26 00:00:00+00:00
[2025-06-26T05:18:53.333+0000] {processor.py:183} INFO - Processing /opt/airflow/dags/example_dag.py took 0.091 seconds
[2025-06-26T05:19:24.013+0000] {processor.py:161} INFO - Started process (PID=267) to work on /opt/airflow/dags/example_dag.py
[2025-06-26T05:19:24.015+0000] {processor.py:830} INFO - Processing file /opt/airflow/dags/example_dag.py for tasks to queue
[2025-06-26T05:19:24.016+0000] {logging_mixin.py:188} INFO - [2025-06-26T05:19:24.016+0000] {dagbag.py:538} INFO - Filling up the DagBag from /opt/airflow/dags/example_dag.py
[2025-06-26T05:19:24.035+0000] {processor.py:840} INFO - DAG(s) 'example_dag' retrieved from /opt/airflow/dags/example_dag.py
[2025-06-26T05:19:24.059+0000] {logging_mixin.py:188} INFO - [2025-06-26T05:19:24.059+0000] {dag.py:3036} INFO - Sync 1 DAGs
[2025-06-26T05:19:24.082+0000] {logging_mixin.py:188} INFO - [2025-06-26T05:19:24.082+0000] {dag.py:3823} INFO - Setting next_dagrun for example_dag to 2025-06-25 00:00:00+00:00, run_after=2025-06-26 00:00:00+00:00
[2025-06-26T05:19:24.106+0000] {processor.py:183} INFO - Processing /opt/airflow/dags/example_dag.py took 0.097 seconds
[2025-06-26T05:19:54.617+0000] {processor.py:161} INFO - Started process (PID=287) to work on /opt/airflow/dags/example_dag.py
[2025-06-26T05:19:54.618+0000] {processor.py:830} INFO - Processing file /opt/airflow/dags/example_dag.py for tasks to queue
[2025-06-26T05:19:54.619+0000] {logging_mixin.py:188} INFO - [2025-06-26T05:19:54.619+0000] {dagbag.py:538} INFO - Filling up the DagBag from /opt/airflow/dags/example_dag.py
[2025-06-26T05:19:54.634+0000] {processor.py:840} INFO - DAG(s) 'example_dag' retrieved from /opt/airflow/dags/example_dag.py
[2025-06-26T05:19:54.655+0000] {logging_mixin.py:188} INFO - [2025-06-26T05:19:54.655+0000] {dag.py:3036} INFO - Sync 1 DAGs
[2025-06-26T05:19:54.679+0000] {logging_mixin.py:188} INFO - [2025-06-26T05:19:54.679+0000] {dag.py:3823} INFO - Setting next_dagrun for example_dag to 2025-06-25 00:00:00+00:00, run_after=2025-06-26 00:00:00+00:00
[2025-06-26T05:19:54.704+0000] {processor.py:183} INFO - Processing /opt/airflow/dags/example_dag.py took 0.089 seconds
[2025-06-26T05:20:25.252+0000] {processor.py:161} INFO - Started process (PID=307) to work on /opt/airflow/dags/example_dag.py
[2025-06-26T05:20:25.253+0000] {processor.py:830} INFO - Processing file /opt/airflow/dags/example_dag.py for tasks to queue
[2025-06-26T05:20:25.256+0000] {logging_mixin.py:188} INFO - [2025-06-26T05:20:25.255+0000] {dagbag.py:538} INFO - Filling up the DagBag from /opt/airflow/dags/example_dag.py
[2025-06-26T05:20:25.278+0000] {processor.py:840} INFO - DAG(s) 'example_dag' retrieved from /opt/airflow/dags/example_dag.py
[2025-06-26T05:20:25.303+0000] {logging_mixin.py:188} INFO - [2025-06-26T05:20:25.303+0000] {dag.py:3036} INFO - Sync 1 DAGs
[2025-06-26T05:20:25.327+0000] {logging_mixin.py:188} INFO - [2025-06-26T05:20:25.327+0000] {dag.py:3823} INFO - Setting next_dagrun for example_dag to 2025-06-25 00:00:00+00:00, run_after=2025-06-26 00:00:00+00:00
[2025-06-26T05:20:25.356+0000] {processor.py:183} INFO - Processing /opt/airflow/dags/example_dag.py took 0.109 seconds
[2025-06-26T05:20:55.838+0000] {processor.py:161} INFO - Started process (PID=327) to work on /opt/airflow/dags/example_dag.py
[2025-06-26T05:20:55.839+0000] {processor.py:830} INFO - Processing file /opt/airflow/dags/example_dag.py for tasks to queue
[2025-06-26T05:20:55.841+0000] {logging_mixin.py:188} INFO - [2025-06-26T05:20:55.840+0000] {dagbag.py:538} INFO - Filling up the DagBag from /opt/airflow/dags/example_dag.py
[2025-06-26T05:20:55.856+0000] {processor.py:840} INFO - DAG(s) 'example_dag' retrieved from /opt/airflow/dags/example_dag.py
[2025-06-26T05:20:55.875+0000] {logging_mixin.py:188} INFO - [2025-06-26T05:20:55.875+0000] {dag.py:3036} INFO - Sync 1 DAGs
[2025-06-26T05:20:55.897+0000] {logging_mixin.py:188} INFO - [2025-06-26T05:20:55.897+0000] {dag.py:3823} INFO - Setting next_dagrun for example_dag to 2025-06-25 00:00:00+00:00, run_after=2025-06-26 00:00:00+00:00
[2025-06-26T05:20:55.919+0000] {processor.py:183} INFO - Processing /opt/airflow/dags/example_dag.py took 0.084 seconds
[2025-06-26T05:21:26.520+0000] {processor.py:161} INFO - Started process (PID=347) to work on /opt/airflow/dags/example_dag.py
[2025-06-26T05:21:26.521+0000] {processor.py:830} INFO - Processing file /opt/airflow/dags/example_dag.py for tasks to queue
[2025-06-26T05:21:26.522+0000] {logging_mixin.py:188} INFO - [2025-06-26T05:21:26.522+0000] {dagbag.py:538} INFO - Filling up the DagBag from /opt/airflow/dags/example_dag.py
[2025-06-26T05:21:26.542+0000] {processor.py:840} INFO - DAG(s) 'example_dag' retrieved from /opt/airflow/dags/example_dag.py
[2025-06-26T05:21:26.563+0000] {logging_mixin.py:188} INFO - [2025-06-26T05:21:26.562+0000] {dag.py:3036} INFO - Sync 1 DAGs
[2025-06-26T05:21:26.588+0000] {logging_mixin.py:188} INFO - [2025-06-26T05:21:26.588+0000] {dag.py:3823} INFO - Setting next_dagrun for example_dag to 2025-06-25 00:00:00+00:00, run_after=2025-06-26 00:00:00+00:00
[2025-06-26T05:21:26.615+0000] {processor.py:183} INFO - Processing /opt/airflow/dags/example_dag.py took 0.098 seconds
[2025-06-26T05:21:57.215+0000] {processor.py:161} INFO - Started process (PID=367) to work on /opt/airflow/dags/example_dag.py
[2025-06-26T05:21:57.216+0000] {processor.py:830} INFO - Processing file /opt/airflow/dags/example_dag.py for tasks to queue
[2025-06-26T05:21:57.217+0000] {logging_mixin.py:188} INFO - [2025-06-26T05:21:57.217+0000] {dagbag.py:538} INFO - Filling up the DagBag from /opt/airflow/dags/example_dag.py
[2025-06-26T05:21:57.233+0000] {processor.py:840} INFO - DAG(s) 'example_dag' retrieved from /opt/airflow/dags/example_dag.py
[2025-06-26T05:21:57.254+0000] {logging_mixin.py:188} INFO - [2025-06-26T05:21:57.253+0000] {dag.py:3036} INFO - Sync 1 DAGs
[2025-06-26T05:21:57.277+0000] {logging_mixin.py:188} INFO - [2025-06-26T05:21:57.276+0000] {dag.py:3823} INFO - Setting next_dagrun for example_dag to 2025-06-25 00:00:00+00:00, run_after=2025-06-26 00:00:00+00:00
[2025-06-26T05:21:57.299+0000] {processor.py:183} INFO - Processing /opt/airflow/dags/example_dag.py took 0.086 seconds
[2025-06-26T05:22:27.795+0000] {processor.py:161} INFO - Started process (PID=387) to work on /opt/airflow/dags/example_dag.py
[2025-06-26T05:22:27.796+0000] {processor.py:830} INFO - Processing file /opt/airflow/dags/example_dag.py for tasks to queue
[2025-06-26T05:22:27.797+0000] {logging_mixin.py:188} INFO - [2025-06-26T05:22:27.797+0000] {dagbag.py:538} INFO - Filling up the DagBag from /opt/airflow/dags/example_dag.py
[2025-06-26T05:22:27.814+0000] {processor.py:840} INFO - DAG(s) 'example_dag' retrieved from /opt/airflow/dags/example_dag.py
[2025-06-26T05:22:27.837+0000] {logging_mixin.py:188} INFO - [2025-06-26T05:22:27.837+0000] {dag.py:3036} INFO - Sync 1 DAGs
[2025-06-26T05:22:27.924+0000] {logging_mixin.py:188} INFO - [2025-06-26T05:22:27.923+0000] {dag.py:3823} INFO - Setting next_dagrun for example_dag to 2025-06-25 00:00:00+00:00, run_after=2025-06-26 00:00:00+00:00
[2025-06-26T05:22:27.947+0000] {processor.py:183} INFO - Processing /opt/airflow/dags/example_dag.py took 0.155 seconds
[2025-06-26T05:22:58.421+0000] {processor.py:161} INFO - Started process (PID=407) to work on /opt/airflow/dags/example_dag.py
[2025-06-26T05:22:58.423+0000] {processor.py:830} INFO - Processing file /opt/airflow/dags/example_dag.py for tasks to queue
[2025-06-26T05:22:58.424+0000] {logging_mixin.py:188} INFO - [2025-06-26T05:22:58.423+0000] {dagbag.py:538} INFO - Filling up the DagBag from /opt/airflow/dags/example_dag.py
[2025-06-26T05:22:58.442+0000] {processor.py:840} INFO - DAG(s) 'example_dag' retrieved from /opt/airflow/dags/example_dag.py
[2025-06-26T05:22:58.470+0000] {logging_mixin.py:188} INFO - [2025-06-26T05:22:58.470+0000] {dag.py:3036} INFO - Sync 1 DAGs
[2025-06-26T05:22:58.495+0000] {logging_mixin.py:188} INFO - [2025-06-26T05:22:58.494+0000] {dag.py:3823} INFO - Setting next_dagrun for example_dag to 2025-06-25 00:00:00+00:00, run_after=2025-06-26 00:00:00+00:00
[2025-06-26T05:22:58.518+0000] {processor.py:183} INFO - Processing /opt/airflow/dags/example_dag.py took 0.101 seconds
[2025-06-26T05:23:28.998+0000] {processor.py:161} INFO - Started process (PID=427) to work on /opt/airflow/dags/example_dag.py
[2025-06-26T05:23:28.999+0000] {processor.py:830} INFO - Processing file /opt/airflow/dags/example_dag.py for tasks to queue
[2025-06-26T05:23:29.000+0000] {logging_mixin.py:188} INFO - [2025-06-26T05:23:29.000+0000] {dagbag.py:538} INFO - Filling up the DagBag from /opt/airflow/dags/example_dag.py
[2025-06-26T05:23:29.015+0000] {processor.py:840} INFO - DAG(s) 'example_dag' retrieved from /opt/airflow/dags/example_dag.py
[2025-06-26T05:23:29.035+0000] {logging_mixin.py:188} INFO - [2025-06-26T05:23:29.035+0000] {dag.py:3036} INFO - Sync 1 DAGs
[2025-06-26T05:23:29.057+0000] {logging_mixin.py:188} INFO - [2025-06-26T05:23:29.057+0000] {dag.py:3823} INFO - Setting next_dagrun for example_dag to 2025-06-25 00:00:00+00:00, run_after=2025-06-26 00:00:00+00:00
[2025-06-26T05:23:29.080+0000] {processor.py:183} INFO - Processing /opt/airflow/dags/example_dag.py took 0.085 seconds
[2025-06-26T05:23:59.520+0000] {processor.py:161} INFO - Started process (PID=447) to work on /opt/airflow/dags/example_dag.py
[2025-06-26T05:23:59.521+0000] {processor.py:830} INFO - Processing file /opt/airflow/dags/example_dag.py for tasks to queue
[2025-06-26T05:23:59.522+0000] {logging_mixin.py:188} INFO - [2025-06-26T05:23:59.521+0000] {dagbag.py:538} INFO - Filling up the DagBag from /opt/airflow/dags/example_dag.py
[2025-06-26T05:23:59.537+0000] {processor.py:840} INFO - DAG(s) 'example_dag' retrieved from /opt/airflow/dags/example_dag.py
[2025-06-26T05:23:59.559+0000] {logging_mixin.py:188} INFO - [2025-06-26T05:23:59.559+0000] {dag.py:3036} INFO - Sync 1 DAGs
[2025-06-26T05:23:59.581+0000] {logging_mixin.py:188} INFO - [2025-06-26T05:23:59.580+0000] {dag.py:3823} INFO - Setting next_dagrun for example_dag to 2025-06-25 00:00:00+00:00, run_after=2025-06-26 00:00:00+00:00
[2025-06-26T05:23:59.603+0000] {processor.py:183} INFO - Processing /opt/airflow/dags/example_dag.py took 0.086 seconds
[2025-06-26T05:24:30.189+0000] {processor.py:161} INFO - Started process (PID=467) to work on /opt/airflow/dags/example_dag.py
[2025-06-26T05:24:30.191+0000] {processor.py:830} INFO - Processing file /opt/airflow/dags/example_dag.py for tasks to queue
[2025-06-26T05:24:30.192+0000] {logging_mixin.py:188} INFO - [2025-06-26T05:24:30.191+0000] {dagbag.py:538} INFO - Filling up the DagBag from /opt/airflow/dags/example_dag.py
[2025-06-26T05:24:30.205+0000] {processor.py:840} INFO - DAG(s) 'example_dag' retrieved from /opt/airflow/dags/example_dag.py
[2025-06-26T05:24:30.224+0000] {logging_mixin.py:188} INFO - [2025-06-26T05:24:30.224+0000] {dag.py:3036} INFO - Sync 1 DAGs
[2025-06-26T05:24:30.247+0000] {logging_mixin.py:188} INFO - [2025-06-26T05:24:30.247+0000] {dag.py:3823} INFO - Setting next_dagrun for example_dag to 2025-06-25 00:00:00+00:00, run_after=2025-06-26 00:00:00+00:00
[2025-06-26T05:24:30.269+0000] {processor.py:183} INFO - Processing /opt/airflow/dags/example_dag.py took 0.083 seconds
[2025-06-26T05:25:00.875+0000] {processor.py:161} INFO - Started process (PID=487) to work on /opt/airflow/dags/example_dag.py
[2025-06-26T05:25:00.876+0000] {processor.py:830} INFO - Processing file /opt/airflow/dags/example_dag.py for tasks to queue
[2025-06-26T05:25:00.877+0000] {logging_mixin.py:188} INFO - [2025-06-26T05:25:00.877+0000] {dagbag.py:538} INFO - Filling up the DagBag from /opt/airflow/dags/example_dag.py
[2025-06-26T05:25:00.895+0000] {processor.py:840} INFO - DAG(s) 'example_dag' retrieved from /opt/airflow/dags/example_dag.py
[2025-06-26T05:25:00.916+0000] {logging_mixin.py:188} INFO - [2025-06-26T05:25:00.916+0000] {dag.py:3036} INFO - Sync 1 DAGs
[2025-06-26T05:25:00.938+0000] {logging_mixin.py:188} INFO - [2025-06-26T05:25:00.938+0000] {dag.py:3823} INFO - Setting next_dagrun for example_dag to 2025-06-25 00:00:00+00:00, run_after=2025-06-26 00:00:00+00:00
[2025-06-26T05:25:00.962+0000] {processor.py:183} INFO - Processing /opt/airflow/dags/example_dag.py took 0.090 seconds
[2025-06-26T05:25:31.549+0000] {processor.py:161} INFO - Started process (PID=507) to work on /opt/airflow/dags/example_dag.py
[2025-06-26T05:25:31.551+0000] {processor.py:830} INFO - Processing file /opt/airflow/dags/example_dag.py for tasks to queue
[2025-06-26T05:25:31.553+0000] {logging_mixin.py:188} INFO - [2025-06-26T05:25:31.552+0000] {dagbag.py:538} INFO - Filling up the DagBag from /opt/airflow/dags/example_dag.py
[2025-06-26T05:25:31.577+0000] {processor.py:840} INFO - DAG(s) 'example_dag' retrieved from /opt/airflow/dags/example_dag.py
[2025-06-26T05:25:31.606+0000] {logging_mixin.py:188} INFO - [2025-06-26T05:25:31.606+0000] {dag.py:3036} INFO - Sync 1 DAGs
[2025-06-26T05:25:31.630+0000] {logging_mixin.py:188} INFO - [2025-06-26T05:25:31.630+0000] {dag.py:3823} INFO - Setting next_dagrun for example_dag to 2025-06-25 00:00:00+00:00, run_after=2025-06-26 00:00:00+00:00
[2025-06-26T05:25:31.654+0000] {processor.py:183} INFO - Processing /opt/airflow/dags/example_dag.py took 0.109 seconds
[2025-06-26T05:26:02.298+0000] {processor.py:161} INFO - Started process (PID=527) to work on /opt/airflow/dags/example_dag.py
[2025-06-26T05:26:02.299+0000] {processor.py:830} INFO - Processing file /opt/airflow/dags/example_dag.py for tasks to queue
[2025-06-26T05:26:02.300+0000] {logging_mixin.py:188} INFO - [2025-06-26T05:26:02.300+0000] {dagbag.py:538} INFO - Filling up the DagBag from /opt/airflow/dags/example_dag.py
[2025-06-26T05:26:02.314+0000] {processor.py:840} INFO - DAG(s) 'example_dag' retrieved from /opt/airflow/dags/example_dag.py
[2025-06-26T05:26:02.333+0000] {logging_mixin.py:188} INFO - [2025-06-26T05:26:02.333+0000] {dag.py:3036} INFO - Sync 1 DAGs
[2025-06-26T05:26:02.354+0000] {logging_mixin.py:188} INFO - [2025-06-26T05:26:02.353+0000] {dag.py:3823} INFO - Setting next_dagrun for example_dag to 2025-06-25 00:00:00+00:00, run_after=2025-06-26 00:00:00+00:00
[2025-06-26T05:26:02.375+0000] {processor.py:183} INFO - Processing /opt/airflow/dags/example_dag.py took 0.080 seconds
[2025-06-26T05:26:33.001+0000] {processor.py:161} INFO - Started process (PID=547) to work on /opt/airflow/dags/example_dag.py
[2025-06-26T05:26:33.002+0000] {processor.py:830} INFO - Processing file /opt/airflow/dags/example_dag.py for tasks to queue
[2025-06-26T05:26:33.003+0000] {logging_mixin.py:188} INFO - [2025-06-26T05:26:33.003+0000] {dagbag.py:538} INFO - Filling up the DagBag from /opt/airflow/dags/example_dag.py
[2025-06-26T05:26:33.023+0000] {processor.py:840} INFO - DAG(s) 'example_dag' retrieved from /opt/airflow/dags/example_dag.py
[2025-06-26T05:26:33.049+0000] {logging_mixin.py:188} INFO - [2025-06-26T05:26:33.048+0000] {dag.py:3036} INFO - Sync 1 DAGs
[2025-06-26T05:26:33.081+0000] {logging_mixin.py:188} INFO - [2025-06-26T05:26:33.081+0000] {dag.py:3823} INFO - Setting next_dagrun for example_dag to 2025-06-25 00:00:00+00:00, run_after=2025-06-26 00:00:00+00:00
[2025-06-26T05:26:33.115+0000] {processor.py:183} INFO - Processing /opt/airflow/dags/example_dag.py took 0.118 seconds
[2025-06-26T05:27:03.816+0000] {processor.py:161} INFO - Started process (PID=567) to work on /opt/airflow/dags/example_dag.py
[2025-06-26T05:27:03.817+0000] {processor.py:830} INFO - Processing file /opt/airflow/dags/example_dag.py for tasks to queue
[2025-06-26T05:27:03.817+0000] {logging_mixin.py:188} INFO - [2025-06-26T05:27:03.817+0000] {dagbag.py:538} INFO - Filling up the DagBag from /opt/airflow/dags/example_dag.py
[2025-06-26T05:27:03.833+0000] {processor.py:840} INFO - DAG(s) 'example_dag' retrieved from /opt/airflow/dags/example_dag.py
[2025-06-26T05:27:03.853+0000] {logging_mixin.py:188} INFO - [2025-06-26T05:27:03.852+0000] {dag.py:3036} INFO - Sync 1 DAGs
[2025-06-26T05:27:03.874+0000] {logging_mixin.py:188} INFO - [2025-06-26T05:27:03.873+0000] {dag.py:3823} INFO - Setting next_dagrun for example_dag to 2025-06-25 00:00:00+00:00, run_after=2025-06-26 00:00:00+00:00
[2025-06-26T05:27:03.895+0000] {processor.py:183} INFO - Processing /opt/airflow/dags/example_dag.py took 0.082 seconds
[2025-06-26T05:27:34.535+0000] {processor.py:161} INFO - Started process (PID=587) to work on /opt/airflow/dags/example_dag.py
[2025-06-26T05:27:34.536+0000] {processor.py:830} INFO - Processing file /opt/airflow/dags/example_dag.py for tasks to queue
[2025-06-26T05:27:34.537+0000] {logging_mixin.py:188} INFO - [2025-06-26T05:27:34.536+0000] {dagbag.py:538} INFO - Filling up the DagBag from /opt/airflow/dags/example_dag.py
[2025-06-26T05:27:34.552+0000] {processor.py:840} INFO - DAG(s) 'example_dag' retrieved from /opt/airflow/dags/example_dag.py
[2025-06-26T05:27:34.573+0000] {logging_mixin.py:188} INFO - [2025-06-26T05:27:34.572+0000] {dag.py:3036} INFO - Sync 1 DAGs
[2025-06-26T05:27:34.593+0000] {logging_mixin.py:188} INFO - [2025-06-26T05:27:34.593+0000] {dag.py:3823} INFO - Setting next_dagrun for example_dag to 2025-06-25 00:00:00+00:00, run_after=2025-06-26 00:00:00+00:00
[2025-06-26T05:27:34.617+0000] {processor.py:183} INFO - Processing /opt/airflow/dags/example_dag.py took 0.085 seconds
[2025-06-26T05:28:05.226+0000] {processor.py:161} INFO - Started process (PID=607) to work on /opt/airflow/dags/example_dag.py
[2025-06-26T05:28:05.227+0000] {processor.py:830} INFO - Processing file /opt/airflow/dags/example_dag.py for tasks to queue
[2025-06-26T05:28:05.229+0000] {logging_mixin.py:188} INFO - [2025-06-26T05:28:05.228+0000] {dagbag.py:538} INFO - Filling up the DagBag from /opt/airflow/dags/example_dag.py
[2025-06-26T05:28:05.246+0000] {processor.py:840} INFO - DAG(s) 'example_dag' retrieved from /opt/airflow/dags/example_dag.py
[2025-06-26T05:28:05.266+0000] {logging_mixin.py:188} INFO - [2025-06-26T05:28:05.265+0000] {dag.py:3036} INFO - Sync 1 DAGs
[2025-06-26T05:28:05.287+0000] {logging_mixin.py:188} INFO - [2025-06-26T05:28:05.287+0000] {dag.py:3823} INFO - Setting next_dagrun for example_dag to 2025-06-25 00:00:00+00:00, run_after=2025-06-26 00:00:00+00:00
[2025-06-26T05:28:05.309+0000] {processor.py:183} INFO - Processing /opt/airflow/dags/example_dag.py took 0.088 seconds
[2025-06-26T05:28:35.928+0000] {processor.py:161} INFO - Started process (PID=627) to work on /opt/airflow/dags/example_dag.py
[2025-06-26T05:28:35.929+0000] {processor.py:830} INFO - Processing file /opt/airflow/dags/example_dag.py for tasks to queue
[2025-06-26T05:28:35.930+0000] {logging_mixin.py:188} INFO - [2025-06-26T05:28:35.930+0000] {dagbag.py:538} INFO - Filling up the DagBag from /opt/airflow/dags/example_dag.py
[2025-06-26T05:28:35.948+0000] {processor.py:840} INFO - DAG(s) 'example_dag' retrieved from /opt/airflow/dags/example_dag.py
[2025-06-26T05:28:35.971+0000] {logging_mixin.py:188} INFO - [2025-06-26T05:28:35.971+0000] {dag.py:3036} INFO - Sync 1 DAGs
[2025-06-26T05:28:35.993+0000] {logging_mixin.py:188} INFO - [2025-06-26T05:28:35.993+0000] {dag.py:3823} INFO - Setting next_dagrun for example_dag to 2025-06-25 00:00:00+00:00, run_after=2025-06-26 00:00:00+00:00
[2025-06-26T05:28:36.018+0000] {processor.py:183} INFO - Processing /opt/airflow/dags/example_dag.py took 0.093 seconds
[2025-06-26T05:29:06.548+0000] {processor.py:161} INFO - Started process (PID=647) to work on /opt/airflow/dags/example_dag.py
[2025-06-26T05:29:06.549+0000] {processor.py:830} INFO - Processing file /opt/airflow/dags/example_dag.py for tasks to queue
[2025-06-26T05:29:06.550+0000] {logging_mixin.py:188} INFO - [2025-06-26T05:29:06.550+0000] {dagbag.py:538} INFO - Filling up the DagBag from /opt/airflow/dags/example_dag.py
[2025-06-26T05:29:06.568+0000] {processor.py:840} INFO - DAG(s) 'example_dag' retrieved from /opt/airflow/dags/example_dag.py
[2025-06-26T05:29:06.588+0000] {logging_mixin.py:188} INFO - [2025-06-26T05:29:06.588+0000] {dag.py:3036} INFO - Sync 1 DAGs
[2025-06-26T05:29:06.608+0000] {logging_mixin.py:188} INFO - [2025-06-26T05:29:06.608+0000] {dag.py:3823} INFO - Setting next_dagrun for example_dag to 2025-06-25 00:00:00+00:00, run_after=2025-06-26 00:00:00+00:00
[2025-06-26T05:29:06.629+0000] {processor.py:183} INFO - Processing /opt/airflow/dags/example_dag.py took 0.084 seconds
[2025-06-26T05:29:37.187+0000] {processor.py:161} INFO - Started process (PID=667) to work on /opt/airflow/dags/example_dag.py
[2025-06-26T05:29:37.189+0000] {processor.py:830} INFO - Processing file /opt/airflow/dags/example_dag.py for tasks to queue
[2025-06-26T05:29:37.190+0000] {logging_mixin.py:188} INFO - [2025-06-26T05:29:37.190+0000] {dagbag.py:538} INFO - Filling up the DagBag from /opt/airflow/dags/example_dag.py
[2025-06-26T05:29:37.210+0000] {processor.py:840} INFO - DAG(s) 'example_dag' retrieved from /opt/airflow/dags/example_dag.py
[2025-06-26T05:29:37.231+0000] {logging_mixin.py:188} INFO - [2025-06-26T05:29:37.231+0000] {dag.py:3036} INFO - Sync 1 DAGs
[2025-06-26T05:29:37.254+0000] {logging_mixin.py:188} INFO - [2025-06-26T05:29:37.254+0000] {dag.py:3823} INFO - Setting next_dagrun for example_dag to 2025-06-25 00:00:00+00:00, run_after=2025-06-26 00:00:00+00:00
[2025-06-26T05:29:37.279+0000] {processor.py:183} INFO - Processing /opt/airflow/dags/example_dag.py took 0.096 seconds
[2025-06-26T05:30:07.830+0000] {processor.py:161} INFO - Started process (PID=687) to work on /opt/airflow/dags/example_dag.py
[2025-06-26T05:30:07.832+0000] {processor.py:830} INFO - Processing file /opt/airflow/dags/example_dag.py for tasks to queue
[2025-06-26T05:30:07.833+0000] {logging_mixin.py:188} INFO - [2025-06-26T05:30:07.833+0000] {dagbag.py:538} INFO - Filling up the DagBag from /opt/airflow/dags/example_dag.py
[2025-06-26T05:30:07.848+0000] {processor.py:840} INFO - DAG(s) 'example_dag' retrieved from /opt/airflow/dags/example_dag.py
[2025-06-26T05:30:07.870+0000] {logging_mixin.py:188} INFO - [2025-06-26T05:30:07.869+0000] {dag.py:3036} INFO - Sync 1 DAGs
[2025-06-26T05:30:07.891+0000] {logging_mixin.py:188} INFO - [2025-06-26T05:30:07.891+0000] {dag.py:3823} INFO - Setting next_dagrun for example_dag to 2025-06-25 00:00:00+00:00, run_after=2025-06-26 00:00:00+00:00
[2025-06-26T05:30:07.915+0000] {processor.py:183} INFO - Processing /opt/airflow/dags/example_dag.py took 0.088 seconds
[2025-06-26T05:30:38.421+0000] {processor.py:161} INFO - Started process (PID=707) to work on /opt/airflow/dags/example_dag.py
[2025-06-26T05:30:38.422+0000] {processor.py:830} INFO - Processing file /opt/airflow/dags/example_dag.py for tasks to queue
[2025-06-26T05:30:38.423+0000] {logging_mixin.py:188} INFO - [2025-06-26T05:30:38.423+0000] {dagbag.py:538} INFO - Filling up the DagBag from /opt/airflow/dags/example_dag.py
[2025-06-26T05:30:38.440+0000] {processor.py:840} INFO - DAG(s) 'example_dag' retrieved from /opt/airflow/dags/example_dag.py
[2025-06-26T05:30:38.463+0000] {logging_mixin.py:188} INFO - [2025-06-26T05:30:38.463+0000] {dag.py:3036} INFO - Sync 1 DAGs
[2025-06-26T05:30:38.485+0000] {logging_mixin.py:188} INFO - [2025-06-26T05:30:38.484+0000] {dag.py:3823} INFO - Setting next_dagrun for example_dag to 2025-06-25 00:00:00+00:00, run_after=2025-06-26 00:00:00+00:00
[2025-06-26T05:30:38.506+0000] {processor.py:183} INFO - Processing /opt/airflow/dags/example_dag.py took 0.088 seconds
[2025-06-26T05:31:09.041+0000] {processor.py:161} INFO - Started process (PID=727) to work on /opt/airflow/dags/example_dag.py
[2025-06-26T05:31:09.042+0000] {processor.py:830} INFO - Processing file /opt/airflow/dags/example_dag.py for tasks to queue
[2025-06-26T05:31:09.043+0000] {logging_mixin.py:188} INFO - [2025-06-26T05:31:09.043+0000] {dagbag.py:538} INFO - Filling up the DagBag from /opt/airflow/dags/example_dag.py
[2025-06-26T05:31:09.060+0000] {processor.py:840} INFO - DAG(s) 'example_dag' retrieved from /opt/airflow/dags/example_dag.py
[2025-06-26T05:31:09.080+0000] {logging_mixin.py:188} INFO - [2025-06-26T05:31:09.080+0000] {dag.py:3036} INFO - Sync 1 DAGs
[2025-06-26T05:31:09.103+0000] {logging_mixin.py:188} INFO - [2025-06-26T05:31:09.102+0000] {dag.py:3823} INFO - Setting next_dagrun for example_dag to 2025-06-25 00:00:00+00:00, run_after=2025-06-26 00:00:00+00:00
[2025-06-26T05:31:09.123+0000] {processor.py:183} INFO - Processing /opt/airflow/dags/example_dag.py took 0.085 seconds
[2025-06-26T05:31:39.682+0000] {processor.py:161} INFO - Started process (PID=747) to work on /opt/airflow/dags/example_dag.py
[2025-06-26T05:31:39.683+0000] {processor.py:830} INFO - Processing file /opt/airflow/dags/example_dag.py for tasks to queue
[2025-06-26T05:31:39.684+0000] {logging_mixin.py:188} INFO - [2025-06-26T05:31:39.684+0000] {dagbag.py:538} INFO - Filling up the DagBag from /opt/airflow/dags/example_dag.py
[2025-06-26T05:31:39.701+0000] {processor.py:840} INFO - DAG(s) 'example_dag' retrieved from /opt/airflow/dags/example_dag.py
[2025-06-26T05:31:39.723+0000] {logging_mixin.py:188} INFO - [2025-06-26T05:31:39.723+0000] {dag.py:3036} INFO - Sync 1 DAGs
[2025-06-26T05:31:39.744+0000] {logging_mixin.py:188} INFO - [2025-06-26T05:31:39.744+0000] {dag.py:3823} INFO - Setting next_dagrun for example_dag to 2025-06-25 00:00:00+00:00, run_after=2025-06-26 00:00:00+00:00
[2025-06-26T05:31:39.765+0000] {processor.py:183} INFO - Processing /opt/airflow/dags/example_dag.py took 0.087 seconds
[2025-06-26T05:32:10.366+0000] {processor.py:161} INFO - Started process (PID=767) to work on /opt/airflow/dags/example_dag.py
[2025-06-26T05:32:10.367+0000] {processor.py:830} INFO - Processing file /opt/airflow/dags/example_dag.py for tasks to queue
[2025-06-26T05:32:10.368+0000] {logging_mixin.py:188} INFO - [2025-06-26T05:32:10.368+0000] {dagbag.py:538} INFO - Filling up the DagBag from /opt/airflow/dags/example_dag.py
[2025-06-26T05:32:10.383+0000] {processor.py:840} INFO - DAG(s) 'example_dag' retrieved from /opt/airflow/dags/example_dag.py
[2025-06-26T05:32:10.404+0000] {logging_mixin.py:188} INFO - [2025-06-26T05:32:10.403+0000] {dag.py:3036} INFO - Sync 1 DAGs
[2025-06-26T05:32:10.427+0000] {logging_mixin.py:188} INFO - [2025-06-26T05:32:10.427+0000] {dag.py:3823} INFO - Setting next_dagrun for example_dag to 2025-06-25 00:00:00+00:00, run_after=2025-06-26 00:00:00+00:00
[2025-06-26T05:32:10.448+0000] {processor.py:183} INFO - Processing /opt/airflow/dags/example_dag.py took 0.085 seconds
[2025-06-26T05:32:40.995+0000] {processor.py:161} INFO - Started process (PID=787) to work on /opt/airflow/dags/example_dag.py
[2025-06-26T05:32:40.997+0000] {processor.py:830} INFO - Processing file /opt/airflow/dags/example_dag.py for tasks to queue
[2025-06-26T05:32:40.998+0000] {logging_mixin.py:188} INFO - [2025-06-26T05:32:40.997+0000] {dagbag.py:538} INFO - Filling up the DagBag from /opt/airflow/dags/example_dag.py
[2025-06-26T05:32:41.014+0000] {processor.py:840} INFO - DAG(s) 'example_dag' retrieved from /opt/airflow/dags/example_dag.py
[2025-06-26T05:32:41.039+0000] {logging_mixin.py:188} INFO - [2025-06-26T05:32:41.039+0000] {dag.py:3036} INFO - Sync 1 DAGs
[2025-06-26T05:32:41.061+0000] {logging_mixin.py:188} INFO - [2025-06-26T05:32:41.061+0000] {dag.py:3823} INFO - Setting next_dagrun for example_dag to 2025-06-25 00:00:00+00:00, run_after=2025-06-26 00:00:00+00:00
[2025-06-26T05:32:41.084+0000] {processor.py:183} INFO - Processing /opt/airflow/dags/example_dag.py took 0.092 seconds
[2025-06-26T05:33:11.622+0000] {processor.py:161} INFO - Started process (PID=807) to work on /opt/airflow/dags/example_dag.py
[2025-06-26T05:33:11.623+0000] {processor.py:830} INFO - Processing file /opt/airflow/dags/example_dag.py for tasks to queue
[2025-06-26T05:33:11.624+0000] {logging_mixin.py:188} INFO - [2025-06-26T05:33:11.624+0000] {dagbag.py:538} INFO - Filling up the DagBag from /opt/airflow/dags/example_dag.py
[2025-06-26T05:33:11.644+0000] {processor.py:840} INFO - DAG(s) 'example_dag' retrieved from /opt/airflow/dags/example_dag.py
[2025-06-26T05:33:11.664+0000] {logging_mixin.py:188} INFO - [2025-06-26T05:33:11.663+0000] {dag.py:3036} INFO - Sync 1 DAGs
[2025-06-26T05:33:11.684+0000] {logging_mixin.py:188} INFO - [2025-06-26T05:33:11.683+0000] {dag.py:3823} INFO - Setting next_dagrun for example_dag to 2025-06-25 00:00:00+00:00, run_after=2025-06-26 00:00:00+00:00
[2025-06-26T05:33:11.707+0000] {processor.py:183} INFO - Processing /opt/airflow/dags/example_dag.py took 0.090 seconds
[2025-06-26T05:33:42.246+0000] {processor.py:161} INFO - Started process (PID=827) to work on /opt/airflow/dags/example_dag.py
[2025-06-26T05:33:42.247+0000] {processor.py:830} INFO - Processing file /opt/airflow/dags/example_dag.py for tasks to queue
[2025-06-26T05:33:42.249+0000] {logging_mixin.py:188} INFO - [2025-06-26T05:33:42.248+0000] {dagbag.py:538} INFO - Filling up the DagBag from /opt/airflow/dags/example_dag.py
[2025-06-26T05:33:42.266+0000] {processor.py:840} INFO - DAG(s) 'example_dag' retrieved from /opt/airflow/dags/example_dag.py
[2025-06-26T05:33:42.285+0000] {logging_mixin.py:188} INFO - [2025-06-26T05:33:42.285+0000] {dag.py:3036} INFO - Sync 1 DAGs
[2025-06-26T05:33:42.307+0000] {logging_mixin.py:188} INFO - [2025-06-26T05:33:42.306+0000] {dag.py:3823} INFO - Setting next_dagrun for example_dag to 2025-06-25 00:00:00+00:00, run_after=2025-06-26 00:00:00+00:00
[2025-06-26T05:33:42.327+0000] {processor.py:183} INFO - Processing /opt/airflow/dags/example_dag.py took 0.084 seconds
[2025-06-26T05:34:12.869+0000] {processor.py:161} INFO - Started process (PID=847) to work on /opt/airflow/dags/example_dag.py
[2025-06-26T05:34:12.870+0000] {processor.py:830} INFO - Processing file /opt/airflow/dags/example_dag.py for tasks to queue
[2025-06-26T05:34:12.871+0000] {logging_mixin.py:188} INFO - [2025-06-26T05:34:12.871+0000] {dagbag.py:538} INFO - Filling up the DagBag from /opt/airflow/dags/example_dag.py
[2025-06-26T05:34:12.888+0000] {processor.py:840} INFO - DAG(s) 'example_dag' retrieved from /opt/airflow/dags/example_dag.py
[2025-06-26T05:34:12.909+0000] {logging_mixin.py:188} INFO - [2025-06-26T05:34:12.909+0000] {dag.py:3036} INFO - Sync 1 DAGs
[2025-06-26T05:34:12.931+0000] {logging_mixin.py:188} INFO - [2025-06-26T05:34:12.931+0000] {dag.py:3823} INFO - Setting next_dagrun for example_dag to 2025-06-25 00:00:00+00:00, run_after=2025-06-26 00:00:00+00:00
[2025-06-26T05:34:12.953+0000] {processor.py:183} INFO - Processing /opt/airflow/dags/example_dag.py took 0.086 seconds
[2025-06-26T05:34:43.494+0000] {processor.py:161} INFO - Started process (PID=867) to work on /opt/airflow/dags/example_dag.py
[2025-06-26T05:34:43.495+0000] {processor.py:830} INFO - Processing file /opt/airflow/dags/example_dag.py for tasks to queue
[2025-06-26T05:34:43.496+0000] {logging_mixin.py:188} INFO - [2025-06-26T05:34:43.496+0000] {dagbag.py:538} INFO - Filling up the DagBag from /opt/airflow/dags/example_dag.py
[2025-06-26T05:34:43.514+0000] {processor.py:840} INFO - DAG(s) 'example_dag' retrieved from /opt/airflow/dags/example_dag.py
[2025-06-26T05:34:43.535+0000] {logging_mixin.py:188} INFO - [2025-06-26T05:34:43.535+0000] {dag.py:3036} INFO - Sync 1 DAGs
[2025-06-26T05:34:43.562+0000] {logging_mixin.py:188} INFO - [2025-06-26T05:34:43.562+0000] {dag.py:3823} INFO - Setting next_dagrun for example_dag to 2025-06-25 00:00:00+00:00, run_after=2025-06-26 00:00:00+00:00
[2025-06-26T05:34:43.585+0000] {processor.py:183} INFO - Processing /opt/airflow/dags/example_dag.py took 0.096 seconds
[2025-06-26T05:35:14.129+0000] {processor.py:161} INFO - Started process (PID=887) to work on /opt/airflow/dags/example_dag.py
[2025-06-26T05:35:14.130+0000] {processor.py:830} INFO - Processing file /opt/airflow/dags/example_dag.py for tasks to queue
[2025-06-26T05:35:14.131+0000] {logging_mixin.py:188} INFO - [2025-06-26T05:35:14.131+0000] {dagbag.py:538} INFO - Filling up the DagBag from /opt/airflow/dags/example_dag.py
[2025-06-26T05:35:14.147+0000] {processor.py:840} INFO - DAG(s) 'example_dag' retrieved from /opt/airflow/dags/example_dag.py
[2025-06-26T05:35:14.171+0000] {logging_mixin.py:188} INFO - [2025-06-26T05:35:14.171+0000] {dag.py:3036} INFO - Sync 1 DAGs
[2025-06-26T05:35:14.193+0000] {logging_mixin.py:188} INFO - [2025-06-26T05:35:14.193+0000] {dag.py:3823} INFO - Setting next_dagrun for example_dag to 2025-06-25 00:00:00+00:00, run_after=2025-06-26 00:00:00+00:00
[2025-06-26T05:35:14.214+0000] {processor.py:183} INFO - Processing /opt/airflow/dags/example_dag.py took 0.087 seconds
[2025-06-26T05:35:44.764+0000] {processor.py:161} INFO - Started process (PID=907) to work on /opt/airflow/dags/example_dag.py
[2025-06-26T05:35:44.765+0000] {processor.py:830} INFO - Processing file /opt/airflow/dags/example_dag.py for tasks to queue
[2025-06-26T05:35:44.766+0000] {logging_mixin.py:188} INFO - [2025-06-26T05:35:44.765+0000] {dagbag.py:538} INFO - Filling up the DagBag from /opt/airflow/dags/example_dag.py
[2025-06-26T05:35:44.781+0000] {processor.py:840} INFO - DAG(s) 'example_dag' retrieved from /opt/airflow/dags/example_dag.py
[2025-06-26T05:35:44.803+0000] {logging_mixin.py:188} INFO - [2025-06-26T05:35:44.803+0000] {dag.py:3036} INFO - Sync 1 DAGs
[2025-06-26T05:35:44.828+0000] {logging_mixin.py:188} INFO - [2025-06-26T05:35:44.828+0000] {dag.py:3823} INFO - Setting next_dagrun for example_dag to 2025-06-25 00:00:00+00:00, run_after=2025-06-26 00:00:00+00:00
[2025-06-26T05:35:44.853+0000] {processor.py:183} INFO - Processing /opt/airflow/dags/example_dag.py took 0.092 seconds
[2025-06-26T05:36:15.430+0000] {processor.py:161} INFO - Started process (PID=927) to work on /opt/airflow/dags/example_dag.py
[2025-06-26T05:36:15.431+0000] {processor.py:830} INFO - Processing file /opt/airflow/dags/example_dag.py for tasks to queue
[2025-06-26T05:36:15.432+0000] {logging_mixin.py:188} INFO - [2025-06-26T05:36:15.432+0000] {dagbag.py:538} INFO - Filling up the DagBag from /opt/airflow/dags/example_dag.py
[2025-06-26T05:36:15.449+0000] {processor.py:840} INFO - DAG(s) 'example_dag' retrieved from /opt/airflow/dags/example_dag.py
[2025-06-26T05:36:15.469+0000] {logging_mixin.py:188} INFO - [2025-06-26T05:36:15.469+0000] {dag.py:3036} INFO - Sync 1 DAGs
[2025-06-26T05:36:15.491+0000] {logging_mixin.py:188} INFO - [2025-06-26T05:36:15.490+0000] {dag.py:3823} INFO - Setting next_dagrun for example_dag to 2025-06-25 00:00:00+00:00, run_after=2025-06-26 00:00:00+00:00
[2025-06-26T05:36:15.515+0000] {processor.py:183} INFO - Processing /opt/airflow/dags/example_dag.py took 0.088 seconds
[2025-06-26T05:36:46.110+0000] {processor.py:161} INFO - Started process (PID=947) to work on /opt/airflow/dags/example_dag.py
[2025-06-26T05:36:46.111+0000] {processor.py:830} INFO - Processing file /opt/airflow/dags/example_dag.py for tasks to queue
[2025-06-26T05:36:46.112+0000] {logging_mixin.py:188} INFO - [2025-06-26T05:36:46.112+0000] {dagbag.py:538} INFO - Filling up the DagBag from /opt/airflow/dags/example_dag.py
[2025-06-26T05:36:46.127+0000] {processor.py:840} INFO - DAG(s) 'example_dag' retrieved from /opt/airflow/dags/example_dag.py
[2025-06-26T05:36:46.146+0000] {logging_mixin.py:188} INFO - [2025-06-26T05:36:46.146+0000] {dag.py:3036} INFO - Sync 1 DAGs
[2025-06-26T05:36:46.169+0000] {logging_mixin.py:188} INFO - [2025-06-26T05:36:46.168+0000] {dag.py:3823} INFO - Setting next_dagrun for example_dag to 2025-06-25 00:00:00+00:00, run_after=2025-06-26 00:00:00+00:00
[2025-06-26T05:36:46.189+0000] {processor.py:183} INFO - Processing /opt/airflow/dags/example_dag.py took 0.082 seconds
[2025-06-26T05:37:16.776+0000] {processor.py:161} INFO - Started process (PID=967) to work on /opt/airflow/dags/example_dag.py
[2025-06-26T05:37:16.777+0000] {processor.py:830} INFO - Processing file /opt/airflow/dags/example_dag.py for tasks to queue
[2025-06-26T05:37:16.778+0000] {logging_mixin.py:188} INFO - [2025-06-26T05:37:16.777+0000] {dagbag.py:538} INFO - Filling up the DagBag from /opt/airflow/dags/example_dag.py
[2025-06-26T05:37:16.793+0000] {processor.py:840} INFO - DAG(s) 'example_dag' retrieved from /opt/airflow/dags/example_dag.py
[2025-06-26T05:37:16.812+0000] {logging_mixin.py:188} INFO - [2025-06-26T05:37:16.811+0000] {dag.py:3036} INFO - Sync 1 DAGs
[2025-06-26T05:37:16.833+0000] {logging_mixin.py:188} INFO - [2025-06-26T05:37:16.832+0000] {dag.py:3823} INFO - Setting next_dagrun for example_dag to 2025-06-25 00:00:00+00:00, run_after=2025-06-26 00:00:00+00:00
[2025-06-26T05:37:16.855+0000] {processor.py:183} INFO - Processing /opt/airflow/dags/example_dag.py took 0.082 seconds
[2025-06-26T05:37:47.464+0000] {processor.py:161} INFO - Started process (PID=987) to work on /opt/airflow/dags/example_dag.py
[2025-06-26T05:37:47.466+0000] {processor.py:830} INFO - Processing file /opt/airflow/dags/example_dag.py for tasks to queue
[2025-06-26T05:37:47.467+0000] {logging_mixin.py:188} INFO - [2025-06-26T05:37:47.466+0000] {dagbag.py:538} INFO - Filling up the DagBag from /opt/airflow/dags/example_dag.py
[2025-06-26T05:37:47.484+0000] {processor.py:840} INFO - DAG(s) 'example_dag' retrieved from /opt/airflow/dags/example_dag.py
[2025-06-26T05:37:47.507+0000] {logging_mixin.py:188} INFO - [2025-06-26T05:37:47.507+0000] {dag.py:3036} INFO - Sync 1 DAGs
[2025-06-26T05:37:47.528+0000] {logging_mixin.py:188} INFO - [2025-06-26T05:37:47.528+0000] {dag.py:3823} INFO - Setting next_dagrun for example_dag to 2025-06-25 00:00:00+00:00, run_after=2025-06-26 00:00:00+00:00
[2025-06-26T05:37:47.552+0000] {processor.py:183} INFO - Processing /opt/airflow/dags/example_dag.py took 0.091 seconds
[2025-06-26T05:38:18.079+0000] {processor.py:161} INFO - Started process (PID=1007) to work on /opt/airflow/dags/example_dag.py
[2025-06-26T05:38:18.080+0000] {processor.py:830} INFO - Processing file /opt/airflow/dags/example_dag.py for tasks to queue
[2025-06-26T05:38:18.081+0000] {logging_mixin.py:188} INFO - [2025-06-26T05:38:18.081+0000] {dagbag.py:538} INFO - Filling up the DagBag from /opt/airflow/dags/example_dag.py
[2025-06-26T05:38:18.099+0000] {processor.py:840} INFO - DAG(s) 'example_dag' retrieved from /opt/airflow/dags/example_dag.py
[2025-06-26T05:38:18.124+0000] {logging_mixin.py:188} INFO - [2025-06-26T05:38:18.124+0000] {dag.py:3036} INFO - Sync 1 DAGs
[2025-06-26T05:38:18.148+0000] {logging_mixin.py:188} INFO - [2025-06-26T05:38:18.148+0000] {dag.py:3823} INFO - Setting next_dagrun for example_dag to 2025-06-25 00:00:00+00:00, run_after=2025-06-26 00:00:00+00:00
[2025-06-26T05:38:18.170+0000] {processor.py:183} INFO - Processing /opt/airflow/dags/example_dag.py took 0.096 seconds
[2025-06-26T05:38:48.836+0000] {processor.py:161} INFO - Started process (PID=1027) to work on /opt/airflow/dags/example_dag.py
[2025-06-26T05:38:48.837+0000] {processor.py:830} INFO - Processing file /opt/airflow/dags/example_dag.py for tasks to queue
[2025-06-26T05:38:48.838+0000] {logging_mixin.py:188} INFO - [2025-06-26T05:38:48.838+0000] {dagbag.py:538} INFO - Filling up the DagBag from /opt/airflow/dags/example_dag.py
[2025-06-26T05:38:48.855+0000] {processor.py:840} INFO - DAG(s) 'example_dag' retrieved from /opt/airflow/dags/example_dag.py
[2025-06-26T05:38:48.876+0000] {logging_mixin.py:188} INFO - [2025-06-26T05:38:48.876+0000] {dag.py:3036} INFO - Sync 1 DAGs
[2025-06-26T05:38:48.899+0000] {logging_mixin.py:188} INFO - [2025-06-26T05:38:48.899+0000] {dag.py:3823} INFO - Setting next_dagrun for example_dag to 2025-06-25 00:00:00+00:00, run_after=2025-06-26 00:00:00+00:00
[2025-06-26T05:38:48.921+0000] {processor.py:183} INFO - Processing /opt/airflow/dags/example_dag.py took 0.087 seconds
[2025-06-26T05:39:19.512+0000] {processor.py:161} INFO - Started process (PID=1047) to work on /opt/airflow/dags/example_dag.py
[2025-06-26T05:39:19.513+0000] {processor.py:830} INFO - Processing file /opt/airflow/dags/example_dag.py for tasks to queue
[2025-06-26T05:39:19.515+0000] {logging_mixin.py:188} INFO - [2025-06-26T05:39:19.514+0000] {dagbag.py:538} INFO - Filling up the DagBag from /opt/airflow/dags/example_dag.py
[2025-06-26T05:39:19.535+0000] {processor.py:840} INFO - DAG(s) 'example_dag' retrieved from /opt/airflow/dags/example_dag.py
[2025-06-26T05:39:19.565+0000] {logging_mixin.py:188} INFO - [2025-06-26T05:39:19.565+0000] {dag.py:3036} INFO - Sync 1 DAGs
[2025-06-26T05:39:19.592+0000] {logging_mixin.py:188} INFO - [2025-06-26T05:39:19.592+0000] {dag.py:3823} INFO - Setting next_dagrun for example_dag to 2025-06-25 00:00:00+00:00, run_after=2025-06-26 00:00:00+00:00
[2025-06-26T05:39:19.625+0000] {processor.py:183} INFO - Processing /opt/airflow/dags/example_dag.py took 0.116 seconds
[2025-06-26T05:39:50.208+0000] {processor.py:161} INFO - Started process (PID=1067) to work on /opt/airflow/dags/example_dag.py
[2025-06-26T05:39:50.210+0000] {processor.py:830} INFO - Processing file /opt/airflow/dags/example_dag.py for tasks to queue
[2025-06-26T05:39:50.212+0000] {logging_mixin.py:188} INFO - [2025-06-26T05:39:50.211+0000] {dagbag.py:538} INFO - Filling up the DagBag from /opt/airflow/dags/example_dag.py
[2025-06-26T05:39:50.231+0000] {processor.py:840} INFO - DAG(s) 'example_dag' retrieved from /opt/airflow/dags/example_dag.py
[2025-06-26T05:39:50.255+0000] {logging_mixin.py:188} INFO - [2025-06-26T05:39:50.255+0000] {dag.py:3036} INFO - Sync 1 DAGs
[2025-06-26T05:39:50.279+0000] {logging_mixin.py:188} INFO - [2025-06-26T05:39:50.279+0000] {dag.py:3823} INFO - Setting next_dagrun for example_dag to 2025-06-25 00:00:00+00:00, run_after=2025-06-26 00:00:00+00:00
[2025-06-26T05:39:50.303+0000] {processor.py:183} INFO - Processing /opt/airflow/dags/example_dag.py took 0.098 seconds
[2025-06-26T05:40:20.845+0000] {processor.py:161} INFO - Started process (PID=1087) to work on /opt/airflow/dags/example_dag.py
[2025-06-26T05:40:20.846+0000] {processor.py:830} INFO - Processing file /opt/airflow/dags/example_dag.py for tasks to queue
[2025-06-26T05:40:20.847+0000] {logging_mixin.py:188} INFO - [2025-06-26T05:40:20.847+0000] {dagbag.py:538} INFO - Filling up the DagBag from /opt/airflow/dags/example_dag.py
[2025-06-26T05:40:20.866+0000] {processor.py:840} INFO - DAG(s) 'example_dag' retrieved from /opt/airflow/dags/example_dag.py
[2025-06-26T05:40:20.889+0000] {logging_mixin.py:188} INFO - [2025-06-26T05:40:20.889+0000] {dag.py:3036} INFO - Sync 1 DAGs
[2025-06-26T05:40:20.917+0000] {logging_mixin.py:188} INFO - [2025-06-26T05:40:20.916+0000] {dag.py:3823} INFO - Setting next_dagrun for example_dag to 2025-06-25 00:00:00+00:00, run_after=2025-06-26 00:00:00+00:00
[2025-06-26T05:40:20.946+0000] {processor.py:183} INFO - Processing /opt/airflow/dags/example_dag.py took 0.106 seconds
[2025-06-26T05:40:51.536+0000] {processor.py:161} INFO - Started process (PID=1107) to work on /opt/airflow/dags/example_dag.py
[2025-06-26T05:40:51.537+0000] {processor.py:830} INFO - Processing file /opt/airflow/dags/example_dag.py for tasks to queue
[2025-06-26T05:40:51.538+0000] {logging_mixin.py:188} INFO - [2025-06-26T05:40:51.537+0000] {dagbag.py:538} INFO - Filling up the DagBag from /opt/airflow/dags/example_dag.py
[2025-06-26T05:40:51.554+0000] {processor.py:840} INFO - DAG(s) 'example_dag' retrieved from /opt/airflow/dags/example_dag.py
[2025-06-26T05:40:51.575+0000] {logging_mixin.py:188} INFO - [2025-06-26T05:40:51.575+0000] {dag.py:3036} INFO - Sync 1 DAGs
[2025-06-26T05:40:51.596+0000] {logging_mixin.py:188} INFO - [2025-06-26T05:40:51.596+0000] {dag.py:3823} INFO - Setting next_dagrun for example_dag to 2025-06-25 00:00:00+00:00, run_after=2025-06-26 00:00:00+00:00
[2025-06-26T05:40:51.619+0000] {processor.py:183} INFO - Processing /opt/airflow/dags/example_dag.py took 0.086 seconds
[2025-06-26T05:41:22.206+0000] {processor.py:161} INFO - Started process (PID=1127) to work on /opt/airflow/dags/example_dag.py
[2025-06-26T05:41:22.207+0000] {processor.py:830} INFO - Processing file /opt/airflow/dags/example_dag.py for tasks to queue
[2025-06-26T05:41:22.208+0000] {logging_mixin.py:188} INFO - [2025-06-26T05:41:22.208+0000] {dagbag.py:538} INFO - Filling up the DagBag from /opt/airflow/dags/example_dag.py
[2025-06-26T05:41:22.225+0000] {processor.py:840} INFO - DAG(s) 'example_dag' retrieved from /opt/airflow/dags/example_dag.py
[2025-06-26T05:41:22.246+0000] {logging_mixin.py:188} INFO - [2025-06-26T05:41:22.246+0000] {dag.py:3036} INFO - Sync 1 DAGs
[2025-06-26T05:41:22.268+0000] {logging_mixin.py:188} INFO - [2025-06-26T05:41:22.268+0000] {dag.py:3823} INFO - Setting next_dagrun for example_dag to 2025-06-25 00:00:00+00:00, run_after=2025-06-26 00:00:00+00:00
[2025-06-26T05:41:22.288+0000] {processor.py:183} INFO - Processing /opt/airflow/dags/example_dag.py took 0.085 seconds
[2025-06-26T05:41:52.906+0000] {processor.py:161} INFO - Started process (PID=1147) to work on /opt/airflow/dags/example_dag.py
[2025-06-26T05:41:52.907+0000] {processor.py:830} INFO - Processing file /opt/airflow/dags/example_dag.py for tasks to queue
[2025-06-26T05:41:52.908+0000] {logging_mixin.py:188} INFO - [2025-06-26T05:41:52.908+0000] {dagbag.py:538} INFO - Filling up the DagBag from /opt/airflow/dags/example_dag.py
[2025-06-26T05:41:52.926+0000] {processor.py:840} INFO - DAG(s) 'example_dag' retrieved from /opt/airflow/dags/example_dag.py
[2025-06-26T05:41:52.946+0000] {logging_mixin.py:188} INFO - [2025-06-26T05:41:52.945+0000] {dag.py:3036} INFO - Sync 1 DAGs
[2025-06-26T05:41:52.969+0000] {logging_mixin.py:188} INFO - [2025-06-26T05:41:52.968+0000] {dag.py:3823} INFO - Setting next_dagrun for example_dag to 2025-06-25 00:00:00+00:00, run_after=2025-06-26 00:00:00+00:00
[2025-06-26T05:41:52.991+0000] {processor.py:183} INFO - Processing /opt/airflow/dags/example_dag.py took 0.087 seconds
[2025-06-26T05:42:23.602+0000] {processor.py:161} INFO - Started process (PID=1167) to work on /opt/airflow/dags/example_dag.py
[2025-06-26T05:42:23.604+0000] {processor.py:830} INFO - Processing file /opt/airflow/dags/example_dag.py for tasks to queue
[2025-06-26T05:42:23.605+0000] {logging_mixin.py:188} INFO - [2025-06-26T05:42:23.605+0000] {dagbag.py:538} INFO - Filling up the DagBag from /opt/airflow/dags/example_dag.py
[2025-06-26T05:42:23.626+0000] {processor.py:840} INFO - DAG(s) 'example_dag' retrieved from /opt/airflow/dags/example_dag.py
[2025-06-26T05:42:23.661+0000] {logging_mixin.py:188} INFO - [2025-06-26T05:42:23.660+0000] {dag.py:3036} INFO - Sync 1 DAGs
[2025-06-26T05:42:23.696+0000] {logging_mixin.py:188} INFO - [2025-06-26T05:42:23.696+0000] {dag.py:3823} INFO - Setting next_dagrun for example_dag to 2025-06-25 00:00:00+00:00, run_after=2025-06-26 00:00:00+00:00
[2025-06-26T05:42:23.756+0000] {processor.py:183} INFO - Processing /opt/airflow/dags/example_dag.py took 0.158 seconds
[2025-06-26T05:42:54.327+0000] {processor.py:161} INFO - Started process (PID=1187) to work on /opt/airflow/dags/example_dag.py
[2025-06-26T05:42:54.328+0000] {processor.py:830} INFO - Processing file /opt/airflow/dags/example_dag.py for tasks to queue
[2025-06-26T05:42:54.329+0000] {logging_mixin.py:188} INFO - [2025-06-26T05:42:54.328+0000] {dagbag.py:538} INFO - Filling up the DagBag from /opt/airflow/dags/example_dag.py
[2025-06-26T05:42:54.350+0000] {processor.py:840} INFO - DAG(s) 'example_dag' retrieved from /opt/airflow/dags/example_dag.py
[2025-06-26T05:42:54.374+0000] {logging_mixin.py:188} INFO - [2025-06-26T05:42:54.374+0000] {dag.py:3036} INFO - Sync 1 DAGs
[2025-06-26T05:42:54.399+0000] {logging_mixin.py:188} INFO - [2025-06-26T05:42:54.399+0000] {dag.py:3823} INFO - Setting next_dagrun for example_dag to 2025-06-25 00:00:00+00:00, run_after=2025-06-26 00:00:00+00:00
[2025-06-26T05:42:54.421+0000] {processor.py:183} INFO - Processing /opt/airflow/dags/example_dag.py took 0.098 seconds
[2025-06-26T05:43:25.001+0000] {processor.py:161} INFO - Started process (PID=1207) to work on /opt/airflow/dags/example_dag.py
[2025-06-26T05:43:25.002+0000] {processor.py:830} INFO - Processing file /opt/airflow/dags/example_dag.py for tasks to queue
[2025-06-26T05:43:25.004+0000] {logging_mixin.py:188} INFO - [2025-06-26T05:43:25.003+0000] {dagbag.py:538} INFO - Filling up the DagBag from /opt/airflow/dags/example_dag.py
[2025-06-26T05:43:25.028+0000] {processor.py:840} INFO - DAG(s) 'example_dag' retrieved from /opt/airflow/dags/example_dag.py
[2025-06-26T05:43:25.054+0000] {logging_mixin.py:188} INFO - [2025-06-26T05:43:25.054+0000] {dag.py:3036} INFO - Sync 1 DAGs
[2025-06-26T05:43:25.087+0000] {logging_mixin.py:188} INFO - [2025-06-26T05:43:25.086+0000] {dag.py:3823} INFO - Setting next_dagrun for example_dag to 2025-06-25 00:00:00+00:00, run_after=2025-06-26 00:00:00+00:00
[2025-06-26T05:43:25.116+0000] {processor.py:183} INFO - Processing /opt/airflow/dags/example_dag.py took 0.120 seconds
[2025-06-26T05:43:55.723+0000] {processor.py:161} INFO - Started process (PID=1227) to work on /opt/airflow/dags/example_dag.py
[2025-06-26T05:43:55.724+0000] {processor.py:830} INFO - Processing file /opt/airflow/dags/example_dag.py for tasks to queue
[2025-06-26T05:43:55.725+0000] {logging_mixin.py:188} INFO - [2025-06-26T05:43:55.725+0000] {dagbag.py:538} INFO - Filling up the DagBag from /opt/airflow/dags/example_dag.py
[2025-06-26T05:43:55.753+0000] {processor.py:840} INFO - DAG(s) 'example_dag' retrieved from /opt/airflow/dags/example_dag.py
[2025-06-26T05:43:55.779+0000] {logging_mixin.py:188} INFO - [2025-06-26T05:43:55.779+0000] {dag.py:3036} INFO - Sync 1 DAGs
[2025-06-26T05:43:55.803+0000] {logging_mixin.py:188} INFO - [2025-06-26T05:43:55.802+0000] {dag.py:3823} INFO - Setting next_dagrun for example_dag to 2025-06-25 00:00:00+00:00, run_after=2025-06-26 00:00:00+00:00
[2025-06-26T05:43:55.827+0000] {processor.py:183} INFO - Processing /opt/airflow/dags/example_dag.py took 0.112 seconds
[2025-06-26T05:44:26.367+0000] {processor.py:161} INFO - Started process (PID=1247) to work on /opt/airflow/dags/example_dag.py
[2025-06-26T05:44:26.368+0000] {processor.py:830} INFO - Processing file /opt/airflow/dags/example_dag.py for tasks to queue
[2025-06-26T05:44:26.369+0000] {logging_mixin.py:188} INFO - [2025-06-26T05:44:26.369+0000] {dagbag.py:538} INFO - Filling up the DagBag from /opt/airflow/dags/example_dag.py
[2025-06-26T05:44:26.386+0000] {processor.py:840} INFO - DAG(s) 'example_dag' retrieved from /opt/airflow/dags/example_dag.py
[2025-06-26T05:44:26.407+0000] {logging_mixin.py:188} INFO - [2025-06-26T05:44:26.407+0000] {dag.py:3036} INFO - Sync 1 DAGs
[2025-06-26T05:44:26.436+0000] {logging_mixin.py:188} INFO - [2025-06-26T05:44:26.436+0000] {dag.py:3823} INFO - Setting next_dagrun for example_dag to 2025-06-25 00:00:00+00:00, run_after=2025-06-26 00:00:00+00:00
[2025-06-26T05:44:26.465+0000] {processor.py:183} INFO - Processing /opt/airflow/dags/example_dag.py took 0.101 seconds
[2025-06-26T05:44:57.008+0000] {processor.py:161} INFO - Started process (PID=1267) to work on /opt/airflow/dags/example_dag.py
[2025-06-26T05:44:57.009+0000] {processor.py:830} INFO - Processing file /opt/airflow/dags/example_dag.py for tasks to queue
[2025-06-26T05:44:57.010+0000] {logging_mixin.py:188} INFO - [2025-06-26T05:44:57.010+0000] {dagbag.py:538} INFO - Filling up the DagBag from /opt/airflow/dags/example_dag.py
[2025-06-26T05:44:57.030+0000] {processor.py:840} INFO - DAG(s) 'example_dag' retrieved from /opt/airflow/dags/example_dag.py
[2025-06-26T05:44:57.053+0000] {logging_mixin.py:188} INFO - [2025-06-26T05:44:57.052+0000] {dag.py:3036} INFO - Sync 1 DAGs
[2025-06-26T05:44:57.077+0000] {logging_mixin.py:188} INFO - [2025-06-26T05:44:57.077+0000] {dag.py:3823} INFO - Setting next_dagrun for example_dag to 2025-06-25 00:00:00+00:00, run_after=2025-06-26 00:00:00+00:00
[2025-06-26T05:44:57.107+0000] {processor.py:183} INFO - Processing /opt/airflow/dags/example_dag.py took 0.103 seconds
[2025-06-26T05:45:27.638+0000] {processor.py:161} INFO - Started process (PID=1287) to work on /opt/airflow/dags/example_dag.py
[2025-06-26T05:45:27.639+0000] {processor.py:830} INFO - Processing file /opt/airflow/dags/example_dag.py for tasks to queue
[2025-06-26T05:45:27.640+0000] {logging_mixin.py:188} INFO - [2025-06-26T05:45:27.640+0000] {dagbag.py:538} INFO - Filling up the DagBag from /opt/airflow/dags/example_dag.py
[2025-06-26T05:45:27.661+0000] {processor.py:840} INFO - DAG(s) 'example_dag' retrieved from /opt/airflow/dags/example_dag.py
[2025-06-26T05:45:27.685+0000] {logging_mixin.py:188} INFO - [2025-06-26T05:45:27.685+0000] {dag.py:3036} INFO - Sync 1 DAGs
[2025-06-26T05:45:27.713+0000] {logging_mixin.py:188} INFO - [2025-06-26T05:45:27.712+0000] {dag.py:3823} INFO - Setting next_dagrun for example_dag to 2025-06-25 00:00:00+00:00, run_after=2025-06-26 00:00:00+00:00
[2025-06-26T05:45:27.738+0000] {processor.py:183} INFO - Processing /opt/airflow/dags/example_dag.py took 0.103 seconds
[2025-06-26T05:45:58.300+0000] {processor.py:161} INFO - Started process (PID=1307) to work on /opt/airflow/dags/example_dag.py
[2025-06-26T05:45:58.301+0000] {processor.py:830} INFO - Processing file /opt/airflow/dags/example_dag.py for tasks to queue
[2025-06-26T05:45:58.301+0000] {logging_mixin.py:188} INFO - [2025-06-26T05:45:58.301+0000] {dagbag.py:538} INFO - Filling up the DagBag from /opt/airflow/dags/example_dag.py
[2025-06-26T05:45:58.317+0000] {processor.py:840} INFO - DAG(s) 'example_dag' retrieved from /opt/airflow/dags/example_dag.py
[2025-06-26T05:45:58.338+0000] {logging_mixin.py:188} INFO - [2025-06-26T05:45:58.338+0000] {dag.py:3036} INFO - Sync 1 DAGs
[2025-06-26T05:45:58.359+0000] {logging_mixin.py:188} INFO - [2025-06-26T05:45:58.359+0000] {dag.py:3823} INFO - Setting next_dagrun for example_dag to 2025-06-25 00:00:00+00:00, run_after=2025-06-26 00:00:00+00:00
[2025-06-26T05:45:58.380+0000] {processor.py:183} INFO - Processing /opt/airflow/dags/example_dag.py took 0.083 seconds
[2025-06-26T05:46:28.912+0000] {processor.py:161} INFO - Started process (PID=1327) to work on /opt/airflow/dags/example_dag.py
[2025-06-26T05:46:28.913+0000] {processor.py:830} INFO - Processing file /opt/airflow/dags/example_dag.py for tasks to queue
[2025-06-26T05:46:28.914+0000] {logging_mixin.py:188} INFO - [2025-06-26T05:46:28.914+0000] {dagbag.py:538} INFO - Filling up the DagBag from /opt/airflow/dags/example_dag.py
[2025-06-26T05:46:28.934+0000] {processor.py:840} INFO - DAG(s) 'example_dag' retrieved from /opt/airflow/dags/example_dag.py
[2025-06-26T05:46:28.958+0000] {logging_mixin.py:188} INFO - [2025-06-26T05:46:28.957+0000] {dag.py:3036} INFO - Sync 1 DAGs
[2025-06-26T05:46:28.980+0000] {logging_mixin.py:188} INFO - [2025-06-26T05:46:28.980+0000] {dag.py:3823} INFO - Setting next_dagrun for example_dag to 2025-06-25 00:00:00+00:00, run_after=2025-06-26 00:00:00+00:00
[2025-06-26T05:46:29.003+0000] {processor.py:183} INFO - Processing /opt/airflow/dags/example_dag.py took 0.095 seconds
[2025-06-26T05:46:59.680+0000] {processor.py:161} INFO - Started process (PID=1347) to work on /opt/airflow/dags/example_dag.py
[2025-06-26T05:46:59.681+0000] {processor.py:830} INFO - Processing file /opt/airflow/dags/example_dag.py for tasks to queue
[2025-06-26T05:46:59.682+0000] {logging_mixin.py:188} INFO - [2025-06-26T05:46:59.682+0000] {dagbag.py:538} INFO - Filling up the DagBag from /opt/airflow/dags/example_dag.py
[2025-06-26T05:46:59.698+0000] {processor.py:840} INFO - DAG(s) 'example_dag' retrieved from /opt/airflow/dags/example_dag.py
[2025-06-26T05:46:59.718+0000] {logging_mixin.py:188} INFO - [2025-06-26T05:46:59.718+0000] {dag.py:3036} INFO - Sync 1 DAGs
[2025-06-26T05:46:59.739+0000] {logging_mixin.py:188} INFO - [2025-06-26T05:46:59.739+0000] {dag.py:3823} INFO - Setting next_dagrun for example_dag to 2025-06-25 00:00:00+00:00, run_after=2025-06-26 00:00:00+00:00
[2025-06-26T05:46:59.760+0000] {processor.py:183} INFO - Processing /opt/airflow/dags/example_dag.py took 0.084 seconds
[2025-06-26T05:47:30.401+0000] {processor.py:161} INFO - Started process (PID=1367) to work on /opt/airflow/dags/example_dag.py
[2025-06-26T05:47:30.402+0000] {processor.py:830} INFO - Processing file /opt/airflow/dags/example_dag.py for tasks to queue
[2025-06-26T05:47:30.403+0000] {logging_mixin.py:188} INFO - [2025-06-26T05:47:30.402+0000] {dagbag.py:538} INFO - Filling up the DagBag from /opt/airflow/dags/example_dag.py
[2025-06-26T05:47:30.419+0000] {processor.py:840} INFO - DAG(s) 'example_dag' retrieved from /opt/airflow/dags/example_dag.py
[2025-06-26T05:47:30.440+0000] {logging_mixin.py:188} INFO - [2025-06-26T05:47:30.440+0000] {dag.py:3036} INFO - Sync 1 DAGs
[2025-06-26T05:47:30.464+0000] {logging_mixin.py:188} INFO - [2025-06-26T05:47:30.464+0000] {dag.py:3823} INFO - Setting next_dagrun for example_dag to 2025-06-25 00:00:00+00:00, run_after=2025-06-26 00:00:00+00:00
[2025-06-26T05:47:30.494+0000] {processor.py:183} INFO - Processing /opt/airflow/dags/example_dag.py took 0.096 seconds
[2025-06-26T05:48:01.039+0000] {processor.py:161} INFO - Started process (PID=1387) to work on /opt/airflow/dags/example_dag.py
[2025-06-26T05:48:01.041+0000] {processor.py:830} INFO - Processing file /opt/airflow/dags/example_dag.py for tasks to queue
[2025-06-26T05:48:01.041+0000] {logging_mixin.py:188} INFO - [2025-06-26T05:48:01.041+0000] {dagbag.py:538} INFO - Filling up the DagBag from /opt/airflow/dags/example_dag.py
[2025-06-26T05:48:01.062+0000] {processor.py:840} INFO - DAG(s) 'example_dag' retrieved from /opt/airflow/dags/example_dag.py
[2025-06-26T05:48:01.085+0000] {logging_mixin.py:188} INFO - [2025-06-26T05:48:01.085+0000] {dag.py:3036} INFO - Sync 1 DAGs
[2025-06-26T05:48:01.109+0000] {logging_mixin.py:188} INFO - [2025-06-26T05:48:01.108+0000] {dag.py:3823} INFO - Setting next_dagrun for example_dag to 2025-06-25 00:00:00+00:00, run_after=2025-06-26 00:00:00+00:00
[2025-06-26T05:48:01.132+0000] {processor.py:183} INFO - Processing /opt/airflow/dags/example_dag.py took 0.095 seconds
[2025-06-26T05:48:31.675+0000] {processor.py:161} INFO - Started process (PID=1407) to work on /opt/airflow/dags/example_dag.py
[2025-06-26T05:48:31.676+0000] {processor.py:830} INFO - Processing file /opt/airflow/dags/example_dag.py for tasks to queue
[2025-06-26T05:48:31.677+0000] {logging_mixin.py:188} INFO - [2025-06-26T05:48:31.677+0000] {dagbag.py:538} INFO - Filling up the DagBag from /opt/airflow/dags/example_dag.py
[2025-06-26T05:48:31.696+0000] {processor.py:840} INFO - DAG(s) 'example_dag' retrieved from /opt/airflow/dags/example_dag.py
[2025-06-26T05:48:31.716+0000] {logging_mixin.py:188} INFO - [2025-06-26T05:48:31.716+0000] {dag.py:3036} INFO - Sync 1 DAGs
[2025-06-26T05:48:31.741+0000] {logging_mixin.py:188} INFO - [2025-06-26T05:48:31.741+0000] {dag.py:3823} INFO - Setting next_dagrun for example_dag to 2025-06-25 00:00:00+00:00, run_after=2025-06-26 00:00:00+00:00
[2025-06-26T05:48:31.765+0000] {processor.py:183} INFO - Processing /opt/airflow/dags/example_dag.py took 0.093 seconds
[2025-06-26T05:49:02.310+0000] {processor.py:161} INFO - Started process (PID=1427) to work on /opt/airflow/dags/example_dag.py
[2025-06-26T05:49:02.311+0000] {processor.py:830} INFO - Processing file /opt/airflow/dags/example_dag.py for tasks to queue
[2025-06-26T05:49:02.312+0000] {logging_mixin.py:188} INFO - [2025-06-26T05:49:02.311+0000] {dagbag.py:538} INFO - Filling up the DagBag from /opt/airflow/dags/example_dag.py
[2025-06-26T05:49:02.329+0000] {processor.py:840} INFO - DAG(s) 'example_dag' retrieved from /opt/airflow/dags/example_dag.py
[2025-06-26T05:49:02.353+0000] {logging_mixin.py:188} INFO - [2025-06-26T05:49:02.353+0000] {dag.py:3036} INFO - Sync 1 DAGs
[2025-06-26T05:49:02.378+0000] {logging_mixin.py:188} INFO - [2025-06-26T05:49:02.377+0000] {dag.py:3823} INFO - Setting next_dagrun for example_dag to 2025-06-25 00:00:00+00:00, run_after=2025-06-26 00:00:00+00:00
[2025-06-26T05:49:02.404+0000] {processor.py:183} INFO - Processing /opt/airflow/dags/example_dag.py took 0.097 seconds
[2025-06-26T05:49:32.980+0000] {processor.py:161} INFO - Started process (PID=1447) to work on /opt/airflow/dags/example_dag.py
[2025-06-26T05:49:32.981+0000] {processor.py:830} INFO - Processing file /opt/airflow/dags/example_dag.py for tasks to queue
[2025-06-26T05:49:32.982+0000] {logging_mixin.py:188} INFO - [2025-06-26T05:49:32.981+0000] {dagbag.py:538} INFO - Filling up the DagBag from /opt/airflow/dags/example_dag.py
[2025-06-26T05:49:32.999+0000] {processor.py:840} INFO - DAG(s) 'example_dag' retrieved from /opt/airflow/dags/example_dag.py
[2025-06-26T05:49:33.019+0000] {logging_mixin.py:188} INFO - [2025-06-26T05:49:33.019+0000] {dag.py:3036} INFO - Sync 1 DAGs
[2025-06-26T05:49:33.042+0000] {logging_mixin.py:188} INFO - [2025-06-26T05:49:33.042+0000] {dag.py:3823} INFO - Setting next_dagrun for example_dag to 2025-06-25 00:00:00+00:00, run_after=2025-06-26 00:00:00+00:00
[2025-06-26T05:49:33.065+0000] {processor.py:183} INFO - Processing /opt/airflow/dags/example_dag.py took 0.088 seconds
[2025-06-26T05:50:03.669+0000] {processor.py:161} INFO - Started process (PID=1467) to work on /opt/airflow/dags/example_dag.py
[2025-06-26T05:50:03.671+0000] {processor.py:830} INFO - Processing file /opt/airflow/dags/example_dag.py for tasks to queue
[2025-06-26T05:50:03.671+0000] {logging_mixin.py:188} INFO - [2025-06-26T05:50:03.671+0000] {dagbag.py:538} INFO - Filling up the DagBag from /opt/airflow/dags/example_dag.py
[2025-06-26T05:50:03.688+0000] {processor.py:840} INFO - DAG(s) 'example_dag' retrieved from /opt/airflow/dags/example_dag.py
[2025-06-26T05:50:03.715+0000] {logging_mixin.py:188} INFO - [2025-06-26T05:50:03.715+0000] {dag.py:3036} INFO - Sync 1 DAGs
[2025-06-26T05:50:03.737+0000] {logging_mixin.py:188} INFO - [2025-06-26T05:50:03.737+0000] {dag.py:3823} INFO - Setting next_dagrun for example_dag to 2025-06-25 00:00:00+00:00, run_after=2025-06-26 00:00:00+00:00
[2025-06-26T05:50:03.762+0000] {processor.py:183} INFO - Processing /opt/airflow/dags/example_dag.py took 0.096 seconds
[2025-06-26T05:50:34.271+0000] {processor.py:161} INFO - Started process (PID=1487) to work on /opt/airflow/dags/example_dag.py
[2025-06-26T05:50:34.272+0000] {processor.py:830} INFO - Processing file /opt/airflow/dags/example_dag.py for tasks to queue
[2025-06-26T05:50:34.273+0000] {logging_mixin.py:188} INFO - [2025-06-26T05:50:34.272+0000] {dagbag.py:538} INFO - Filling up the DagBag from /opt/airflow/dags/example_dag.py
[2025-06-26T05:50:34.291+0000] {processor.py:840} INFO - DAG(s) 'example_dag' retrieved from /opt/airflow/dags/example_dag.py
[2025-06-26T05:50:34.314+0000] {logging_mixin.py:188} INFO - [2025-06-26T05:50:34.313+0000] {dag.py:3036} INFO - Sync 1 DAGs
[2025-06-26T05:50:34.340+0000] {logging_mixin.py:188} INFO - [2025-06-26T05:50:34.340+0000] {dag.py:3823} INFO - Setting next_dagrun for example_dag to 2025-06-25 00:00:00+00:00, run_after=2025-06-26 00:00:00+00:00
[2025-06-26T05:50:34.363+0000] {processor.py:183} INFO - Processing /opt/airflow/dags/example_dag.py took 0.096 seconds
[2025-06-26T05:51:04.947+0000] {processor.py:161} INFO - Started process (PID=1507) to work on /opt/airflow/dags/example_dag.py
[2025-06-26T05:51:04.948+0000] {processor.py:830} INFO - Processing file /opt/airflow/dags/example_dag.py for tasks to queue
[2025-06-26T05:51:04.949+0000] {logging_mixin.py:188} INFO - [2025-06-26T05:51:04.949+0000] {dagbag.py:538} INFO - Filling up the DagBag from /opt/airflow/dags/example_dag.py
[2025-06-26T05:51:04.965+0000] {processor.py:840} INFO - DAG(s) 'example_dag' retrieved from /opt/airflow/dags/example_dag.py
[2025-06-26T05:51:04.988+0000] {logging_mixin.py:188} INFO - [2025-06-26T05:51:04.988+0000] {dag.py:3036} INFO - Sync 1 DAGs
[2025-06-26T05:51:05.014+0000] {logging_mixin.py:188} INFO - [2025-06-26T05:51:05.013+0000] {dag.py:3823} INFO - Setting next_dagrun for example_dag to 2025-06-25 00:00:00+00:00, run_after=2025-06-26 00:00:00+00:00
[2025-06-26T05:51:05.039+0000] {processor.py:183} INFO - Processing /opt/airflow/dags/example_dag.py took 0.096 seconds
[2025-06-26T05:51:35.592+0000] {processor.py:161} INFO - Started process (PID=1527) to work on /opt/airflow/dags/example_dag.py
[2025-06-26T05:51:35.593+0000] {processor.py:830} INFO - Processing file /opt/airflow/dags/example_dag.py for tasks to queue
[2025-06-26T05:51:35.594+0000] {logging_mixin.py:188} INFO - [2025-06-26T05:51:35.593+0000] {dagbag.py:538} INFO - Filling up the DagBag from /opt/airflow/dags/example_dag.py
[2025-06-26T05:51:35.615+0000] {processor.py:840} INFO - DAG(s) 'example_dag' retrieved from /opt/airflow/dags/example_dag.py
[2025-06-26T05:51:35.643+0000] {logging_mixin.py:188} INFO - [2025-06-26T05:51:35.643+0000] {dag.py:3036} INFO - Sync 1 DAGs
[2025-06-26T05:51:35.674+0000] {logging_mixin.py:188} INFO - [2025-06-26T05:51:35.674+0000] {dag.py:3823} INFO - Setting next_dagrun for example_dag to 2025-06-25 00:00:00+00:00, run_after=2025-06-26 00:00:00+00:00
[2025-06-26T05:51:35.703+0000] {processor.py:183} INFO - Processing /opt/airflow/dags/example_dag.py took 0.114 seconds
[2025-06-26T05:52:06.258+0000] {processor.py:161} INFO - Started process (PID=1547) to work on /opt/airflow/dags/example_dag.py
[2025-06-26T05:52:06.259+0000] {processor.py:830} INFO - Processing file /opt/airflow/dags/example_dag.py for tasks to queue
[2025-06-26T05:52:06.261+0000] {logging_mixin.py:188} INFO - [2025-06-26T05:52:06.260+0000] {dagbag.py:538} INFO - Filling up the DagBag from /opt/airflow/dags/example_dag.py
[2025-06-26T05:52:06.287+0000] {processor.py:840} INFO - DAG(s) 'example_dag' retrieved from /opt/airflow/dags/example_dag.py
[2025-06-26T05:52:06.318+0000] {logging_mixin.py:188} INFO - [2025-06-26T05:52:06.317+0000] {dag.py:3036} INFO - Sync 1 DAGs
[2025-06-26T05:52:06.349+0000] {logging_mixin.py:188} INFO - [2025-06-26T05:52:06.349+0000] {dag.py:3823} INFO - Setting next_dagrun for example_dag to 2025-06-25 00:00:00+00:00, run_after=2025-06-26 00:00:00+00:00
[2025-06-26T05:52:06.379+0000] {processor.py:183} INFO - Processing /opt/airflow/dags/example_dag.py took 0.125 seconds
[2025-06-26T05:52:37.053+0000] {processor.py:161} INFO - Started process (PID=1567) to work on /opt/airflow/dags/example_dag.py
[2025-06-26T05:52:37.055+0000] {processor.py:830} INFO - Processing file /opt/airflow/dags/example_dag.py for tasks to queue
[2025-06-26T05:52:37.055+0000] {logging_mixin.py:188} INFO - [2025-06-26T05:52:37.055+0000] {dagbag.py:538} INFO - Filling up the DagBag from /opt/airflow/dags/example_dag.py
[2025-06-26T05:52:37.071+0000] {processor.py:840} INFO - DAG(s) 'example_dag' retrieved from /opt/airflow/dags/example_dag.py
[2025-06-26T05:52:37.092+0000] {logging_mixin.py:188} INFO - [2025-06-26T05:52:37.091+0000] {dag.py:3036} INFO - Sync 1 DAGs
[2025-06-26T05:52:37.114+0000] {logging_mixin.py:188} INFO - [2025-06-26T05:52:37.114+0000] {dag.py:3823} INFO - Setting next_dagrun for example_dag to 2025-06-25 00:00:00+00:00, run_after=2025-06-26 00:00:00+00:00
[2025-06-26T05:52:37.137+0000] {processor.py:183} INFO - Processing /opt/airflow/dags/example_dag.py took 0.087 seconds
[2025-06-26T05:53:07.826+0000] {processor.py:161} INFO - Started process (PID=1587) to work on /opt/airflow/dags/example_dag.py
[2025-06-26T05:53:07.827+0000] {processor.py:830} INFO - Processing file /opt/airflow/dags/example_dag.py for tasks to queue
[2025-06-26T05:53:07.828+0000] {logging_mixin.py:188} INFO - [2025-06-26T05:53:07.828+0000] {dagbag.py:538} INFO - Filling up the DagBag from /opt/airflow/dags/example_dag.py
[2025-06-26T05:53:07.844+0000] {processor.py:840} INFO - DAG(s) 'example_dag' retrieved from /opt/airflow/dags/example_dag.py
[2025-06-26T05:53:07.868+0000] {logging_mixin.py:188} INFO - [2025-06-26T05:53:07.868+0000] {dag.py:3036} INFO - Sync 1 DAGs
[2025-06-26T05:53:07.895+0000] {logging_mixin.py:188} INFO - [2025-06-26T05:53:07.895+0000] {dag.py:3823} INFO - Setting next_dagrun for example_dag to 2025-06-25 00:00:00+00:00, run_after=2025-06-26 00:00:00+00:00
[2025-06-26T05:53:07.923+0000] {processor.py:183} INFO - Processing /opt/airflow/dags/example_dag.py took 0.101 seconds
[2025-06-26T05:53:38.573+0000] {processor.py:161} INFO - Started process (PID=1607) to work on /opt/airflow/dags/example_dag.py
[2025-06-26T05:53:38.575+0000] {processor.py:830} INFO - Processing file /opt/airflow/dags/example_dag.py for tasks to queue
[2025-06-26T05:53:38.576+0000] {logging_mixin.py:188} INFO - [2025-06-26T05:53:38.575+0000] {dagbag.py:538} INFO - Filling up the DagBag from /opt/airflow/dags/example_dag.py
[2025-06-26T05:53:38.596+0000] {processor.py:840} INFO - DAG(s) 'example_dag' retrieved from /opt/airflow/dags/example_dag.py
[2025-06-26T05:53:38.620+0000] {logging_mixin.py:188} INFO - [2025-06-26T05:53:38.620+0000] {dag.py:3036} INFO - Sync 1 DAGs
[2025-06-26T05:53:38.645+0000] {logging_mixin.py:188} INFO - [2025-06-26T05:53:38.644+0000] {dag.py:3823} INFO - Setting next_dagrun for example_dag to 2025-06-25 00:00:00+00:00, run_after=2025-06-26 00:00:00+00:00
[2025-06-26T05:53:38.667+0000] {processor.py:183} INFO - Processing /opt/airflow/dags/example_dag.py took 0.098 seconds
[2025-06-26T05:54:09.303+0000] {processor.py:161} INFO - Started process (PID=1627) to work on /opt/airflow/dags/example_dag.py
[2025-06-26T05:54:09.304+0000] {processor.py:830} INFO - Processing file /opt/airflow/dags/example_dag.py for tasks to queue
[2025-06-26T05:54:09.305+0000] {logging_mixin.py:188} INFO - [2025-06-26T05:54:09.305+0000] {dagbag.py:538} INFO - Filling up the DagBag from /opt/airflow/dags/example_dag.py
[2025-06-26T05:54:09.319+0000] {processor.py:840} INFO - DAG(s) 'example_dag' retrieved from /opt/airflow/dags/example_dag.py
[2025-06-26T05:54:09.339+0000] {logging_mixin.py:188} INFO - [2025-06-26T05:54:09.338+0000] {dag.py:3036} INFO - Sync 1 DAGs
[2025-06-26T05:54:09.361+0000] {logging_mixin.py:188} INFO - [2025-06-26T05:54:09.360+0000] {dag.py:3823} INFO - Setting next_dagrun for example_dag to 2025-06-25 00:00:00+00:00, run_after=2025-06-26 00:00:00+00:00
[2025-06-26T05:54:09.385+0000] {processor.py:183} INFO - Processing /opt/airflow/dags/example_dag.py took 0.085 seconds
[2025-06-26T05:54:39.980+0000] {processor.py:161} INFO - Started process (PID=1647) to work on /opt/airflow/dags/example_dag.py
[2025-06-26T05:54:39.982+0000] {processor.py:830} INFO - Processing file /opt/airflow/dags/example_dag.py for tasks to queue
[2025-06-26T05:54:39.984+0000] {logging_mixin.py:188} INFO - [2025-06-26T05:54:39.984+0000] {dagbag.py:538} INFO - Filling up the DagBag from /opt/airflow/dags/example_dag.py
[2025-06-26T05:54:39.999+0000] {processor.py:840} INFO - DAG(s) 'example_dag' retrieved from /opt/airflow/dags/example_dag.py
[2025-06-26T05:54:40.018+0000] {logging_mixin.py:188} INFO - [2025-06-26T05:54:40.017+0000] {dag.py:3036} INFO - Sync 1 DAGs
[2025-06-26T05:54:40.038+0000] {logging_mixin.py:188} INFO - [2025-06-26T05:54:40.038+0000] {dag.py:3823} INFO - Setting next_dagrun for example_dag to 2025-06-25 00:00:00+00:00, run_after=2025-06-26 00:00:00+00:00
[2025-06-26T05:54:40.062+0000] {processor.py:183} INFO - Processing /opt/airflow/dags/example_dag.py took 0.084 seconds
[2025-06-26T05:55:10.725+0000] {processor.py:161} INFO - Started process (PID=1667) to work on /opt/airflow/dags/example_dag.py
[2025-06-26T05:55:10.726+0000] {processor.py:830} INFO - Processing file /opt/airflow/dags/example_dag.py for tasks to queue
[2025-06-26T05:55:10.727+0000] {logging_mixin.py:188} INFO - [2025-06-26T05:55:10.727+0000] {dagbag.py:538} INFO - Filling up the DagBag from /opt/airflow/dags/example_dag.py
[2025-06-26T05:55:10.741+0000] {processor.py:840} INFO - DAG(s) 'example_dag' retrieved from /opt/airflow/dags/example_dag.py
[2025-06-26T05:55:10.760+0000] {logging_mixin.py:188} INFO - [2025-06-26T05:55:10.760+0000] {dag.py:3036} INFO - Sync 1 DAGs
[2025-06-26T05:55:10.779+0000] {logging_mixin.py:188} INFO - [2025-06-26T05:55:10.779+0000] {dag.py:3823} INFO - Setting next_dagrun for example_dag to 2025-06-25 00:00:00+00:00, run_after=2025-06-26 00:00:00+00:00
[2025-06-26T05:55:10.802+0000] {processor.py:183} INFO - Processing /opt/airflow/dags/example_dag.py took 0.080 seconds
[2025-06-26T05:55:41.415+0000] {processor.py:161} INFO - Started process (PID=1687) to work on /opt/airflow/dags/example_dag.py
[2025-06-26T05:55:41.416+0000] {processor.py:830} INFO - Processing file /opt/airflow/dags/example_dag.py for tasks to queue
[2025-06-26T05:55:41.417+0000] {logging_mixin.py:188} INFO - [2025-06-26T05:55:41.416+0000] {dagbag.py:538} INFO - Filling up the DagBag from /opt/airflow/dags/example_dag.py
[2025-06-26T05:55:41.438+0000] {processor.py:840} INFO - DAG(s) 'example_dag' retrieved from /opt/airflow/dags/example_dag.py
[2025-06-26T05:55:41.463+0000] {logging_mixin.py:188} INFO - [2025-06-26T05:55:41.463+0000] {dag.py:3036} INFO - Sync 1 DAGs
[2025-06-26T05:55:41.491+0000] {logging_mixin.py:188} INFO - [2025-06-26T05:55:41.491+0000] {dag.py:3823} INFO - Setting next_dagrun for example_dag to 2025-06-25 00:00:00+00:00, run_after=2025-06-26 00:00:00+00:00
[2025-06-26T05:55:41.517+0000] {processor.py:183} INFO - Processing /opt/airflow/dags/example_dag.py took 0.106 seconds
[2025-06-26T05:56:12.108+0000] {processor.py:161} INFO - Started process (PID=1707) to work on /opt/airflow/dags/example_dag.py
[2025-06-26T05:56:12.109+0000] {processor.py:830} INFO - Processing file /opt/airflow/dags/example_dag.py for tasks to queue
[2025-06-26T05:56:12.110+0000] {logging_mixin.py:188} INFO - [2025-06-26T05:56:12.110+0000] {dagbag.py:538} INFO - Filling up the DagBag from /opt/airflow/dags/example_dag.py
[2025-06-26T05:56:12.124+0000] {processor.py:840} INFO - DAG(s) 'example_dag' retrieved from /opt/airflow/dags/example_dag.py
[2025-06-26T05:56:12.147+0000] {logging_mixin.py:188} INFO - [2025-06-26T05:56:12.147+0000] {dag.py:3036} INFO - Sync 1 DAGs
[2025-06-26T05:56:12.181+0000] {logging_mixin.py:188} INFO - [2025-06-26T05:56:12.181+0000] {dag.py:3823} INFO - Setting next_dagrun for example_dag to 2025-06-25 00:00:00+00:00, run_after=2025-06-26 00:00:00+00:00
[2025-06-26T05:56:12.213+0000] {processor.py:183} INFO - Processing /opt/airflow/dags/example_dag.py took 0.108 seconds
[2025-06-26T05:56:42.805+0000] {processor.py:161} INFO - Started process (PID=1727) to work on /opt/airflow/dags/example_dag.py
[2025-06-26T05:56:42.806+0000] {processor.py:830} INFO - Processing file /opt/airflow/dags/example_dag.py for tasks to queue
[2025-06-26T05:56:42.807+0000] {logging_mixin.py:188} INFO - [2025-06-26T05:56:42.806+0000] {dagbag.py:538} INFO - Filling up the DagBag from /opt/airflow/dags/example_dag.py
[2025-06-26T05:56:42.824+0000] {processor.py:840} INFO - DAG(s) 'example_dag' retrieved from /opt/airflow/dags/example_dag.py
[2025-06-26T05:56:42.847+0000] {logging_mixin.py:188} INFO - [2025-06-26T05:56:42.846+0000] {dag.py:3036} INFO - Sync 1 DAGs
[2025-06-26T05:56:42.868+0000] {logging_mixin.py:188} INFO - [2025-06-26T05:56:42.868+0000] {dag.py:3823} INFO - Setting next_dagrun for example_dag to 2025-06-25 00:00:00+00:00, run_after=2025-06-26 00:00:00+00:00
[2025-06-26T05:56:42.891+0000] {processor.py:183} INFO - Processing /opt/airflow/dags/example_dag.py took 0.091 seconds
[2025-06-26T05:57:13.486+0000] {processor.py:161} INFO - Started process (PID=1747) to work on /opt/airflow/dags/example_dag.py
[2025-06-26T05:57:13.487+0000] {processor.py:830} INFO - Processing file /opt/airflow/dags/example_dag.py for tasks to queue
[2025-06-26T05:57:13.488+0000] {logging_mixin.py:188} INFO - [2025-06-26T05:57:13.488+0000] {dagbag.py:538} INFO - Filling up the DagBag from /opt/airflow/dags/example_dag.py
[2025-06-26T05:57:13.507+0000] {processor.py:840} INFO - DAG(s) 'example_dag' retrieved from /opt/airflow/dags/example_dag.py
[2025-06-26T05:57:13.533+0000] {logging_mixin.py:188} INFO - [2025-06-26T05:57:13.533+0000] {dag.py:3036} INFO - Sync 1 DAGs
[2025-06-26T05:57:13.561+0000] {logging_mixin.py:188} INFO - [2025-06-26T05:57:13.561+0000] {dag.py:3823} INFO - Setting next_dagrun for example_dag to 2025-06-25 00:00:00+00:00, run_after=2025-06-26 00:00:00+00:00
[2025-06-26T05:57:13.590+0000] {processor.py:183} INFO - Processing /opt/airflow/dags/example_dag.py took 0.108 seconds
[2025-06-26T05:57:44.113+0000] {processor.py:161} INFO - Started process (PID=1767) to work on /opt/airflow/dags/example_dag.py
[2025-06-26T05:57:44.113+0000] {processor.py:830} INFO - Processing file /opt/airflow/dags/example_dag.py for tasks to queue
[2025-06-26T05:57:44.114+0000] {logging_mixin.py:188} INFO - [2025-06-26T05:57:44.114+0000] {dagbag.py:538} INFO - Filling up the DagBag from /opt/airflow/dags/example_dag.py
[2025-06-26T05:57:44.132+0000] {processor.py:840} INFO - DAG(s) 'example_dag' retrieved from /opt/airflow/dags/example_dag.py
[2025-06-26T05:57:44.153+0000] {logging_mixin.py:188} INFO - [2025-06-26T05:57:44.153+0000] {dag.py:3036} INFO - Sync 1 DAGs
[2025-06-26T05:57:44.177+0000] {logging_mixin.py:188} INFO - [2025-06-26T05:57:44.177+0000] {dag.py:3823} INFO - Setting next_dagrun for example_dag to 2025-06-25 00:00:00+00:00, run_after=2025-06-26 00:00:00+00:00
[2025-06-26T05:57:44.200+0000] {processor.py:183} INFO - Processing /opt/airflow/dags/example_dag.py took 0.090 seconds
[2025-06-26T05:58:14.803+0000] {processor.py:161} INFO - Started process (PID=1787) to work on /opt/airflow/dags/example_dag.py
[2025-06-26T05:58:14.804+0000] {processor.py:830} INFO - Processing file /opt/airflow/dags/example_dag.py for tasks to queue
[2025-06-26T05:58:14.805+0000] {logging_mixin.py:188} INFO - [2025-06-26T05:58:14.805+0000] {dagbag.py:538} INFO - Filling up the DagBag from /opt/airflow/dags/example_dag.py
[2025-06-26T05:58:14.820+0000] {processor.py:840} INFO - DAG(s) 'example_dag' retrieved from /opt/airflow/dags/example_dag.py
[2025-06-26T05:58:14.841+0000] {logging_mixin.py:188} INFO - [2025-06-26T05:58:14.840+0000] {dag.py:3036} INFO - Sync 1 DAGs
[2025-06-26T05:58:14.865+0000] {logging_mixin.py:188} INFO - [2025-06-26T05:58:14.865+0000] {dag.py:3823} INFO - Setting next_dagrun for example_dag to 2025-06-25 00:00:00+00:00, run_after=2025-06-26 00:00:00+00:00
[2025-06-26T05:58:14.887+0000] {processor.py:183} INFO - Processing /opt/airflow/dags/example_dag.py took 0.086 seconds
[2025-06-26T05:58:45.488+0000] {processor.py:161} INFO - Started process (PID=1807) to work on /opt/airflow/dags/example_dag.py
[2025-06-26T05:58:45.489+0000] {processor.py:830} INFO - Processing file /opt/airflow/dags/example_dag.py for tasks to queue
[2025-06-26T05:58:45.490+0000] {logging_mixin.py:188} INFO - [2025-06-26T05:58:45.490+0000] {dagbag.py:538} INFO - Filling up the DagBag from /opt/airflow/dags/example_dag.py
[2025-06-26T05:58:45.505+0000] {processor.py:840} INFO - DAG(s) 'example_dag' retrieved from /opt/airflow/dags/example_dag.py
[2025-06-26T05:58:45.525+0000] {logging_mixin.py:188} INFO - [2025-06-26T05:58:45.525+0000] {dag.py:3036} INFO - Sync 1 DAGs
[2025-06-26T05:58:45.547+0000] {logging_mixin.py:188} INFO - [2025-06-26T05:58:45.547+0000] {dag.py:3823} INFO - Setting next_dagrun for example_dag to 2025-06-25 00:00:00+00:00, run_after=2025-06-26 00:00:00+00:00
[2025-06-26T05:58:45.567+0000] {processor.py:183} INFO - Processing /opt/airflow/dags/example_dag.py took 0.082 seconds
[2025-06-26T05:59:16.248+0000] {processor.py:161} INFO - Started process (PID=1827) to work on /opt/airflow/dags/example_dag.py
[2025-06-26T05:59:16.249+0000] {processor.py:830} INFO - Processing file /opt/airflow/dags/example_dag.py for tasks to queue
[2025-06-26T05:59:16.250+0000] {logging_mixin.py:188} INFO - [2025-06-26T05:59:16.250+0000] {dagbag.py:538} INFO - Filling up the DagBag from /opt/airflow/dags/example_dag.py
[2025-06-26T05:59:16.267+0000] {processor.py:840} INFO - DAG(s) 'example_dag' retrieved from /opt/airflow/dags/example_dag.py
[2025-06-26T05:59:16.289+0000] {logging_mixin.py:188} INFO - [2025-06-26T05:59:16.289+0000] {dag.py:3036} INFO - Sync 1 DAGs
[2025-06-26T05:59:16.310+0000] {logging_mixin.py:188} INFO - [2025-06-26T05:59:16.310+0000] {dag.py:3823} INFO - Setting next_dagrun for example_dag to 2025-06-25 00:00:00+00:00, run_after=2025-06-26 00:00:00+00:00
[2025-06-26T05:59:16.332+0000] {processor.py:183} INFO - Processing /opt/airflow/dags/example_dag.py took 0.087 seconds
[2025-06-26T05:59:46.900+0000] {processor.py:161} INFO - Started process (PID=1847) to work on /opt/airflow/dags/example_dag.py
[2025-06-26T05:59:46.902+0000] {processor.py:830} INFO - Processing file /opt/airflow/dags/example_dag.py for tasks to queue
[2025-06-26T05:59:46.904+0000] {logging_mixin.py:188} INFO - [2025-06-26T05:59:46.904+0000] {dagbag.py:538} INFO - Filling up the DagBag from /opt/airflow/dags/example_dag.py
[2025-06-26T05:59:46.938+0000] {processor.py:840} INFO - DAG(s) 'example_dag' retrieved from /opt/airflow/dags/example_dag.py
[2025-06-26T05:59:46.971+0000] {logging_mixin.py:188} INFO - [2025-06-26T05:59:46.971+0000] {dag.py:3036} INFO - Sync 1 DAGs
[2025-06-26T05:59:47.012+0000] {logging_mixin.py:188} INFO - [2025-06-26T05:59:47.012+0000] {dag.py:3823} INFO - Setting next_dagrun for example_dag to 2025-06-25 00:00:00+00:00, run_after=2025-06-26 00:00:00+00:00
[2025-06-26T05:59:47.085+0000] {processor.py:183} INFO - Processing /opt/airflow/dags/example_dag.py took 0.190 seconds
